---------------------------------------------------------------
[ 2017-11-03T22:13:42+08:00 ] ::1 ::1 POST /CTT-MS-server/stuff/check
[ info ] localhost/CTT-MS-server/stuff/check [运行时间：0.069450s][吞吐率：14.40req/s] [内存消耗：3,830.63kb] [文件加载：59]
[ info ] [ LANG ] D:\wamp64\www\CTT-MS-server\thinkphp\lang\zh-cn.php
[ info ] [ ROUTE ] array (
  'type' => 'module',
  'module' => 
  array (
    0 => 'index',
    1 => 'StuffManage',
    2 => 'check',
  ),
  'convert' => false,
)
[ info ] [ HEADER ] array (
  'host' => 'localhost',
  'connection' => 'keep-alive',
  'content-length' => '112',
  'accept' => '*/*',
  'origin' => 'http://localhost',
  'user-agent' => 'Mozilla/5.0 (Windows NT 10.0; Win64; x64) AppleWebKit/537.36 (KHTML, like Gecko) Chrome/61.0.3163.100 Safari/537.36',
  'content-type' => 'application/x-www-form-urlencoded; charset=UTF-8',
  'referer' => 'http://localhost/ctt-ms/stuff_setting.html',
  'accept-encoding' => 'gzip, deflate, br',
  'accept-language' => 'zh-CN,zh;q=0.8',
  'cookie' => 'Phpstorm-5547fa09=783ade7a-de49-4ae0-b7a2-0e4ea33c1bea; Phpstorm-bd2926e8=857be1c2-e28b-476d-b13e-3a6d848fae47; pgv_pvi=2761342976; _ga=GA1.1.1437015703.1490101787; sessionid=n5blxasu1fmgpxq1cen8oquywngkirea; PHPSESSID=bt8cll0o7jo1eqjf2ae2fp16c3; csrftoken=3IxkO1zjTHotlxmOrMLhfxyLs3sfSF2cr38akqw5cxNU5ExFaJlOA5twEEwCjgkO; username=8a43e3481ae65bdee08e2372787ddfcf',
)
[ info ] [ PARAM ] array (
  'cookie' => '8a43e3481ae65bdee08e2372787ddfcf',
  'query' => '{&quot;pageinfo&quot;:{&quot;curpage&quot;:1,&quot;pageinate&quot;:10},&quot;condition&quot;:{&quot;where&quot;:[]}}',
)
[ info ] [ DB ] INIT mysql
[ info ] [ RUN ] app\index\controller\StuffManage->check[ D:\wamp64\www\CTT-MS-server\application\index\controller\StuffManage.php ]
[ info ] [ LOG ] INIT File
[ sql ] [ DB ] CONNECT:[ UseTime:0.000936s ] mysql:dbname=ctt-ms;host=127.0.0.1;charset=utf8
[ sql ] [ SQL ] SHOW COLUMNS FROM `user` [ RunTime:0.000849s ]
[ sql ] [ SQL ] SELECT * FROM `user` WHERE  `cookie_username` = '8a43e3481ae65bdee08e2372787ddfcf' LIMIT 1 [ RunTime:0.000484s ]
[ sql ] [ SQL ] SHOW COLUMNS FROM `auth` [ RunTime:0.000884s ]
[ sql ] [ SQL ] SELECT * FROM `auth` WHERE  `uid` = 1 LIMIT 1 [ RunTime:0.000971s ]
[ sql ] [ SQL ] SHOW COLUMNS FROM `stuff` [ RunTime:0.000793s ]
[ sql ] [ SQL ] SELECT * FROM `stuff` [ RunTime:0.000362s ]
[ sql ] [ SQL ] SELECT * FROM `stuff` ORDER BY `id` LIMIT 0,10 [ RunTime:0.000395s ]
---------------------------------------------------------------
[ 2017-11-03T22:13:43+08:00 ] ::1 ::1 POST /CTT-MS-server/checkauth
[ info ] localhost/CTT-MS-server/checkauth [运行时间：0.043795s][吞吐率：22.83req/s] [内存消耗：3,775.63kb] [文件加载：55]
[ info ] [ LANG ] D:\wamp64\www\CTT-MS-server\thinkphp\lang\zh-cn.php
[ info ] [ ROUTE ] array (
  'type' => 'module',
  'module' => 
  array (
    0 => 'index',
    1 => 'Auth',
    2 => 'checkAuth',
  ),
  'convert' => false,
)
[ info ] [ HEADER ] array (
  'host' => 'localhost',
  'connection' => 'keep-alive',
  'content-length' => '0',
  'accept' => 'application/json, text/javascript, */*; q=0.01',
  'origin' => 'http://localhost',
  'x-requested-with' => 'XMLHttpRequest',
  'user-agent' => 'Mozilla/5.0 (Windows NT 10.0; Win64; x64) AppleWebKit/537.36 (KHTML, like Gecko) Chrome/61.0.3163.100 Safari/537.36',
  'referer' => 'http://localhost/ctt-ms/category_setting.html',
  'accept-encoding' => 'gzip, deflate, br',
  'accept-language' => 'zh-CN,zh;q=0.8',
  'cookie' => 'Phpstorm-5547fa09=783ade7a-de49-4ae0-b7a2-0e4ea33c1bea; Phpstorm-bd2926e8=857be1c2-e28b-476d-b13e-3a6d848fae47; pgv_pvi=2761342976; _ga=GA1.1.1437015703.1490101787; sessionid=n5blxasu1fmgpxq1cen8oquywngkirea; PHPSESSID=bt8cll0o7jo1eqjf2ae2fp16c3; csrftoken=3IxkO1zjTHotlxmOrMLhfxyLs3sfSF2cr38akqw5cxNU5ExFaJlOA5twEEwCjgkO; username=8a43e3481ae65bdee08e2372787ddfcf',
)
[ info ] [ PARAM ] array (
)
[ info ] [ RUN ] app\index\controller\Auth->checkAuth[ D:\wamp64\www\CTT-MS-server\application\index\controller\Auth.php ]
[ info ] [ DB ] INIT mysql
[ info ] [ LOG ] INIT File
[ sql ] [ DB ] CONNECT:[ UseTime:0.000887s ] mysql:dbname=ctt-ms;host=127.0.0.1;charset=utf8
[ sql ] [ SQL ] SHOW COLUMNS FROM `user` [ RunTime:0.000995s ]
[ sql ] [ SQL ] SELECT * FROM `user` WHERE  `cookie_username` = '8a43e3481ae65bdee08e2372787ddfcf' LIMIT 1 [ RunTime:0.000613s ]
[ sql ] [ SQL ] SHOW COLUMNS FROM `auth` [ RunTime:0.000837s ]
[ sql ] [ SQL ] SELECT * FROM `auth` WHERE  `uid` = 1 LIMIT 1 [ RunTime:0.000654s ]
---------------------------------------------------------------
[ 2017-11-03T22:13:43+08:00 ] ::1 ::1 POST /CTT-MS-server/areaquery
[ info ] localhost/CTT-MS-server/areaquery [运行时间：0.060714s][吞吐率：16.47req/s] [内存消耗：3,775.33kb] [文件加载：56]
[ info ] [ LANG ] D:\wamp64\www\CTT-MS-server\thinkphp\lang\zh-cn.php
[ info ] [ ROUTE ] array (
  'type' => 'module',
  'module' => 
  array (
    0 => 'index',
    1 => 'Query',
    2 => 'area',
  ),
  'convert' => false,
)
[ info ] [ HEADER ] array (
  'host' => 'localhost',
  'connection' => 'keep-alive',
  'content-length' => '39',
  'accept' => '*/*',
  'origin' => 'http://localhost',
  'user-agent' => 'Mozilla/5.0 (Windows NT 10.0; Win64; x64) AppleWebKit/537.36 (KHTML, like Gecko) Chrome/61.0.3163.100 Safari/537.36',
  'content-type' => 'application/x-www-form-urlencoded; charset=UTF-8',
  'referer' => 'http://localhost/ctt-ms/category_setting.html',
  'accept-encoding' => 'gzip, deflate, br',
  'accept-language' => 'zh-CN,zh;q=0.8',
  'cookie' => 'Phpstorm-5547fa09=783ade7a-de49-4ae0-b7a2-0e4ea33c1bea; Phpstorm-bd2926e8=857be1c2-e28b-476d-b13e-3a6d848fae47; pgv_pvi=2761342976; _ga=GA1.1.1437015703.1490101787; sessionid=n5blxasu1fmgpxq1cen8oquywngkirea; PHPSESSID=bt8cll0o7jo1eqjf2ae2fp16c3; csrftoken=3IxkO1zjTHotlxmOrMLhfxyLs3sfSF2cr38akqw5cxNU5ExFaJlOA5twEEwCjgkO; username=8a43e3481ae65bdee08e2372787ddfcf',
)
[ info ] [ PARAM ] array (
  'cookie' => '8a43e3481ae65bdee08e2372787ddfcf',
)
[ info ] [ DB ] INIT mysql
[ info ] [ RUN ] app\index\controller\Query->area[ D:\wamp64\www\CTT-MS-server\application\index\controller\Query.php ]
[ info ] [ LOG ] INIT File
[ sql ] [ DB ] CONNECT:[ UseTime:0.000882s ] mysql:dbname=ctt-ms;host=127.0.0.1;charset=utf8
[ sql ] [ SQL ] SHOW COLUMNS FROM `user` [ RunTime:0.001387s ]
[ sql ] [ SQL ] SELECT * FROM `user` WHERE  `cookie_username` = '8a43e3481ae65bdee08e2372787ddfcf' LIMIT 1 [ RunTime:0.000803s ]
[ sql ] [ SQL ] SHOW COLUMNS FROM `auth` [ RunTime:0.001062s ]
[ sql ] [ SQL ] SELECT * FROM `auth` WHERE  `uid` = 1 LIMIT 1 [ RunTime:0.001045s ]
[ sql ] [ SQL ] SHOW COLUMNS FROM `area` [ RunTime:0.001154s ]
[ sql ] [ SQL ] SELECT DISTINCT  `province` FROM `area` [ RunTime:0.000319s ]
[ sql ] [ SQL ] SELECT DISTINCT  `city` FROM `area` WHERE  `province` = '四川' [ RunTime:0.000386s ]
[ sql ] [ SQL ] SELECT `district` FROM `area` WHERE  `province` = '四川'  AND `city` = '眉山' [ RunTime:0.000423s ]
---------------------------------------------------------------
[ 2017-11-03T22:13:43+08:00 ] ::1 ::1 POST /CTT-MS-server/areaquery
[ info ] localhost/CTT-MS-server/areaquery [运行时间：0.079740s][吞吐率：12.54req/s] [内存消耗：3,775.33kb] [文件加载：56]
[ info ] [ LANG ] D:\wamp64\www\CTT-MS-server\thinkphp\lang\zh-cn.php
[ info ] [ ROUTE ] array (
  'type' => 'module',
  'module' => 
  array (
    0 => 'index',
    1 => 'Query',
    2 => 'area',
  ),
  'convert' => false,
)
[ info ] [ HEADER ] array (
  'host' => 'localhost',
  'connection' => 'keep-alive',
  'content-length' => '39',
  'accept' => '*/*',
  'origin' => 'http://localhost',
  'user-agent' => 'Mozilla/5.0 (Windows NT 10.0; Win64; x64) AppleWebKit/537.36 (KHTML, like Gecko) Chrome/61.0.3163.100 Safari/537.36',
  'content-type' => 'application/x-www-form-urlencoded; charset=UTF-8',
  'referer' => 'http://localhost/ctt-ms/category_setting.html',
  'accept-encoding' => 'gzip, deflate, br',
  'accept-language' => 'zh-CN,zh;q=0.8',
  'cookie' => 'Phpstorm-5547fa09=783ade7a-de49-4ae0-b7a2-0e4ea33c1bea; Phpstorm-bd2926e8=857be1c2-e28b-476d-b13e-3a6d848fae47; pgv_pvi=2761342976; _ga=GA1.1.1437015703.1490101787; sessionid=n5blxasu1fmgpxq1cen8oquywngkirea; PHPSESSID=bt8cll0o7jo1eqjf2ae2fp16c3; csrftoken=3IxkO1zjTHotlxmOrMLhfxyLs3sfSF2cr38akqw5cxNU5ExFaJlOA5twEEwCjgkO; username=8a43e3481ae65bdee08e2372787ddfcf',
)
[ info ] [ PARAM ] array (
  'cookie' => '8a43e3481ae65bdee08e2372787ddfcf',
)
[ info ] [ DB ] INIT mysql
[ info ] [ RUN ] app\index\controller\Query->area[ D:\wamp64\www\CTT-MS-server\application\index\controller\Query.php ]
[ info ] [ LOG ] INIT File
[ sql ] [ DB ] CONNECT:[ UseTime:0.000967s ] mysql:dbname=ctt-ms;host=127.0.0.1;charset=utf8
[ sql ] [ SQL ] SHOW COLUMNS FROM `user` [ RunTime:0.001497s ]
[ sql ] [ SQL ] SELECT * FROM `user` WHERE  `cookie_username` = '8a43e3481ae65bdee08e2372787ddfcf' LIMIT 1 [ RunTime:0.000845s ]
[ sql ] [ SQL ] SHOW COLUMNS FROM `auth` [ RunTime:0.001720s ]
[ sql ] [ SQL ] SELECT * FROM `auth` WHERE  `uid` = 1 LIMIT 1 [ RunTime:0.000550s ]
[ sql ] [ SQL ] SHOW COLUMNS FROM `area` [ RunTime:0.001030s ]
[ sql ] [ SQL ] SELECT DISTINCT  `province` FROM `area` [ RunTime:0.000339s ]
[ sql ] [ SQL ] SELECT DISTINCT  `city` FROM `area` WHERE  `province` = '四川' [ RunTime:0.000297s ]
[ sql ] [ SQL ] SELECT `district` FROM `area` WHERE  `province` = '四川'  AND `city` = '眉山' [ RunTime:0.000303s ]
---------------------------------------------------------------
[ 2017-11-03T22:13:43+08:00 ] ::1 ::1 POST /CTT-MS-server/category/check
[ info ] localhost/CTT-MS-server/category/check [运行时间：0.078290s][吞吐率：12.77req/s] [内存消耗：3,831.10kb] [文件加载：59]
[ info ] [ LANG ] D:\wamp64\www\CTT-MS-server\thinkphp\lang\zh-cn.php
[ info ] [ ROUTE ] array (
  'type' => 'module',
  'module' => 
  array (
    0 => 'index',
    1 => 'CategoryManage',
    2 => 'check',
  ),
  'convert' => false,
)
[ info ] [ HEADER ] array (
  'host' => 'localhost',
  'connection' => 'keep-alive',
  'content-length' => '112',
  'accept' => '*/*',
  'origin' => 'http://localhost',
  'user-agent' => 'Mozilla/5.0 (Windows NT 10.0; Win64; x64) AppleWebKit/537.36 (KHTML, like Gecko) Chrome/61.0.3163.100 Safari/537.36',
  'content-type' => 'application/x-www-form-urlencoded; charset=UTF-8',
  'referer' => 'http://localhost/ctt-ms/category_setting.html',
  'accept-encoding' => 'gzip, deflate, br',
  'accept-language' => 'zh-CN,zh;q=0.8',
  'cookie' => 'Phpstorm-5547fa09=783ade7a-de49-4ae0-b7a2-0e4ea33c1bea; Phpstorm-bd2926e8=857be1c2-e28b-476d-b13e-3a6d848fae47; pgv_pvi=2761342976; _ga=GA1.1.1437015703.1490101787; sessionid=n5blxasu1fmgpxq1cen8oquywngkirea; PHPSESSID=bt8cll0o7jo1eqjf2ae2fp16c3; csrftoken=3IxkO1zjTHotlxmOrMLhfxyLs3sfSF2cr38akqw5cxNU5ExFaJlOA5twEEwCjgkO; username=8a43e3481ae65bdee08e2372787ddfcf',
)
[ info ] [ PARAM ] array (
  'cookie' => '8a43e3481ae65bdee08e2372787ddfcf',
  'query' => '{&quot;pageinfo&quot;:{&quot;curpage&quot;:1,&quot;pageinate&quot;:10},&quot;condition&quot;:{&quot;where&quot;:[]}}',
)
[ info ] [ DB ] INIT mysql
[ info ] [ RUN ] app\index\controller\CategoryManage->check[ D:\wamp64\www\CTT-MS-server\application\index\controller\CategoryManage.php ]
[ info ] [ LOG ] INIT File
[ sql ] [ DB ] CONNECT:[ UseTime:0.001096s ] mysql:dbname=ctt-ms;host=127.0.0.1;charset=utf8
[ sql ] [ SQL ] SHOW COLUMNS FROM `user` [ RunTime:0.000942s ]
[ sql ] [ SQL ] SELECT * FROM `user` WHERE  `cookie_username` = '8a43e3481ae65bdee08e2372787ddfcf' LIMIT 1 [ RunTime:0.000589s ]
[ sql ] [ SQL ] SHOW COLUMNS FROM `auth` [ RunTime:0.000871s ]
[ sql ] [ SQL ] SELECT * FROM `auth` WHERE  `uid` = 1 LIMIT 1 [ RunTime:0.000572s ]
[ sql ] [ SQL ] SHOW COLUMNS FROM `category` [ RunTime:0.000891s ]
[ sql ] [ SQL ] SELECT * FROM `category` [ RunTime:0.000319s ]
[ sql ] [ SQL ] SELECT * FROM `category` ORDER BY `id` LIMIT 0,10 [ RunTime:0.000281s ]
---------------------------------------------------------------
[ 2017-11-03T22:13:44+08:00 ] ::1 ::1 POST /CTT-MS-server/categoryquery
[ info ] localhost/CTT-MS-server/categoryquery [运行时间：0.067712s][吞吐率：14.77req/s] [内存消耗：3,766.91kb] [文件加载：56]
[ info ] [ LANG ] D:\wamp64\www\CTT-MS-server\thinkphp\lang\zh-cn.php
[ info ] [ ROUTE ] array (
  'type' => 'module',
  'module' => 
  array (
    0 => 'index',
    1 => 'Query',
    2 => 'category',
  ),
  'convert' => false,
)
[ info ] [ HEADER ] array (
  'host' => 'localhost',
  'connection' => 'keep-alive',
  'content-length' => '39',
  'accept' => '*/*',
  'origin' => 'http://localhost',
  'user-agent' => 'Mozilla/5.0 (Windows NT 10.0; Win64; x64) AppleWebKit/537.36 (KHTML, like Gecko) Chrome/61.0.3163.100 Safari/537.36',
  'content-type' => 'application/x-www-form-urlencoded; charset=UTF-8',
  'referer' => 'http://localhost/ctt-ms/stuff_setting.html',
  'accept-encoding' => 'gzip, deflate, br',
  'accept-language' => 'zh-CN,zh;q=0.8',
  'cookie' => 'Phpstorm-5547fa09=783ade7a-de49-4ae0-b7a2-0e4ea33c1bea; Phpstorm-bd2926e8=857be1c2-e28b-476d-b13e-3a6d848fae47; pgv_pvi=2761342976; _ga=GA1.1.1437015703.1490101787; sessionid=n5blxasu1fmgpxq1cen8oquywngkirea; PHPSESSID=bt8cll0o7jo1eqjf2ae2fp16c3; csrftoken=3IxkO1zjTHotlxmOrMLhfxyLs3sfSF2cr38akqw5cxNU5ExFaJlOA5twEEwCjgkO; username=8a43e3481ae65bdee08e2372787ddfcf',
)
[ info ] [ PARAM ] array (
  'cookie' => '8a43e3481ae65bdee08e2372787ddfcf',
)
[ info ] [ DB ] INIT mysql
[ info ] [ RUN ] app\index\controller\Query->category[ D:\wamp64\www\CTT-MS-server\application\index\controller\Query.php ]
[ info ] [ LOG ] INIT File
[ sql ] [ DB ] CONNECT:[ UseTime:0.001045s ] mysql:dbname=ctt-ms;host=127.0.0.1;charset=utf8
[ sql ] [ SQL ] SHOW COLUMNS FROM `user` [ RunTime:0.001563s ]
[ sql ] [ SQL ] SELECT * FROM `user` WHERE  `cookie_username` = '8a43e3481ae65bdee08e2372787ddfcf' LIMIT 1 [ RunTime:0.000748s ]
[ sql ] [ SQL ] SHOW COLUMNS FROM `auth` [ RunTime:0.001224s ]
[ sql ] [ SQL ] SELECT * FROM `auth` WHERE  `uid` = 1 LIMIT 1 [ RunTime:0.000724s ]
[ sql ] [ SQL ] SHOW COLUMNS FROM `category` [ RunTime:0.001034s ]
[ sql ] [ SQL ] SELECT `category_name` FROM `category` [ RunTime:0.000464s ]
---------------------------------------------------------------
[ 2017-11-03T22:13:44+08:00 ] ::1 ::1 POST /CTT-MS-server/categoryquery
[ info ] localhost/CTT-MS-server/categoryquery [运行时间：0.067701s][吞吐率：14.77req/s] [内存消耗：3,766.91kb] [文件加载：56]
[ info ] [ LANG ] D:\wamp64\www\CTT-MS-server\thinkphp\lang\zh-cn.php
[ info ] [ ROUTE ] array (
  'type' => 'module',
  'module' => 
  array (
    0 => 'index',
    1 => 'Query',
    2 => 'category',
  ),
  'convert' => false,
)
[ info ] [ HEADER ] array (
  'host' => 'localhost',
  'connection' => 'keep-alive',
  'content-length' => '39',
  'accept' => '*/*',
  'origin' => 'http://localhost',
  'user-agent' => 'Mozilla/5.0 (Windows NT 10.0; Win64; x64) AppleWebKit/537.36 (KHTML, like Gecko) Chrome/61.0.3163.100 Safari/537.36',
  'content-type' => 'application/x-www-form-urlencoded; charset=UTF-8',
  'referer' => 'http://localhost/ctt-ms/stuff_setting.html',
  'accept-encoding' => 'gzip, deflate, br',
  'accept-language' => 'zh-CN,zh;q=0.8',
  'cookie' => 'Phpstorm-5547fa09=783ade7a-de49-4ae0-b7a2-0e4ea33c1bea; Phpstorm-bd2926e8=857be1c2-e28b-476d-b13e-3a6d848fae47; pgv_pvi=2761342976; _ga=GA1.1.1437015703.1490101787; sessionid=n5blxasu1fmgpxq1cen8oquywngkirea; PHPSESSID=bt8cll0o7jo1eqjf2ae2fp16c3; csrftoken=3IxkO1zjTHotlxmOrMLhfxyLs3sfSF2cr38akqw5cxNU5ExFaJlOA5twEEwCjgkO; username=8a43e3481ae65bdee08e2372787ddfcf',
)
[ info ] [ PARAM ] array (
  'cookie' => '8a43e3481ae65bdee08e2372787ddfcf',
)
[ info ] [ DB ] INIT mysql
[ info ] [ RUN ] app\index\controller\Query->category[ D:\wamp64\www\CTT-MS-server\application\index\controller\Query.php ]
[ info ] [ LOG ] INIT File
[ sql ] [ DB ] CONNECT:[ UseTime:0.000920s ] mysql:dbname=ctt-ms;host=127.0.0.1;charset=utf8
[ sql ] [ SQL ] SHOW COLUMNS FROM `user` [ RunTime:0.001588s ]
[ sql ] [ SQL ] SELECT * FROM `user` WHERE  `cookie_username` = '8a43e3481ae65bdee08e2372787ddfcf' LIMIT 1 [ RunTime:0.000895s ]
[ sql ] [ SQL ] SHOW COLUMNS FROM `auth` [ RunTime:0.001124s ]
[ sql ] [ SQL ] SELECT * FROM `auth` WHERE  `uid` = 1 LIMIT 1 [ RunTime:0.000767s ]
[ sql ] [ SQL ] SHOW COLUMNS FROM `category` [ RunTime:0.000721s ]
[ sql ] [ SQL ] SELECT `category_name` FROM `category` [ RunTime:0.000388s ]
---------------------------------------------------------------
[ 2017-11-03T22:13:45+08:00 ] ::1 ::1 POST /CTT-MS-server/stuff/check
[ info ] localhost/CTT-MS-server/stuff/check [运行时间：0.068054s][吞吐率：14.69req/s] [内存消耗：3,830.38kb] [文件加载：59]
[ info ] [ LANG ] D:\wamp64\www\CTT-MS-server\thinkphp\lang\zh-cn.php
[ info ] [ ROUTE ] array (
  'type' => 'module',
  'module' => 
  array (
    0 => 'index',
    1 => 'StuffManage',
    2 => 'check',
  ),
  'convert' => false,
)
[ info ] [ HEADER ] array (
  'host' => 'localhost',
  'connection' => 'keep-alive',
  'content-length' => '112',
  'accept' => '*/*',
  'origin' => 'http://localhost',
  'user-agent' => 'Mozilla/5.0 (Windows NT 10.0; Win64; x64) AppleWebKit/537.36 (KHTML, like Gecko) Chrome/61.0.3163.100 Safari/537.36',
  'content-type' => 'application/x-www-form-urlencoded; charset=UTF-8',
  'referer' => 'http://localhost/ctt-ms/stuff_setting.html',
  'accept-encoding' => 'gzip, deflate, br',
  'accept-language' => 'zh-CN,zh;q=0.8',
  'cookie' => 'Phpstorm-5547fa09=783ade7a-de49-4ae0-b7a2-0e4ea33c1bea; Phpstorm-bd2926e8=857be1c2-e28b-476d-b13e-3a6d848fae47; pgv_pvi=2761342976; _ga=GA1.1.1437015703.1490101787; sessionid=n5blxasu1fmgpxq1cen8oquywngkirea; PHPSESSID=bt8cll0o7jo1eqjf2ae2fp16c3; csrftoken=3IxkO1zjTHotlxmOrMLhfxyLs3sfSF2cr38akqw5cxNU5ExFaJlOA5twEEwCjgkO; username=8a43e3481ae65bdee08e2372787ddfcf',
)
[ info ] [ PARAM ] array (
  'cookie' => '8a43e3481ae65bdee08e2372787ddfcf',
  'query' => '{&quot;pageinfo&quot;:{&quot;curpage&quot;:1,&quot;pageinate&quot;:10},&quot;condition&quot;:{&quot;where&quot;:[]}}',
)
[ info ] [ DB ] INIT mysql
[ info ] [ RUN ] app\index\controller\StuffManage->check[ D:\wamp64\www\CTT-MS-server\application\index\controller\StuffManage.php ]
[ info ] [ LOG ] INIT File
[ sql ] [ DB ] CONNECT:[ UseTime:0.000855s ] mysql:dbname=ctt-ms;host=127.0.0.1;charset=utf8
[ sql ] [ SQL ] SHOW COLUMNS FROM `user` [ RunTime:0.001367s ]
[ sql ] [ SQL ] SELECT * FROM `user` WHERE  `cookie_username` = '8a43e3481ae65bdee08e2372787ddfcf' LIMIT 1 [ RunTime:0.000635s ]
[ sql ] [ SQL ] SHOW COLUMNS FROM `auth` [ RunTime:0.001443s ]
[ sql ] [ SQL ] SELECT * FROM `auth` WHERE  `uid` = 1 LIMIT 1 [ RunTime:0.000599s ]
[ sql ] [ SQL ] SHOW COLUMNS FROM `stuff` [ RunTime:0.001038s ]
[ sql ] [ SQL ] SELECT * FROM `stuff` [ RunTime:0.000372s ]
[ sql ] [ SQL ] SELECT * FROM `stuff` ORDER BY `id` LIMIT 0,10 [ RunTime:0.000423s ]
---------------------------------------------------------------
[ 2017-11-03T22:14:01+08:00 ] ::1 ::1 POST /CTT-MS-server/userstorehousequery
[ info ] localhost/CTT-MS-server/userstorehousequery [运行时间：0.067811s][吞吐率：14.75req/s] [内存消耗：3,776.03kb] [文件加载：56]
[ info ] [ LANG ] D:\wamp64\www\CTT-MS-server\thinkphp\lang\zh-cn.php
[ info ] [ ROUTE ] array (
  'type' => 'module',
  'module' => 
  array (
    0 => 'index',
    1 => 'Query',
    2 => 'userStorehouse',
  ),
  'convert' => false,
)
[ info ] [ HEADER ] array (
  'host' => 'localhost',
  'connection' => 'keep-alive',
  'content-length' => '39',
  'accept' => '*/*',
  'origin' => 'http://localhost',
  'user-agent' => 'Mozilla/5.0 (Windows NT 10.0; Win64; x64) AppleWebKit/537.36 (KHTML, like Gecko) Chrome/61.0.3163.100 Safari/537.36',
  'content-type' => 'application/x-www-form-urlencoded; charset=UTF-8',
  'referer' => 'http://localhost/ctt-ms/stuff_in.html',
  'accept-encoding' => 'gzip, deflate, br',
  'accept-language' => 'zh-CN,zh;q=0.8',
  'cookie' => 'Phpstorm-5547fa09=783ade7a-de49-4ae0-b7a2-0e4ea33c1bea; Phpstorm-bd2926e8=857be1c2-e28b-476d-b13e-3a6d848fae47; pgv_pvi=2761342976; _ga=GA1.1.1437015703.1490101787; sessionid=n5blxasu1fmgpxq1cen8oquywngkirea; PHPSESSID=bt8cll0o7jo1eqjf2ae2fp16c3; csrftoken=3IxkO1zjTHotlxmOrMLhfxyLs3sfSF2cr38akqw5cxNU5ExFaJlOA5twEEwCjgkO; username=8a43e3481ae65bdee08e2372787ddfcf',
)
[ info ] [ PARAM ] array (
  'cookie' => '8a43e3481ae65bdee08e2372787ddfcf',
)
[ info ] [ DB ] INIT mysql
[ info ] [ RUN ] app\index\controller\Query->userStorehouse[ D:\wamp64\www\CTT-MS-server\application\index\controller\Query.php ]
[ info ] [ LOG ] INIT File
[ sql ] [ DB ] CONNECT:[ UseTime:0.001145s ] mysql:dbname=ctt-ms;host=127.0.0.1;charset=utf8
[ sql ] [ SQL ] SHOW COLUMNS FROM `user` [ RunTime:0.001633s ]
[ sql ] [ SQL ] SELECT * FROM `user` WHERE  `cookie_username` = '8a43e3481ae65bdee08e2372787ddfcf' LIMIT 1 [ RunTime:0.000983s ]
[ sql ] [ SQL ] SHOW COLUMNS FROM `auth` [ RunTime:0.001634s ]
[ sql ] [ SQL ] SELECT * FROM `auth` WHERE  `uid` = 1 LIMIT 1 [ RunTime:0.001069s ]
[ sql ] [ SQL ] SELECT * FROM `user` WHERE  `cookie_username` = '8a43e3481ae65bdee08e2372787ddfcf' LIMIT 1 [ RunTime:0.000878s ]
---------------------------------------------------------------
[ 2017-11-03T22:14:01+08:00 ] ::1 ::1 POST /CTT-MS-server/categoryquery
[ info ] localhost/CTT-MS-server/categoryquery [运行时间：0.074752s][吞吐率：13.38req/s] [内存消耗：3,766.90kb] [文件加载：56]
[ info ] [ LANG ] D:\wamp64\www\CTT-MS-server\thinkphp\lang\zh-cn.php
[ info ] [ ROUTE ] array (
  'type' => 'module',
  'module' => 
  array (
    0 => 'index',
    1 => 'Query',
    2 => 'category',
  ),
  'convert' => false,
)
[ info ] [ HEADER ] array (
  'host' => 'localhost',
  'connection' => 'keep-alive',
  'content-length' => '39',
  'accept' => '*/*',
  'origin' => 'http://localhost',
  'user-agent' => 'Mozilla/5.0 (Windows NT 10.0; Win64; x64) AppleWebKit/537.36 (KHTML, like Gecko) Chrome/61.0.3163.100 Safari/537.36',
  'content-type' => 'application/x-www-form-urlencoded; charset=UTF-8',
  'referer' => 'http://localhost/ctt-ms/stuff_in.html',
  'accept-encoding' => 'gzip, deflate, br',
  'accept-language' => 'zh-CN,zh;q=0.8',
  'cookie' => 'Phpstorm-5547fa09=783ade7a-de49-4ae0-b7a2-0e4ea33c1bea; Phpstorm-bd2926e8=857be1c2-e28b-476d-b13e-3a6d848fae47; pgv_pvi=2761342976; _ga=GA1.1.1437015703.1490101787; sessionid=n5blxasu1fmgpxq1cen8oquywngkirea; PHPSESSID=bt8cll0o7jo1eqjf2ae2fp16c3; csrftoken=3IxkO1zjTHotlxmOrMLhfxyLs3sfSF2cr38akqw5cxNU5ExFaJlOA5twEEwCjgkO; username=8a43e3481ae65bdee08e2372787ddfcf',
)
[ info ] [ PARAM ] array (
  'cookie' => '8a43e3481ae65bdee08e2372787ddfcf',
)
[ info ] [ DB ] INIT mysql
[ info ] [ RUN ] app\index\controller\Query->category[ D:\wamp64\www\CTT-MS-server\application\index\controller\Query.php ]
[ info ] [ LOG ] INIT File
[ sql ] [ DB ] CONNECT:[ UseTime:0.000853s ] mysql:dbname=ctt-ms;host=127.0.0.1;charset=utf8
[ sql ] [ SQL ] SHOW COLUMNS FROM `user` [ RunTime:0.001495s ]
[ sql ] [ SQL ] SELECT * FROM `user` WHERE  `cookie_username` = '8a43e3481ae65bdee08e2372787ddfcf' LIMIT 1 [ RunTime:0.000940s ]
[ sql ] [ SQL ] SHOW COLUMNS FROM `auth` [ RunTime:0.001495s ]
[ sql ] [ SQL ] SELECT * FROM `auth` WHERE  `uid` = 1 LIMIT 1 [ RunTime:0.001120s ]
[ sql ] [ SQL ] SHOW COLUMNS FROM `category` [ RunTime:0.001525s ]
[ sql ] [ SQL ] SELECT `category_name` FROM `category` [ RunTime:0.000617s ]
---------------------------------------------------------------
[ 2017-11-03T22:14:01+08:00 ] ::1 ::1 POST /CTT-MS-server/manufacturerquery
[ info ] localhost/CTT-MS-server/manufacturerquery [运行时间：0.090803s][吞吐率：11.01req/s] [内存消耗：3,766.88kb] [文件加载：56]
[ info ] [ LANG ] D:\wamp64\www\CTT-MS-server\thinkphp\lang\zh-cn.php
[ info ] [ ROUTE ] array (
  'type' => 'module',
  'module' => 
  array (
    0 => 'index',
    1 => 'Query',
    2 => 'manufacturer',
  ),
  'convert' => false,
)
[ info ] [ HEADER ] array (
  'host' => 'localhost',
  'connection' => 'keep-alive',
  'content-length' => '39',
  'accept' => '*/*',
  'origin' => 'http://localhost',
  'user-agent' => 'Mozilla/5.0 (Windows NT 10.0; Win64; x64) AppleWebKit/537.36 (KHTML, like Gecko) Chrome/61.0.3163.100 Safari/537.36',
  'content-type' => 'application/x-www-form-urlencoded; charset=UTF-8',
  'referer' => 'http://localhost/ctt-ms/stuff_in.html',
  'accept-encoding' => 'gzip, deflate, br',
  'accept-language' => 'zh-CN,zh;q=0.8',
  'cookie' => 'Phpstorm-5547fa09=783ade7a-de49-4ae0-b7a2-0e4ea33c1bea; Phpstorm-bd2926e8=857be1c2-e28b-476d-b13e-3a6d848fae47; pgv_pvi=2761342976; _ga=GA1.1.1437015703.1490101787; sessionid=n5blxasu1fmgpxq1cen8oquywngkirea; PHPSESSID=bt8cll0o7jo1eqjf2ae2fp16c3; csrftoken=3IxkO1zjTHotlxmOrMLhfxyLs3sfSF2cr38akqw5cxNU5ExFaJlOA5twEEwCjgkO; username=8a43e3481ae65bdee08e2372787ddfcf',
)
[ info ] [ PARAM ] array (
  'cookie' => '8a43e3481ae65bdee08e2372787ddfcf',
)
[ info ] [ DB ] INIT mysql
[ info ] [ RUN ] app\index\controller\Query->manufacturer[ D:\wamp64\www\CTT-MS-server\application\index\controller\Query.php ]
[ info ] [ LOG ] INIT File
[ sql ] [ DB ] CONNECT:[ UseTime:0.001166s ] mysql:dbname=ctt-ms;host=127.0.0.1;charset=utf8
[ sql ] [ SQL ] SHOW COLUMNS FROM `user` [ RunTime:0.001641s ]
[ sql ] [ SQL ] SELECT * FROM `user` WHERE  `cookie_username` = '8a43e3481ae65bdee08e2372787ddfcf' LIMIT 1 [ RunTime:0.000999s ]
[ sql ] [ SQL ] SHOW COLUMNS FROM `auth` [ RunTime:0.001948s ]
[ sql ] [ SQL ] SELECT * FROM `auth` WHERE  `uid` = 1 LIMIT 1 [ RunTime:0.000997s ]
[ sql ] [ SQL ] SHOW COLUMNS FROM `manufacturer` [ RunTime:0.001515s ]
[ sql ] [ SQL ] SELECT `manufacturer` FROM `manufacturer` [ RunTime:0.000652s ]
---------------------------------------------------------------
[ 2017-11-03T22:14:04+08:00 ] ::1 ::1 POST /CTT-MS-server/manufacturerquery
[ info ] localhost/CTT-MS-server/manufacturerquery [运行时间：0.065673s][吞吐率：15.23req/s] [内存消耗：3,766.88kb] [文件加载：56]
[ info ] [ LANG ] D:\wamp64\www\CTT-MS-server\thinkphp\lang\zh-cn.php
[ info ] [ ROUTE ] array (
  'type' => 'module',
  'module' => 
  array (
    0 => 'index',
    1 => 'Query',
    2 => 'manufacturer',
  ),
  'convert' => false,
)
[ info ] [ HEADER ] array (
  'host' => 'localhost',
  'connection' => 'keep-alive',
  'content-length' => '39',
  'accept' => '*/*',
  'origin' => 'http://localhost',
  'user-agent' => 'Mozilla/5.0 (Windows NT 10.0; Win64; x64) AppleWebKit/537.36 (KHTML, like Gecko) Chrome/61.0.3163.100 Safari/537.36',
  'content-type' => 'application/x-www-form-urlencoded; charset=UTF-8',
  'referer' => 'http://localhost/ctt-ms/stuff_in.html',
  'accept-encoding' => 'gzip, deflate, br',
  'accept-language' => 'zh-CN,zh;q=0.8',
  'cookie' => 'Phpstorm-5547fa09=783ade7a-de49-4ae0-b7a2-0e4ea33c1bea; Phpstorm-bd2926e8=857be1c2-e28b-476d-b13e-3a6d848fae47; pgv_pvi=2761342976; _ga=GA1.1.1437015703.1490101787; sessionid=n5blxasu1fmgpxq1cen8oquywngkirea; PHPSESSID=bt8cll0o7jo1eqjf2ae2fp16c3; csrftoken=3IxkO1zjTHotlxmOrMLhfxyLs3sfSF2cr38akqw5cxNU5ExFaJlOA5twEEwCjgkO; username=8a43e3481ae65bdee08e2372787ddfcf',
)
[ info ] [ PARAM ] array (
  'cookie' => '8a43e3481ae65bdee08e2372787ddfcf',
)
[ info ] [ DB ] INIT mysql
[ info ] [ RUN ] app\index\controller\Query->manufacturer[ D:\wamp64\www\CTT-MS-server\application\index\controller\Query.php ]
[ info ] [ LOG ] INIT File
[ sql ] [ DB ] CONNECT:[ UseTime:0.001029s ] mysql:dbname=ctt-ms;host=127.0.0.1;charset=utf8
[ sql ] [ SQL ] SHOW COLUMNS FROM `user` [ RunTime:0.001541s ]
[ sql ] [ SQL ] SELECT * FROM `user` WHERE  `cookie_username` = '8a43e3481ae65bdee08e2372787ddfcf' LIMIT 1 [ RunTime:0.000965s ]
[ sql ] [ SQL ] SHOW COLUMNS FROM `auth` [ RunTime:0.001431s ]
[ sql ] [ SQL ] SELECT * FROM `auth` WHERE  `uid` = 1 LIMIT 1 [ RunTime:0.000902s ]
[ sql ] [ SQL ] SHOW COLUMNS FROM `manufacturer` [ RunTime:0.001626s ]
[ sql ] [ SQL ] SELECT `manufacturer` FROM `manufacturer` [ RunTime:0.000656s ]
---------------------------------------------------------------
[ 2017-11-03T22:14:04+08:00 ] ::1 ::1 POST /CTT-MS-server/categoryquery
[ info ] localhost/CTT-MS-server/categoryquery [运行时间：0.076913s][吞吐率：13.00req/s] [内存消耗：3,766.90kb] [文件加载：56]
[ info ] [ LANG ] D:\wamp64\www\CTT-MS-server\thinkphp\lang\zh-cn.php
[ info ] [ ROUTE ] array (
  'type' => 'module',
  'module' => 
  array (
    0 => 'index',
    1 => 'Query',
    2 => 'category',
  ),
  'convert' => false,
)
[ info ] [ HEADER ] array (
  'host' => 'localhost',
  'connection' => 'keep-alive',
  'content-length' => '39',
  'accept' => '*/*',
  'origin' => 'http://localhost',
  'user-agent' => 'Mozilla/5.0 (Windows NT 10.0; Win64; x64) AppleWebKit/537.36 (KHTML, like Gecko) Chrome/61.0.3163.100 Safari/537.36',
  'content-type' => 'application/x-www-form-urlencoded; charset=UTF-8',
  'referer' => 'http://localhost/ctt-ms/stuff_in.html',
  'accept-encoding' => 'gzip, deflate, br',
  'accept-language' => 'zh-CN,zh;q=0.8',
  'cookie' => 'Phpstorm-5547fa09=783ade7a-de49-4ae0-b7a2-0e4ea33c1bea; Phpstorm-bd2926e8=857be1c2-e28b-476d-b13e-3a6d848fae47; pgv_pvi=2761342976; _ga=GA1.1.1437015703.1490101787; sessionid=n5blxasu1fmgpxq1cen8oquywngkirea; PHPSESSID=bt8cll0o7jo1eqjf2ae2fp16c3; csrftoken=3IxkO1zjTHotlxmOrMLhfxyLs3sfSF2cr38akqw5cxNU5ExFaJlOA5twEEwCjgkO; username=8a43e3481ae65bdee08e2372787ddfcf',
)
[ info ] [ PARAM ] array (
  'cookie' => '8a43e3481ae65bdee08e2372787ddfcf',
)
[ info ] [ DB ] INIT mysql
[ info ] [ RUN ] app\index\controller\Query->category[ D:\wamp64\www\CTT-MS-server\application\index\controller\Query.php ]
[ info ] [ LOG ] INIT File
[ sql ] [ DB ] CONNECT:[ UseTime:0.001086s ] mysql:dbname=ctt-ms;host=127.0.0.1;charset=utf8
[ sql ] [ SQL ] SHOW COLUMNS FROM `user` [ RunTime:0.001686s ]
[ sql ] [ SQL ] SELECT * FROM `user` WHERE  `cookie_username` = '8a43e3481ae65bdee08e2372787ddfcf' LIMIT 1 [ RunTime:0.001053s ]
[ sql ] [ SQL ] SHOW COLUMNS FROM `auth` [ RunTime:0.001595s ]
[ sql ] [ SQL ] SELECT * FROM `auth` WHERE  `uid` = 1 LIMIT 1 [ RunTime:0.000918s ]
[ sql ] [ SQL ] SHOW COLUMNS FROM `category` [ RunTime:0.001077s ]
[ sql ] [ SQL ] SELECT `category_name` FROM `category` [ RunTime:0.000524s ]
---------------------------------------------------------------
[ 2017-11-03T22:14:04+08:00 ] ::1 ::1 POST /CTT-MS-server/userstorehousequery
[ info ] localhost/CTT-MS-server/userstorehousequery [运行时间：0.075705s][吞吐率：13.21req/s] [内存消耗：3,776.03kb] [文件加载：56]
[ info ] [ LANG ] D:\wamp64\www\CTT-MS-server\thinkphp\lang\zh-cn.php
[ info ] [ ROUTE ] array (
  'type' => 'module',
  'module' => 
  array (
    0 => 'index',
    1 => 'Query',
    2 => 'userStorehouse',
  ),
  'convert' => false,
)
[ info ] [ HEADER ] array (
  'host' => 'localhost',
  'connection' => 'keep-alive',
  'content-length' => '39',
  'accept' => '*/*',
  'origin' => 'http://localhost',
  'user-agent' => 'Mozilla/5.0 (Windows NT 10.0; Win64; x64) AppleWebKit/537.36 (KHTML, like Gecko) Chrome/61.0.3163.100 Safari/537.36',
  'content-type' => 'application/x-www-form-urlencoded; charset=UTF-8',
  'referer' => 'http://localhost/ctt-ms/stuff_in.html',
  'accept-encoding' => 'gzip, deflate, br',
  'accept-language' => 'zh-CN,zh;q=0.8',
  'cookie' => 'Phpstorm-5547fa09=783ade7a-de49-4ae0-b7a2-0e4ea33c1bea; Phpstorm-bd2926e8=857be1c2-e28b-476d-b13e-3a6d848fae47; pgv_pvi=2761342976; _ga=GA1.1.1437015703.1490101787; sessionid=n5blxasu1fmgpxq1cen8oquywngkirea; PHPSESSID=bt8cll0o7jo1eqjf2ae2fp16c3; csrftoken=3IxkO1zjTHotlxmOrMLhfxyLs3sfSF2cr38akqw5cxNU5ExFaJlOA5twEEwCjgkO; username=8a43e3481ae65bdee08e2372787ddfcf',
)
[ info ] [ PARAM ] array (
  'cookie' => '8a43e3481ae65bdee08e2372787ddfcf',
)
[ info ] [ DB ] INIT mysql
[ info ] [ RUN ] app\index\controller\Query->userStorehouse[ D:\wamp64\www\CTT-MS-server\application\index\controller\Query.php ]
[ info ] [ LOG ] INIT File
[ sql ] [ DB ] CONNECT:[ UseTime:0.001344s ] mysql:dbname=ctt-ms;host=127.0.0.1;charset=utf8
[ sql ] [ SQL ] SHOW COLUMNS FROM `user` [ RunTime:0.001874s ]
[ sql ] [ SQL ] SELECT * FROM `user` WHERE  `cookie_username` = '8a43e3481ae65bdee08e2372787ddfcf' LIMIT 1 [ RunTime:0.001028s ]
[ sql ] [ SQL ] SHOW COLUMNS FROM `auth` [ RunTime:0.001379s ]
[ sql ] [ SQL ] SELECT * FROM `auth` WHERE  `uid` = 1 LIMIT 1 [ RunTime:0.000844s ]
[ sql ] [ SQL ] SELECT * FROM `user` WHERE  `cookie_username` = '8a43e3481ae65bdee08e2372787ddfcf' LIMIT 1 [ RunTime:0.000846s ]
---------------------------------------------------------------
[ 2017-11-03T22:14:10+08:00 ] ::1 ::1 POST /CTT-MS-server/userstorehousequery
[ info ] localhost/CTT-MS-server/userstorehousequery [运行时间：0.041496s][吞吐率：24.10req/s] [内存消耗：3,776.05kb] [文件加载：56]
[ info ] [ LANG ] D:\wamp64\www\CTT-MS-server\thinkphp\lang\zh-cn.php
[ info ] [ ROUTE ] array (
  'type' => 'module',
  'module' => 
  array (
    0 => 'index',
    1 => 'Query',
    2 => 'userStorehouse',
  ),
  'convert' => false,
)
[ info ] [ HEADER ] array (
  'host' => 'localhost',
  'connection' => 'keep-alive',
  'content-length' => '39',
  'accept' => '*/*',
  'origin' => 'http://localhost',
  'user-agent' => 'Mozilla/5.0 (Windows NT 10.0; Win64; x64) AppleWebKit/537.36 (KHTML, like Gecko) Chrome/61.0.3163.100 Safari/537.36',
  'content-type' => 'application/x-www-form-urlencoded; charset=UTF-8',
  'referer' => 'http://localhost/ctt-ms/stuff_check.html',
  'accept-encoding' => 'gzip, deflate, br',
  'accept-language' => 'zh-CN,zh;q=0.8',
  'cookie' => 'Phpstorm-5547fa09=783ade7a-de49-4ae0-b7a2-0e4ea33c1bea; Phpstorm-bd2926e8=857be1c2-e28b-476d-b13e-3a6d848fae47; pgv_pvi=2761342976; _ga=GA1.1.1437015703.1490101787; sessionid=n5blxasu1fmgpxq1cen8oquywngkirea; PHPSESSID=bt8cll0o7jo1eqjf2ae2fp16c3; csrftoken=3IxkO1zjTHotlxmOrMLhfxyLs3sfSF2cr38akqw5cxNU5ExFaJlOA5twEEwCjgkO; username=8a43e3481ae65bdee08e2372787ddfcf',
)
[ info ] [ PARAM ] array (
  'cookie' => '8a43e3481ae65bdee08e2372787ddfcf',
)
[ info ] [ DB ] INIT mysql
[ info ] [ RUN ] app\index\controller\Query->userStorehouse[ D:\wamp64\www\CTT-MS-server\application\index\controller\Query.php ]
[ info ] [ LOG ] INIT File
[ sql ] [ DB ] CONNECT:[ UseTime:0.000954s ] mysql:dbname=ctt-ms;host=127.0.0.1;charset=utf8
[ sql ] [ SQL ] SHOW COLUMNS FROM `user` [ RunTime:0.001189s ]
[ sql ] [ SQL ] SELECT * FROM `user` WHERE  `cookie_username` = '8a43e3481ae65bdee08e2372787ddfcf' LIMIT 1 [ RunTime:0.000534s ]
[ sql ] [ SQL ] SHOW COLUMNS FROM `auth` [ RunTime:0.000941s ]
[ sql ] [ SQL ] SELECT * FROM `auth` WHERE  `uid` = 1 LIMIT 1 [ RunTime:0.000545s ]
[ sql ] [ SQL ] SELECT * FROM `user` WHERE  `cookie_username` = '8a43e3481ae65bdee08e2372787ddfcf' LIMIT 1 [ RunTime:0.000446s ]
---------------------------------------------------------------
[ 2017-11-03T22:14:10+08:00 ] ::1 ::1 POST /CTT-MS-server/stuffin/check
[ info ] localhost/CTT-MS-server/stuffin/check [运行时间：0.071271s][吞吐率：14.03req/s] [内存消耗：3,840.23kb] [文件加载：58]
[ info ] [ LANG ] D:\wamp64\www\CTT-MS-server\thinkphp\lang\zh-cn.php
[ info ] [ ROUTE ] array (
  'type' => 'module',
  'module' => 
  array (
    0 => 'index',
    1 => 'StuffIn',
    2 => 'check',
  ),
  'convert' => false,
)
[ info ] [ HEADER ] array (
  'host' => 'localhost',
  'connection' => 'keep-alive',
  'content-length' => '102',
  'accept' => 'application/json, text/javascript, */*; q=0.01',
  'origin' => 'http://localhost',
  'user-agent' => 'Mozilla/5.0 (Windows NT 10.0; Win64; x64) AppleWebKit/537.36 (KHTML, like Gecko) Chrome/61.0.3163.100 Safari/537.36',
  'content-type' => 'application/x-www-form-urlencoded; charset=UTF-8',
  'referer' => 'http://localhost/ctt-ms/stuff_check.html',
  'accept-encoding' => 'gzip, deflate, br',
  'accept-language' => 'zh-CN,zh;q=0.8',
  'cookie' => 'Phpstorm-5547fa09=783ade7a-de49-4ae0-b7a2-0e4ea33c1bea; Phpstorm-bd2926e8=857be1c2-e28b-476d-b13e-3a6d848fae47; pgv_pvi=2761342976; _ga=GA1.1.1437015703.1490101787; sessionid=n5blxasu1fmgpxq1cen8oquywngkirea; PHPSESSID=bt8cll0o7jo1eqjf2ae2fp16c3; csrftoken=3IxkO1zjTHotlxmOrMLhfxyLs3sfSF2cr38akqw5cxNU5ExFaJlOA5twEEwCjgkO; username=8a43e3481ae65bdee08e2372787ddfcf',
)
[ info ] [ PARAM ] array (
  'cookie' => '8a43e3481ae65bdee08e2372787ddfcf',
  'query' => '{&quot;pageinfo&quot;:{&quot;curpage&quot;:1,&quot;pageinate&quot;:10},&quot;condition&quot;:{}}',
)
[ info ] [ DB ] INIT mysql
[ info ] [ RUN ] app\index\controller\StuffIn->check[ D:\wamp64\www\CTT-MS-server\application\index\controller\StuffIn.php ]
[ info ] [ LOG ] INIT File
[ sql ] [ DB ] CONNECT:[ UseTime:0.000995s ] mysql:dbname=ctt-ms;host=127.0.0.1;charset=utf8
[ sql ] [ SQL ] SHOW COLUMNS FROM `user` [ RunTime:0.002428s ]
[ sql ] [ SQL ] SELECT * FROM `user` WHERE  `cookie_username` = '8a43e3481ae65bdee08e2372787ddfcf' LIMIT 1 [ RunTime:0.000626s ]
[ sql ] [ SQL ] SHOW COLUMNS FROM `auth` [ RunTime:0.000787s ]
[ sql ] [ SQL ] SELECT * FROM `auth` WHERE  `uid` = 1 LIMIT 1 [ RunTime:0.000460s ]
[ sql ] [ SQL ] SELECT * FROM `user` WHERE  `cookie_username` = '8a43e3481ae65bdee08e2372787ddfcf' LIMIT 1 [ RunTime:0.000410s ]
[ sql ] [ SQL ] SHOW COLUMNS FROM `stuff_in_record` [ RunTime:0.000697s ]
[ sql ] [ SQL ] SELECT `a`.*,`b`.`stuff_name`,`b`.`unit`,`b`.`category_name` FROM `stuff_in_record` `a` INNER JOIN `stuff` `b` ON `a`.`stuff_id`=`b`.`id` WHERE  `storehouse` = '丹棱库' ORDER BY `a`.`id` LIMIT 0,10 [ RunTime:0.000579s ]
[ sql ] [ SQL ] SELECT `a`.*,`b`.`stuff_name`,`b`.`unit`,`b`.`category_name` FROM `stuff_in_record` `a` INNER JOIN `stuff` `b` ON `a`.`stuff_id`=`b`.`id` WHERE  `storehouse` = '丹棱库' [ RunTime:0.000470s ]
---------------------------------------------------------------
[ 2017-11-03T22:14:13+08:00 ] ::1 ::1 POST /CTT-MS-server/stuffin/check
[ info ] localhost/CTT-MS-server/stuffin/check [运行时间：0.054444s][吞吐率：18.37req/s] [内存消耗：3,840.38kb] [文件加载：58]
[ info ] [ LANG ] D:\wamp64\www\CTT-MS-server\thinkphp\lang\zh-cn.php
[ info ] [ ROUTE ] array (
  'type' => 'module',
  'module' => 
  array (
    0 => 'index',
    1 => 'StuffIn',
    2 => 'check',
  ),
  'convert' => false,
)
[ info ] [ HEADER ] array (
  'host' => 'localhost',
  'connection' => 'keep-alive',
  'content-length' => '136',
  'accept' => 'application/json, text/javascript, */*; q=0.01',
  'origin' => 'http://localhost',
  'user-agent' => 'Mozilla/5.0 (Windows NT 10.0; Win64; x64) AppleWebKit/537.36 (KHTML, like Gecko) Chrome/61.0.3163.100 Safari/537.36',
  'content-type' => 'application/x-www-form-urlencoded; charset=UTF-8',
  'referer' => 'http://localhost/ctt-ms/stuff_check.html',
  'accept-encoding' => 'gzip, deflate, br',
  'accept-language' => 'zh-CN,zh;q=0.8',
  'cookie' => 'Phpstorm-5547fa09=783ade7a-de49-4ae0-b7a2-0e4ea33c1bea; Phpstorm-bd2926e8=857be1c2-e28b-476d-b13e-3a6d848fae47; pgv_pvi=2761342976; _ga=GA1.1.1437015703.1490101787; sessionid=n5blxasu1fmgpxq1cen8oquywngkirea; PHPSESSID=bt8cll0o7jo1eqjf2ae2fp16c3; csrftoken=3IxkO1zjTHotlxmOrMLhfxyLs3sfSF2cr38akqw5cxNU5ExFaJlOA5twEEwCjgkO; username=8a43e3481ae65bdee08e2372787ddfcf',
)
[ info ] [ PARAM ] array (
  'cookie' => '8a43e3481ae65bdee08e2372787ddfcf',
  'query' => '{&quot;pageinfo&quot;:{&quot;curpage&quot;:2,&quot;pageinate&quot;:10},&quot;condition&quot;:{&quot;where&quot;:[&quot;storehouse&quot;,&quot;丹棱库&quot;]}}',
)
[ info ] [ DB ] INIT mysql
[ info ] [ RUN ] app\index\controller\StuffIn->check[ D:\wamp64\www\CTT-MS-server\application\index\controller\StuffIn.php ]
[ info ] [ LOG ] INIT File
[ sql ] [ DB ] CONNECT:[ UseTime:0.000888s ] mysql:dbname=ctt-ms;host=127.0.0.1;charset=utf8
[ sql ] [ SQL ] SHOW COLUMNS FROM `user` [ RunTime:0.001069s ]
[ sql ] [ SQL ] SELECT * FROM `user` WHERE  `cookie_username` = '8a43e3481ae65bdee08e2372787ddfcf' LIMIT 1 [ RunTime:0.000666s ]
[ sql ] [ SQL ] SHOW COLUMNS FROM `auth` [ RunTime:0.001458s ]
[ sql ] [ SQL ] SELECT * FROM `auth` WHERE  `uid` = 1 LIMIT 1 [ RunTime:0.000629s ]
[ sql ] [ SQL ] SELECT * FROM `user` WHERE  `cookie_username` = '8a43e3481ae65bdee08e2372787ddfcf' LIMIT 1 [ RunTime:0.000506s ]
[ sql ] [ SQL ] SHOW COLUMNS FROM `stuff_in_record` [ RunTime:0.000974s ]
[ sql ] [ SQL ] SELECT `a`.*,`b`.`stuff_name`,`b`.`unit`,`b`.`category_name` FROM `stuff_in_record` `a` INNER JOIN `stuff` `b` ON `a`.`stuff_id`=`b`.`id` WHERE  `storehouse` = '丹棱库' ORDER BY `a`.`id` LIMIT 10,10 [ RunTime:0.000791s ]
[ sql ] [ SQL ] SELECT `a`.*,`b`.`stuff_name`,`b`.`unit`,`b`.`category_name` FROM `stuff_in_record` `a` INNER JOIN `stuff` `b` ON `a`.`stuff_id`=`b`.`id` WHERE  `storehouse` = '丹棱库' [ RunTime:0.000640s ]
