---------------------------------------------------------------
[ 2017-11-17T20:12:53+08:00 ] ::1 ::1 POST /CTT-MS-server/login
[ info ] localhost/CTT-MS-server/login [运行时间：1.242295s][吞吐率：0.80req/s] [内存消耗：3,377.30kb] [文件加载：53]
[ info ] [ LANG ] E:\code\php\CTT-MS-server\thinkphp\lang\zh-cn.php
[ info ] [ ROUTE ] array (
  'type' => 'module',
  'module' => 
  array (
    0 => 'index',
    1 => 'Auth',
    2 => 'login',
  ),
  'convert' => false,
)
[ info ] [ HEADER ] array (
  'host' => 'localhost',
  'connection' => 'keep-alive',
  'content-length' => '28',
  'accept' => '*/*',
  'origin' => 'http://localhost',
  'user-agent' => 'Mozilla/5.0 (Windows NT 10.0; Win64; x64) AppleWebKit/537.36 (KHTML, like Gecko) Chrome/62.0.3202.94 Safari/537.36',
  'content-type' => 'application/x-www-form-urlencoded; charset=UTF-8',
  'referer' => 'http://localhost/ctt-ms/login.html',
  'accept-encoding' => 'gzip, deflate, br',
  'accept-language' => 'zh-CN,zh;q=0.9',
  'cookie' => 'sessionid=ju6w82dp7v5kfniqmkqyz8oyr95hoi84; pgv_pvi=4484905984; _ga=GA1.1.203632370.1510848144; _gid=GA1.1.1283410361.1510848144; csrftoken=hP2kz6A2TThNEpfhLAqDRyRBIL6N1BjynFRQQe1Pbmw1jSePrYpG4BFXC6lWgmlw',
)
[ info ] [ PARAM ] array (
  'username' => '001',
  'password' => '123456',
)
[ info ] [ RUN ] app\index\controller\Auth->login[ E:\code\php\CTT-MS-server\application\index\controller\Auth.php ]
[ info ] [ DB ] INIT mysql
[ info ] [ SESSION ] INIT array (
  'id' => '',
  'var_session_id' => '',
  'prefix' => 'think',
  'type' => '',
  'auto_start' => true,
)
[ info ] [ LOG ] INIT File
[ sql ] [ DB ] CONNECT:[ UseTime:0.001160s ] mysql:dbname=ctt-ms;host=127.0.0.1;charset=utf8
[ sql ] [ SQL ] SHOW COLUMNS FROM `user` [ RunTime:0.010790s ]
[ sql ] [ SQL ] SELECT * FROM `user` WHERE  `username` = '001' LIMIT 1 [ RunTime:0.000609s ]
[ sql ] [ SQL ] UPDATE `user`  SET `cookie_username`='0a2401141dd11e98b551a6a80b0bb338'  WHERE  `username` = '001' [ RunTime:0.000544s ]
[ sql ] [ SQL ] UPDATE `user`  SET `last_login_time`='2017-11-17 20:12:53'  WHERE  `username` = '001' [ RunTime:0.000336s ]
[ sql ] [ SQL ] UPDATE `user`  SET `last_logout_time`='2017-11-17 20:12:53'  WHERE  `username` = '001' [ RunTime:0.000317s ]
---------------------------------------------------------------
[ 2017-11-17T20:12:54+08:00 ] ::1 ::1 POST /CTT-MS-server/checkauth
[ info ] localhost/CTT-MS-server/checkauth [运行时间：0.092553s][吞吐率：10.80req/s] [内存消耗：3,782.14kb] [文件加载：55]
[ info ] [ LANG ] E:\code\php\CTT-MS-server\thinkphp\lang\zh-cn.php
[ info ] [ ROUTE ] array (
  'type' => 'module',
  'module' => 
  array (
    0 => 'index',
    1 => 'Auth',
    2 => 'checkAuth',
  ),
  'convert' => false,
)
[ info ] [ HEADER ] array (
  'host' => 'localhost',
  'connection' => 'keep-alive',
  'content-length' => '39',
  'accept' => 'application/json, text/javascript, */*; q=0.01',
  'origin' => 'http://localhost',
  'x-requested-with' => 'XMLHttpRequest',
  'user-agent' => 'Mozilla/5.0 (Windows NT 10.0; Win64; x64) AppleWebKit/537.36 (KHTML, like Gecko) Chrome/62.0.3202.94 Safari/537.36',
  'content-type' => 'application/x-www-form-urlencoded; charset=UTF-8',
  'referer' => 'http://localhost/ctt-ms/main.html',
  'accept-encoding' => 'gzip, deflate, br',
  'accept-language' => 'zh-CN,zh;q=0.9',
  'cookie' => 'sessionid=ju6w82dp7v5kfniqmkqyz8oyr95hoi84; pgv_pvi=4484905984; _ga=GA1.1.203632370.1510848144; _gid=GA1.1.1283410361.1510848144; csrftoken=hP2kz6A2TThNEpfhLAqDRyRBIL6N1BjynFRQQe1Pbmw1jSePrYpG4BFXC6lWgmlw; PHPSESSID=j5kidpqiaq291bhtt69kn2iet6; username=0a2401141dd11e98b551a6a80b0bb338',
)
[ info ] [ PARAM ] array (
  'cookie' => '0a2401141dd11e98b551a6a80b0bb338',
)
[ info ] [ RUN ] app\index\controller\Auth->checkAuth[ E:\code\php\CTT-MS-server\application\index\controller\Auth.php ]
[ info ] [ DB ] INIT mysql
[ info ] [ LOG ] INIT File
[ sql ] [ DB ] CONNECT:[ UseTime:0.001244s ] mysql:dbname=ctt-ms;host=127.0.0.1;charset=utf8
[ sql ] [ SQL ] SHOW COLUMNS FROM `user` [ RunTime:0.008218s ]
[ sql ] [ SQL ] SELECT * FROM `user` WHERE  `cookie_username` = '0a2401141dd11e98b551a6a80b0bb338' LIMIT 1 [ RunTime:0.000700s ]
[ sql ] [ SQL ] SHOW COLUMNS FROM `auth` [ RunTime:0.009713s ]
[ sql ] [ SQL ] SELECT * FROM `auth` WHERE  `uid` = 1 LIMIT 1 [ RunTime:0.000684s ]
---------------------------------------------------------------
[ 2017-11-17T20:13:03+08:00 ] ::1 ::1 POST /CTT-MS-server/logout
[ info ] localhost/CTT-MS-server/logout [运行时间：0.057171s][吞吐率：17.49req/s] [内存消耗：3,370.50kb] [文件加载：53]
[ info ] [ LANG ] E:\code\php\CTT-MS-server\thinkphp\lang\zh-cn.php
[ info ] [ ROUTE ] array (
  'type' => 'module',
  'module' => 
  array (
    0 => 'index',
    1 => 'Auth',
    2 => 'logout',
  ),
  'convert' => false,
)
[ info ] [ HEADER ] array (
  'host' => 'localhost',
  'connection' => 'keep-alive',
  'content-length' => '39',
  'accept' => '*/*',
  'origin' => 'http://localhost',
  'user-agent' => 'Mozilla/5.0 (Windows NT 10.0; Win64; x64) AppleWebKit/537.36 (KHTML, like Gecko) Chrome/62.0.3202.94 Safari/537.36',
  'content-type' => 'application/x-www-form-urlencoded; charset=UTF-8',
  'referer' => 'http://localhost/ctt-ms/main.html',
  'accept-encoding' => 'gzip, deflate, br',
  'accept-language' => 'zh-CN,zh;q=0.9',
  'cookie' => 'sessionid=ju6w82dp7v5kfniqmkqyz8oyr95hoi84; pgv_pvi=4484905984; _ga=GA1.1.203632370.1510848144; _gid=GA1.1.1283410361.1510848144; csrftoken=hP2kz6A2TThNEpfhLAqDRyRBIL6N1BjynFRQQe1Pbmw1jSePrYpG4BFXC6lWgmlw; PHPSESSID=j5kidpqiaq291bhtt69kn2iet6; username=0a2401141dd11e98b551a6a80b0bb338',
)
[ info ] [ PARAM ] array (
  'cookie' => '0a2401141dd11e98b551a6a80b0bb338',
)
[ info ] [ RUN ] app\index\controller\Auth->logout[ E:\code\php\CTT-MS-server\application\index\controller\Auth.php ]
[ info ] [ DB ] INIT mysql
[ info ] [ SESSION ] INIT array (
  'id' => '',
  'var_session_id' => '',
  'prefix' => 'think',
  'type' => '',
  'auto_start' => true,
)
[ info ] [ LOG ] INIT File
[ sql ] [ DB ] CONNECT:[ UseTime:0.001182s ] mysql:dbname=ctt-ms;host=127.0.0.1;charset=utf8
[ sql ] [ SQL ] SHOW COLUMNS FROM `user` [ RunTime:0.001729s ]
[ sql ] [ SQL ] UPDATE `user`  SET `last_logout_time`='2017-11-17 20:13:03'  WHERE  `cookie_username` = '0a2401141dd11e98b551a6a80b0bb338' [ RunTime:0.000406s ]
[ sql ] [ SQL ] UPDATE `user`  SET `cookie_username`=NULL  WHERE  `cookie_username` = '0a2401141dd11e98b551a6a80b0bb338' [ RunTime:0.000391s ]
