---------------------------------------------------------------
[ 2017-11-25T12:45:42+08:00 ] ::1 ::1 POST /CTT-MS-server/login
[ info ] localhost/CTT-MS-server/login [运行时间：1.021773s][吞吐率：0.98req/s] [内存消耗：3,441.73kb] [文件加载：53]
[ info ] [ LANG ] E:\code\php\CTT-MS-server\thinkphp\lang\zh-cn.php
[ info ] [ ROUTE ] array (
  'type' => 'module',
  'module' => 
  array (
    0 => 'index',
    1 => 'Auth',
    2 => 'login',
  ),
  'convert' => false,
)
[ info ] [ HEADER ] array (
  'host' => 'localhost',
  'connection' => 'keep-alive',
  'content-length' => '28',
  'accept' => '*/*',
  'origin' => 'http://localhost',
  'user-agent' => 'Mozilla/5.0 (Windows NT 10.0; Win64; x64) AppleWebKit/537.36 (KHTML, like Gecko) Chrome/62.0.3202.94 Safari/537.36',
  'content-type' => 'application/x-www-form-urlencoded; charset=UTF-8',
  'referer' => 'http://localhost/ctt-ms/login.html',
  'accept-encoding' => 'gzip, deflate, br',
  'accept-language' => 'zh-CN,zh;q=0.9',
  'cookie' => 'sessionid=ju6w82dp7v5kfniqmkqyz8oyr95hoi84; pgv_pvi=4484905984; csrftoken=hP2kz6A2TThNEpfhLAqDRyRBIL6N1BjynFRQQe1Pbmw1jSePrYpG4BFXC6lWgmlw; _ga=GA1.1.203632370.1510848144',
)
[ info ] [ PARAM ] array (
  'username' => '001',
  'password' => '123456',
)
[ info ] [ RUN ] app\index\controller\Auth->login[ E:\code\php\CTT-MS-server\application\index\controller\Auth.php ]
[ info ] [ DB ] INIT mysql
[ info ] [ SESSION ] INIT array (
  'id' => '',
  'var_session_id' => '',
  'prefix' => 'think',
  'type' => '',
  'auto_start' => true,
)
[ info ] [ LOG ] INIT File
[ sql ] [ DB ] CONNECT:[ UseTime:0.001721s ] mysql:dbname=ctt-ms;host=127.0.0.1;charset=utf8
[ sql ] [ SQL ] SHOW COLUMNS FROM `user` [ RunTime:0.014843s ]
[ sql ] [ SQL ] SELECT * FROM `user` WHERE  `username` = '001' LIMIT 1 [ RunTime:0.000536s ]
[ sql ] [ SQL ] UPDATE `user`  SET `cookie_username`='ca19e6e9a36a6689fe5f169f484f4086'  WHERE  `username` = '001' [ RunTime:0.004942s ]
[ sql ] [ SQL ] UPDATE `user`  SET `last_login_time`='2017-11-25 12:45:42'  WHERE  `username` = '001' [ RunTime:0.000760s ]
[ sql ] [ SQL ] UPDATE `user`  SET `last_logout_time`='2017-11-25 12:45:42'  WHERE  `username` = '001' [ RunTime:0.000326s ]
---------------------------------------------------------------
[ 2017-11-25T12:45:42+08:00 ] ::1 ::1 POST /CTT-MS-server/checkauth
[ info ] localhost/CTT-MS-server/checkauth [运行时间：0.068181s][吞吐率：14.67req/s] [内存消耗：3,847.00kb] [文件加载：55]
[ info ] [ LANG ] E:\code\php\CTT-MS-server\thinkphp\lang\zh-cn.php
[ info ] [ ROUTE ] array (
  'type' => 'module',
  'module' => 
  array (
    0 => 'index',
    1 => 'Auth',
    2 => 'checkAuth',
  ),
  'convert' => false,
)
[ info ] [ HEADER ] array (
  'host' => 'localhost',
  'connection' => 'keep-alive',
  'content-length' => '39',
  'accept' => 'application/json, text/javascript, */*; q=0.01',
  'origin' => 'http://localhost',
  'x-requested-with' => 'XMLHttpRequest',
  'user-agent' => 'Mozilla/5.0 (Windows NT 10.0; Win64; x64) AppleWebKit/537.36 (KHTML, like Gecko) Chrome/62.0.3202.94 Safari/537.36',
  'content-type' => 'application/x-www-form-urlencoded; charset=UTF-8',
  'referer' => 'http://localhost/ctt-ms/main.html',
  'accept-encoding' => 'gzip, deflate, br',
  'accept-language' => 'zh-CN,zh;q=0.9',
  'cookie' => 'sessionid=ju6w82dp7v5kfniqmkqyz8oyr95hoi84; pgv_pvi=4484905984; csrftoken=hP2kz6A2TThNEpfhLAqDRyRBIL6N1BjynFRQQe1Pbmw1jSePrYpG4BFXC6lWgmlw; _ga=GA1.1.203632370.1510848144; PHPSESSID=4h72fhrra3fbapbcgg5n0btu50; username=ca19e6e9a36a6689fe5f169f484f4086',
)
[ info ] [ PARAM ] array (
  'cookie' => 'ca19e6e9a36a6689fe5f169f484f4086',
)
[ info ] [ RUN ] app\index\controller\Auth->checkAuth[ E:\code\php\CTT-MS-server\application\index\controller\Auth.php ]
[ info ] [ DB ] INIT mysql
[ info ] [ LOG ] INIT File
[ sql ] [ DB ] CONNECT:[ UseTime:0.001246s ] mysql:dbname=ctt-ms;host=127.0.0.1;charset=utf8
[ sql ] [ SQL ] SHOW COLUMNS FROM `user` [ RunTime:0.008812s ]
[ sql ] [ SQL ] SELECT * FROM `user` WHERE  `cookie_username` = 'ca19e6e9a36a6689fe5f169f484f4086' LIMIT 1 [ RunTime:0.000509s ]
[ sql ] [ SQL ] SHOW COLUMNS FROM `auth` [ RunTime:0.009220s ]
[ sql ] [ SQL ] SELECT * FROM `auth` WHERE  `uid` = 1 LIMIT 1 [ RunTime:0.000539s ]
---------------------------------------------------------------
[ 2017-11-25T12:47:32+08:00 ] ::1 ::1 GET /ctt-ms-server/index/stuffinventory/inventory
[ info ] localhost/ctt-ms-server/index/stuffinventory/inventory [运行时间：0.094089s][吞吐率：10.63req/s] [内存消耗：2,022.96kb] [文件加载：40]
[ info ] [ LANG ] E:\code\php\CTT-MS-server\thinkphp\lang\zh-cn.php
[ info ] [ ROUTE ] array (
  'type' => 'module',
  'module' => 
  array (
    0 => 'index',
    1 => 'stuffinventory',
    2 => 'inventory',
  ),
)
[ info ] [ HEADER ] array (
  'host' => 'localhost',
  'connection' => 'keep-alive',
  'user-agent' => 'Mozilla/5.0 (Windows NT 10.0; Win64; x64) AppleWebKit/537.36 (KHTML, like Gecko) Chrome/62.0.3202.94 Safari/537.36',
  'upgrade-insecure-requests' => '1',
  'accept' => 'text/html,application/xhtml+xml,application/xml;q=0.9,image/webp,image/apng,*/*;q=0.8',
  'accept-encoding' => 'gzip, deflate, br',
  'accept-language' => 'zh-CN,zh;q=0.9',
  'cookie' => 'sessionid=ju6w82dp7v5kfniqmkqyz8oyr95hoi84; pgv_pvi=4484905984; csrftoken=hP2kz6A2TThNEpfhLAqDRyRBIL6N1BjynFRQQe1Pbmw1jSePrYpG4BFXC6lWgmlw; _ga=GA1.1.203632370.1510848144; PHPSESSID=4h72fhrra3fbapbcgg5n0btu50; username=ca19e6e9a36a6689fe5f169f484f4086',
)
[ info ] [ PARAM ] array (
)
[ info ] [ LOG ] INIT File
---------------------------------------------------------------
[ 2017-11-25T12:47:46+08:00 ] ::1 ::1 GET /ctt-ms-server/index/StuffInventory/inventory
[ info ] localhost/ctt-ms-server/index/StuffInventory/inventory [运行时间：0.028314s][吞吐率：35.32req/s] [内存消耗：2,022.96kb] [文件加载：40]
[ info ] [ LANG ] E:\code\php\CTT-MS-server\thinkphp\lang\zh-cn.php
[ info ] [ ROUTE ] array (
  'type' => 'module',
  'module' => 
  array (
    0 => 'index',
    1 => 'StuffInventory',
    2 => 'inventory',
  ),
)
[ info ] [ HEADER ] array (
  'host' => 'localhost',
  'connection' => 'keep-alive',
  'user-agent' => 'Mozilla/5.0 (Windows NT 10.0; Win64; x64) AppleWebKit/537.36 (KHTML, like Gecko) Chrome/62.0.3202.94 Safari/537.36',
  'upgrade-insecure-requests' => '1',
  'accept' => 'text/html,application/xhtml+xml,application/xml;q=0.9,image/webp,image/apng,*/*;q=0.8',
  'accept-encoding' => 'gzip, deflate, br',
  'accept-language' => 'zh-CN,zh;q=0.9',
  'cookie' => 'sessionid=ju6w82dp7v5kfniqmkqyz8oyr95hoi84; pgv_pvi=4484905984; csrftoken=hP2kz6A2TThNEpfhLAqDRyRBIL6N1BjynFRQQe1Pbmw1jSePrYpG4BFXC6lWgmlw; _ga=GA1.1.203632370.1510848144; PHPSESSID=4h72fhrra3fbapbcgg5n0btu50; username=ca19e6e9a36a6689fe5f169f484f4086',
)
[ info ] [ PARAM ] array (
)
[ info ] [ LOG ] INIT File
---------------------------------------------------------------
[ 2017-11-25T12:52:04+08:00 ] ::1 ::1 GET /ctt-ms-server/StuffInventory/inventory
[ info ] localhost/ctt-ms-server/StuffInventory/inventory [运行时间：0.117604s][吞吐率：8.50req/s] [内存消耗：3,901.95kb] [文件加载：59]
[ info ] [ LANG ] E:\code\php\CTT-MS-server\thinkphp\lang\zh-cn.php
[ info ] [ ROUTE ] array (
  'type' => 'module',
  'module' => 
  array (
    0 => 'index',
    1 => 'StuffInventory',
    2 => 'inventory',
  ),
  'convert' => false,
)
[ info ] [ HEADER ] array (
  'host' => 'localhost',
  'connection' => 'keep-alive',
  'user-agent' => 'Mozilla/5.0 (Windows NT 10.0; Win64; x64) AppleWebKit/537.36 (KHTML, like Gecko) Chrome/62.0.3202.94 Safari/537.36',
  'upgrade-insecure-requests' => '1',
  'accept' => 'text/html,application/xhtml+xml,application/xml;q=0.9,image/webp,image/apng,*/*;q=0.8',
  'accept-encoding' => 'gzip, deflate, br',
  'accept-language' => 'zh-CN,zh;q=0.9',
  'cookie' => 'sessionid=ju6w82dp7v5kfniqmkqyz8oyr95hoi84; pgv_pvi=4484905984; csrftoken=hP2kz6A2TThNEpfhLAqDRyRBIL6N1BjynFRQQe1Pbmw1jSePrYpG4BFXC6lWgmlw; _ga=GA1.1.203632370.1510848144; PHPSESSID=4h72fhrra3fbapbcgg5n0btu50; username=ca19e6e9a36a6689fe5f169f484f4086',
)
[ info ] [ PARAM ] array (
)
[ info ] [ DB ] INIT mysql
[ info ] [ LOG ] INIT File
[ sql ] [ DB ] CONNECT:[ UseTime:0.001191s ] mysql:dbname=ctt-ms;host=127.0.0.1;charset=utf8
[ sql ] [ SQL ] SHOW COLUMNS FROM `user` [ RunTime:0.001131s ]
[ sql ] [ SQL ] SELECT * FROM `user` WHERE  `cookie_username` = 'ca19e6e9a36a6689fe5f169f484f4086' LIMIT 1 [ RunTime:0.000479s ]
[ sql ] [ SQL ] SHOW COLUMNS FROM `auth` [ RunTime:0.001030s ]
[ sql ] [ SQL ] SELECT * FROM `auth` WHERE  `uid` = 1 LIMIT 1 [ RunTime:0.000441s ]
[ error ] [0]方法参数错误:storehouse[E:\code\php\CTT-MS-server\thinkphp\library\think\App.php:281]
---------------------------------------------------------------
[ 2017-11-25T12:52:17+08:00 ] ::1 ::1 GET /ctt-ms-server/StuffInventory/inventory
[ info ] localhost/ctt-ms-server/StuffInventory/inventory [运行时间：0.045045s][吞吐率：22.20req/s] [内存消耗：3,844.16kb] [文件加载：58]
[ info ] [ LANG ] E:\code\php\CTT-MS-server\thinkphp\lang\zh-cn.php
[ info ] [ ROUTE ] array (
  'type' => 'module',
  'module' => 
  array (
    0 => 'index',
    1 => 'StuffInventory',
    2 => 'inventory',
  ),
  'convert' => false,
)
[ info ] [ HEADER ] array (
  'host' => 'localhost',
  'connection' => 'keep-alive',
  'cache-control' => 'max-age=0',
  'user-agent' => 'Mozilla/5.0 (Windows NT 10.0; Win64; x64) AppleWebKit/537.36 (KHTML, like Gecko) Chrome/62.0.3202.94 Safari/537.36',
  'upgrade-insecure-requests' => '1',
  'accept' => 'text/html,application/xhtml+xml,application/xml;q=0.9,image/webp,image/apng,*/*;q=0.8',
  'accept-encoding' => 'gzip, deflate, br',
  'accept-language' => 'zh-CN,zh;q=0.9',
  'cookie' => 'sessionid=ju6w82dp7v5kfniqmkqyz8oyr95hoi84; pgv_pvi=4484905984; csrftoken=hP2kz6A2TThNEpfhLAqDRyRBIL6N1BjynFRQQe1Pbmw1jSePrYpG4BFXC6lWgmlw; _ga=GA1.1.203632370.1510848144; PHPSESSID=4h72fhrra3fbapbcgg5n0btu50; username=ca19e6e9a36a6689fe5f169f484f4086',
)
[ info ] [ PARAM ] array (
)
[ info ] [ DB ] INIT mysql
[ info ] [ RUN ] app\index\controller\StuffInventory->inventory[ E:\code\php\CTT-MS-server\application\index\controller\StuffInventory.php ]
[ info ] [ LOG ] INIT File
[ sql ] [ DB ] CONNECT:[ UseTime:0.001140s ] mysql:dbname=ctt-ms;host=127.0.0.1;charset=utf8
[ sql ] [ SQL ] SHOW COLUMNS FROM `user` [ RunTime:0.001169s ]
[ sql ] [ SQL ] SELECT * FROM `user` WHERE  `cookie_username` = 'ca19e6e9a36a6689fe5f169f484f4086' LIMIT 1 [ RunTime:0.000546s ]
[ sql ] [ SQL ] SHOW COLUMNS FROM `auth` [ RunTime:0.000934s ]
[ sql ] [ SQL ] SELECT * FROM `auth` WHERE  `uid` = 1 LIMIT 1 [ RunTime:0.000439s ]
[ sql ] [ SQL ] SHOW COLUMNS FROM `inventory` [ RunTime:0.000733s ]
[ sql ] [ SQL ] SELECT DISTINCT  `stuff_id` FROM `inventory` [ RunTime:0.000447s ]
---------------------------------------------------------------
[ 2017-11-25T12:52:18+08:00 ] ::1 ::1 GET /ctt-ms-server/StuffInventory/inventory
[ info ] localhost/ctt-ms-server/StuffInventory/inventory [运行时间：0.040247s][吞吐率：24.85req/s] [内存消耗：3,844.16kb] [文件加载：58]
[ info ] [ LANG ] E:\code\php\CTT-MS-server\thinkphp\lang\zh-cn.php
[ info ] [ ROUTE ] array (
  'type' => 'module',
  'module' => 
  array (
    0 => 'index',
    1 => 'StuffInventory',
    2 => 'inventory',
  ),
  'convert' => false,
)
[ info ] [ HEADER ] array (
  'host' => 'localhost',
  'connection' => 'keep-alive',
  'cache-control' => 'max-age=0',
  'user-agent' => 'Mozilla/5.0 (Windows NT 10.0; Win64; x64) AppleWebKit/537.36 (KHTML, like Gecko) Chrome/62.0.3202.94 Safari/537.36',
  'upgrade-insecure-requests' => '1',
  'accept' => 'text/html,application/xhtml+xml,application/xml;q=0.9,image/webp,image/apng,*/*;q=0.8',
  'accept-encoding' => 'gzip, deflate, br',
  'accept-language' => 'zh-CN,zh;q=0.9',
  'cookie' => 'sessionid=ju6w82dp7v5kfniqmkqyz8oyr95hoi84; pgv_pvi=4484905984; csrftoken=hP2kz6A2TThNEpfhLAqDRyRBIL6N1BjynFRQQe1Pbmw1jSePrYpG4BFXC6lWgmlw; _ga=GA1.1.203632370.1510848144; PHPSESSID=4h72fhrra3fbapbcgg5n0btu50; username=ca19e6e9a36a6689fe5f169f484f4086',
)
[ info ] [ PARAM ] array (
)
[ info ] [ DB ] INIT mysql
[ info ] [ RUN ] app\index\controller\StuffInventory->inventory[ E:\code\php\CTT-MS-server\application\index\controller\StuffInventory.php ]
[ info ] [ LOG ] INIT File
[ sql ] [ DB ] CONNECT:[ UseTime:0.001048s ] mysql:dbname=ctt-ms;host=127.0.0.1;charset=utf8
[ sql ] [ SQL ] SHOW COLUMNS FROM `user` [ RunTime:0.000962s ]
[ sql ] [ SQL ] SELECT * FROM `user` WHERE  `cookie_username` = 'ca19e6e9a36a6689fe5f169f484f4086' LIMIT 1 [ RunTime:0.000462s ]
[ sql ] [ SQL ] SHOW COLUMNS FROM `auth` [ RunTime:0.000855s ]
[ sql ] [ SQL ] SELECT * FROM `auth` WHERE  `uid` = 1 LIMIT 1 [ RunTime:0.000436s ]
[ sql ] [ SQL ] SHOW COLUMNS FROM `inventory` [ RunTime:0.000553s ]
[ sql ] [ SQL ] SELECT DISTINCT  `stuff_id` FROM `inventory` [ RunTime:0.000273s ]
---------------------------------------------------------------
[ 2017-11-25T12:57:18+08:00 ] ::1 ::1 GET /ctt-ms-server/StuffInventory/inventory
[ info ] localhost/ctt-ms-server/StuffInventory/inventory [运行时间：0.042895s][吞吐率：23.31req/s] [内存消耗：3,838.59kb] [文件加载：57]
[ info ] [ LANG ] E:\code\php\CTT-MS-server\thinkphp\lang\zh-cn.php
[ info ] [ ROUTE ] array (
  'type' => 'module',
  'module' => 
  array (
    0 => 'index',
    1 => 'StuffInventory',
    2 => 'inventory',
  ),
  'convert' => false,
)
[ info ] [ HEADER ] array (
  'host' => 'localhost',
  'connection' => 'keep-alive',
  'cache-control' => 'max-age=0',
  'user-agent' => 'Mozilla/5.0 (Windows NT 10.0; Win64; x64) AppleWebKit/537.36 (KHTML, like Gecko) Chrome/62.0.3202.94 Safari/537.36',
  'upgrade-insecure-requests' => '1',
  'accept' => 'text/html,application/xhtml+xml,application/xml;q=0.9,image/webp,image/apng,*/*;q=0.8',
  'accept-encoding' => 'gzip, deflate, br',
  'accept-language' => 'zh-CN,zh;q=0.9',
  'cookie' => 'sessionid=ju6w82dp7v5kfniqmkqyz8oyr95hoi84; pgv_pvi=4484905984; csrftoken=hP2kz6A2TThNEpfhLAqDRyRBIL6N1BjynFRQQe1Pbmw1jSePrYpG4BFXC6lWgmlw; _ga=GA1.1.203632370.1510848144; PHPSESSID=4h72fhrra3fbapbcgg5n0btu50; username=ca19e6e9a36a6689fe5f169f484f4086',
)
[ info ] [ PARAM ] array (
)
[ info ] [ DB ] INIT mysql
[ info ] [ RUN ] app\index\controller\StuffInventory->inventory[ E:\code\php\CTT-MS-server\application\index\controller\StuffInventory.php ]
[ info ] [ LOG ] INIT File
[ sql ] [ DB ] CONNECT:[ UseTime:0.001409s ] mysql:dbname=ctt-ms;host=127.0.0.1;charset=utf8
[ sql ] [ SQL ] SHOW COLUMNS FROM `user` [ RunTime:0.001266s ]
[ sql ] [ SQL ] SELECT * FROM `user` WHERE  `cookie_username` = 'ca19e6e9a36a6689fe5f169f484f4086' LIMIT 1 [ RunTime:0.000695s ]
[ sql ] [ SQL ] SHOW COLUMNS FROM `auth` [ RunTime:0.000867s ]
[ sql ] [ SQL ] SELECT * FROM `auth` WHERE  `uid` = 1 LIMIT 1 [ RunTime:0.000443s ]
[ sql ] [ SQL ] SHOW COLUMNS FROM `inventory` [ RunTime:0.000859s ]
[ sql ] [ SQL ] SELECT DISTINCT  `stuff_id` FROM `inventory` [ RunTime:0.000384s ]
---------------------------------------------------------------
[ 2017-11-25T12:57:39+08:00 ] ::1 ::1 POST /CTT-MS-server/login
[ info ] localhost/CTT-MS-server/login [运行时间：0.057828s][吞吐率：17.29req/s] [内存消耗：3,443.87kb] [文件加载：53]
[ info ] [ LANG ] E:\code\php\CTT-MS-server\thinkphp\lang\zh-cn.php
[ info ] [ ROUTE ] array (
  'type' => 'module',
  'module' => 
  array (
    0 => 'index',
    1 => 'Auth',
    2 => 'login',
  ),
  'convert' => false,
)
[ info ] [ HEADER ] array (
  'host' => 'localhost',
  'connection' => 'keep-alive',
  'content-length' => '28',
  'accept' => '*/*',
  'origin' => 'http://localhost',
  'user-agent' => 'Mozilla/5.0 (Windows NT 10.0; Win64; x64) AppleWebKit/537.36 (KHTML, like Gecko) Chrome/62.0.3202.94 Safari/537.36',
  'content-type' => 'application/x-www-form-urlencoded; charset=UTF-8',
  'referer' => 'http://localhost/ctt-ms/login.html',
  'accept-encoding' => 'gzip, deflate, br',
  'accept-language' => 'zh-CN,zh;q=0.9',
  'cookie' => 'sessionid=ju6w82dp7v5kfniqmkqyz8oyr95hoi84; pgv_pvi=4484905984; csrftoken=hP2kz6A2TThNEpfhLAqDRyRBIL6N1BjynFRQQe1Pbmw1jSePrYpG4BFXC6lWgmlw; _ga=GA1.1.203632370.1510848144; PHPSESSID=4h72fhrra3fbapbcgg5n0btu50; username=ca19e6e9a36a6689fe5f169f484f4086',
)
[ info ] [ PARAM ] array (
  'username' => '001',
  'password' => '123456',
)
[ info ] [ RUN ] app\index\controller\Auth->login[ E:\code\php\CTT-MS-server\application\index\controller\Auth.php ]
[ info ] [ DB ] INIT mysql
[ info ] [ SESSION ] INIT array (
  'id' => '',
  'var_session_id' => '',
  'prefix' => 'think',
  'type' => '',
  'auto_start' => true,
)
[ info ] [ LOG ] INIT File
[ sql ] [ DB ] CONNECT:[ UseTime:0.001070s ] mysql:dbname=ctt-ms;host=127.0.0.1;charset=utf8
[ sql ] [ SQL ] SHOW COLUMNS FROM `user` [ RunTime:0.001104s ]
[ sql ] [ SQL ] SELECT * FROM `user` WHERE  `username` = '001' LIMIT 1 [ RunTime:0.000542s ]
[ sql ] [ SQL ] UPDATE `user`  SET `cookie_username`='f80ea8335f8950a910efc32732180e9c'  WHERE  `username` = '001' [ RunTime:0.000606s ]
[ sql ] [ SQL ] UPDATE `user`  SET `last_login_time`='2017-11-25 12:57:39'  WHERE  `username` = '001' [ RunTime:0.000380s ]
[ sql ] [ SQL ] UPDATE `user`  SET `last_logout_time`='2017-11-25 12:57:39'  WHERE  `username` = '001' [ RunTime:0.000524s ]
---------------------------------------------------------------
[ 2017-11-25T12:57:39+08:00 ] ::1 ::1 POST /CTT-MS-server/checkauth
[ info ] localhost/CTT-MS-server/checkauth [运行时间：0.061664s][吞吐率：16.22req/s] [内存消耗：3,848.43kb] [文件加载：55]
[ info ] [ LANG ] E:\code\php\CTT-MS-server\thinkphp\lang\zh-cn.php
[ info ] [ ROUTE ] array (
  'type' => 'module',
  'module' => 
  array (
    0 => 'index',
    1 => 'Auth',
    2 => 'checkAuth',
  ),
  'convert' => false,
)
[ info ] [ HEADER ] array (
  'host' => 'localhost',
  'connection' => 'keep-alive',
  'content-length' => '39',
  'accept' => 'application/json, text/javascript, */*; q=0.01',
  'origin' => 'http://localhost',
  'x-requested-with' => 'XMLHttpRequest',
  'user-agent' => 'Mozilla/5.0 (Windows NT 10.0; Win64; x64) AppleWebKit/537.36 (KHTML, like Gecko) Chrome/62.0.3202.94 Safari/537.36',
  'content-type' => 'application/x-www-form-urlencoded; charset=UTF-8',
  'referer' => 'http://localhost/ctt-ms/main.html',
  'accept-encoding' => 'gzip, deflate, br',
  'accept-language' => 'zh-CN,zh;q=0.9',
  'cookie' => 'sessionid=ju6w82dp7v5kfniqmkqyz8oyr95hoi84; pgv_pvi=4484905984; csrftoken=hP2kz6A2TThNEpfhLAqDRyRBIL6N1BjynFRQQe1Pbmw1jSePrYpG4BFXC6lWgmlw; _ga=GA1.1.203632370.1510848144; PHPSESSID=4h72fhrra3fbapbcgg5n0btu50; username=f80ea8335f8950a910efc32732180e9c',
)
[ info ] [ PARAM ] array (
  'cookie' => 'f80ea8335f8950a910efc32732180e9c',
)
[ info ] [ RUN ] app\index\controller\Auth->checkAuth[ E:\code\php\CTT-MS-server\application\index\controller\Auth.php ]
[ info ] [ DB ] INIT mysql
[ info ] [ LOG ] INIT File
[ sql ] [ DB ] CONNECT:[ UseTime:0.001097s ] mysql:dbname=ctt-ms;host=127.0.0.1;charset=utf8
[ sql ] [ SQL ] SHOW COLUMNS FROM `user` [ RunTime:0.007598s ]
[ sql ] [ SQL ] SELECT * FROM `user` WHERE  `cookie_username` = 'f80ea8335f8950a910efc32732180e9c' LIMIT 1 [ RunTime:0.000525s ]
[ sql ] [ SQL ] SHOW COLUMNS FROM `auth` [ RunTime:0.000922s ]
[ sql ] [ SQL ] SELECT * FROM `auth` WHERE  `uid` = 1 LIMIT 1 [ RunTime:0.000443s ]
---------------------------------------------------------------
[ 2017-11-25T12:57:44+08:00 ] ::1 ::1 POST /CTT-MS-server/userstorehousequery
[ info ] localhost/CTT-MS-server/userstorehousequery [运行时间：0.155828s][吞吐率：6.42req/s] [内存消耗：3,848.40kb] [文件加载：56]
[ info ] [ LANG ] E:\code\php\CTT-MS-server\thinkphp\lang\zh-cn.php
[ info ] [ ROUTE ] array (
  'type' => 'module',
  'module' => 
  array (
    0 => 'index',
    1 => 'Query',
    2 => 'userStorehouse',
  ),
  'convert' => false,
)
[ info ] [ HEADER ] array (
  'host' => 'localhost',
  'connection' => 'keep-alive',
  'content-length' => '39',
  'accept' => '*/*',
  'origin' => 'http://localhost',
  'user-agent' => 'Mozilla/5.0 (Windows NT 10.0; Win64; x64) AppleWebKit/537.36 (KHTML, like Gecko) Chrome/62.0.3202.94 Safari/537.36',
  'content-type' => 'application/x-www-form-urlencoded; charset=UTF-8',
  'referer' => 'http://localhost/ctt-ms/stuff_in.html',
  'accept-encoding' => 'gzip, deflate, br',
  'accept-language' => 'zh-CN,zh;q=0.9',
  'cookie' => 'sessionid=ju6w82dp7v5kfniqmkqyz8oyr95hoi84; pgv_pvi=4484905984; csrftoken=hP2kz6A2TThNEpfhLAqDRyRBIL6N1BjynFRQQe1Pbmw1jSePrYpG4BFXC6lWgmlw; _ga=GA1.1.203632370.1510848144; PHPSESSID=4h72fhrra3fbapbcgg5n0btu50; username=f80ea8335f8950a910efc32732180e9c',
)
[ info ] [ PARAM ] array (
  'cookie' => 'f80ea8335f8950a910efc32732180e9c',
)
[ info ] [ DB ] INIT mysql
[ info ] [ RUN ] app\index\controller\Query->userStorehouse[ E:\code\php\CTT-MS-server\application\index\controller\Query.php ]
[ info ] [ LOG ] INIT File
[ sql ] [ DB ] CONNECT:[ UseTime:0.000923s ] mysql:dbname=ctt-ms;host=127.0.0.1;charset=utf8
[ sql ] [ SQL ] SHOW COLUMNS FROM `user` [ RunTime:0.001400s ]
[ sql ] [ SQL ] SELECT * FROM `user` WHERE  `cookie_username` = 'f80ea8335f8950a910efc32732180e9c' LIMIT 1 [ RunTime:0.000563s ]
[ sql ] [ SQL ] SHOW COLUMNS FROM `auth` [ RunTime:0.001041s ]
[ sql ] [ SQL ] SELECT * FROM `auth` WHERE  `uid` = 1 LIMIT 1 [ RunTime:0.000560s ]
[ sql ] [ SQL ] SELECT * FROM `user` WHERE  `cookie_username` = 'f80ea8335f8950a910efc32732180e9c' LIMIT 1 [ RunTime:0.000609s ]
---------------------------------------------------------------
[ 2017-11-25T12:57:44+08:00 ] ::1 ::1 POST /CTT-MS-server/manufacturerquery
[ info ] localhost/CTT-MS-server/manufacturerquery [运行时间：0.168514s][吞吐率：5.93req/s] [内存消耗：3,839.24kb] [文件加载：56]
[ info ] [ LANG ] E:\code\php\CTT-MS-server\thinkphp\lang\zh-cn.php
[ info ] [ ROUTE ] array (
  'type' => 'module',
  'module' => 
  array (
    0 => 'index',
    1 => 'Query',
    2 => 'manufacturer',
  ),
  'convert' => false,
)
[ info ] [ HEADER ] array (
  'host' => 'localhost',
  'connection' => 'keep-alive',
  'content-length' => '39',
  'accept' => '*/*',
  'origin' => 'http://localhost',
  'user-agent' => 'Mozilla/5.0 (Windows NT 10.0; Win64; x64) AppleWebKit/537.36 (KHTML, like Gecko) Chrome/62.0.3202.94 Safari/537.36',
  'content-type' => 'application/x-www-form-urlencoded; charset=UTF-8',
  'referer' => 'http://localhost/ctt-ms/stuff_in.html',
  'accept-encoding' => 'gzip, deflate, br',
  'accept-language' => 'zh-CN,zh;q=0.9',
  'cookie' => 'sessionid=ju6w82dp7v5kfniqmkqyz8oyr95hoi84; pgv_pvi=4484905984; csrftoken=hP2kz6A2TThNEpfhLAqDRyRBIL6N1BjynFRQQe1Pbmw1jSePrYpG4BFXC6lWgmlw; _ga=GA1.1.203632370.1510848144; PHPSESSID=4h72fhrra3fbapbcgg5n0btu50; username=f80ea8335f8950a910efc32732180e9c',
)
[ info ] [ PARAM ] array (
  'cookie' => 'f80ea8335f8950a910efc32732180e9c',
)
[ info ] [ DB ] INIT mysql
[ info ] [ RUN ] app\index\controller\Query->manufacturer[ E:\code\php\CTT-MS-server\application\index\controller\Query.php ]
[ info ] [ LOG ] INIT File
[ sql ] [ DB ] CONNECT:[ UseTime:0.000710s ] mysql:dbname=ctt-ms;host=127.0.0.1;charset=utf8
[ sql ] [ SQL ] SHOW COLUMNS FROM `user` [ RunTime:0.001211s ]
[ sql ] [ SQL ] SELECT * FROM `user` WHERE  `cookie_username` = 'f80ea8335f8950a910efc32732180e9c' LIMIT 1 [ RunTime:0.000440s ]
[ sql ] [ SQL ] SHOW COLUMNS FROM `auth` [ RunTime:0.000579s ]
[ sql ] [ SQL ] SELECT * FROM `auth` WHERE  `uid` = 1 LIMIT 1 [ RunTime:0.000622s ]
[ sql ] [ SQL ] SHOW COLUMNS FROM `manufacturer` [ RunTime:0.009543s ]
[ sql ] [ SQL ] SELECT `manufacturer` FROM `manufacturer` [ RunTime:0.000517s ]
---------------------------------------------------------------
[ 2017-11-25T12:57:44+08:00 ] ::1 ::1 POST /CTT-MS-server/categoryquery
[ info ] localhost/CTT-MS-server/categoryquery [运行时间：0.181539s][吞吐率：5.51req/s] [内存消耗：3,839.27kb] [文件加载：56]
[ info ] [ LANG ] E:\code\php\CTT-MS-server\thinkphp\lang\zh-cn.php
[ info ] [ ROUTE ] array (
  'type' => 'module',
  'module' => 
  array (
    0 => 'index',
    1 => 'Query',
    2 => 'category',
  ),
  'convert' => false,
)
[ info ] [ HEADER ] array (
  'host' => 'localhost',
  'connection' => 'keep-alive',
  'content-length' => '39',
  'accept' => '*/*',
  'origin' => 'http://localhost',
  'user-agent' => 'Mozilla/5.0 (Windows NT 10.0; Win64; x64) AppleWebKit/537.36 (KHTML, like Gecko) Chrome/62.0.3202.94 Safari/537.36',
  'content-type' => 'application/x-www-form-urlencoded; charset=UTF-8',
  'referer' => 'http://localhost/ctt-ms/stuff_in.html',
  'accept-encoding' => 'gzip, deflate, br',
  'accept-language' => 'zh-CN,zh;q=0.9',
  'cookie' => 'sessionid=ju6w82dp7v5kfniqmkqyz8oyr95hoi84; pgv_pvi=4484905984; csrftoken=hP2kz6A2TThNEpfhLAqDRyRBIL6N1BjynFRQQe1Pbmw1jSePrYpG4BFXC6lWgmlw; _ga=GA1.1.203632370.1510848144; PHPSESSID=4h72fhrra3fbapbcgg5n0btu50; username=f80ea8335f8950a910efc32732180e9c',
)
[ info ] [ PARAM ] array (
  'cookie' => 'f80ea8335f8950a910efc32732180e9c',
)
[ info ] [ DB ] INIT mysql
[ info ] [ RUN ] app\index\controller\Query->category[ E:\code\php\CTT-MS-server\application\index\controller\Query.php ]
[ info ] [ LOG ] INIT File
[ sql ] [ DB ] CONNECT:[ UseTime:0.001187s ] mysql:dbname=ctt-ms;host=127.0.0.1;charset=utf8
[ sql ] [ SQL ] SHOW COLUMNS FROM `user` [ RunTime:0.000870s ]
[ sql ] [ SQL ] SELECT * FROM `user` WHERE  `cookie_username` = 'f80ea8335f8950a910efc32732180e9c' LIMIT 1 [ RunTime:0.000523s ]
[ sql ] [ SQL ] SHOW COLUMNS FROM `auth` [ RunTime:0.000809s ]
[ sql ] [ SQL ] SELECT * FROM `auth` WHERE  `uid` = 1 LIMIT 1 [ RunTime:0.000559s ]
[ sql ] [ SQL ] SHOW COLUMNS FROM `category` [ RunTime:0.010913s ]
[ sql ] [ SQL ] SELECT `category_name` FROM `category` [ RunTime:0.000197s ]
---------------------------------------------------------------
[ 2017-11-25T12:57:46+08:00 ] ::1 ::1 POST /CTT-MS-server/stuffwithidquery
[ info ] localhost/CTT-MS-server/stuffwithidquery [运行时间：0.062902s][吞吐率：15.90req/s] [内存消耗：3,842.13kb] [文件加载：56]
[ info ] [ LANG ] E:\code\php\CTT-MS-server\thinkphp\lang\zh-cn.php
[ info ] [ ROUTE ] array (
  'type' => 'module',
  'module' => 
  array (
    0 => 'index',
    1 => 'Query',
    2 => 'stuffWithId',
  ),
  'convert' => false,
)
[ info ] [ HEADER ] array (
  'host' => 'localhost',
  'connection' => 'keep-alive',
  'content-length' => '66',
  'accept' => '*/*',
  'origin' => 'http://localhost',
  'user-agent' => 'Mozilla/5.0 (Windows NT 10.0; Win64; x64) AppleWebKit/537.36 (KHTML, like Gecko) Chrome/62.0.3202.94 Safari/537.36',
  'content-type' => 'application/x-www-form-urlencoded; charset=UTF-8',
  'referer' => 'http://localhost/ctt-ms/stuff_in.html',
  'accept-encoding' => 'gzip, deflate, br',
  'accept-language' => 'zh-CN,zh;q=0.9',
  'cookie' => 'sessionid=ju6w82dp7v5kfniqmkqyz8oyr95hoi84; pgv_pvi=4484905984; csrftoken=hP2kz6A2TThNEpfhLAqDRyRBIL6N1BjynFRQQe1Pbmw1jSePrYpG4BFXC6lWgmlw; _ga=GA1.1.203632370.1510848144; PHPSESSID=4h72fhrra3fbapbcgg5n0btu50; username=f80ea8335f8950a910efc32732180e9c',
)
[ info ] [ PARAM ] array (
  'cookie' => 'f80ea8335f8950a910efc32732180e9c',
  'category_name' => '移动材料',
)
[ info ] [ DB ] INIT mysql
[ info ] [ RUN ] app\index\controller\Query->stuffWithId[ E:\code\php\CTT-MS-server\application\index\controller\Query.php ]
[ info ] [ LOG ] INIT File
[ sql ] [ DB ] CONNECT:[ UseTime:0.001031s ] mysql:dbname=ctt-ms;host=127.0.0.1;charset=utf8
[ sql ] [ SQL ] SHOW COLUMNS FROM `user` [ RunTime:0.000862s ]
[ sql ] [ SQL ] SELECT * FROM `user` WHERE  `cookie_username` = 'f80ea8335f8950a910efc32732180e9c' LIMIT 1 [ RunTime:0.000517s ]
[ sql ] [ SQL ] SHOW COLUMNS FROM `auth` [ RunTime:0.001375s ]
[ sql ] [ SQL ] SELECT * FROM `auth` WHERE  `uid` = 1 LIMIT 1 [ RunTime:0.000610s ]
[ sql ] [ SQL ] SHOW COLUMNS FROM `stuff` [ RunTime:0.001139s ]
[ sql ] [ SQL ] SELECT `stuff_name`,`id` FROM `stuff` WHERE  `category_name` = '移动材料' [ RunTime:0.000703s ]
---------------------------------------------------------------
[ 2017-11-25T12:58:00+08:00 ] ::1 ::1 POST /CTT-MS-server/stuffin
[ info ] localhost/CTT-MS-server/stuffin [运行时间：0.216785s][吞吐率：4.61req/s] [内存消耗：3,945.52kb] [文件加载：61]
[ info ] [ LANG ] E:\code\php\CTT-MS-server\thinkphp\lang\zh-cn.php
[ info ] [ ROUTE ] array (
  'type' => 'module',
  'module' => 
  array (
    0 => 'index',
    1 => 'StuffIn',
    2 => 'stuffIn',
  ),
  'convert' => false,
)
[ info ] [ HEADER ] array (
  'host' => 'localhost',
  'connection' => 'keep-alive',
  'content-length' => '190',
  'accept' => '*/*',
  'origin' => 'http://localhost',
  'user-agent' => 'Mozilla/5.0 (Windows NT 10.0; Win64; x64) AppleWebKit/537.36 (KHTML, like Gecko) Chrome/62.0.3202.94 Safari/537.36',
  'content-type' => 'application/x-www-form-urlencoded; charset=UTF-8',
  'referer' => 'http://localhost/ctt-ms/stuff_in.html',
  'accept-encoding' => 'gzip, deflate, br',
  'accept-language' => 'zh-CN,zh;q=0.9',
  'cookie' => 'sessionid=ju6w82dp7v5kfniqmkqyz8oyr95hoi84; pgv_pvi=4484905984; csrftoken=hP2kz6A2TThNEpfhLAqDRyRBIL6N1BjynFRQQe1Pbmw1jSePrYpG4BFXC6lWgmlw; _ga=GA1.1.203632370.1510848144; PHPSESSID=4h72fhrra3fbapbcgg5n0btu50; username=f80ea8335f8950a910efc32732180e9c',
)
[ info ] [ PARAM ] array (
  'cookie' => 'f80ea8335f8950a910efc32732180e9c',
  'json' => '{&quot;stuff_id&quot;:1,&quot;manufacturer&quot;:&quot;咪咕&quot;,&quot;type&quot;:&quot;qwe&quot;,&quot;quantity&quot;:&quot;20&quot;,&quot;storehouse&quot;:&quot;丹棱一库&quot;,&quot;stuff_in_date&quot;:&quot;2017-11-25 12:57:44&quot;,&quot;remark&quot;:&quot;&quot;}',
)
[ info ] [ DB ] INIT mysql
[ info ] [ RUN ] app\index\controller\StuffIn->stuffIn[ E:\code\php\CTT-MS-server\application\index\controller\StuffIn.php ]
[ info ] [ LOG ] INIT File
[ sql ] [ DB ] CONNECT:[ UseTime:0.001407s ] mysql:dbname=ctt-ms;host=127.0.0.1;charset=utf8
[ sql ] [ SQL ] SHOW COLUMNS FROM `user` [ RunTime:0.000816s ]
[ sql ] [ SQL ] SELECT * FROM `user` WHERE  `cookie_username` = 'f80ea8335f8950a910efc32732180e9c' LIMIT 1 [ RunTime:0.000431s ]
[ sql ] [ SQL ] SHOW COLUMNS FROM `auth` [ RunTime:0.000660s ]
[ sql ] [ SQL ] SELECT * FROM `auth` WHERE  `uid` = 1 LIMIT 1 [ RunTime:0.000403s ]
[ sql ] [ SQL ] SHOW COLUMNS FROM `manufacturer` [ RunTime:0.001075s ]
[ sql ] [ SQL ] SELECT * FROM `manufacturer` WHERE  `manufacturer` = '咪咕' LIMIT 1 [ RunTime:0.000319s ]
[ sql ] [ SQL ] SHOW COLUMNS FROM `storehouse` [ RunTime:0.010335s ]
[ sql ] [ SQL ] SELECT * FROM `storehouse` WHERE  `name` = '丹棱一库' LIMIT 1 [ RunTime:0.000535s ]
[ sql ] [ SQL ] SELECT `storehouse` FROM `user` WHERE  `cookie_username` = 'f80ea8335f8950a910efc32732180e9c' LIMIT 1 [ RunTime:0.000316s ]
[ sql ] [ SQL ] SELECT `name` FROM `user` WHERE  `cookie_username` = 'f80ea8335f8950a910efc32732180e9c' LIMIT 1 [ RunTime:0.000345s ]
[ sql ] [ SQL ] SHOW COLUMNS FROM `stuff_in_record` [ RunTime:0.011908s ]
[ sql ] [ SQL ] INSERT INTO `stuff_in_record` (`stuff_id` , `manufacturer` , `type` , `quantity` , `storehouse` , `stuff_in_date` , `remark` , `operator`) VALUES (1 , '咪咕' , 'qwe' , 20 , '丹棱一库' , '2017-11-25 12:57:44' , '' , '超管1') [ RunTime:0.001424s ]
[ sql ] [ SQL ] SHOW COLUMNS FROM `inventory` [ RunTime:0.001245s ]
[ sql ] [ SQL ] INSERT INTO `inventory` (`stuff_id` , `manufacturer` , `type` , `quantity` , `storehouse` , `stuff_in_record_id`) VALUES (1 , '咪咕' , 'qwe' , 20 , '丹棱一库' , 3) [ RunTime:0.000764s ]
---------------------------------------------------------------
[ 2017-11-25T12:58:03+08:00 ] ::1 ::1 POST /CTT-MS-server/userstorehousequery
[ info ] localhost/CTT-MS-server/userstorehousequery [运行时间：0.070486s][吞吐率：14.19req/s] [内存消耗：3,848.41kb] [文件加载：56]
[ info ] [ LANG ] E:\code\php\CTT-MS-server\thinkphp\lang\zh-cn.php
[ info ] [ ROUTE ] array (
  'type' => 'module',
  'module' => 
  array (
    0 => 'index',
    1 => 'Query',
    2 => 'userStorehouse',
  ),
  'convert' => false,
)
[ info ] [ HEADER ] array (
  'host' => 'localhost',
  'connection' => 'keep-alive',
  'content-length' => '39',
  'accept' => '*/*',
  'origin' => 'http://localhost',
  'user-agent' => 'Mozilla/5.0 (Windows NT 10.0; Win64; x64) AppleWebKit/537.36 (KHTML, like Gecko) Chrome/62.0.3202.94 Safari/537.36',
  'content-type' => 'application/x-www-form-urlencoded; charset=UTF-8',
  'referer' => 'http://localhost/ctt-ms/stuff_check.html',
  'accept-encoding' => 'gzip, deflate, br',
  'accept-language' => 'zh-CN,zh;q=0.9',
  'cookie' => 'sessionid=ju6w82dp7v5kfniqmkqyz8oyr95hoi84; pgv_pvi=4484905984; csrftoken=hP2kz6A2TThNEpfhLAqDRyRBIL6N1BjynFRQQe1Pbmw1jSePrYpG4BFXC6lWgmlw; _ga=GA1.1.203632370.1510848144; PHPSESSID=4h72fhrra3fbapbcgg5n0btu50; username=f80ea8335f8950a910efc32732180e9c',
)
[ info ] [ PARAM ] array (
  'cookie' => 'f80ea8335f8950a910efc32732180e9c',
)
[ info ] [ DB ] INIT mysql
[ info ] [ RUN ] app\index\controller\Query->userStorehouse[ E:\code\php\CTT-MS-server\application\index\controller\Query.php ]
[ info ] [ LOG ] INIT File
[ sql ] [ DB ] CONNECT:[ UseTime:0.000942s ] mysql:dbname=ctt-ms;host=127.0.0.1;charset=utf8
[ sql ] [ SQL ] SHOW COLUMNS FROM `user` [ RunTime:0.001045s ]
[ sql ] [ SQL ] SELECT * FROM `user` WHERE  `cookie_username` = 'f80ea8335f8950a910efc32732180e9c' LIMIT 1 [ RunTime:0.000563s ]
[ sql ] [ SQL ] SHOW COLUMNS FROM `auth` [ RunTime:0.000937s ]
[ sql ] [ SQL ] SELECT * FROM `auth` WHERE  `uid` = 1 LIMIT 1 [ RunTime:0.000536s ]
[ sql ] [ SQL ] SELECT * FROM `user` WHERE  `cookie_username` = 'f80ea8335f8950a910efc32732180e9c' LIMIT 1 [ RunTime:0.000410s ]
---------------------------------------------------------------
[ 2017-11-25T12:58:03+08:00 ] ::1 ::1 POST /CTT-MS-server/stuffin/check
[ info ] localhost/CTT-MS-server/stuffin/check [运行时间：0.056613s][吞吐率：17.66req/s] [内存消耗：3,906.88kb] [文件加载：58]
[ info ] [ LANG ] E:\code\php\CTT-MS-server\thinkphp\lang\zh-cn.php
[ info ] [ ROUTE ] array (
  'type' => 'module',
  'module' => 
  array (
    0 => 'index',
    1 => 'StuffIn',
    2 => 'check',
  ),
  'convert' => false,
)
[ info ] [ HEADER ] array (
  'host' => 'localhost',
  'connection' => 'keep-alive',
  'content-length' => '102',
  'accept' => 'application/json, text/javascript, */*; q=0.01',
  'origin' => 'http://localhost',
  'user-agent' => 'Mozilla/5.0 (Windows NT 10.0; Win64; x64) AppleWebKit/537.36 (KHTML, like Gecko) Chrome/62.0.3202.94 Safari/537.36',
  'content-type' => 'application/x-www-form-urlencoded; charset=UTF-8',
  'referer' => 'http://localhost/ctt-ms/stuff_check.html',
  'accept-encoding' => 'gzip, deflate, br',
  'accept-language' => 'zh-CN,zh;q=0.9',
  'cookie' => 'sessionid=ju6w82dp7v5kfniqmkqyz8oyr95hoi84; pgv_pvi=4484905984; csrftoken=hP2kz6A2TThNEpfhLAqDRyRBIL6N1BjynFRQQe1Pbmw1jSePrYpG4BFXC6lWgmlw; _ga=GA1.1.203632370.1510848144; PHPSESSID=4h72fhrra3fbapbcgg5n0btu50; username=f80ea8335f8950a910efc32732180e9c',
)
[ info ] [ PARAM ] array (
  'cookie' => 'f80ea8335f8950a910efc32732180e9c',
  'query' => '{&quot;pageinfo&quot;:{&quot;curpage&quot;:1,&quot;pageinate&quot;:10},&quot;condition&quot;:{}}',
)
[ info ] [ DB ] INIT mysql
[ info ] [ RUN ] app\index\controller\StuffIn->check[ E:\code\php\CTT-MS-server\application\index\controller\StuffIn.php ]
[ info ] [ LOG ] INIT File
[ sql ] [ DB ] CONNECT:[ UseTime:0.001142s ] mysql:dbname=ctt-ms;host=127.0.0.1;charset=utf8
[ sql ] [ SQL ] SHOW COLUMNS FROM `user` [ RunTime:0.001242s ]
[ sql ] [ SQL ] SELECT * FROM `user` WHERE  `cookie_username` = 'f80ea8335f8950a910efc32732180e9c' LIMIT 1 [ RunTime:0.000453s ]
[ sql ] [ SQL ] SHOW COLUMNS FROM `auth` [ RunTime:0.001040s ]
[ sql ] [ SQL ] SELECT * FROM `auth` WHERE  `uid` = 1 LIMIT 1 [ RunTime:0.000559s ]
[ sql ] [ SQL ] SELECT * FROM `user` WHERE  `cookie_username` = 'f80ea8335f8950a910efc32732180e9c' LIMIT 1 [ RunTime:0.000402s ]
[ sql ] [ SQL ] SHOW COLUMNS FROM `stuff_in_record` [ RunTime:0.008275s ]
[ sql ] [ SQL ] SELECT `a`.*,`b`.`stuff_name`,`b`.`unit`,`b`.`category_name` FROM `stuff_in_record` `a` INNER JOIN `stuff` `b` ON `a`.`stuff_id`=`b`.`id` WHERE  `storehouse` = '丹棱一库' ORDER BY `a`.`id` LIMIT 0,10 [ RunTime:0.002410s ]
[ sql ] [ SQL ] SELECT `a`.*,`b`.`stuff_name`,`b`.`unit`,`b`.`category_name` FROM `stuff_in_record` `a` INNER JOIN `stuff` `b` ON `a`.`stuff_id`=`b`.`id` WHERE  `storehouse` = '丹棱一库' [ RunTime:0.000521s ]
---------------------------------------------------------------
[ 2017-11-25T12:58:16+08:00 ] ::1 ::1 GET /ctt-ms-server/StuffInventory/inventory
[ info ] localhost/ctt-ms-server/StuffInventory/inventory [运行时间：0.057353s][吞吐率：17.44req/s] [内存消耗：3,838.66kb] [文件加载：57]
[ info ] [ LANG ] E:\code\php\CTT-MS-server\thinkphp\lang\zh-cn.php
[ info ] [ ROUTE ] array (
  'type' => 'module',
  'module' => 
  array (
    0 => 'index',
    1 => 'StuffInventory',
    2 => 'inventory',
  ),
  'convert' => false,
)
[ info ] [ HEADER ] array (
  'host' => 'localhost',
  'connection' => 'keep-alive',
  'cache-control' => 'max-age=0',
  'user-agent' => 'Mozilla/5.0 (Windows NT 10.0; Win64; x64) AppleWebKit/537.36 (KHTML, like Gecko) Chrome/62.0.3202.94 Safari/537.36',
  'upgrade-insecure-requests' => '1',
  'accept' => 'text/html,application/xhtml+xml,application/xml;q=0.9,image/webp,image/apng,*/*;q=0.8',
  'accept-encoding' => 'gzip, deflate, br',
  'accept-language' => 'zh-CN,zh;q=0.9',
  'cookie' => 'sessionid=ju6w82dp7v5kfniqmkqyz8oyr95hoi84; pgv_pvi=4484905984; csrftoken=hP2kz6A2TThNEpfhLAqDRyRBIL6N1BjynFRQQe1Pbmw1jSePrYpG4BFXC6lWgmlw; _ga=GA1.1.203632370.1510848144; PHPSESSID=4h72fhrra3fbapbcgg5n0btu50; username=f80ea8335f8950a910efc32732180e9c',
)
[ info ] [ PARAM ] array (
)
[ info ] [ DB ] INIT mysql
[ info ] [ RUN ] app\index\controller\StuffInventory->inventory[ E:\code\php\CTT-MS-server\application\index\controller\StuffInventory.php ]
[ info ] [ LOG ] INIT File
[ sql ] [ DB ] CONNECT:[ UseTime:0.000918s ] mysql:dbname=ctt-ms;host=127.0.0.1;charset=utf8
[ sql ] [ SQL ] SHOW COLUMNS FROM `user` [ RunTime:0.000871s ]
[ sql ] [ SQL ] SELECT * FROM `user` WHERE  `cookie_username` = 'f80ea8335f8950a910efc32732180e9c' LIMIT 1 [ RunTime:0.000532s ]
[ sql ] [ SQL ] SHOW COLUMNS FROM `auth` [ RunTime:0.000664s ]
[ sql ] [ SQL ] SELECT * FROM `auth` WHERE  `uid` = 1 LIMIT 1 [ RunTime:0.000423s ]
[ sql ] [ SQL ] SHOW COLUMNS FROM `inventory` [ RunTime:0.000596s ]
[ sql ] [ SQL ] SELECT DISTINCT  `stuff_id` FROM `inventory` [ RunTime:0.000311s ]
---------------------------------------------------------------
[ 2017-11-25T13:37:02+08:00 ] ::1 ::1 GET /ctt-ms-server/StuffInventory/inventory
[ info ] localhost/ctt-ms-server/StuffInventory/inventory [运行时间：0.208192s][吞吐率：4.80req/s] [内存消耗：3,890.85kb] [文件加载：61]
[ info ] [ LANG ] E:\code\php\CTT-MS-server\thinkphp\lang\zh-cn.php
[ info ] [ ROUTE ] array (
  'type' => 'module',
  'module' => 
  array (
    0 => 'index',
    1 => 'StuffInventory',
    2 => 'inventory',
  ),
  'convert' => false,
)
[ info ] [ HEADER ] array (
  'host' => 'localhost',
  'connection' => 'keep-alive',
  'cache-control' => 'max-age=0',
  'user-agent' => 'Mozilla/5.0 (Windows NT 10.0; Win64; x64) AppleWebKit/537.36 (KHTML, like Gecko) Chrome/62.0.3202.94 Safari/537.36',
  'upgrade-insecure-requests' => '1',
  'accept' => 'text/html,application/xhtml+xml,application/xml;q=0.9,image/webp,image/apng,*/*;q=0.8',
  'accept-encoding' => 'gzip, deflate, br',
  'accept-language' => 'zh-CN,zh;q=0.9',
  'cookie' => 'sessionid=ju6w82dp7v5kfniqmkqyz8oyr95hoi84; pgv_pvi=4484905984; csrftoken=hP2kz6A2TThNEpfhLAqDRyRBIL6N1BjynFRQQe1Pbmw1jSePrYpG4BFXC6lWgmlw; _ga=GA1.1.203632370.1510848144; PHPSESSID=4h72fhrra3fbapbcgg5n0btu50; username=f80ea8335f8950a910efc32732180e9c',
)
[ info ] [ PARAM ] array (
)
[ info ] [ DB ] INIT mysql
[ info ] [ RUN ] app\index\controller\StuffInventory->inventory[ E:\code\php\CTT-MS-server\application\index\controller\StuffInventory.php ]
[ info ] [ LOG ] INIT File
[ sql ] [ DB ] CONNECT:[ UseTime:0.010936s ] mysql:dbname=ctt-ms;host=127.0.0.1;charset=utf8
[ sql ] [ SQL ] SHOW COLUMNS FROM `user` [ RunTime:0.000973s ]
[ sql ] [ SQL ] SELECT * FROM `user` WHERE  `cookie_username` = 'f80ea8335f8950a910efc32732180e9c' LIMIT 1 [ RunTime:0.000481s ]
[ sql ] [ SQL ] SHOW COLUMNS FROM `auth` [ RunTime:0.000969s ]
[ sql ] [ SQL ] SELECT * FROM `auth` WHERE  `uid` = 1 LIMIT 1 [ RunTime:0.000412s ]
[ sql ] [ SQL ] SHOW COLUMNS FROM `inventory` [ RunTime:0.000634s ]
[ sql ] [ SQL ] SELECT DISTINCT  `stuff_id` FROM `inventory` [ RunTime:0.000320s ]
[ error ] [8]未定义数组索引: stuff_in[E:\code\php\CTT-MS-server\application\index\controller\StuffInventory.php:37]
---------------------------------------------------------------
[ 2017-11-25T13:37:24+08:00 ] ::1 ::1 GET /ctt-ms-server/StuffInventory/inventory
[ info ] localhost/ctt-ms-server/StuffInventory/inventory [运行时间：0.048103s][吞吐率：20.79req/s] [内存消耗：3,852.06kb] [文件加载：57]
[ info ] [ LANG ] E:\code\php\CTT-MS-server\thinkphp\lang\zh-cn.php
[ info ] [ ROUTE ] array (
  'type' => 'module',
  'module' => 
  array (
    0 => 'index',
    1 => 'StuffInventory',
    2 => 'inventory',
  ),
  'convert' => false,
)
[ info ] [ HEADER ] array (
  'host' => 'localhost',
  'connection' => 'keep-alive',
  'cache-control' => 'max-age=0',
  'user-agent' => 'Mozilla/5.0 (Windows NT 10.0; Win64; x64) AppleWebKit/537.36 (KHTML, like Gecko) Chrome/62.0.3202.94 Safari/537.36',
  'upgrade-insecure-requests' => '1',
  'accept' => 'text/html,application/xhtml+xml,application/xml;q=0.9,image/webp,image/apng,*/*;q=0.8',
  'accept-encoding' => 'gzip, deflate, br',
  'accept-language' => 'zh-CN,zh;q=0.9',
  'cookie' => 'sessionid=ju6w82dp7v5kfniqmkqyz8oyr95hoi84; pgv_pvi=4484905984; csrftoken=hP2kz6A2TThNEpfhLAqDRyRBIL6N1BjynFRQQe1Pbmw1jSePrYpG4BFXC6lWgmlw; _ga=GA1.1.203632370.1510848144; PHPSESSID=4h72fhrra3fbapbcgg5n0btu50; username=f80ea8335f8950a910efc32732180e9c',
)
[ info ] [ PARAM ] array (
)
[ info ] [ DB ] INIT mysql
[ info ] [ RUN ] app\index\controller\StuffInventory->inventory[ E:\code\php\CTT-MS-server\application\index\controller\StuffInventory.php ]
[ info ] [ LOG ] INIT File
[ sql ] [ DB ] CONNECT:[ UseTime:0.001137s ] mysql:dbname=ctt-ms;host=127.0.0.1;charset=utf8
[ sql ] [ SQL ] SHOW COLUMNS FROM `user` [ RunTime:0.001422s ]
[ sql ] [ SQL ] SELECT * FROM `user` WHERE  `cookie_username` = 'f80ea8335f8950a910efc32732180e9c' LIMIT 1 [ RunTime:0.000967s ]
[ sql ] [ SQL ] SHOW COLUMNS FROM `auth` [ RunTime:0.000970s ]
[ sql ] [ SQL ] SELECT * FROM `auth` WHERE  `uid` = 1 LIMIT 1 [ RunTime:0.000446s ]
[ sql ] [ SQL ] SHOW COLUMNS FROM `inventory` [ RunTime:0.000653s ]
[ sql ] [ SQL ] SELECT DISTINCT  `stuff_id` FROM `inventory` [ RunTime:0.000341s ]
[ sql ] [ SQL ] SELECT * FROM `inventory` WHERE  `stuff_id` = 3 [ RunTime:0.000349s ]
[ sql ] [ SQL ] SELECT * FROM `inventory` WHERE  `stuff_id` = 1 [ RunTime:0.000355s ]
---------------------------------------------------------------
[ 2017-11-25T13:39:22+08:00 ] ::1 ::1 GET /ctt-ms-server/StuffInventory/inventory
[ info ] localhost/ctt-ms-server/StuffInventory/inventory [运行时间：0.064692s][吞吐率：15.46req/s] [内存消耗：3,847.34kb] [文件加载：57]
[ info ] [ LANG ] E:\code\php\CTT-MS-server\thinkphp\lang\zh-cn.php
[ info ] [ ROUTE ] array (
  'type' => 'module',
  'module' => 
  array (
    0 => 'index',
    1 => 'StuffInventory',
    2 => 'inventory',
  ),
  'convert' => false,
)
[ info ] [ HEADER ] array (
  'host' => 'localhost',
  'connection' => 'keep-alive',
  'cache-control' => 'max-age=0',
  'user-agent' => 'Mozilla/5.0 (Windows NT 10.0; Win64; x64) AppleWebKit/537.36 (KHTML, like Gecko) Chrome/62.0.3202.94 Safari/537.36',
  'upgrade-insecure-requests' => '1',
  'accept' => 'text/html,application/xhtml+xml,application/xml;q=0.9,image/webp,image/apng,*/*;q=0.8',
  'accept-encoding' => 'gzip, deflate, br',
  'accept-language' => 'zh-CN,zh;q=0.9',
  'cookie' => 'sessionid=ju6w82dp7v5kfniqmkqyz8oyr95hoi84; pgv_pvi=4484905984; csrftoken=hP2kz6A2TThNEpfhLAqDRyRBIL6N1BjynFRQQe1Pbmw1jSePrYpG4BFXC6lWgmlw; _ga=GA1.1.203632370.1510848144; PHPSESSID=4h72fhrra3fbapbcgg5n0btu50; username=f80ea8335f8950a910efc32732180e9c',
)
[ info ] [ PARAM ] array (
)
[ info ] [ DB ] INIT mysql
[ info ] [ RUN ] app\index\controller\StuffInventory->inventory[ E:\code\php\CTT-MS-server\application\index\controller\StuffInventory.php ]
[ info ] [ LOG ] INIT File
[ sql ] [ DB ] CONNECT:[ UseTime:0.000941s ] mysql:dbname=ctt-ms;host=127.0.0.1;charset=utf8
[ sql ] [ SQL ] SHOW COLUMNS FROM `user` [ RunTime:0.001080s ]
[ sql ] [ SQL ] SELECT * FROM `user` WHERE  `cookie_username` = 'f80ea8335f8950a910efc32732180e9c' LIMIT 1 [ RunTime:0.000466s ]
[ sql ] [ SQL ] SHOW COLUMNS FROM `auth` [ RunTime:0.000997s ]
[ sql ] [ SQL ] SELECT * FROM `auth` WHERE  `uid` = 1 LIMIT 1 [ RunTime:0.000476s ]
[ sql ] [ SQL ] SHOW COLUMNS FROM `inventory` [ RunTime:0.001066s ]
[ sql ] [ SQL ] SELECT DISTINCT  `stuff_id` FROM `inventory` [ RunTime:0.000373s ]
[ sql ] [ SQL ] SELECT `id` FROM `inventory` WHERE  `stuff_id` = 3 [ RunTime:0.000311s ]
[ sql ] [ SQL ] SELECT `id` FROM `inventory` WHERE  `stuff_id` = 1 [ RunTime:0.000260s ]
---------------------------------------------------------------
[ 2017-11-25T13:39:23+08:00 ] ::1 ::1 GET /ctt-ms-server/StuffInventory/inventory
[ info ] localhost/ctt-ms-server/StuffInventory/inventory [运行时间：0.046524s][吞吐率：21.49req/s] [内存消耗：3,847.34kb] [文件加载：57]
[ info ] [ LANG ] E:\code\php\CTT-MS-server\thinkphp\lang\zh-cn.php
[ info ] [ ROUTE ] array (
  'type' => 'module',
  'module' => 
  array (
    0 => 'index',
    1 => 'StuffInventory',
    2 => 'inventory',
  ),
  'convert' => false,
)
[ info ] [ HEADER ] array (
  'host' => 'localhost',
  'connection' => 'keep-alive',
  'cache-control' => 'max-age=0',
  'user-agent' => 'Mozilla/5.0 (Windows NT 10.0; Win64; x64) AppleWebKit/537.36 (KHTML, like Gecko) Chrome/62.0.3202.94 Safari/537.36',
  'upgrade-insecure-requests' => '1',
  'accept' => 'text/html,application/xhtml+xml,application/xml;q=0.9,image/webp,image/apng,*/*;q=0.8',
  'accept-encoding' => 'gzip, deflate, br',
  'accept-language' => 'zh-CN,zh;q=0.9',
  'cookie' => 'sessionid=ju6w82dp7v5kfniqmkqyz8oyr95hoi84; pgv_pvi=4484905984; csrftoken=hP2kz6A2TThNEpfhLAqDRyRBIL6N1BjynFRQQe1Pbmw1jSePrYpG4BFXC6lWgmlw; _ga=GA1.1.203632370.1510848144; PHPSESSID=4h72fhrra3fbapbcgg5n0btu50; username=f80ea8335f8950a910efc32732180e9c',
)
[ info ] [ PARAM ] array (
)
[ info ] [ DB ] INIT mysql
[ info ] [ RUN ] app\index\controller\StuffInventory->inventory[ E:\code\php\CTT-MS-server\application\index\controller\StuffInventory.php ]
[ info ] [ LOG ] INIT File
[ sql ] [ DB ] CONNECT:[ UseTime:0.000987s ] mysql:dbname=ctt-ms;host=127.0.0.1;charset=utf8
[ sql ] [ SQL ] SHOW COLUMNS FROM `user` [ RunTime:0.001003s ]
[ sql ] [ SQL ] SELECT * FROM `user` WHERE  `cookie_username` = 'f80ea8335f8950a910efc32732180e9c' LIMIT 1 [ RunTime:0.000581s ]
[ sql ] [ SQL ] SHOW COLUMNS FROM `auth` [ RunTime:0.000853s ]
[ sql ] [ SQL ] SELECT * FROM `auth` WHERE  `uid` = 1 LIMIT 1 [ RunTime:0.000335s ]
[ sql ] [ SQL ] SHOW COLUMNS FROM `inventory` [ RunTime:0.000617s ]
[ sql ] [ SQL ] SELECT DISTINCT  `stuff_id` FROM `inventory` [ RunTime:0.000298s ]
[ sql ] [ SQL ] SELECT `id` FROM `inventory` WHERE  `stuff_id` = 3 [ RunTime:0.000238s ]
[ sql ] [ SQL ] SELECT `id` FROM `inventory` WHERE  `stuff_id` = 1 [ RunTime:0.000245s ]
---------------------------------------------------------------
[ 2017-11-25T13:41:36+08:00 ] ::1 ::1 GET /ctt-ms-server/StuffInventory/inventory
[ info ] localhost/ctt-ms-server/StuffInventory/inventory [运行时间：0.047131s][吞吐率：21.22req/s] [内存消耗：3,847.43kb] [文件加载：57]
[ info ] [ LANG ] E:\code\php\CTT-MS-server\thinkphp\lang\zh-cn.php
[ info ] [ ROUTE ] array (
  'type' => 'module',
  'module' => 
  array (
    0 => 'index',
    1 => 'StuffInventory',
    2 => 'inventory',
  ),
  'convert' => false,
)
[ info ] [ HEADER ] array (
  'host' => 'localhost',
  'connection' => 'keep-alive',
  'cache-control' => 'max-age=0',
  'user-agent' => 'Mozilla/5.0 (Windows NT 10.0; Win64; x64) AppleWebKit/537.36 (KHTML, like Gecko) Chrome/62.0.3202.94 Safari/537.36',
  'upgrade-insecure-requests' => '1',
  'accept' => 'text/html,application/xhtml+xml,application/xml;q=0.9,image/webp,image/apng,*/*;q=0.8',
  'accept-encoding' => 'gzip, deflate, br',
  'accept-language' => 'zh-CN,zh;q=0.9',
  'cookie' => 'sessionid=ju6w82dp7v5kfniqmkqyz8oyr95hoi84; pgv_pvi=4484905984; csrftoken=hP2kz6A2TThNEpfhLAqDRyRBIL6N1BjynFRQQe1Pbmw1jSePrYpG4BFXC6lWgmlw; _ga=GA1.1.203632370.1510848144; PHPSESSID=4h72fhrra3fbapbcgg5n0btu50; username=f80ea8335f8950a910efc32732180e9c',
)
[ info ] [ PARAM ] array (
)
[ info ] [ DB ] INIT mysql
[ info ] [ RUN ] app\index\controller\StuffInventory->inventory[ E:\code\php\CTT-MS-server\application\index\controller\StuffInventory.php ]
[ info ] [ LOG ] INIT File
[ sql ] [ DB ] CONNECT:[ UseTime:0.001041s ] mysql:dbname=ctt-ms;host=127.0.0.1;charset=utf8
[ sql ] [ SQL ] SHOW COLUMNS FROM `user` [ RunTime:0.001305s ]
[ sql ] [ SQL ] SELECT * FROM `user` WHERE  `cookie_username` = 'f80ea8335f8950a910efc32732180e9c' LIMIT 1 [ RunTime:0.000525s ]
[ sql ] [ SQL ] SHOW COLUMNS FROM `auth` [ RunTime:0.001034s ]
[ sql ] [ SQL ] SELECT * FROM `auth` WHERE  `uid` = 1 LIMIT 1 [ RunTime:0.000500s ]
[ sql ] [ SQL ] SHOW COLUMNS FROM `inventory` [ RunTime:0.000596s ]
[ sql ] [ SQL ] SELECT DISTINCT  `stuff_id` FROM `inventory` [ RunTime:0.000324s ]
[ sql ] [ SQL ] SELECT `id` FROM `inventory` WHERE  `stuff_id` = 3 [ RunTime:0.000328s ]
[ sql ] [ SQL ] SELECT `id` FROM `inventory` WHERE  `stuff_id` = 1 [ RunTime:0.000287s ]
---------------------------------------------------------------
[ 2017-11-25T13:42:08+08:00 ] ::1 ::1 GET /ctt-ms-server/StuffInventory/inventory
[ info ] localhost/ctt-ms-server/StuffInventory/inventory [运行时间：0.051505s][吞吐率：19.42req/s] [内存消耗：3,853.00kb] [文件加载：58]
[ info ] [ LANG ] E:\code\php\CTT-MS-server\thinkphp\lang\zh-cn.php
[ info ] [ ROUTE ] array (
  'type' => 'module',
  'module' => 
  array (
    0 => 'index',
    1 => 'StuffInventory',
    2 => 'inventory',
  ),
  'convert' => false,
)
[ info ] [ HEADER ] array (
  'host' => 'localhost',
  'connection' => 'keep-alive',
  'cache-control' => 'max-age=0',
  'user-agent' => 'Mozilla/5.0 (Windows NT 10.0; Win64; x64) AppleWebKit/537.36 (KHTML, like Gecko) Chrome/62.0.3202.94 Safari/537.36',
  'upgrade-insecure-requests' => '1',
  'accept' => 'text/html,application/xhtml+xml,application/xml;q=0.9,image/webp,image/apng,*/*;q=0.8',
  'accept-encoding' => 'gzip, deflate, br',
  'accept-language' => 'zh-CN,zh;q=0.9',
  'cookie' => 'sessionid=ju6w82dp7v5kfniqmkqyz8oyr95hoi84; pgv_pvi=4484905984; csrftoken=hP2kz6A2TThNEpfhLAqDRyRBIL6N1BjynFRQQe1Pbmw1jSePrYpG4BFXC6lWgmlw; _ga=GA1.1.203632370.1510848144; PHPSESSID=4h72fhrra3fbapbcgg5n0btu50; username=f80ea8335f8950a910efc32732180e9c',
)
[ info ] [ PARAM ] array (
)
[ info ] [ DB ] INIT mysql
[ info ] [ RUN ] app\index\controller\StuffInventory->inventory[ E:\code\php\CTT-MS-server\application\index\controller\StuffInventory.php ]
[ info ] [ LOG ] INIT File
[ sql ] [ DB ] CONNECT:[ UseTime:0.001254s ] mysql:dbname=ctt-ms;host=127.0.0.1;charset=utf8
[ sql ] [ SQL ] SHOW COLUMNS FROM `user` [ RunTime:0.001034s ]
[ sql ] [ SQL ] SELECT * FROM `user` WHERE  `cookie_username` = 'f80ea8335f8950a910efc32732180e9c' LIMIT 1 [ RunTime:0.000388s ]
[ sql ] [ SQL ] SHOW COLUMNS FROM `auth` [ RunTime:0.000978s ]
[ sql ] [ SQL ] SELECT * FROM `auth` WHERE  `uid` = 1 LIMIT 1 [ RunTime:0.000537s ]
[ sql ] [ SQL ] SHOW COLUMNS FROM `inventory` [ RunTime:0.000602s ]
[ sql ] [ SQL ] SELECT DISTINCT  `stuff_id` FROM `inventory` [ RunTime:0.000333s ]
[ sql ] [ SQL ] SELECT `id` FROM `inventory` WHERE  `stuff_id` = 3 [ RunTime:0.000275s ]
[ sql ] [ SQL ] SELECT `id` FROM `inventory` WHERE  `stuff_id` = 1 [ RunTime:0.000295s ]
---------------------------------------------------------------
[ 2017-11-25T19:07:25+08:00 ] ::1 ::1 POST /CTT-MS-server/login
[ info ] localhost/CTT-MS-server/login [运行时间：0.941508s][吞吐率：1.06req/s] [内存消耗：3,443.17kb] [文件加载：53]
[ info ] [ LANG ] E:\code\php\CTT-MS-server\thinkphp\lang\zh-cn.php
[ info ] [ ROUTE ] array (
  'type' => 'module',
  'module' => 
  array (
    0 => 'index',
    1 => 'Auth',
    2 => 'login',
  ),
  'convert' => false,
)
[ info ] [ HEADER ] array (
  'host' => 'localhost',
  'connection' => 'keep-alive',
  'content-length' => '28',
  'accept' => '*/*',
  'origin' => 'http://localhost',
  'user-agent' => 'Mozilla/5.0 (Windows NT 10.0; Win64; x64) AppleWebKit/537.36 (KHTML, like Gecko) Chrome/62.0.3202.94 Safari/537.36',
  'content-type' => 'application/x-www-form-urlencoded; charset=UTF-8',
  'referer' => 'http://localhost/ctt-ms/login.html',
  'accept-encoding' => 'gzip, deflate, br',
  'accept-language' => 'zh-CN,zh;q=0.9',
  'cookie' => 'sessionid=ju6w82dp7v5kfniqmkqyz8oyr95hoi84; pgv_pvi=4484905984; csrftoken=hP2kz6A2TThNEpfhLAqDRyRBIL6N1BjynFRQQe1Pbmw1jSePrYpG4BFXC6lWgmlw; _ga=GA1.1.203632370.1510848144',
)
[ info ] [ PARAM ] array (
  'username' => '001',
  'password' => '123456',
)
[ info ] [ RUN ] app\index\controller\Auth->login[ E:\code\php\CTT-MS-server\application\index\controller\Auth.php ]
[ info ] [ DB ] INIT mysql
[ info ] [ SESSION ] INIT array (
  'id' => '',
  'var_session_id' => '',
  'prefix' => 'think',
  'type' => '',
  'auto_start' => true,
)
[ info ] [ LOG ] INIT File
[ sql ] [ DB ] CONNECT:[ UseTime:0.010970s ] mysql:dbname=ctt-ms;host=127.0.0.1;charset=utf8
[ sql ] [ SQL ] SHOW COLUMNS FROM `user` [ RunTime:0.001242s ]
[ sql ] [ SQL ] SELECT * FROM `user` WHERE  `username` = '001' LIMIT 1 [ RunTime:0.000428s ]
[ sql ] [ SQL ] UPDATE `user`  SET `cookie_username`='d13a7b653978b19945936f97e2a593b7'  WHERE  `username` = '001' [ RunTime:0.000499s ]
[ sql ] [ SQL ] UPDATE `user`  SET `last_login_time`='2017-11-25 19:07:25'  WHERE  `username` = '001' [ RunTime:0.000179s ]
[ sql ] [ SQL ] UPDATE `user`  SET `last_logout_time`='2017-11-25 19:07:25'  WHERE  `username` = '001' [ RunTime:0.000161s ]
---------------------------------------------------------------
[ 2017-11-25T19:07:25+08:00 ] ::1 ::1 POST /CTT-MS-server/checkauth
[ info ] localhost/CTT-MS-server/checkauth [运行时间：0.064833s][吞吐率：15.42req/s] [内存消耗：3,848.43kb] [文件加载：55]
[ info ] [ LANG ] E:\code\php\CTT-MS-server\thinkphp\lang\zh-cn.php
[ info ] [ ROUTE ] array (
  'type' => 'module',
  'module' => 
  array (
    0 => 'index',
    1 => 'Auth',
    2 => 'checkAuth',
  ),
  'convert' => false,
)
[ info ] [ HEADER ] array (
  'host' => 'localhost',
  'connection' => 'keep-alive',
  'content-length' => '39',
  'accept' => 'application/json, text/javascript, */*; q=0.01',
  'origin' => 'http://localhost',
  'x-requested-with' => 'XMLHttpRequest',
  'user-agent' => 'Mozilla/5.0 (Windows NT 10.0; Win64; x64) AppleWebKit/537.36 (KHTML, like Gecko) Chrome/62.0.3202.94 Safari/537.36',
  'content-type' => 'application/x-www-form-urlencoded; charset=UTF-8',
  'referer' => 'http://localhost/ctt-ms/main.html',
  'accept-encoding' => 'gzip, deflate, br',
  'accept-language' => 'zh-CN,zh;q=0.9',
  'cookie' => 'sessionid=ju6w82dp7v5kfniqmkqyz8oyr95hoi84; pgv_pvi=4484905984; csrftoken=hP2kz6A2TThNEpfhLAqDRyRBIL6N1BjynFRQQe1Pbmw1jSePrYpG4BFXC6lWgmlw; _ga=GA1.1.203632370.1510848144; PHPSESSID=mchr1rn3tejbhih6hctnl217j6; username=d13a7b653978b19945936f97e2a593b7',
)
[ info ] [ PARAM ] array (
  'cookie' => 'd13a7b653978b19945936f97e2a593b7',
)
[ info ] [ RUN ] app\index\controller\Auth->checkAuth[ E:\code\php\CTT-MS-server\application\index\controller\Auth.php ]
[ info ] [ DB ] INIT mysql
[ info ] [ LOG ] INIT File
[ sql ] [ DB ] CONNECT:[ UseTime:0.001148s ] mysql:dbname=ctt-ms;host=127.0.0.1;charset=utf8
[ sql ] [ SQL ] SHOW COLUMNS FROM `user` [ RunTime:0.007372s ]
[ sql ] [ SQL ] SELECT * FROM `user` WHERE  `cookie_username` = 'd13a7b653978b19945936f97e2a593b7' LIMIT 1 [ RunTime:0.000478s ]
[ sql ] [ SQL ] SHOW COLUMNS FROM `auth` [ RunTime:0.000976s ]
[ sql ] [ SQL ] SELECT * FROM `auth` WHERE  `uid` = 1 LIMIT 1 [ RunTime:0.000443s ]
