---------------------------------------------------------------
[ 2017-09-29T21:48:56+08:00 ] 10.2.130.178 10.2.130.178 POST /CTT-MS-server/login
[ sql ] [ DB ] CONNECT:[ UseTime:0.015296s ] mysql:dbname=ctt-ms;host=127.0.0.1;charset=utf8
[ sql ] [ SQL ] SHOW COLUMNS FROM `user` [ RunTime:0.055528s ]
[ sql ] [ SQL ] SELECT * FROM `user` WHERE  `username` = 'user1' LIMIT 1 [ RunTime:0.015317s ]
[ sql ] [ SQL ] UPDATE `user`  SET `cookie_username`='b18ea5e9a5d30fcef71156fb238d565e'  WHERE  `username` = 'user1' [ RunTime:0.016164s ]
[ sql ] [ SQL ] UPDATE `user`  SET `last_login_time`='2017-09-29 21:48:56'  WHERE  `username` = 'user1' [ RunTime:0.001138s ]
---------------------------------------------------------------
[ 2017-09-29T21:48:57+08:00 ] 10.2.130.178 10.2.130.178 POST /CTT-MS-server/checkauth
[ sql ] [ DB ] CONNECT:[ UseTime:0.001765s ] mysql:dbname=ctt-ms;host=127.0.0.1;charset=utf8
[ sql ] [ SQL ] SHOW COLUMNS FROM `user` [ RunTime:0.001243s ]
[ sql ] [ SQL ] SELECT * FROM `user` WHERE  `cookie_username` = 'b18ea5e9a5d30fcef71156fb238d565e' LIMIT 1 [ RunTime:0.000454s ]
[ error ] [0]致命错误: Call to undefined method app\index\controller\Auth::get()
---------------------------------------------------------------
[ 2017-09-29T21:49:11+08:00 ] 10.2.130.178 10.2.130.178 GET /CTT-MS-server/checkauth
[ sql ] [ DB ] CONNECT:[ UseTime:0.001606s ] mysql:dbname=ctt-ms;host=127.0.0.1;charset=utf8
[ sql ] [ SQL ] SHOW COLUMNS FROM `user` [ RunTime:0.000965s ]
[ sql ] [ SQL ] SELECT * FROM `user` WHERE  `cookie_username` = 'b18ea5e9a5d30fcef71156fb238d565e' LIMIT 1 [ RunTime:0.000560s ]
[ error ] [0]致命错误: Call to undefined method app\index\controller\Auth::get()
---------------------------------------------------------------
[ 2017-09-29T21:49:31+08:00 ] 10.2.130.178 10.2.130.178 GET /CTT-MS-server/checkauth
[ info ] 10.2.130.178/CTT-MS-server/checkauth [运行时间：0.169199s][吞吐率：5.91req/s] [内存消耗：3,346.63kb] [文件加载：55]
[ info ] [ LANG ] D:\wamp64\www\CTT-MS-server\thinkphp\lang\zh-cn.php
[ info ] [ ROUTE ] array (
  'type' => 'module',
  'module' => 
  array (
    0 => 'index',
    1 => 'Auth',
    2 => 'checkAuth',
  ),
  'convert' => false,
)
[ info ] [ HEADER ] array (
  'host' => '10.2.130.178',
  'connection' => 'keep-alive',
  'cache-control' => 'max-age=0',
  'user-agent' => 'Mozilla/5.0 (Windows NT 10.0; Win64; x64) AppleWebKit/537.36 (KHTML, like Gecko) Chrome/61.0.3163.100 Safari/537.36',
  'upgrade-insecure-requests' => '1',
  'accept' => 'text/html,application/xhtml+xml,application/xml;q=0.9,image/webp,image/apng,*/*;q=0.8',
  'accept-encoding' => 'gzip, deflate',
  'accept-language' => 'zh-CN,zh;q=0.8',
  'cookie' => 'PHPSESSID=9feu9bhm018tbtl7sb23av7o73; username=b18ea5e9a5d30fcef71156fb238d565e',
)
[ info ] [ PARAM ] array (
)
[ info ] [ RUN ] app\index\controller\Auth->checkAuth[ D:\wamp64\www\CTT-MS-server\application\index\controller\Auth.php ]
[ info ] [ DB ] INIT mysql
[ info ] [ SESSION ] INIT array (
  'id' => '',
  'var_session_id' => '',
  'prefix' => 'think',
  'type' => '',
  'auto_start' => true,
)
[ info ] [ LOG ] INIT File
[ sql ] [ DB ] CONNECT:[ UseTime:0.010723s ] mysql:dbname=ctt-ms;host=127.0.0.1;charset=utf8
[ sql ] [ SQL ] SHOW COLUMNS FROM `user` [ RunTime:0.001316s ]
[ sql ] [ SQL ] SELECT * FROM `user` WHERE  `cookie_username` = 'b18ea5e9a5d30fcef71156fb238d565e' LIMIT 1 [ RunTime:0.000593s ]
[ error ] [0]致命错误: Call to undefined method app\index\controller\Auth::get()[D:\wamp64\www\CTT-MS-server\application\index\controller\Auth.php:83]
---------------------------------------------------------------
[ 2017-09-29T21:53:27+08:00 ] 10.2.130.178 10.2.130.178 GET /CTT-MS-server/checkauth
[ info ] 10.2.130.178/CTT-MS-server/checkauth [运行时间：0.048899s][吞吐率：20.45req/s] [内存消耗：3,346.68kb] [文件加载：55]
[ info ] [ LANG ] D:\wamp64\www\CTT-MS-server\thinkphp\lang\zh-cn.php
[ info ] [ ROUTE ] array (
  'type' => 'module',
  'module' => 
  array (
    0 => 'index',
    1 => 'Auth',
    2 => 'checkAuth',
  ),
  'convert' => false,
)
[ info ] [ HEADER ] array (
  'host' => '10.2.130.178',
  'connection' => 'keep-alive',
  'cache-control' => 'max-age=0',
  'user-agent' => 'Mozilla/5.0 (Windows NT 10.0; Win64; x64) AppleWebKit/537.36 (KHTML, like Gecko) Chrome/61.0.3163.100 Safari/537.36',
  'upgrade-insecure-requests' => '1',
  'accept' => 'text/html,application/xhtml+xml,application/xml;q=0.9,image/webp,image/apng,*/*;q=0.8',
  'accept-encoding' => 'gzip, deflate',
  'accept-language' => 'zh-CN,zh;q=0.8',
  'cookie' => 'PHPSESSID=9feu9bhm018tbtl7sb23av7o73; username=b18ea5e9a5d30fcef71156fb238d565e',
)
[ info ] [ PARAM ] array (
)
[ info ] [ RUN ] app\index\controller\Auth->checkAuth[ D:\wamp64\www\CTT-MS-server\application\index\controller\Auth.php ]
[ info ] [ DB ] INIT mysql
[ info ] [ SESSION ] INIT array (
  'id' => '',
  'var_session_id' => '',
  'prefix' => 'think',
  'type' => '',
  'auto_start' => true,
)
[ info ] [ LOG ] INIT File
[ sql ] [ DB ] CONNECT:[ UseTime:0.001152s ] mysql:dbname=ctt-ms;host=127.0.0.1;charset=utf8
[ sql ] [ SQL ] SHOW COLUMNS FROM `user` [ RunTime:0.001426s ]
[ sql ] [ SQL ] SELECT * FROM `user` WHERE  `cookie_username` = 'b18ea5e9a5d30fcef71156fb238d565e' LIMIT 1 [ RunTime:0.000556s ]
[ error ] [0]致命错误: Class 'app\index\controller\app\index\model\Auth' not found[D:\wamp64\www\CTT-MS-server\application\index\controller\Auth.php:84]
---------------------------------------------------------------
[ 2017-09-29T21:54:24+08:00 ] 10.2.130.178 10.2.130.178 GET /CTT-MS-server/checkauth
[ info ] 10.2.130.178/CTT-MS-server/checkauth [运行时间：0.150853s][吞吐率：6.63req/s] [内存消耗：3,703.73kb] [文件加载：57]
[ info ] [ LANG ] D:\wamp64\www\CTT-MS-server\thinkphp\lang\zh-cn.php
[ info ] [ ROUTE ] array (
  'type' => 'module',
  'module' => 
  array (
    0 => 'index',
    1 => 'Auth',
    2 => 'checkAuth',
  ),
  'convert' => false,
)
[ info ] [ HEADER ] array (
  'host' => '10.2.130.178',
  'connection' => 'keep-alive',
  'cache-control' => 'max-age=0',
  'user-agent' => 'Mozilla/5.0 (Windows NT 10.0; Win64; x64) AppleWebKit/537.36 (KHTML, like Gecko) Chrome/61.0.3163.100 Safari/537.36',
  'upgrade-insecure-requests' => '1',
  'accept' => 'text/html,application/xhtml+xml,application/xml;q=0.9,image/webp,image/apng,*/*;q=0.8',
  'accept-encoding' => 'gzip, deflate',
  'accept-language' => 'zh-CN,zh;q=0.8',
  'cookie' => 'PHPSESSID=9feu9bhm018tbtl7sb23av7o73; username=b18ea5e9a5d30fcef71156fb238d565e',
)
[ info ] [ PARAM ] array (
)
[ info ] [ RUN ] app\index\controller\Auth->checkAuth[ D:\wamp64\www\CTT-MS-server\application\index\controller\Auth.php ]
[ info ] [ DB ] INIT mysql
[ info ] [ SESSION ] INIT array (
  'id' => '',
  'var_session_id' => '',
  'prefix' => 'think',
  'type' => '',
  'auto_start' => true,
)
[ info ] [ LOG ] INIT File
[ sql ] [ DB ] CONNECT:[ UseTime:0.001185s ] mysql:dbname=ctt-ms;host=127.0.0.1;charset=utf8
[ sql ] [ SQL ] SHOW COLUMNS FROM `user` [ RunTime:0.005902s ]
[ sql ] [ SQL ] SELECT * FROM `user` WHERE  `cookie_username` = 'b18ea5e9a5d30fcef71156fb238d565e' LIMIT 1 [ RunTime:0.000497s ]
[ sql ] [ SQL ] SHOW COLUMNS FROM `auth` [ RunTime:0.001063s ]
[ sql ] [ SQL ] SELECT * FROM `auth` LIMIT 1 [ RunTime:0.000586s ]
[ error ] [0]method not exist:think\db\Query->hiden[D:\wamp64\www\CTT-MS-server\thinkphp\library\think\db\Query.php:93]
---------------------------------------------------------------
[ 2017-09-29T21:59:23+08:00 ] 10.2.130.178 10.2.130.178 GET /CTT-MS-server/checkauth
[ info ] 10.2.130.178/CTT-MS-server/checkauth [运行时间：0.102205s][吞吐率：9.78req/s] [内存消耗：3,700.69kb] [文件加载：56]
[ info ] [ LANG ] D:\wamp64\www\CTT-MS-server\thinkphp\lang\zh-cn.php
[ info ] [ ROUTE ] array (
  'type' => 'module',
  'module' => 
  array (
    0 => 'index',
    1 => 'Auth',
    2 => 'checkAuth',
  ),
  'convert' => false,
)
[ info ] [ HEADER ] array (
  'host' => '10.2.130.178',
  'connection' => 'keep-alive',
  'cache-control' => 'max-age=0',
  'user-agent' => 'Mozilla/5.0 (Windows NT 10.0; Win64; x64) AppleWebKit/537.36 (KHTML, like Gecko) Chrome/61.0.3163.100 Safari/537.36',
  'upgrade-insecure-requests' => '1',
  'accept' => 'text/html,application/xhtml+xml,application/xml;q=0.9,image/webp,image/apng,*/*;q=0.8',
  'accept-encoding' => 'gzip, deflate',
  'accept-language' => 'zh-CN,zh;q=0.8',
  'cookie' => 'PHPSESSID=9feu9bhm018tbtl7sb23av7o73; username=b18ea5e9a5d30fcef71156fb238d565e',
)
[ info ] [ PARAM ] array (
)
[ info ] [ RUN ] app\index\controller\Auth->checkAuth[ D:\wamp64\www\CTT-MS-server\application\index\controller\Auth.php ]
[ info ] [ DB ] INIT mysql
[ info ] [ SESSION ] INIT array (
  'id' => '',
  'var_session_id' => '',
  'prefix' => 'think',
  'type' => '',
  'auto_start' => true,
)
[ info ] [ LOG ] INIT File
[ sql ] [ DB ] CONNECT:[ UseTime:0.001134s ] mysql:dbname=ctt-ms;host=127.0.0.1;charset=utf8
[ sql ] [ SQL ] SHOW COLUMNS FROM `user` [ RunTime:0.001154s ]
[ sql ] [ SQL ] SELECT * FROM `user` WHERE  `cookie_username` = 'b18ea5e9a5d30fcef71156fb238d565e' LIMIT 1 [ RunTime:0.000538s ]
[ sql ] [ SQL ] SHOW COLUMNS FROM `auth` [ RunTime:0.001282s ]
[ sql ] [ SQL ] SELECT * FROM `auth` LIMIT 1 [ RunTime:0.000571s ]
[ error ] [0]variable type error： array[D:\wamp64\www\CTT-MS-server\thinkphp\library\think\Response.php:318]
---------------------------------------------------------------
[ 2017-09-29T21:59:35+08:00 ] 10.2.130.178 10.2.130.178 GET /CTT-MS-server/checkauth
[ info ] 10.2.130.178/CTT-MS-server/checkauth [运行时间：0.050469s][吞吐率：19.81req/s] [内存消耗：3,663.72kb] [文件加载：55]
[ info ] [ LANG ] D:\wamp64\www\CTT-MS-server\thinkphp\lang\zh-cn.php
[ info ] [ ROUTE ] array (
  'type' => 'module',
  'module' => 
  array (
    0 => 'index',
    1 => 'Auth',
    2 => 'checkAuth',
  ),
  'convert' => false,
)
[ info ] [ HEADER ] array (
  'host' => '10.2.130.178',
  'connection' => 'keep-alive',
  'cache-control' => 'max-age=0',
  'user-agent' => 'Mozilla/5.0 (Windows NT 10.0; Win64; x64) AppleWebKit/537.36 (KHTML, like Gecko) Chrome/61.0.3163.100 Safari/537.36',
  'upgrade-insecure-requests' => '1',
  'accept' => 'text/html,application/xhtml+xml,application/xml;q=0.9,image/webp,image/apng,*/*;q=0.8',
  'accept-encoding' => 'gzip, deflate',
  'accept-language' => 'zh-CN,zh;q=0.8',
  'cookie' => 'PHPSESSID=9feu9bhm018tbtl7sb23av7o73; username=b18ea5e9a5d30fcef71156fb238d565e',
)
[ info ] [ PARAM ] array (
)
[ info ] [ RUN ] app\index\controller\Auth->checkAuth[ D:\wamp64\www\CTT-MS-server\application\index\controller\Auth.php ]
[ info ] [ DB ] INIT mysql
[ info ] [ SESSION ] INIT array (
  'id' => '',
  'var_session_id' => '',
  'prefix' => 'think',
  'type' => '',
  'auto_start' => true,
)
[ info ] [ LOG ] INIT File
[ sql ] [ DB ] CONNECT:[ UseTime:0.002797s ] mysql:dbname=ctt-ms;host=127.0.0.1;charset=utf8
[ sql ] [ SQL ] SHOW COLUMNS FROM `user` [ RunTime:0.001256s ]
[ sql ] [ SQL ] SELECT * FROM `user` WHERE  `cookie_username` = 'b18ea5e9a5d30fcef71156fb238d565e' LIMIT 1 [ RunTime:0.000661s ]
[ sql ] [ SQL ] SHOW COLUMNS FROM `auth` [ RunTime:0.001136s ]
[ sql ] [ SQL ] SELECT * FROM `auth` LIMIT 1 [ RunTime:0.000508s ]
---------------------------------------------------------------
[ 2017-09-29T22:00:13+08:00 ] 10.2.130.178 10.2.130.178 GET /CTT-MS-server/checkauth
[ info ] 10.2.130.178/CTT-MS-server/checkauth [运行时间：0.190028s][吞吐率：5.26req/s] [内存消耗：3,663.81kb] [文件加载：55]
[ info ] [ LANG ] D:\wamp64\www\CTT-MS-server\thinkphp\lang\zh-cn.php
[ info ] [ ROUTE ] array (
  'type' => 'module',
  'module' => 
  array (
    0 => 'index',
    1 => 'Auth',
    2 => 'checkAuth',
  ),
  'convert' => false,
)
[ info ] [ HEADER ] array (
  'host' => '10.2.130.178',
  'connection' => 'keep-alive',
  'cache-control' => 'max-age=0',
  'user-agent' => 'Mozilla/5.0 (Windows NT 10.0; Win64; x64) AppleWebKit/537.36 (KHTML, like Gecko) Chrome/61.0.3163.100 Safari/537.36',
  'upgrade-insecure-requests' => '1',
  'accept' => 'text/html,application/xhtml+xml,application/xml;q=0.9,image/webp,image/apng,*/*;q=0.8',
  'accept-encoding' => 'gzip, deflate',
  'accept-language' => 'zh-CN,zh;q=0.8',
  'cookie' => 'PHPSESSID=9feu9bhm018tbtl7sb23av7o73; username=b18ea5e9a5d30fcef71156fb238d565e',
)
[ info ] [ PARAM ] array (
)
[ info ] [ RUN ] app\index\controller\Auth->checkAuth[ D:\wamp64\www\CTT-MS-server\application\index\controller\Auth.php ]
[ info ] [ DB ] INIT mysql
[ info ] [ SESSION ] INIT array (
  'id' => '',
  'var_session_id' => '',
  'prefix' => 'think',
  'type' => '',
  'auto_start' => true,
)
[ info ] [ LOG ] INIT File
[ sql ] [ DB ] CONNECT:[ UseTime:0.001395s ] mysql:dbname=ctt-ms;host=127.0.0.1;charset=utf8
[ sql ] [ SQL ] SHOW COLUMNS FROM `user` [ RunTime:0.001522s ]
[ sql ] [ SQL ] SELECT * FROM `user` WHERE  `cookie_username` = 'b18ea5e9a5d30fcef71156fb238d565e' LIMIT 1 [ RunTime:0.000623s ]
[ sql ] [ SQL ] SHOW COLUMNS FROM `auth` [ RunTime:0.000951s ]
[ sql ] [ SQL ] SELECT * FROM `auth` LIMIT 1 [ RunTime:0.000659s ]
---------------------------------------------------------------
[ 2017-09-29T22:00:21+08:00 ] 10.2.130.178 10.2.130.178 GET /CTT-MS-server/checkauth
[ info ] 10.2.130.178/CTT-MS-server/checkauth [运行时间：0.064090s][吞吐率：15.60req/s] [内存消耗：3,658.16kb] [文件加载：54]
[ info ] [ LANG ] D:\wamp64\www\CTT-MS-server\thinkphp\lang\zh-cn.php
[ info ] [ ROUTE ] array (
  'type' => 'module',
  'module' => 
  array (
    0 => 'index',
    1 => 'Auth',
    2 => 'checkAuth',
  ),
  'convert' => false,
)
[ info ] [ HEADER ] array (
  'host' => '10.2.130.178',
  'connection' => 'keep-alive',
  'cache-control' => 'max-age=0',
  'user-agent' => 'Mozilla/5.0 (Windows NT 10.0; Win64; x64) AppleWebKit/537.36 (KHTML, like Gecko) Chrome/61.0.3163.100 Safari/537.36',
  'upgrade-insecure-requests' => '1',
  'accept' => 'text/html,application/xhtml+xml,application/xml;q=0.9,image/webp,image/apng,*/*;q=0.8',
  'accept-encoding' => 'gzip, deflate',
  'accept-language' => 'zh-CN,zh;q=0.8',
  'cookie' => 'PHPSESSID=9feu9bhm018tbtl7sb23av7o73; username=b18ea5e9a5d30fcef71156fb238d565e',
)
[ info ] [ PARAM ] array (
)
[ info ] [ RUN ] app\index\controller\Auth->checkAuth[ D:\wamp64\www\CTT-MS-server\application\index\controller\Auth.php ]
[ info ] [ DB ] INIT mysql
[ info ] [ SESSION ] INIT array (
  'id' => '',
  'var_session_id' => '',
  'prefix' => 'think',
  'type' => '',
  'auto_start' => true,
)
[ info ] [ LOG ] INIT File
[ sql ] [ DB ] CONNECT:[ UseTime:0.001149s ] mysql:dbname=ctt-ms;host=127.0.0.1;charset=utf8
[ sql ] [ SQL ] SHOW COLUMNS FROM `user` [ RunTime:0.002856s ]
[ sql ] [ SQL ] SELECT * FROM `user` WHERE  `cookie_username` = 'b18ea5e9a5d30fcef71156fb238d565e' LIMIT 1 [ RunTime:0.000797s ]
[ sql ] [ SQL ] SHOW COLUMNS FROM `auth` [ RunTime:0.000986s ]
[ sql ] [ SQL ] SELECT * FROM `auth` LIMIT 1 [ RunTime:0.000432s ]
---------------------------------------------------------------
[ 2017-09-29T22:01:48+08:00 ] 10.2.130.178 10.2.130.178 GET /CTT-MS-server/checkauth
[ info ] 10.2.130.178/CTT-MS-server/checkauth [运行时间：0.069761s][吞吐率：14.33req/s] [内存消耗：3,699.20kb] [文件加载：56]
[ info ] [ LANG ] D:\wamp64\www\CTT-MS-server\thinkphp\lang\zh-cn.php
[ info ] [ ROUTE ] array (
  'type' => 'module',
  'module' => 
  array (
    0 => 'index',
    1 => 'Auth',
    2 => 'checkAuth',
  ),
  'convert' => false,
)
[ info ] [ HEADER ] array (
  'host' => '10.2.130.178',
  'connection' => 'keep-alive',
  'cache-control' => 'max-age=0',
  'user-agent' => 'Mozilla/5.0 (Windows NT 10.0; Win64; x64) AppleWebKit/537.36 (KHTML, like Gecko) Chrome/61.0.3163.100 Safari/537.36',
  'upgrade-insecure-requests' => '1',
  'accept' => 'text/html,application/xhtml+xml,application/xml;q=0.9,image/webp,image/apng,*/*;q=0.8',
  'accept-encoding' => 'gzip, deflate',
  'accept-language' => 'zh-CN,zh;q=0.8',
  'cookie' => 'PHPSESSID=9feu9bhm018tbtl7sb23av7o73; username=b18ea5e9a5d30fcef71156fb238d565e',
)
[ info ] [ PARAM ] array (
)
[ info ] [ RUN ] app\index\controller\Auth->checkAuth[ D:\wamp64\www\CTT-MS-server\application\index\controller\Auth.php ]
[ info ] [ DB ] INIT mysql
[ info ] [ SESSION ] INIT array (
  'id' => '',
  'var_session_id' => '',
  'prefix' => 'think',
  'type' => '',
  'auto_start' => true,
)
[ info ] [ LOG ] INIT File
[ sql ] [ DB ] CONNECT:[ UseTime:0.001003s ] mysql:dbname=ctt-ms;host=127.0.0.1;charset=utf8
[ sql ] [ SQL ] SHOW COLUMNS FROM `user` [ RunTime:0.001110s ]
[ sql ] [ SQL ] SELECT * FROM `user` WHERE  `cookie_username` = 'b18ea5e9a5d30fcef71156fb238d565e' LIMIT 1 [ RunTime:0.000570s ]
[ sql ] [ SQL ] SHOW COLUMNS FROM `auth` [ RunTime:0.001504s ]
[ sql ] [ SQL ] SELECT * FROM `auth` LIMIT 1 [ RunTime:0.000512s ]
[ error ] [0]类的属性不存在:app\index\model\Auth->success[D:\wamp64\www\CTT-MS-server\thinkphp\library\think\Model.php:559]
---------------------------------------------------------------
[ 2017-09-29T22:02:43+08:00 ] 10.2.130.178 10.2.130.178 GET /CTT-MS-server/checkauth
[ info ] 10.2.130.178/CTT-MS-server/checkauth [运行时间：0.070523s][吞吐率：14.18req/s] [内存消耗：3,656.05kb] [文件加载：54]
[ info ] [ LANG ] D:\wamp64\www\CTT-MS-server\thinkphp\lang\zh-cn.php
[ info ] [ ROUTE ] array (
  'type' => 'module',
  'module' => 
  array (
    0 => 'index',
    1 => 'Auth',
    2 => 'checkAuth',
  ),
  'convert' => false,
)
[ info ] [ HEADER ] array (
  'host' => '10.2.130.178',
  'connection' => 'keep-alive',
  'cache-control' => 'max-age=0',
  'user-agent' => 'Mozilla/5.0 (Windows NT 10.0; Win64; x64) AppleWebKit/537.36 (KHTML, like Gecko) Chrome/61.0.3163.100 Safari/537.36',
  'upgrade-insecure-requests' => '1',
  'accept' => 'text/html,application/xhtml+xml,application/xml;q=0.9,image/webp,image/apng,*/*;q=0.8',
  'accept-encoding' => 'gzip, deflate',
  'accept-language' => 'zh-CN,zh;q=0.8',
  'cookie' => 'PHPSESSID=9feu9bhm018tbtl7sb23av7o73; username=b18ea5e9a5d30fcef71156fb238d565e',
)
[ info ] [ PARAM ] array (
)
[ info ] [ RUN ] app\index\controller\Auth->checkAuth[ D:\wamp64\www\CTT-MS-server\application\index\controller\Auth.php ]
[ info ] [ DB ] INIT mysql
[ info ] [ SESSION ] INIT array (
  'id' => '',
  'var_session_id' => '',
  'prefix' => 'think',
  'type' => '',
  'auto_start' => true,
)
[ info ] [ LOG ] INIT File
[ sql ] [ DB ] CONNECT:[ UseTime:0.001022s ] mysql:dbname=ctt-ms;host=127.0.0.1;charset=utf8
[ sql ] [ SQL ] SHOW COLUMNS FROM `user` [ RunTime:0.001114s ]
[ sql ] [ SQL ] SELECT * FROM `user` WHERE  `cookie_username` = 'b18ea5e9a5d30fcef71156fb238d565e' LIMIT 1 [ RunTime:0.000451s ]
[ sql ] [ SQL ] SHOW COLUMNS FROM `auth` [ RunTime:0.001161s ]
[ sql ] [ SQL ] SELECT * FROM `auth` LIMIT 1 [ RunTime:0.000535s ]
---------------------------------------------------------------
[ 2017-09-29T22:05:29+08:00 ] 10.2.130.178 10.2.130.178 GET /CTT-MS-server/checkauth
[ info ] 10.2.130.178/CTT-MS-server/checkauth [运行时间：0.100616s][吞吐率：9.94req/s] [内存消耗：3,713.20kb] [文件加载：59]
[ info ] [ LANG ] D:\wamp64\www\CTT-MS-server\thinkphp\lang\zh-cn.php
[ info ] [ ROUTE ] array (
  'type' => 'module',
  'module' => 
  array (
    0 => 'index',
    1 => 'Auth',
    2 => 'checkAuth',
  ),
  'convert' => false,
)
[ info ] [ HEADER ] array (
  'host' => '10.2.130.178',
  'connection' => 'keep-alive',
  'cache-control' => 'max-age=0',
  'user-agent' => 'Mozilla/5.0 (Windows NT 10.0; Win64; x64) AppleWebKit/537.36 (KHTML, like Gecko) Chrome/61.0.3163.100 Safari/537.36',
  'upgrade-insecure-requests' => '1',
  'accept' => 'text/html,application/xhtml+xml,application/xml;q=0.9,image/webp,image/apng,*/*;q=0.8',
  'accept-encoding' => 'gzip, deflate',
  'accept-language' => 'zh-CN,zh;q=0.8',
  'cookie' => 'PHPSESSID=9feu9bhm018tbtl7sb23av7o73; username=b18ea5e9a5d30fcef71156fb238d565e',
)
[ info ] [ PARAM ] array (
)
[ info ] [ RUN ] app\index\controller\Auth->checkAuth[ D:\wamp64\www\CTT-MS-server\application\index\controller\Auth.php ]
[ info ] [ DB ] INIT mysql
[ info ] [ SESSION ] INIT array (
  'id' => '',
  'var_session_id' => '',
  'prefix' => 'think',
  'type' => '',
  'auto_start' => true,
)
[ info ] [ LOG ] INIT File
[ sql ] [ DB ] CONNECT:[ UseTime:0.001131s ] mysql:dbname=ctt-ms;host=127.0.0.1;charset=utf8
[ sql ] [ SQL ] SHOW COLUMNS FROM `user` [ RunTime:0.001072s ]
[ sql ] [ SQL ] SELECT * FROM `user` WHERE  `cookie_username` = 'b18ea5e9a5d30fcef71156fb238d565e' LIMIT 1 [ RunTime:0.000597s ]
[ sql ] [ SQL ] SHOW COLUMNS FROM `auth` [ RunTime:0.001085s ]
[ sql ] [ SQL ] SELECT * FROM `auth` LIMIT 1 [ RunTime:0.000542s ]
[ error ] [4096]Object of class think\response\Json could not be converted to string[D:\wamp64\www\CTT-MS-server\application\index\controller\Auth.php:84]
---------------------------------------------------------------
[ 2017-09-29T22:05:44+08:00 ] 10.2.130.178 10.2.130.178 GET /CTT-MS-server/checkauth
[ info ] 10.2.130.178/CTT-MS-server/checkauth [运行时间：0.066950s][吞吐率：14.94req/s] [内存消耗：3,656.42kb] [文件加载：54]
[ info ] [ LANG ] D:\wamp64\www\CTT-MS-server\thinkphp\lang\zh-cn.php
[ info ] [ ROUTE ] array (
  'type' => 'module',
  'module' => 
  array (
    0 => 'index',
    1 => 'Auth',
    2 => 'checkAuth',
  ),
  'convert' => false,
)
[ info ] [ HEADER ] array (
  'host' => '10.2.130.178',
  'connection' => 'keep-alive',
  'cache-control' => 'max-age=0',
  'user-agent' => 'Mozilla/5.0 (Windows NT 10.0; Win64; x64) AppleWebKit/537.36 (KHTML, like Gecko) Chrome/61.0.3163.100 Safari/537.36',
  'upgrade-insecure-requests' => '1',
  'accept' => 'text/html,application/xhtml+xml,application/xml;q=0.9,image/webp,image/apng,*/*;q=0.8',
  'accept-encoding' => 'gzip, deflate',
  'accept-language' => 'zh-CN,zh;q=0.8',
  'cookie' => 'PHPSESSID=9feu9bhm018tbtl7sb23av7o73; username=b18ea5e9a5d30fcef71156fb238d565e',
)
[ info ] [ PARAM ] array (
)
[ info ] [ RUN ] app\index\controller\Auth->checkAuth[ D:\wamp64\www\CTT-MS-server\application\index\controller\Auth.php ]
[ info ] [ DB ] INIT mysql
[ info ] [ SESSION ] INIT array (
  'id' => '',
  'var_session_id' => '',
  'prefix' => 'think',
  'type' => '',
  'auto_start' => true,
)
[ info ] [ LOG ] INIT File
[ sql ] [ DB ] CONNECT:[ UseTime:0.000958s ] mysql:dbname=ctt-ms;host=127.0.0.1;charset=utf8
[ sql ] [ SQL ] SHOW COLUMNS FROM `user` [ RunTime:0.001009s ]
[ sql ] [ SQL ] SELECT * FROM `user` WHERE  `cookie_username` = 'b18ea5e9a5d30fcef71156fb238d565e' LIMIT 1 [ RunTime:0.000488s ]
[ sql ] [ SQL ] SHOW COLUMNS FROM `auth` [ RunTime:0.001172s ]
[ sql ] [ SQL ] SELECT * FROM `auth` LIMIT 1 [ RunTime:0.000553s ]
---------------------------------------------------------------
[ 2017-09-29T22:07:01+08:00 ] 10.2.130.178 10.2.130.178 GET /CTT-MS-server/checkauth
[ info ] 10.2.130.178/CTT-MS-server/checkauth [运行时间：0.060911s][吞吐率：16.42req/s] [内存消耗：3,657.85kb] [文件加载：54]
[ info ] [ LANG ] D:\wamp64\www\CTT-MS-server\thinkphp\lang\zh-cn.php
[ info ] [ ROUTE ] array (
  'type' => 'module',
  'module' => 
  array (
    0 => 'index',
    1 => 'Auth',
    2 => 'checkAuth',
  ),
  'convert' => false,
)
[ info ] [ HEADER ] array (
  'host' => '10.2.130.178',
  'connection' => 'keep-alive',
  'cache-control' => 'max-age=0',
  'user-agent' => 'Mozilla/5.0 (Windows NT 10.0; Win64; x64) AppleWebKit/537.36 (KHTML, like Gecko) Chrome/61.0.3163.100 Safari/537.36',
  'upgrade-insecure-requests' => '1',
  'accept' => 'text/html,application/xhtml+xml,application/xml;q=0.9,image/webp,image/apng,*/*;q=0.8',
  'accept-encoding' => 'gzip, deflate',
  'accept-language' => 'zh-CN,zh;q=0.8',
  'cookie' => 'PHPSESSID=9feu9bhm018tbtl7sb23av7o73; username=b18ea5e9a5d30fcef71156fb238d565e',
)
[ info ] [ PARAM ] array (
)
[ info ] [ RUN ] app\index\controller\Auth->checkAuth[ D:\wamp64\www\CTT-MS-server\application\index\controller\Auth.php ]
[ info ] [ DB ] INIT mysql
[ info ] [ SESSION ] INIT array (
  'id' => '',
  'var_session_id' => '',
  'prefix' => 'think',
  'type' => '',
  'auto_start' => true,
)
[ info ] [ LOG ] INIT File
[ sql ] [ DB ] CONNECT:[ UseTime:0.001192s ] mysql:dbname=ctt-ms;host=127.0.0.1;charset=utf8
[ sql ] [ SQL ] SHOW COLUMNS FROM `user` [ RunTime:0.001378s ]
[ sql ] [ SQL ] SELECT * FROM `user` WHERE  `cookie_username` = 'b18ea5e9a5d30fcef71156fb238d565e' LIMIT 1 [ RunTime:0.000544s ]
[ sql ] [ SQL ] SHOW COLUMNS FROM `auth` [ RunTime:0.001072s ]
[ sql ] [ SQL ] SELECT * FROM `auth` LIMIT 1 [ RunTime:0.000544s ]
---------------------------------------------------------------
[ 2017-09-29T22:07:02+08:00 ] 10.2.130.178 10.2.130.178 GET /CTT-MS-server/checkauth
[ info ] 10.2.130.178/CTT-MS-server/checkauth [运行时间：0.061298s][吞吐率：16.31req/s] [内存消耗：3,657.85kb] [文件加载：54]
[ info ] [ LANG ] D:\wamp64\www\CTT-MS-server\thinkphp\lang\zh-cn.php
[ info ] [ ROUTE ] array (
  'type' => 'module',
  'module' => 
  array (
    0 => 'index',
    1 => 'Auth',
    2 => 'checkAuth',
  ),
  'convert' => false,
)
[ info ] [ HEADER ] array (
  'host' => '10.2.130.178',
  'connection' => 'keep-alive',
  'cache-control' => 'max-age=0',
  'user-agent' => 'Mozilla/5.0 (Windows NT 10.0; Win64; x64) AppleWebKit/537.36 (KHTML, like Gecko) Chrome/61.0.3163.100 Safari/537.36',
  'upgrade-insecure-requests' => '1',
  'accept' => 'text/html,application/xhtml+xml,application/xml;q=0.9,image/webp,image/apng,*/*;q=0.8',
  'accept-encoding' => 'gzip, deflate',
  'accept-language' => 'zh-CN,zh;q=0.8',
  'cookie' => 'PHPSESSID=9feu9bhm018tbtl7sb23av7o73; username=b18ea5e9a5d30fcef71156fb238d565e',
)
[ info ] [ PARAM ] array (
)
[ info ] [ RUN ] app\index\controller\Auth->checkAuth[ D:\wamp64\www\CTT-MS-server\application\index\controller\Auth.php ]
[ info ] [ DB ] INIT mysql
[ info ] [ SESSION ] INIT array (
  'id' => '',
  'var_session_id' => '',
  'prefix' => 'think',
  'type' => '',
  'auto_start' => true,
)
[ info ] [ LOG ] INIT File
[ sql ] [ DB ] CONNECT:[ UseTime:0.000931s ] mysql:dbname=ctt-ms;host=127.0.0.1;charset=utf8
[ sql ] [ SQL ] SHOW COLUMNS FROM `user` [ RunTime:0.001037s ]
[ sql ] [ SQL ] SELECT * FROM `user` WHERE  `cookie_username` = 'b18ea5e9a5d30fcef71156fb238d565e' LIMIT 1 [ RunTime:0.000491s ]
[ sql ] [ SQL ] SHOW COLUMNS FROM `auth` [ RunTime:0.001320s ]
[ sql ] [ SQL ] SELECT * FROM `auth` LIMIT 1 [ RunTime:0.000522s ]
---------------------------------------------------------------
[ 2017-09-29T22:07:06+08:00 ] 10.2.130.178 10.2.130.178 GET /CTT-MS-server/checkauth
[ info ] 10.2.130.178/CTT-MS-server/checkauth [运行时间：0.058446s][吞吐率：17.11req/s] [内存消耗：3,657.85kb] [文件加载：54]
[ info ] [ LANG ] D:\wamp64\www\CTT-MS-server\thinkphp\lang\zh-cn.php
[ info ] [ ROUTE ] array (
  'type' => 'module',
  'module' => 
  array (
    0 => 'index',
    1 => 'Auth',
    2 => 'checkAuth',
  ),
  'convert' => false,
)
[ info ] [ HEADER ] array (
  'host' => '10.2.130.178',
  'connection' => 'keep-alive',
  'cache-control' => 'max-age=0',
  'user-agent' => 'Mozilla/5.0 (Windows NT 10.0; Win64; x64) AppleWebKit/537.36 (KHTML, like Gecko) Chrome/61.0.3163.100 Safari/537.36',
  'upgrade-insecure-requests' => '1',
  'accept' => 'text/html,application/xhtml+xml,application/xml;q=0.9,image/webp,image/apng,*/*;q=0.8',
  'accept-encoding' => 'gzip, deflate',
  'accept-language' => 'zh-CN,zh;q=0.8',
  'cookie' => 'PHPSESSID=9feu9bhm018tbtl7sb23av7o73; username=b18ea5e9a5d30fcef71156fb238d565e',
)
[ info ] [ PARAM ] array (
)
[ info ] [ RUN ] app\index\controller\Auth->checkAuth[ D:\wamp64\www\CTT-MS-server\application\index\controller\Auth.php ]
[ info ] [ DB ] INIT mysql
[ info ] [ SESSION ] INIT array (
  'id' => '',
  'var_session_id' => '',
  'prefix' => 'think',
  'type' => '',
  'auto_start' => true,
)
[ info ] [ LOG ] INIT File
[ sql ] [ DB ] CONNECT:[ UseTime:0.000962s ] mysql:dbname=ctt-ms;host=127.0.0.1;charset=utf8
[ sql ] [ SQL ] SHOW COLUMNS FROM `user` [ RunTime:0.000994s ]
[ sql ] [ SQL ] SELECT * FROM `user` WHERE  `cookie_username` = 'b18ea5e9a5d30fcef71156fb238d565e' LIMIT 1 [ RunTime:0.000531s ]
[ sql ] [ SQL ] SHOW COLUMNS FROM `auth` [ RunTime:0.001015s ]
[ sql ] [ SQL ] SELECT * FROM `auth` LIMIT 1 [ RunTime:0.000491s ]
---------------------------------------------------------------
[ 2017-09-29T22:12:00+08:00 ] 10.2.130.178 10.2.130.178 GET /CTT-MS-server/checkauth
[ info ] 10.2.130.178/CTT-MS-server/checkauth [运行时间：0.069391s][吞吐率：14.41req/s] [内存消耗：1,848.62kb] [文件加载：40]
[ info ] [ LANG ] D:\wamp64\www\CTT-MS-server\thinkphp\lang\zh-cn.php
[ info ] [ ROUTE ] array (
  'type' => 'module',
  'module' => 
  array (
    0 => 'checkauth',
    1 => NULL,
    2 => NULL,
  ),
)
[ info ] [ HEADER ] array (
  'host' => '10.2.130.178',
  'connection' => 'keep-alive',
  'cache-control' => 'max-age=0',
  'user-agent' => 'Mozilla/5.0 (Windows NT 10.0; Win64; x64) AppleWebKit/537.36 (KHTML, like Gecko) Chrome/61.0.3163.100 Safari/537.36',
  'upgrade-insecure-requests' => '1',
  'accept' => 'text/html,application/xhtml+xml,application/xml;q=0.9,image/webp,image/apng,*/*;q=0.8',
  'accept-encoding' => 'gzip, deflate',
  'accept-language' => 'zh-CN,zh;q=0.8',
  'cookie' => 'PHPSESSID=9feu9bhm018tbtl7sb23av7o73; username=b18ea5e9a5d30fcef71156fb238d565e',
)
[ info ] [ PARAM ] array (
)
[ info ] [ LOG ] INIT File
---------------------------------------------------------------
[ 2017-09-29T22:12:01+08:00 ] 10.2.130.178 10.2.130.178 GET /CTT-MS-server/checkauth
[ info ] 10.2.130.178/CTT-MS-server/checkauth [运行时间：0.036979s][吞吐率：27.04req/s] [内存消耗：1,848.62kb] [文件加载：40]
[ info ] [ LANG ] D:\wamp64\www\CTT-MS-server\thinkphp\lang\zh-cn.php
[ info ] [ ROUTE ] array (
  'type' => 'module',
  'module' => 
  array (
    0 => 'checkauth',
    1 => NULL,
    2 => NULL,
  ),
)
[ info ] [ HEADER ] array (
  'host' => '10.2.130.178',
  'connection' => 'keep-alive',
  'cache-control' => 'max-age=0',
  'user-agent' => 'Mozilla/5.0 (Windows NT 10.0; Win64; x64) AppleWebKit/537.36 (KHTML, like Gecko) Chrome/61.0.3163.100 Safari/537.36',
  'upgrade-insecure-requests' => '1',
  'accept' => 'text/html,application/xhtml+xml,application/xml;q=0.9,image/webp,image/apng,*/*;q=0.8',
  'accept-encoding' => 'gzip, deflate',
  'accept-language' => 'zh-CN,zh;q=0.8',
  'cookie' => 'PHPSESSID=9feu9bhm018tbtl7sb23av7o73; username=b18ea5e9a5d30fcef71156fb238d565e',
)
[ info ] [ PARAM ] array (
)
[ info ] [ LOG ] INIT File
---------------------------------------------------------------
[ 2017-09-29T22:12:16+08:00 ] 10.2.130.178 10.2.130.178 GET /CTT-MS-server/logout
[ info ] 10.2.130.178/CTT-MS-server/logout [运行时间：0.053311s][吞吐率：18.76req/s] [内存消耗：3,259.54kb] [文件加载：52]
[ info ] [ LANG ] D:\wamp64\www\CTT-MS-server\thinkphp\lang\zh-cn.php
[ info ] [ ROUTE ] array (
  'type' => 'module',
  'module' => 
  array (
    0 => 'index',
    1 => 'Auth',
    2 => 'logout',
  ),
  'convert' => false,
)
[ info ] [ HEADER ] array (
  'host' => '10.2.130.178',
  'connection' => 'keep-alive',
  'user-agent' => 'Mozilla/5.0 (Windows NT 10.0; Win64; x64) AppleWebKit/537.36 (KHTML, like Gecko) Chrome/61.0.3163.100 Safari/537.36',
  'upgrade-insecure-requests' => '1',
  'accept' => 'text/html,application/xhtml+xml,application/xml;q=0.9,image/webp,image/apng,*/*;q=0.8',
  'accept-encoding' => 'gzip, deflate',
  'accept-language' => 'zh-CN,zh;q=0.8',
  'cookie' => 'PHPSESSID=9feu9bhm018tbtl7sb23av7o73; username=b18ea5e9a5d30fcef71156fb238d565e',
)
[ info ] [ PARAM ] array (
)
[ info ] [ RUN ] app\index\controller\Auth->logout[ D:\wamp64\www\CTT-MS-server\application\index\controller\Auth.php ]
[ info ] [ DB ] INIT mysql
[ info ] [ SESSION ] INIT array (
  'id' => '',
  'var_session_id' => '',
  'prefix' => 'think',
  'type' => '',
  'auto_start' => true,
)
[ info ] [ LOG ] INIT File
[ sql ] [ DB ] CONNECT:[ UseTime:0.001358s ] mysql:dbname=ctt-ms;host=127.0.0.1;charset=utf8
[ sql ] [ SQL ] SHOW COLUMNS FROM `user` [ RunTime:0.001295s ]
[ sql ] [ SQL ] UPDATE `user`  SET `last_logout_time`='2017-09-29 22:12:16'  WHERE  `cookie_username` = 'b18ea5e9a5d30fcef71156fb238d565e' [ RunTime:0.000521s ]
[ sql ] [ SQL ] UPDATE `user`  SET `cookie_username`=NULL  WHERE  `cookie_username` = 'b18ea5e9a5d30fcef71156fb238d565e' [ RunTime:0.000405s ]
