---------------------------------------------------------------
[ 2017-10-21T14:01:42+08:00 ] ::1 ::1 POST /CTT-MS-server/login
[ info ] localhost/CTT-MS-server/login [运行时间：1.423948s][吞吐率：0.70req/s] [内存消耗：3,353.73kb] [文件加载：53]
[ info ] [ LANG ] D:\wamp64\www\CTT-MS-server\thinkphp\lang\zh-cn.php
[ info ] [ ROUTE ] array (
  'type' => 'module',
  'module' => 
  array (
    0 => 'index',
    1 => 'Auth',
    2 => 'login',
  ),
  'convert' => false,
)
[ info ] [ HEADER ] array (
  'host' => 'localhost',
  'connection' => 'keep-alive',
  'content-length' => '28',
  'accept' => '*/*',
  'origin' => 'http://localhost',
  'user-agent' => 'Mozilla/5.0 (Windows NT 10.0; Win64; x64) AppleWebKit/537.36 (KHTML, like Gecko) Chrome/61.0.3163.100 Safari/537.36',
  'content-type' => 'application/x-www-form-urlencoded; charset=UTF-8',
  'referer' => 'http://localhost/CTT-MS/login.html',
  'accept-encoding' => 'gzip, deflate, br',
  'accept-language' => 'zh-CN,zh;q=0.8',
  'cookie' => 'Phpstorm-5547fa09=783ade7a-de49-4ae0-b7a2-0e4ea33c1bea; Phpstorm-bd2926e8=857be1c2-e28b-476d-b13e-3a6d848fae47; pgv_pvi=2761342976; _ga=GA1.1.1437015703.1490101787',
)
[ info ] [ PARAM ] array (
  'username' => '001',
  'password' => '123456',
)
[ info ] [ RUN ] app\index\controller\Auth->login[ D:\wamp64\www\CTT-MS-server\application\index\controller\Auth.php ]
[ info ] [ DB ] INIT mysql
[ info ] [ SESSION ] INIT array (
  'id' => '',
  'var_session_id' => '',
  'prefix' => 'think',
  'type' => '',
  'auto_start' => true,
)
[ info ] [ LOG ] INIT File
[ sql ] [ DB ] CONNECT:[ UseTime:0.001207s ] mysql:dbname=ctt-ms;host=127.0.0.1;charset=utf8
[ sql ] [ SQL ] SHOW COLUMNS FROM `user` [ RunTime:0.001692s ]
[ sql ] [ SQL ] SELECT * FROM `user` WHERE  `username` = '001' LIMIT 1 [ RunTime:0.000674s ]
[ sql ] [ SQL ] UPDATE `user`  SET `cookie_username`='73fd2d15f45a8e0bbae9218bd5719f92'  WHERE  `username` = '001' [ RunTime:0.000543s ]
[ sql ] [ SQL ] UPDATE `user`  SET `last_login_time`='2017-10-21 14:01:41'  WHERE  `username` = '001' [ RunTime:0.000387s ]
[ sql ] [ SQL ] UPDATE `user`  SET `last_logout_time`='2017-10-21 14:01:41'  WHERE  `username` = '001' [ RunTime:0.000447s ]
---------------------------------------------------------------
[ 2017-10-21T14:01:47+08:00 ] ::1 ::1 POST /CTT-MS-server/areaquery
[ info ] localhost/CTT-MS-server/areaquery [运行时间：0.138553s][吞吐率：7.22req/s] [内存消耗：3,757.30kb] [文件加载：56]
[ info ] [ LANG ] D:\wamp64\www\CTT-MS-server\thinkphp\lang\zh-cn.php
[ info ] [ ROUTE ] array (
  'type' => 'module',
  'module' => 
  array (
    0 => 'index',
    1 => 'Query',
    2 => 'area',
  ),
  'convert' => false,
)
[ info ] [ HEADER ] array (
  'host' => 'localhost',
  'connection' => 'keep-alive',
  'content-length' => '39',
  'accept' => '*/*',
  'origin' => 'http://localhost',
  'user-agent' => 'Mozilla/5.0 (Windows NT 10.0; Win64; x64) AppleWebKit/537.36 (KHTML, like Gecko) Chrome/61.0.3163.100 Safari/537.36',
  'content-type' => 'application/x-www-form-urlencoded; charset=UTF-8',
  'referer' => 'http://localhost/CTT-MS/add_admin.html',
  'accept-encoding' => 'gzip, deflate, br',
  'accept-language' => 'zh-CN,zh;q=0.8',
  'cookie' => 'Phpstorm-5547fa09=783ade7a-de49-4ae0-b7a2-0e4ea33c1bea; Phpstorm-bd2926e8=857be1c2-e28b-476d-b13e-3a6d848fae47; pgv_pvi=2761342976; _ga=GA1.1.1437015703.1490101787; PHPSESSID=cla3r1hj719b9klrgdo7lqmek4; username=73fd2d15f45a8e0bbae9218bd5719f92',
)
[ info ] [ PARAM ] array (
  'cookie' => '73fd2d15f45a8e0bbae9218bd5719f92',
)
[ info ] [ DB ] INIT mysql
[ info ] [ RUN ] app\index\controller\Query->area[ D:\wamp64\www\CTT-MS-server\application\index\controller\Query.php ]
[ info ] [ LOG ] INIT File
[ sql ] [ DB ] CONNECT:[ UseTime:0.001019s ] mysql:dbname=ctt-ms;host=127.0.0.1;charset=utf8
[ sql ] [ SQL ] SHOW COLUMNS FROM `user` [ RunTime:0.001179s ]
[ sql ] [ SQL ] SELECT * FROM `user` WHERE  `cookie_username` = '73fd2d15f45a8e0bbae9218bd5719f92' LIMIT 1 [ RunTime:0.000549s ]
[ sql ] [ SQL ] SHOW COLUMNS FROM `auth` [ RunTime:0.001417s ]
[ sql ] [ SQL ] SELECT * FROM `auth` WHERE  `uid` = 1 LIMIT 1 [ RunTime:0.000730s ]
[ sql ] [ SQL ] SHOW COLUMNS FROM `area` [ RunTime:0.000765s ]
[ sql ] [ SQL ] SELECT DISTINCT  `province` FROM `area` [ RunTime:0.000338s ]
[ sql ] [ SQL ] SELECT DISTINCT  `city` FROM `area` WHERE  `province` = '四川' [ RunTime:0.000436s ]
[ sql ] [ SQL ] SELECT `district` FROM `area` WHERE  `province` = '四川'  AND `city` = '雅安' [ RunTime:0.000434s ]
[ sql ] [ SQL ] SELECT `district` FROM `area` WHERE  `province` = '四川'  AND `city` = '成都' [ RunTime:0.000468s ]
[ sql ] [ SQL ] SELECT DISTINCT  `city` FROM `area` WHERE  `province` = '湖北' [ RunTime:0.000448s ]
[ sql ] [ SQL ] SELECT `district` FROM `area` WHERE  `province` = '湖北'  AND `city` = '宜昌' [ RunTime:0.000340s ]
[ sql ] [ SQL ] SELECT `district` FROM `area` WHERE  `province` = '湖北'  AND `city` = '恩施' [ RunTime:0.000575s ]
---------------------------------------------------------------
[ 2017-10-21T14:01:48+08:00 ] ::1 ::1 POST /CTT-MS-server/areaquery
[ info ] localhost/CTT-MS-server/areaquery [运行时间：0.067013s][吞吐率：14.92req/s] [内存消耗：3,757.31kb] [文件加载：56]
[ info ] [ LANG ] D:\wamp64\www\CTT-MS-server\thinkphp\lang\zh-cn.php
[ info ] [ ROUTE ] array (
  'type' => 'module',
  'module' => 
  array (
    0 => 'index',
    1 => 'Query',
    2 => 'area',
  ),
  'convert' => false,
)
[ info ] [ HEADER ] array (
  'host' => 'localhost',
  'connection' => 'keep-alive',
  'content-length' => '39',
  'accept' => '*/*',
  'origin' => 'http://localhost',
  'user-agent' => 'Mozilla/5.0 (Windows NT 10.0; Win64; x64) AppleWebKit/537.36 (KHTML, like Gecko) Chrome/61.0.3163.100 Safari/537.36',
  'content-type' => 'application/x-www-form-urlencoded; charset=UTF-8',
  'referer' => 'http://localhost/CTT-MS/check_admin.html',
  'accept-encoding' => 'gzip, deflate, br',
  'accept-language' => 'zh-CN,zh;q=0.8',
  'cookie' => 'Phpstorm-5547fa09=783ade7a-de49-4ae0-b7a2-0e4ea33c1bea; Phpstorm-bd2926e8=857be1c2-e28b-476d-b13e-3a6d848fae47; pgv_pvi=2761342976; _ga=GA1.1.1437015703.1490101787; PHPSESSID=cla3r1hj719b9klrgdo7lqmek4; username=73fd2d15f45a8e0bbae9218bd5719f92',
)
[ info ] [ PARAM ] array (
  'cookie' => '73fd2d15f45a8e0bbae9218bd5719f92',
)
[ info ] [ DB ] INIT mysql
[ info ] [ RUN ] app\index\controller\Query->area[ D:\wamp64\www\CTT-MS-server\application\index\controller\Query.php ]
[ info ] [ LOG ] INIT File
[ sql ] [ DB ] CONNECT:[ UseTime:0.001130s ] mysql:dbname=ctt-ms;host=127.0.0.1;charset=utf8
[ sql ] [ SQL ] SHOW COLUMNS FROM `user` [ RunTime:0.001106s ]
[ sql ] [ SQL ] SELECT * FROM `user` WHERE  `cookie_username` = '73fd2d15f45a8e0bbae9218bd5719f92' LIMIT 1 [ RunTime:0.000620s ]
[ sql ] [ SQL ] SHOW COLUMNS FROM `auth` [ RunTime:0.001248s ]
[ sql ] [ SQL ] SELECT * FROM `auth` WHERE  `uid` = 1 LIMIT 1 [ RunTime:0.000833s ]
[ sql ] [ SQL ] SHOW COLUMNS FROM `area` [ RunTime:0.000961s ]
[ sql ] [ SQL ] SELECT DISTINCT  `province` FROM `area` [ RunTime:0.000523s ]
[ sql ] [ SQL ] SELECT DISTINCT  `city` FROM `area` WHERE  `province` = '四川' [ RunTime:0.000529s ]
[ sql ] [ SQL ] SELECT `district` FROM `area` WHERE  `province` = '四川'  AND `city` = '雅安' [ RunTime:0.000395s ]
[ sql ] [ SQL ] SELECT `district` FROM `area` WHERE  `province` = '四川'  AND `city` = '成都' [ RunTime:0.000378s ]
[ sql ] [ SQL ] SELECT DISTINCT  `city` FROM `area` WHERE  `province` = '湖北' [ RunTime:0.000388s ]
[ sql ] [ SQL ] SELECT `district` FROM `area` WHERE  `province` = '湖北'  AND `city` = '宜昌' [ RunTime:0.000503s ]
[ sql ] [ SQL ] SELECT `district` FROM `area` WHERE  `province` = '湖北'  AND `city` = '恩施' [ RunTime:0.000526s ]
---------------------------------------------------------------
[ 2017-10-21T14:01:48+08:00 ] ::1 ::1 POST /CTT-MS-server/user/check
[ info ] localhost/CTT-MS-server/user/check [运行时间：0.186389s][吞吐率：5.37req/s] [内存消耗：3,851.66kb] [文件加载：59]
[ info ] [ LANG ] D:\wamp64\www\CTT-MS-server\thinkphp\lang\zh-cn.php
[ info ] [ ROUTE ] array (
  'type' => 'module',
  'module' => 
  array (
    0 => 'index',
    1 => 'UserManage',
    2 => 'check',
  ),
  'convert' => false,
)
[ info ] [ HEADER ] array (
  'host' => 'localhost',
  'connection' => 'keep-alive',
  'content-length' => '122',
  'accept' => 'application/json, text/javascript, */*; q=0.01',
  'origin' => 'http://localhost',
  'user-agent' => 'Mozilla/5.0 (Windows NT 10.0; Win64; x64) AppleWebKit/537.36 (KHTML, like Gecko) Chrome/61.0.3163.100 Safari/537.36',
  'content-type' => 'application/x-www-form-urlencoded; charset=UTF-8',
  'referer' => 'http://localhost/CTT-MS/check_admin.html',
  'accept-encoding' => 'gzip, deflate, br',
  'accept-language' => 'zh-CN,zh;q=0.8',
  'cookie' => 'Phpstorm-5547fa09=783ade7a-de49-4ae0-b7a2-0e4ea33c1bea; Phpstorm-bd2926e8=857be1c2-e28b-476d-b13e-3a6d848fae47; pgv_pvi=2761342976; _ga=GA1.1.1437015703.1490101787; PHPSESSID=cla3r1hj719b9klrgdo7lqmek4; username=73fd2d15f45a8e0bbae9218bd5719f92',
)
[ info ] [ PARAM ] array (
  'cookie' => '73fd2d15f45a8e0bbae9218bd5719f92',
  'query' => '{&quot;pageinfo&quot;:{&quot;curpage&quot;:1,&quot;pageinate&quot;:10},&quot;condition&quot;:{&quot;like&quot;:[&quot;area&quot;,&quot;%%&quot;]}}',
)
[ info ] [ DB ] INIT mysql
[ info ] [ RUN ] app\index\controller\UserManage->check[ D:\wamp64\www\CTT-MS-server\application\index\controller\UserManage.php ]
[ info ] [ LOG ] INIT File
[ sql ] [ DB ] CONNECT:[ UseTime:0.000833s ] mysql:dbname=ctt-ms;host=127.0.0.1;charset=utf8
[ sql ] [ SQL ] SHOW COLUMNS FROM `user` [ RunTime:0.000857s ]
[ sql ] [ SQL ] SELECT * FROM `user` WHERE  `cookie_username` = '73fd2d15f45a8e0bbae9218bd5719f92' LIMIT 1 [ RunTime:0.000481s ]
[ sql ] [ SQL ] SHOW COLUMNS FROM `auth` [ RunTime:0.001067s ]
[ sql ] [ SQL ] SELECT * FROM `auth` WHERE  `uid` = 1 LIMIT 1 [ RunTime:0.000406s ]
[ sql ] [ SQL ] SELECT * FROM `user` WHERE  `area` LIKE '%%' [ RunTime:0.001247s ]
[ sql ] [ SQL ] SELECT * FROM `user` WHERE  `area` LIKE '%%' ORDER BY `id` LIMIT 0,10 [ RunTime:0.001421s ]
[ sql ] [ SQL ] SELECT * FROM `auth` WHERE  `uid` IN (1,3,4,9,12,13) [ RunTime:0.002277s ]
---------------------------------------------------------------
[ 2017-10-21T14:01:52+08:00 ] ::1 ::1 POST /CTT-MS-server/user/check
[ info ] localhost/CTT-MS-server/user/check [运行时间：0.044904s][吞吐率：22.27req/s] [内存消耗：3,847.04kb] [文件加载：59]
[ info ] [ LANG ] D:\wamp64\www\CTT-MS-server\thinkphp\lang\zh-cn.php
[ info ] [ ROUTE ] array (
  'type' => 'module',
  'module' => 
  array (
    0 => 'index',
    1 => 'UserManage',
    2 => 'check',
  ),
  'convert' => false,
)
[ info ] [ HEADER ] array (
  'host' => 'localhost',
  'connection' => 'keep-alive',
  'content-length' => '145',
  'accept' => 'application/json, text/javascript, */*; q=0.01',
  'origin' => 'http://localhost',
  'user-agent' => 'Mozilla/5.0 (Windows NT 10.0; Win64; x64) AppleWebKit/537.36 (KHTML, like Gecko) Chrome/61.0.3163.100 Safari/537.36',
  'content-type' => 'application/x-www-form-urlencoded; charset=UTF-8',
  'referer' => 'http://localhost/CTT-MS/check_admin.html',
  'accept-encoding' => 'gzip, deflate, br',
  'accept-language' => 'zh-CN,zh;q=0.8',
  'cookie' => 'Phpstorm-5547fa09=783ade7a-de49-4ae0-b7a2-0e4ea33c1bea; Phpstorm-bd2926e8=857be1c2-e28b-476d-b13e-3a6d848fae47; pgv_pvi=2761342976; _ga=GA1.1.1437015703.1490101787; PHPSESSID=cla3r1hj719b9klrgdo7lqmek4; username=73fd2d15f45a8e0bbae9218bd5719f92',
)
[ info ] [ PARAM ] array (
  'cookie' => '73fd2d15f45a8e0bbae9218bd5719f92',
  'query' => '{&quot;pageinfo&quot;:{&quot;curpage&quot;:1,&quot;pageinate&quot;:10},&quot;condition&quot;:{&quot;like&quot;:[&quot;area&quot;,&quot;%四川^成都^青白江%&quot;]}}',
)
[ info ] [ DB ] INIT mysql
[ info ] [ RUN ] app\index\controller\UserManage->check[ D:\wamp64\www\CTT-MS-server\application\index\controller\UserManage.php ]
[ info ] [ LOG ] INIT File
[ sql ] [ DB ] CONNECT:[ UseTime:0.000920s ] mysql:dbname=ctt-ms;host=127.0.0.1;charset=utf8
[ sql ] [ SQL ] SHOW COLUMNS FROM `user` [ RunTime:0.000980s ]
[ sql ] [ SQL ] SELECT * FROM `user` WHERE  `cookie_username` = '73fd2d15f45a8e0bbae9218bd5719f92' LIMIT 1 [ RunTime:0.000604s ]
[ sql ] [ SQL ] SHOW COLUMNS FROM `auth` [ RunTime:0.000846s ]
[ sql ] [ SQL ] SELECT * FROM `auth` WHERE  `uid` = 1 LIMIT 1 [ RunTime:0.000535s ]
[ sql ] [ SQL ] SELECT * FROM `user` WHERE  `area` LIKE '%四川^成都^青白江%' [ RunTime:0.000524s ]
[ sql ] [ SQL ] SELECT * FROM `user` WHERE  `area` LIKE '%四川^成都^青白江%' ORDER BY `id` LIMIT 0,10 [ RunTime:0.000456s ]
[ sql ] [ SQL ] SELECT * FROM `auth` [ RunTime:0.000512s ]
---------------------------------------------------------------
[ 2017-10-21T14:01:55+08:00 ] ::1 ::1 POST /CTT-MS-server/user/check
[ info ] localhost/CTT-MS-server/user/check [运行时间：0.045814s][吞吐率：21.83req/s] [内存消耗：3,848.56kb] [文件加载：59]
[ info ] [ LANG ] D:\wamp64\www\CTT-MS-server\thinkphp\lang\zh-cn.php
[ info ] [ ROUTE ] array (
  'type' => 'module',
  'module' => 
  array (
    0 => 'index',
    1 => 'UserManage',
    2 => 'check',
  ),
  'convert' => false,
)
[ info ] [ HEADER ] array (
  'host' => 'localhost',
  'connection' => 'keep-alive',
  'content-length' => '145',
  'accept' => 'application/json, text/javascript, */*; q=0.01',
  'origin' => 'http://localhost',
  'user-agent' => 'Mozilla/5.0 (Windows NT 10.0; Win64; x64) AppleWebKit/537.36 (KHTML, like Gecko) Chrome/61.0.3163.100 Safari/537.36',
  'content-type' => 'application/x-www-form-urlencoded; charset=UTF-8',
  'referer' => 'http://localhost/CTT-MS/check_admin.html',
  'accept-encoding' => 'gzip, deflate, br',
  'accept-language' => 'zh-CN,zh;q=0.8',
  'cookie' => 'Phpstorm-5547fa09=783ade7a-de49-4ae0-b7a2-0e4ea33c1bea; Phpstorm-bd2926e8=857be1c2-e28b-476d-b13e-3a6d848fae47; pgv_pvi=2761342976; _ga=GA1.1.1437015703.1490101787; PHPSESSID=cla3r1hj719b9klrgdo7lqmek4; username=73fd2d15f45a8e0bbae9218bd5719f92',
)
[ info ] [ PARAM ] array (
  'cookie' => '73fd2d15f45a8e0bbae9218bd5719f92',
  'query' => '{&quot;pageinfo&quot;:{&quot;curpage&quot;:1,&quot;pageinate&quot;:10},&quot;condition&quot;:{&quot;like&quot;:[&quot;area&quot;,&quot;%四川^雅安^雨城区%&quot;]}}',
)
[ info ] [ DB ] INIT mysql
[ info ] [ RUN ] app\index\controller\UserManage->check[ D:\wamp64\www\CTT-MS-server\application\index\controller\UserManage.php ]
[ info ] [ LOG ] INIT File
[ sql ] [ DB ] CONNECT:[ UseTime:0.000932s ] mysql:dbname=ctt-ms;host=127.0.0.1;charset=utf8
[ sql ] [ SQL ] SHOW COLUMNS FROM `user` [ RunTime:0.001005s ]
[ sql ] [ SQL ] SELECT * FROM `user` WHERE  `cookie_username` = '73fd2d15f45a8e0bbae9218bd5719f92' LIMIT 1 [ RunTime:0.000544s ]
[ sql ] [ SQL ] SHOW COLUMNS FROM `auth` [ RunTime:0.000920s ]
[ sql ] [ SQL ] SELECT * FROM `auth` WHERE  `uid` = 1 LIMIT 1 [ RunTime:0.000575s ]
[ sql ] [ SQL ] SELECT * FROM `user` WHERE  `area` LIKE '%四川^雅安^雨城区%' [ RunTime:0.000739s ]
[ sql ] [ SQL ] SELECT * FROM `user` WHERE  `area` LIKE '%四川^雅安^雨城区%' ORDER BY `id` LIMIT 0,10 [ RunTime:0.000608s ]
[ sql ] [ SQL ] SELECT * FROM `auth` WHERE  `uid` IN (1,3,4) [ RunTime:0.000590s ]
---------------------------------------------------------------
[ 2017-10-21T14:01:58+08:00 ] ::1 ::1 POST /CTT-MS-server/user/check
[ info ] localhost/CTT-MS-server/user/check [运行时间：0.059650s][吞吐率：16.76req/s] [内存消耗：3,848.39kb] [文件加载：59]
[ info ] [ LANG ] D:\wamp64\www\CTT-MS-server\thinkphp\lang\zh-cn.php
[ info ] [ ROUTE ] array (
  'type' => 'module',
  'module' => 
  array (
    0 => 'index',
    1 => 'UserManage',
    2 => 'check',
  ),
  'convert' => false,
)
[ info ] [ HEADER ] array (
  'host' => 'localhost',
  'connection' => 'keep-alive',
  'content-length' => '135',
  'accept' => 'application/json, text/javascript, */*; q=0.01',
  'origin' => 'http://localhost',
  'user-agent' => 'Mozilla/5.0 (Windows NT 10.0; Win64; x64) AppleWebKit/537.36 (KHTML, like Gecko) Chrome/61.0.3163.100 Safari/537.36',
  'content-type' => 'application/x-www-form-urlencoded; charset=UTF-8',
  'referer' => 'http://localhost/CTT-MS/check_admin.html',
  'accept-encoding' => 'gzip, deflate, br',
  'accept-language' => 'zh-CN,zh;q=0.8',
  'cookie' => 'Phpstorm-5547fa09=783ade7a-de49-4ae0-b7a2-0e4ea33c1bea; Phpstorm-bd2926e8=857be1c2-e28b-476d-b13e-3a6d848fae47; pgv_pvi=2761342976; _ga=GA1.1.1437015703.1490101787; PHPSESSID=cla3r1hj719b9klrgdo7lqmek4; username=73fd2d15f45a8e0bbae9218bd5719f92',
)
[ info ] [ PARAM ] array (
  'cookie' => '73fd2d15f45a8e0bbae9218bd5719f92',
  'query' => '{&quot;pageinfo&quot;:{&quot;curpage&quot;:1,&quot;pageinate&quot;:10},&quot;condition&quot;:{&quot;like&quot;:[&quot;area&quot;,&quot;%四川^雅安%&quot;]}}',
)
[ info ] [ DB ] INIT mysql
[ info ] [ RUN ] app\index\controller\UserManage->check[ D:\wamp64\www\CTT-MS-server\application\index\controller\UserManage.php ]
[ info ] [ LOG ] INIT File
[ sql ] [ DB ] CONNECT:[ UseTime:0.000898s ] mysql:dbname=ctt-ms;host=127.0.0.1;charset=utf8
[ sql ] [ SQL ] SHOW COLUMNS FROM `user` [ RunTime:0.001332s ]
[ sql ] [ SQL ] SELECT * FROM `user` WHERE  `cookie_username` = '73fd2d15f45a8e0bbae9218bd5719f92' LIMIT 1 [ RunTime:0.000818s ]
[ sql ] [ SQL ] SHOW COLUMNS FROM `auth` [ RunTime:0.000851s ]
[ sql ] [ SQL ] SELECT * FROM `auth` WHERE  `uid` = 1 LIMIT 1 [ RunTime:0.000604s ]
[ sql ] [ SQL ] SELECT * FROM `user` WHERE  `area` LIKE '%四川^雅安%' [ RunTime:0.000501s ]
[ sql ] [ SQL ] SELECT * FROM `user` WHERE  `area` LIKE '%四川^雅安%' ORDER BY `id` LIMIT 0,10 [ RunTime:0.000501s ]
[ sql ] [ SQL ] SELECT * FROM `auth` WHERE  `uid` IN (1,3,4) [ RunTime:0.000557s ]
---------------------------------------------------------------
[ 2017-10-21T14:02:01+08:00 ] ::1 ::1 POST /CTT-MS-server/user/check
[ info ] localhost/CTT-MS-server/user/check [运行时间：0.057142s][吞吐率：17.50req/s] [内存消耗：3,851.03kb] [文件加载：59]
[ info ] [ LANG ] D:\wamp64\www\CTT-MS-server\thinkphp\lang\zh-cn.php
[ info ] [ ROUTE ] array (
  'type' => 'module',
  'module' => 
  array (
    0 => 'index',
    1 => 'UserManage',
    2 => 'check',
  ),
  'convert' => false,
)
[ info ] [ HEADER ] array (
  'host' => 'localhost',
  'connection' => 'keep-alive',
  'content-length' => '128',
  'accept' => 'application/json, text/javascript, */*; q=0.01',
  'origin' => 'http://localhost',
  'user-agent' => 'Mozilla/5.0 (Windows NT 10.0; Win64; x64) AppleWebKit/537.36 (KHTML, like Gecko) Chrome/61.0.3163.100 Safari/537.36',
  'content-type' => 'application/x-www-form-urlencoded; charset=UTF-8',
  'referer' => 'http://localhost/CTT-MS/check_admin.html',
  'accept-encoding' => 'gzip, deflate, br',
  'accept-language' => 'zh-CN,zh;q=0.8',
  'cookie' => 'Phpstorm-5547fa09=783ade7a-de49-4ae0-b7a2-0e4ea33c1bea; Phpstorm-bd2926e8=857be1c2-e28b-476d-b13e-3a6d848fae47; pgv_pvi=2761342976; _ga=GA1.1.1437015703.1490101787; PHPSESSID=cla3r1hj719b9klrgdo7lqmek4; username=73fd2d15f45a8e0bbae9218bd5719f92',
)
[ info ] [ PARAM ] array (
  'cookie' => '73fd2d15f45a8e0bbae9218bd5719f92',
  'query' => '{&quot;pageinfo&quot;:{&quot;curpage&quot;:1,&quot;pageinate&quot;:10},&quot;condition&quot;:{&quot;like&quot;:[&quot;area&quot;,&quot;%四川%&quot;]}}',
)
[ info ] [ DB ] INIT mysql
[ info ] [ RUN ] app\index\controller\UserManage->check[ D:\wamp64\www\CTT-MS-server\application\index\controller\UserManage.php ]
[ info ] [ LOG ] INIT File
[ sql ] [ DB ] CONNECT:[ UseTime:0.001031s ] mysql:dbname=ctt-ms;host=127.0.0.1;charset=utf8
[ sql ] [ SQL ] SHOW COLUMNS FROM `user` [ RunTime:0.001014s ]
[ sql ] [ SQL ] SELECT * FROM `user` WHERE  `cookie_username` = '73fd2d15f45a8e0bbae9218bd5719f92' LIMIT 1 [ RunTime:0.000586s ]
[ sql ] [ SQL ] SHOW COLUMNS FROM `auth` [ RunTime:0.000860s ]
[ sql ] [ SQL ] SELECT * FROM `auth` WHERE  `uid` = 1 LIMIT 1 [ RunTime:0.000584s ]
[ sql ] [ SQL ] SELECT * FROM `user` WHERE  `area` LIKE '%四川%' [ RunTime:0.000520s ]
[ sql ] [ SQL ] SELECT * FROM `user` WHERE  `area` LIKE '%四川%' ORDER BY `id` LIMIT 0,10 [ RunTime:0.000524s ]
[ sql ] [ SQL ] SELECT * FROM `auth` WHERE  `uid` IN (1,3,4,9,13) [ RunTime:0.000590s ]
---------------------------------------------------------------
[ 2017-10-21T14:02:04+08:00 ] ::1 ::1 POST /CTT-MS-server/user/check
[ info ] localhost/CTT-MS-server/user/check [运行时间：0.056894s][吞吐率：17.58req/s] [内存消耗：3,846.20kb] [文件加载：59]
[ info ] [ LANG ] D:\wamp64\www\CTT-MS-server\thinkphp\lang\zh-cn.php
[ info ] [ ROUTE ] array (
  'type' => 'module',
  'module' => 
  array (
    0 => 'index',
    1 => 'UserManage',
    2 => 'check',
  ),
  'convert' => false,
)
[ info ] [ HEADER ] array (
  'host' => 'localhost',
  'connection' => 'keep-alive',
  'content-length' => '128',
  'accept' => 'application/json, text/javascript, */*; q=0.01',
  'origin' => 'http://localhost',
  'user-agent' => 'Mozilla/5.0 (Windows NT 10.0; Win64; x64) AppleWebKit/537.36 (KHTML, like Gecko) Chrome/61.0.3163.100 Safari/537.36',
  'content-type' => 'application/x-www-form-urlencoded; charset=UTF-8',
  'referer' => 'http://localhost/CTT-MS/check_admin.html',
  'accept-encoding' => 'gzip, deflate, br',
  'accept-language' => 'zh-CN,zh;q=0.8',
  'cookie' => 'Phpstorm-5547fa09=783ade7a-de49-4ae0-b7a2-0e4ea33c1bea; Phpstorm-bd2926e8=857be1c2-e28b-476d-b13e-3a6d848fae47; pgv_pvi=2761342976; _ga=GA1.1.1437015703.1490101787; PHPSESSID=cla3r1hj719b9klrgdo7lqmek4; username=73fd2d15f45a8e0bbae9218bd5719f92',
)
[ info ] [ PARAM ] array (
  'cookie' => '73fd2d15f45a8e0bbae9218bd5719f92',
  'query' => '{&quot;pageinfo&quot;:{&quot;curpage&quot;:1,&quot;pageinate&quot;:10},&quot;condition&quot;:{&quot;like&quot;:[&quot;area&quot;,&quot;%湖北%&quot;]}}',
)
[ info ] [ DB ] INIT mysql
[ info ] [ RUN ] app\index\controller\UserManage->check[ D:\wamp64\www\CTT-MS-server\application\index\controller\UserManage.php ]
[ info ] [ LOG ] INIT File
[ sql ] [ DB ] CONNECT:[ UseTime:0.001010s ] mysql:dbname=ctt-ms;host=127.0.0.1;charset=utf8
[ sql ] [ SQL ] SHOW COLUMNS FROM `user` [ RunTime:0.001016s ]
[ sql ] [ SQL ] SELECT * FROM `user` WHERE  `cookie_username` = '73fd2d15f45a8e0bbae9218bd5719f92' LIMIT 1 [ RunTime:0.000653s ]
[ sql ] [ SQL ] SHOW COLUMNS FROM `auth` [ RunTime:0.000932s ]
[ sql ] [ SQL ] SELECT * FROM `auth` WHERE  `uid` = 1 LIMIT 1 [ RunTime:0.000546s ]
[ sql ] [ SQL ] SELECT * FROM `user` WHERE  `area` LIKE '%湖北%' [ RunTime:0.000503s ]
[ sql ] [ SQL ] SELECT * FROM `user` WHERE  `area` LIKE '%湖北%' ORDER BY `id` LIMIT 0,10 [ RunTime:0.000503s ]
[ sql ] [ SQL ] SELECT * FROM `auth` WHERE  `uid` IN (12) [ RunTime:0.000791s ]
---------------------------------------------------------------
[ 2017-10-21T14:02:08+08:00 ] ::1 ::1 POST /CTT-MS-server/area/check
[ info ] localhost/CTT-MS-server/area/check [运行时间：0.079061s][吞吐率：12.65req/s] [内存消耗：3,799.84kb] [文件加载：59]
[ info ] [ LANG ] D:\wamp64\www\CTT-MS-server\thinkphp\lang\zh-cn.php
[ info ] [ ROUTE ] array (
  'type' => 'module',
  'module' => 
  array (
    0 => 'index',
    1 => 'AreaManage',
    2 => 'check',
  ),
  'convert' => false,
)
[ info ] [ HEADER ] array (
  'host' => 'localhost',
  'connection' => 'keep-alive',
  'content-length' => '112',
  'accept' => '*/*',
  'origin' => 'http://localhost',
  'user-agent' => 'Mozilla/5.0 (Windows NT 10.0; Win64; x64) AppleWebKit/537.36 (KHTML, like Gecko) Chrome/61.0.3163.100 Safari/537.36',
  'content-type' => 'application/x-www-form-urlencoded; charset=UTF-8',
  'referer' => 'http://localhost/CTT-MS/area_setting.html',
  'accept-encoding' => 'gzip, deflate, br',
  'accept-language' => 'zh-CN,zh;q=0.8',
  'cookie' => 'Phpstorm-5547fa09=783ade7a-de49-4ae0-b7a2-0e4ea33c1bea; Phpstorm-bd2926e8=857be1c2-e28b-476d-b13e-3a6d848fae47; pgv_pvi=2761342976; _ga=GA1.1.1437015703.1490101787; PHPSESSID=cla3r1hj719b9klrgdo7lqmek4; username=73fd2d15f45a8e0bbae9218bd5719f92',
)
[ info ] [ PARAM ] array (
  'cookie' => '73fd2d15f45a8e0bbae9218bd5719f92',
  'query' => '{&quot;pageinfo&quot;:{&quot;curpage&quot;:1,&quot;pageinate&quot;:10},&quot;condition&quot;:{&quot;where&quot;:[]}}',
)
[ info ] [ DB ] INIT mysql
[ info ] [ RUN ] app\index\controller\AreaManage->check[ D:\wamp64\www\CTT-MS-server\application\index\controller\AreaManage.php ]
[ info ] [ LOG ] INIT File
[ sql ] [ DB ] CONNECT:[ UseTime:0.000858s ] mysql:dbname=ctt-ms;host=127.0.0.1;charset=utf8
[ sql ] [ SQL ] SHOW COLUMNS FROM `user` [ RunTime:0.001087s ]
[ sql ] [ SQL ] SELECT * FROM `user` WHERE  `cookie_username` = '73fd2d15f45a8e0bbae9218bd5719f92' LIMIT 1 [ RunTime:0.000606s ]
[ sql ] [ SQL ] SHOW COLUMNS FROM `auth` [ RunTime:0.000909s ]
[ sql ] [ SQL ] SELECT * FROM `auth` WHERE  `uid` = 1 LIMIT 1 [ RunTime:0.000584s ]
[ sql ] [ SQL ] SHOW COLUMNS FROM `area` [ RunTime:0.000722s ]
[ sql ] [ SQL ] SELECT * FROM `area` [ RunTime:0.000333s ]
[ sql ] [ SQL ] SELECT * FROM `area` ORDER BY `id` LIMIT 0,10 [ RunTime:0.000401s ]
---------------------------------------------------------------
[ 2017-10-21T14:02:11+08:00 ] ::1 ::1 POST /CTT-MS-server/areaquery
[ info ] localhost/CTT-MS-server/areaquery [运行时间：0.061953s][吞吐率：16.14req/s] [内存消耗：3,757.31kb] [文件加载：56]
[ info ] [ LANG ] D:\wamp64\www\CTT-MS-server\thinkphp\lang\zh-cn.php
[ info ] [ ROUTE ] array (
  'type' => 'module',
  'module' => 
  array (
    0 => 'index',
    1 => 'Query',
    2 => 'area',
  ),
  'convert' => false,
)
[ info ] [ HEADER ] array (
  'host' => 'localhost',
  'connection' => 'keep-alive',
  'content-length' => '39',
  'accept' => '*/*',
  'origin' => 'http://localhost',
  'user-agent' => 'Mozilla/5.0 (Windows NT 10.0; Win64; x64) AppleWebKit/537.36 (KHTML, like Gecko) Chrome/61.0.3163.100 Safari/537.36',
  'content-type' => 'application/x-www-form-urlencoded; charset=UTF-8',
  'referer' => 'http://localhost/CTT-MS/warehouse_setting.html',
  'accept-encoding' => 'gzip, deflate, br',
  'accept-language' => 'zh-CN,zh;q=0.8',
  'cookie' => 'Phpstorm-5547fa09=783ade7a-de49-4ae0-b7a2-0e4ea33c1bea; Phpstorm-bd2926e8=857be1c2-e28b-476d-b13e-3a6d848fae47; pgv_pvi=2761342976; _ga=GA1.1.1437015703.1490101787; PHPSESSID=cla3r1hj719b9klrgdo7lqmek4; username=73fd2d15f45a8e0bbae9218bd5719f92',
)
[ info ] [ PARAM ] array (
  'cookie' => '73fd2d15f45a8e0bbae9218bd5719f92',
)
[ info ] [ DB ] INIT mysql
[ info ] [ RUN ] app\index\controller\Query->area[ D:\wamp64\www\CTT-MS-server\application\index\controller\Query.php ]
[ info ] [ LOG ] INIT File
[ sql ] [ DB ] CONNECT:[ UseTime:0.001042s ] mysql:dbname=ctt-ms;host=127.0.0.1;charset=utf8
[ sql ] [ SQL ] SHOW COLUMNS FROM `user` [ RunTime:0.001350s ]
[ sql ] [ SQL ] SELECT * FROM `user` WHERE  `cookie_username` = '73fd2d15f45a8e0bbae9218bd5719f92' LIMIT 1 [ RunTime:0.000770s ]
[ sql ] [ SQL ] SHOW COLUMNS FROM `auth` [ RunTime:0.001230s ]
[ sql ] [ SQL ] SELECT * FROM `auth` WHERE  `uid` = 1 LIMIT 1 [ RunTime:0.000712s ]
[ sql ] [ SQL ] SHOW COLUMNS FROM `area` [ RunTime:0.001786s ]
[ sql ] [ SQL ] SELECT DISTINCT  `province` FROM `area` [ RunTime:0.000482s ]
[ sql ] [ SQL ] SELECT DISTINCT  `city` FROM `area` WHERE  `province` = '四川' [ RunTime:0.000554s ]
[ sql ] [ SQL ] SELECT `district` FROM `area` WHERE  `province` = '四川'  AND `city` = '雅安' [ RunTime:0.000409s ]
[ sql ] [ SQL ] SELECT `district` FROM `area` WHERE  `province` = '四川'  AND `city` = '成都' [ RunTime:0.000382s ]
[ sql ] [ SQL ] SELECT DISTINCT  `city` FROM `area` WHERE  `province` = '湖北' [ RunTime:0.000513s ]
[ sql ] [ SQL ] SELECT `district` FROM `area` WHERE  `province` = '湖北'  AND `city` = '宜昌' [ RunTime:0.000447s ]
[ sql ] [ SQL ] SELECT `district` FROM `area` WHERE  `province` = '湖北'  AND `city` = '恩施' [ RunTime:0.000416s ]
---------------------------------------------------------------
[ 2017-10-21T14:02:11+08:00 ] ::1 ::1 POST /CTT-MS-server/areaquery
[ info ] localhost/CTT-MS-server/areaquery [运行时间：0.069860s][吞吐率：14.31req/s] [内存消耗：3,757.31kb] [文件加载：56]
[ info ] [ LANG ] D:\wamp64\www\CTT-MS-server\thinkphp\lang\zh-cn.php
[ info ] [ ROUTE ] array (
  'type' => 'module',
  'module' => 
  array (
    0 => 'index',
    1 => 'Query',
    2 => 'area',
  ),
  'convert' => false,
)
[ info ] [ HEADER ] array (
  'host' => 'localhost',
  'connection' => 'keep-alive',
  'content-length' => '39',
  'accept' => '*/*',
  'origin' => 'http://localhost',
  'user-agent' => 'Mozilla/5.0 (Windows NT 10.0; Win64; x64) AppleWebKit/537.36 (KHTML, like Gecko) Chrome/61.0.3163.100 Safari/537.36',
  'content-type' => 'application/x-www-form-urlencoded; charset=UTF-8',
  'referer' => 'http://localhost/CTT-MS/warehouse_setting.html',
  'accept-encoding' => 'gzip, deflate, br',
  'accept-language' => 'zh-CN,zh;q=0.8',
  'cookie' => 'Phpstorm-5547fa09=783ade7a-de49-4ae0-b7a2-0e4ea33c1bea; Phpstorm-bd2926e8=857be1c2-e28b-476d-b13e-3a6d848fae47; pgv_pvi=2761342976; _ga=GA1.1.1437015703.1490101787; PHPSESSID=cla3r1hj719b9klrgdo7lqmek4; username=73fd2d15f45a8e0bbae9218bd5719f92',
)
[ info ] [ PARAM ] array (
  'cookie' => '73fd2d15f45a8e0bbae9218bd5719f92',
)
[ info ] [ DB ] INIT mysql
[ info ] [ RUN ] app\index\controller\Query->area[ D:\wamp64\www\CTT-MS-server\application\index\controller\Query.php ]
[ info ] [ LOG ] INIT File
[ sql ] [ DB ] CONNECT:[ UseTime:0.001170s ] mysql:dbname=ctt-ms;host=127.0.0.1;charset=utf8
[ sql ] [ SQL ] SHOW COLUMNS FROM `user` [ RunTime:0.001173s ]
[ sql ] [ SQL ] SELECT * FROM `user` WHERE  `cookie_username` = '73fd2d15f45a8e0bbae9218bd5719f92' LIMIT 1 [ RunTime:0.000569s ]
[ sql ] [ SQL ] SHOW COLUMNS FROM `auth` [ RunTime:0.000948s ]
[ sql ] [ SQL ] SELECT * FROM `auth` WHERE  `uid` = 1 LIMIT 1 [ RunTime:0.000645s ]
[ sql ] [ SQL ] SHOW COLUMNS FROM `area` [ RunTime:0.000812s ]
[ sql ] [ SQL ] SELECT DISTINCT  `province` FROM `area` [ RunTime:0.000494s ]
[ sql ] [ SQL ] SELECT DISTINCT  `city` FROM `area` WHERE  `province` = '四川' [ RunTime:0.000563s ]
[ sql ] [ SQL ] SELECT `district` FROM `area` WHERE  `province` = '四川'  AND `city` = '雅安' [ RunTime:0.000496s ]
[ sql ] [ SQL ] SELECT `district` FROM `area` WHERE  `province` = '四川'  AND `city` = '成都' [ RunTime:0.000478s ]
[ sql ] [ SQL ] SELECT DISTINCT  `city` FROM `area` WHERE  `province` = '湖北' [ RunTime:0.000701s ]
[ sql ] [ SQL ] SELECT `district` FROM `area` WHERE  `province` = '湖北'  AND `city` = '宜昌' [ RunTime:0.000510s ]
[ sql ] [ SQL ] SELECT `district` FROM `area` WHERE  `province` = '湖北'  AND `city` = '恩施' [ RunTime:0.000527s ]
---------------------------------------------------------------
[ 2017-10-21T14:02:11+08:00 ] ::1 ::1 POST /CTT-MS-server/storehouse/check
[ info ] localhost/CTT-MS-server/storehouse/check [运行时间：0.099169s][吞吐率：10.08req/s] [内存消耗：3,806.68kb] [文件加载：59]
[ info ] [ LANG ] D:\wamp64\www\CTT-MS-server\thinkphp\lang\zh-cn.php
[ info ] [ ROUTE ] array (
  'type' => 'module',
  'module' => 
  array (
    0 => 'index',
    1 => 'StorehouseManage',
    2 => 'check',
  ),
  'convert' => false,
)
[ info ] [ HEADER ] array (
  'host' => 'localhost',
  'connection' => 'keep-alive',
  'content-length' => '112',
  'accept' => '*/*',
  'origin' => 'http://localhost',
  'user-agent' => 'Mozilla/5.0 (Windows NT 10.0; Win64; x64) AppleWebKit/537.36 (KHTML, like Gecko) Chrome/61.0.3163.100 Safari/537.36',
  'content-type' => 'application/x-www-form-urlencoded; charset=UTF-8',
  'referer' => 'http://localhost/CTT-MS/warehouse_setting.html',
  'accept-encoding' => 'gzip, deflate, br',
  'accept-language' => 'zh-CN,zh;q=0.8',
  'cookie' => 'Phpstorm-5547fa09=783ade7a-de49-4ae0-b7a2-0e4ea33c1bea; Phpstorm-bd2926e8=857be1c2-e28b-476d-b13e-3a6d848fae47; pgv_pvi=2761342976; _ga=GA1.1.1437015703.1490101787; PHPSESSID=cla3r1hj719b9klrgdo7lqmek4; username=73fd2d15f45a8e0bbae9218bd5719f92',
)
[ info ] [ PARAM ] array (
  'cookie' => '73fd2d15f45a8e0bbae9218bd5719f92',
  'query' => '{&quot;pageinfo&quot;:{&quot;curpage&quot;:1,&quot;pageinate&quot;:10},&quot;condition&quot;:{&quot;where&quot;:[]}}',
)
[ info ] [ DB ] INIT mysql
[ info ] [ RUN ] app\index\controller\StorehouseManage->check[ D:\wamp64\www\CTT-MS-server\application\index\controller\StorehouseManage.php ]
[ info ] [ LOG ] INIT File
[ sql ] [ DB ] CONNECT:[ UseTime:0.000910s ] mysql:dbname=ctt-ms;host=127.0.0.1;charset=utf8
[ sql ] [ SQL ] SHOW COLUMNS FROM `user` [ RunTime:0.000974s ]
[ sql ] [ SQL ] SELECT * FROM `user` WHERE  `cookie_username` = '73fd2d15f45a8e0bbae9218bd5719f92' LIMIT 1 [ RunTime:0.000577s ]
[ sql ] [ SQL ] SHOW COLUMNS FROM `auth` [ RunTime:0.000846s ]
[ sql ] [ SQL ] SELECT * FROM `auth` WHERE  `uid` = 1 LIMIT 1 [ RunTime:0.000547s ]
[ sql ] [ SQL ] SHOW COLUMNS FROM `storehouse` [ RunTime:0.000626s ]
[ sql ] [ SQL ] SELECT * FROM `storehouse` [ RunTime:0.000286s ]
[ sql ] [ SQL ] SELECT * FROM `storehouse` ORDER BY `id` LIMIT 0,10 [ RunTime:0.000300s ]
---------------------------------------------------------------
[ 2017-10-21T14:02:13+08:00 ] ::1 ::1 POST /CTT-MS-server/areaquery
[ info ] localhost/CTT-MS-server/areaquery [运行时间：0.069386s][吞吐率：14.41req/s] [内存消耗：3,757.31kb] [文件加载：56]
[ info ] [ LANG ] D:\wamp64\www\CTT-MS-server\thinkphp\lang\zh-cn.php
[ info ] [ ROUTE ] array (
  'type' => 'module',
  'module' => 
  array (
    0 => 'index',
    1 => 'Query',
    2 => 'area',
  ),
  'convert' => false,
)
[ info ] [ HEADER ] array (
  'host' => 'localhost',
  'connection' => 'keep-alive',
  'content-length' => '39',
  'accept' => '*/*',
  'origin' => 'http://localhost',
  'user-agent' => 'Mozilla/5.0 (Windows NT 10.0; Win64; x64) AppleWebKit/537.36 (KHTML, like Gecko) Chrome/61.0.3163.100 Safari/537.36',
  'content-type' => 'application/x-www-form-urlencoded; charset=UTF-8',
  'referer' => 'http://localhost/CTT-MS/team_setting.html',
  'accept-encoding' => 'gzip, deflate, br',
  'accept-language' => 'zh-CN,zh;q=0.8',
  'cookie' => 'Phpstorm-5547fa09=783ade7a-de49-4ae0-b7a2-0e4ea33c1bea; Phpstorm-bd2926e8=857be1c2-e28b-476d-b13e-3a6d848fae47; pgv_pvi=2761342976; _ga=GA1.1.1437015703.1490101787; PHPSESSID=cla3r1hj719b9klrgdo7lqmek4; username=73fd2d15f45a8e0bbae9218bd5719f92',
)
[ info ] [ PARAM ] array (
  'cookie' => '73fd2d15f45a8e0bbae9218bd5719f92',
)
[ info ] [ DB ] INIT mysql
[ info ] [ RUN ] app\index\controller\Query->area[ D:\wamp64\www\CTT-MS-server\application\index\controller\Query.php ]
[ info ] [ LOG ] INIT File
[ sql ] [ DB ] CONNECT:[ UseTime:0.002183s ] mysql:dbname=ctt-ms;host=127.0.0.1;charset=utf8
[ sql ] [ SQL ] SHOW COLUMNS FROM `user` [ RunTime:0.001785s ]
[ sql ] [ SQL ] SELECT * FROM `user` WHERE  `cookie_username` = '73fd2d15f45a8e0bbae9218bd5719f92' LIMIT 1 [ RunTime:0.000866s ]
[ sql ] [ SQL ] SHOW COLUMNS FROM `auth` [ RunTime:0.001356s ]
[ sql ] [ SQL ] SELECT * FROM `auth` WHERE  `uid` = 1 LIMIT 1 [ RunTime:0.000752s ]
[ sql ] [ SQL ] SHOW COLUMNS FROM `area` [ RunTime:0.001046s ]
[ sql ] [ SQL ] SELECT DISTINCT  `province` FROM `area` [ RunTime:0.000465s ]
[ sql ] [ SQL ] SELECT DISTINCT  `city` FROM `area` WHERE  `province` = '四川' [ RunTime:0.000711s ]
[ sql ] [ SQL ] SELECT `district` FROM `area` WHERE  `province` = '四川'  AND `city` = '雅安' [ RunTime:0.000543s ]
[ sql ] [ SQL ] SELECT `district` FROM `area` WHERE  `province` = '四川'  AND `city` = '成都' [ RunTime:0.000512s ]
[ sql ] [ SQL ] SELECT DISTINCT  `city` FROM `area` WHERE  `province` = '湖北' [ RunTime:0.000534s ]
[ sql ] [ SQL ] SELECT `district` FROM `area` WHERE  `province` = '湖北'  AND `city` = '宜昌' [ RunTime:0.000470s ]
[ sql ] [ SQL ] SELECT `district` FROM `area` WHERE  `province` = '湖北'  AND `city` = '恩施' [ RunTime:0.000391s ]
---------------------------------------------------------------
[ 2017-10-21T14:02:13+08:00 ] ::1 ::1 POST /CTT-MS-server/areaquery
[ info ] localhost/CTT-MS-server/areaquery [运行时间：0.080169s][吞吐率：12.47req/s] [内存消耗：3,757.31kb] [文件加载：56]
[ info ] [ LANG ] D:\wamp64\www\CTT-MS-server\thinkphp\lang\zh-cn.php
[ info ] [ ROUTE ] array (
  'type' => 'module',
  'module' => 
  array (
    0 => 'index',
    1 => 'Query',
    2 => 'area',
  ),
  'convert' => false,
)
[ info ] [ HEADER ] array (
  'host' => 'localhost',
  'connection' => 'keep-alive',
  'content-length' => '39',
  'accept' => '*/*',
  'origin' => 'http://localhost',
  'user-agent' => 'Mozilla/5.0 (Windows NT 10.0; Win64; x64) AppleWebKit/537.36 (KHTML, like Gecko) Chrome/61.0.3163.100 Safari/537.36',
  'content-type' => 'application/x-www-form-urlencoded; charset=UTF-8',
  'referer' => 'http://localhost/CTT-MS/team_setting.html',
  'accept-encoding' => 'gzip, deflate, br',
  'accept-language' => 'zh-CN,zh;q=0.8',
  'cookie' => 'Phpstorm-5547fa09=783ade7a-de49-4ae0-b7a2-0e4ea33c1bea; Phpstorm-bd2926e8=857be1c2-e28b-476d-b13e-3a6d848fae47; pgv_pvi=2761342976; _ga=GA1.1.1437015703.1490101787; PHPSESSID=cla3r1hj719b9klrgdo7lqmek4; username=73fd2d15f45a8e0bbae9218bd5719f92',
)
[ info ] [ PARAM ] array (
  'cookie' => '73fd2d15f45a8e0bbae9218bd5719f92',
)
[ info ] [ DB ] INIT mysql
[ info ] [ RUN ] app\index\controller\Query->area[ D:\wamp64\www\CTT-MS-server\application\index\controller\Query.php ]
[ info ] [ LOG ] INIT File
[ sql ] [ DB ] CONNECT:[ UseTime:0.001120s ] mysql:dbname=ctt-ms;host=127.0.0.1;charset=utf8
[ sql ] [ SQL ] SHOW COLUMNS FROM `user` [ RunTime:0.001455s ]
[ sql ] [ SQL ] SELECT * FROM `user` WHERE  `cookie_username` = '73fd2d15f45a8e0bbae9218bd5719f92' LIMIT 1 [ RunTime:0.000872s ]
[ sql ] [ SQL ] SHOW COLUMNS FROM `auth` [ RunTime:0.001355s ]
[ sql ] [ SQL ] SELECT * FROM `auth` WHERE  `uid` = 1 LIMIT 1 [ RunTime:0.000758s ]
[ sql ] [ SQL ] SHOW COLUMNS FROM `area` [ RunTime:0.000963s ]
[ sql ] [ SQL ] SELECT DISTINCT  `province` FROM `area` [ RunTime:0.000458s ]
[ sql ] [ SQL ] SELECT DISTINCT  `city` FROM `area` WHERE  `province` = '四川' [ RunTime:0.000475s ]
[ sql ] [ SQL ] SELECT `district` FROM `area` WHERE  `province` = '四川'  AND `city` = '雅安' [ RunTime:0.000374s ]
[ sql ] [ SQL ] SELECT `district` FROM `area` WHERE  `province` = '四川'  AND `city` = '成都' [ RunTime:0.000378s ]
[ sql ] [ SQL ] SELECT DISTINCT  `city` FROM `area` WHERE  `province` = '湖北' [ RunTime:0.000482s ]
[ sql ] [ SQL ] SELECT `district` FROM `area` WHERE  `province` = '湖北'  AND `city` = '宜昌' [ RunTime:0.000473s ]
[ sql ] [ SQL ] SELECT `district` FROM `area` WHERE  `province` = '湖北'  AND `city` = '恩施' [ RunTime:0.000525s ]
---------------------------------------------------------------
[ 2017-10-21T14:02:13+08:00 ] ::1 ::1 POST /CTT-MS-server/team/check
[ info ] localhost/CTT-MS-server/team/check [运行时间：0.098858s][吞吐率：10.12req/s] [内存消耗：3,804.86kb] [文件加载：59]
[ info ] [ LANG ] D:\wamp64\www\CTT-MS-server\thinkphp\lang\zh-cn.php
[ info ] [ ROUTE ] array (
  'type' => 'module',
  'module' => 
  array (
    0 => 'index',
    1 => 'TeamManage',
    2 => 'check',
  ),
  'convert' => false,
)
[ info ] [ HEADER ] array (
  'host' => 'localhost',
  'connection' => 'keep-alive',
  'content-length' => '112',
  'accept' => '*/*',
  'origin' => 'http://localhost',
  'user-agent' => 'Mozilla/5.0 (Windows NT 10.0; Win64; x64) AppleWebKit/537.36 (KHTML, like Gecko) Chrome/61.0.3163.100 Safari/537.36',
  'content-type' => 'application/x-www-form-urlencoded; charset=UTF-8',
  'referer' => 'http://localhost/CTT-MS/team_setting.html',
  'accept-encoding' => 'gzip, deflate, br',
  'accept-language' => 'zh-CN,zh;q=0.8',
  'cookie' => 'Phpstorm-5547fa09=783ade7a-de49-4ae0-b7a2-0e4ea33c1bea; Phpstorm-bd2926e8=857be1c2-e28b-476d-b13e-3a6d848fae47; pgv_pvi=2761342976; _ga=GA1.1.1437015703.1490101787; PHPSESSID=cla3r1hj719b9klrgdo7lqmek4; username=73fd2d15f45a8e0bbae9218bd5719f92',
)
[ info ] [ PARAM ] array (
  'cookie' => '73fd2d15f45a8e0bbae9218bd5719f92',
  'query' => '{&quot;pageinfo&quot;:{&quot;curpage&quot;:1,&quot;pageinate&quot;:10},&quot;condition&quot;:{&quot;where&quot;:[]}}',
)
[ info ] [ DB ] INIT mysql
[ info ] [ RUN ] app\index\controller\TeamManage->check[ D:\wamp64\www\CTT-MS-server\application\index\controller\TeamManage.php ]
[ info ] [ LOG ] INIT File
[ sql ] [ DB ] CONNECT:[ UseTime:0.000914s ] mysql:dbname=ctt-ms;host=127.0.0.1;charset=utf8
[ sql ] [ SQL ] SHOW COLUMNS FROM `user` [ RunTime:0.000879s ]
[ sql ] [ SQL ] SELECT * FROM `user` WHERE  `cookie_username` = '73fd2d15f45a8e0bbae9218bd5719f92' LIMIT 1 [ RunTime:0.000510s ]
[ sql ] [ SQL ] SHOW COLUMNS FROM `auth` [ RunTime:0.000925s ]
[ sql ] [ SQL ] SELECT * FROM `auth` WHERE  `uid` = 1 LIMIT 1 [ RunTime:0.000501s ]
[ sql ] [ SQL ] SHOW COLUMNS FROM `team` [ RunTime:0.000627s ]
[ sql ] [ SQL ] SELECT * FROM `team` [ RunTime:0.000217s ]
[ sql ] [ SQL ] SELECT * FROM `team` ORDER BY `id` LIMIT 0,10 [ RunTime:0.000245s ]
---------------------------------------------------------------
[ 2017-10-21T14:02:20+08:00 ] ::1 ::1 POST /CTT-MS-server/areaquery
[ info ] localhost/CTT-MS-server/areaquery [运行时间：0.069910s][吞吐率：14.30req/s] [内存消耗：3,757.31kb] [文件加载：56]
[ info ] [ LANG ] D:\wamp64\www\CTT-MS-server\thinkphp\lang\zh-cn.php
[ info ] [ ROUTE ] array (
  'type' => 'module',
  'module' => 
  array (
    0 => 'index',
    1 => 'Query',
    2 => 'area',
  ),
  'convert' => false,
)
[ info ] [ HEADER ] array (
  'host' => 'localhost',
  'connection' => 'keep-alive',
  'content-length' => '39',
  'accept' => '*/*',
  'origin' => 'http://localhost',
  'user-agent' => 'Mozilla/5.0 (Windows NT 10.0; Win64; x64) AppleWebKit/537.36 (KHTML, like Gecko) Chrome/61.0.3163.100 Safari/537.36',
  'content-type' => 'application/x-www-form-urlencoded; charset=UTF-8',
  'referer' => 'http://localhost/CTT-MS/check_admin.html',
  'accept-encoding' => 'gzip, deflate, br',
  'accept-language' => 'zh-CN,zh;q=0.8',
  'cookie' => 'Phpstorm-5547fa09=783ade7a-de49-4ae0-b7a2-0e4ea33c1bea; Phpstorm-bd2926e8=857be1c2-e28b-476d-b13e-3a6d848fae47; pgv_pvi=2761342976; _ga=GA1.1.1437015703.1490101787; PHPSESSID=cla3r1hj719b9klrgdo7lqmek4; username=73fd2d15f45a8e0bbae9218bd5719f92',
)
[ info ] [ PARAM ] array (
  'cookie' => '73fd2d15f45a8e0bbae9218bd5719f92',
)
[ info ] [ DB ] INIT mysql
[ info ] [ RUN ] app\index\controller\Query->area[ D:\wamp64\www\CTT-MS-server\application\index\controller\Query.php ]
[ info ] [ LOG ] INIT File
[ sql ] [ DB ] CONNECT:[ UseTime:0.001355s ] mysql:dbname=ctt-ms;host=127.0.0.1;charset=utf8
[ sql ] [ SQL ] SHOW COLUMNS FROM `user` [ RunTime:0.002807s ]
[ sql ] [ SQL ] SELECT * FROM `user` WHERE  `cookie_username` = '73fd2d15f45a8e0bbae9218bd5719f92' LIMIT 1 [ RunTime:0.001024s ]
[ sql ] [ SQL ] SHOW COLUMNS FROM `auth` [ RunTime:0.001389s ]
[ sql ] [ SQL ] SELECT * FROM `auth` WHERE  `uid` = 1 LIMIT 1 [ RunTime:0.000736s ]
[ sql ] [ SQL ] SHOW COLUMNS FROM `area` [ RunTime:0.000884s ]
[ sql ] [ SQL ] SELECT DISTINCT  `province` FROM `area` [ RunTime:0.000445s ]
[ sql ] [ SQL ] SELECT DISTINCT  `city` FROM `area` WHERE  `province` = '四川' [ RunTime:0.000505s ]
[ sql ] [ SQL ] SELECT `district` FROM `area` WHERE  `province` = '四川'  AND `city` = '雅安' [ RunTime:0.000587s ]
[ sql ] [ SQL ] SELECT `district` FROM `area` WHERE  `province` = '四川'  AND `city` = '成都' [ RunTime:0.000499s ]
[ sql ] [ SQL ] SELECT DISTINCT  `city` FROM `area` WHERE  `province` = '湖北' [ RunTime:0.000594s ]
[ sql ] [ SQL ] SELECT `district` FROM `area` WHERE  `province` = '湖北'  AND `city` = '宜昌' [ RunTime:0.000590s ]
[ sql ] [ SQL ] SELECT `district` FROM `area` WHERE  `province` = '湖北'  AND `city` = '恩施' [ RunTime:0.000558s ]
---------------------------------------------------------------
[ 2017-10-21T14:02:20+08:00 ] ::1 ::1 POST /CTT-MS-server/user/check
[ info ] localhost/CTT-MS-server/user/check [运行时间：0.085775s][吞吐率：11.66req/s] [内存消耗：3,851.66kb] [文件加载：59]
[ info ] [ LANG ] D:\wamp64\www\CTT-MS-server\thinkphp\lang\zh-cn.php
[ info ] [ ROUTE ] array (
  'type' => 'module',
  'module' => 
  array (
    0 => 'index',
    1 => 'UserManage',
    2 => 'check',
  ),
  'convert' => false,
)
[ info ] [ HEADER ] array (
  'host' => 'localhost',
  'connection' => 'keep-alive',
  'content-length' => '122',
  'accept' => 'application/json, text/javascript, */*; q=0.01',
  'origin' => 'http://localhost',
  'user-agent' => 'Mozilla/5.0 (Windows NT 10.0; Win64; x64) AppleWebKit/537.36 (KHTML, like Gecko) Chrome/61.0.3163.100 Safari/537.36',
  'content-type' => 'application/x-www-form-urlencoded; charset=UTF-8',
  'referer' => 'http://localhost/CTT-MS/check_admin.html',
  'accept-encoding' => 'gzip, deflate, br',
  'accept-language' => 'zh-CN,zh;q=0.8',
  'cookie' => 'Phpstorm-5547fa09=783ade7a-de49-4ae0-b7a2-0e4ea33c1bea; Phpstorm-bd2926e8=857be1c2-e28b-476d-b13e-3a6d848fae47; pgv_pvi=2761342976; _ga=GA1.1.1437015703.1490101787; PHPSESSID=cla3r1hj719b9klrgdo7lqmek4; username=73fd2d15f45a8e0bbae9218bd5719f92',
)
[ info ] [ PARAM ] array (
  'cookie' => '73fd2d15f45a8e0bbae9218bd5719f92',
  'query' => '{&quot;pageinfo&quot;:{&quot;curpage&quot;:1,&quot;pageinate&quot;:10},&quot;condition&quot;:{&quot;like&quot;:[&quot;area&quot;,&quot;%%&quot;]}}',
)
[ info ] [ DB ] INIT mysql
[ info ] [ RUN ] app\index\controller\UserManage->check[ D:\wamp64\www\CTT-MS-server\application\index\controller\UserManage.php ]
[ info ] [ LOG ] INIT File
[ sql ] [ DB ] CONNECT:[ UseTime:0.001015s ] mysql:dbname=ctt-ms;host=127.0.0.1;charset=utf8
[ sql ] [ SQL ] SHOW COLUMNS FROM `user` [ RunTime:0.001120s ]
[ sql ] [ SQL ] SELECT * FROM `user` WHERE  `cookie_username` = '73fd2d15f45a8e0bbae9218bd5719f92' LIMIT 1 [ RunTime:0.001040s ]
[ sql ] [ SQL ] SHOW COLUMNS FROM `auth` [ RunTime:0.001163s ]
[ sql ] [ SQL ] SELECT * FROM `auth` WHERE  `uid` = 1 LIMIT 1 [ RunTime:0.000594s ]
[ sql ] [ SQL ] SELECT * FROM `user` WHERE  `area` LIKE '%%' [ RunTime:0.000635s ]
[ sql ] [ SQL ] SELECT * FROM `user` WHERE  `area` LIKE '%%' ORDER BY `id` LIMIT 0,10 [ RunTime:0.000554s ]
[ sql ] [ SQL ] SELECT * FROM `auth` WHERE  `uid` IN (1,3,4,9,12,13) [ RunTime:0.000527s ]
---------------------------------------------------------------
[ 2017-10-21T14:02:21+08:00 ] ::1 ::1 POST /CTT-MS-server/areaquery
[ info ] localhost/CTT-MS-server/areaquery [运行时间：0.063423s][吞吐率：15.77req/s] [内存消耗：3,757.30kb] [文件加载：56]
[ info ] [ LANG ] D:\wamp64\www\CTT-MS-server\thinkphp\lang\zh-cn.php
[ info ] [ ROUTE ] array (
  'type' => 'module',
  'module' => 
  array (
    0 => 'index',
    1 => 'Query',
    2 => 'area',
  ),
  'convert' => false,
)
[ info ] [ HEADER ] array (
  'host' => 'localhost',
  'connection' => 'keep-alive',
  'content-length' => '39',
  'accept' => '*/*',
  'origin' => 'http://localhost',
  'user-agent' => 'Mozilla/5.0 (Windows NT 10.0; Win64; x64) AppleWebKit/537.36 (KHTML, like Gecko) Chrome/61.0.3163.100 Safari/537.36',
  'content-type' => 'application/x-www-form-urlencoded; charset=UTF-8',
  'referer' => 'http://localhost/CTT-MS/add_admin.html',
  'accept-encoding' => 'gzip, deflate, br',
  'accept-language' => 'zh-CN,zh;q=0.8',
  'cookie' => 'Phpstorm-5547fa09=783ade7a-de49-4ae0-b7a2-0e4ea33c1bea; Phpstorm-bd2926e8=857be1c2-e28b-476d-b13e-3a6d848fae47; pgv_pvi=2761342976; _ga=GA1.1.1437015703.1490101787; PHPSESSID=cla3r1hj719b9klrgdo7lqmek4; username=73fd2d15f45a8e0bbae9218bd5719f92',
)
[ info ] [ PARAM ] array (
  'cookie' => '73fd2d15f45a8e0bbae9218bd5719f92',
)
[ info ] [ DB ] INIT mysql
[ info ] [ RUN ] app\index\controller\Query->area[ D:\wamp64\www\CTT-MS-server\application\index\controller\Query.php ]
[ info ] [ LOG ] INIT File
[ sql ] [ DB ] CONNECT:[ UseTime:0.001065s ] mysql:dbname=ctt-ms;host=127.0.0.1;charset=utf8
[ sql ] [ SQL ] SHOW COLUMNS FROM `user` [ RunTime:0.001184s ]
[ sql ] [ SQL ] SELECT * FROM `user` WHERE  `cookie_username` = '73fd2d15f45a8e0bbae9218bd5719f92' LIMIT 1 [ RunTime:0.000625s ]
[ sql ] [ SQL ] SHOW COLUMNS FROM `auth` [ RunTime:0.000917s ]
[ sql ] [ SQL ] SELECT * FROM `auth` WHERE  `uid` = 1 LIMIT 1 [ RunTime:0.000506s ]
[ sql ] [ SQL ] SHOW COLUMNS FROM `area` [ RunTime:0.000900s ]
[ sql ] [ SQL ] SELECT DISTINCT  `province` FROM `area` [ RunTime:0.000436s ]
[ sql ] [ SQL ] SELECT DISTINCT  `city` FROM `area` WHERE  `province` = '四川' [ RunTime:0.000434s ]
[ sql ] [ SQL ] SELECT `district` FROM `area` WHERE  `province` = '四川'  AND `city` = '雅安' [ RunTime:0.000500s ]
[ sql ] [ SQL ] SELECT `district` FROM `area` WHERE  `province` = '四川'  AND `city` = '成都' [ RunTime:0.000458s ]
[ sql ] [ SQL ] SELECT DISTINCT  `city` FROM `area` WHERE  `province` = '湖北' [ RunTime:0.000502s ]
[ sql ] [ SQL ] SELECT `district` FROM `area` WHERE  `province` = '湖北'  AND `city` = '宜昌' [ RunTime:0.000416s ]
[ sql ] [ SQL ] SELECT `district` FROM `area` WHERE  `province` = '湖北'  AND `city` = '恩施' [ RunTime:0.000428s ]
---------------------------------------------------------------
[ 2017-10-21T14:02:25+08:00 ] ::1 ::1 POST /CTT-MS-server/areaquery
[ info ] localhost/CTT-MS-server/areaquery [运行时间：0.076342s][吞吐率：13.10req/s] [内存消耗：3,757.31kb] [文件加载：56]
[ info ] [ LANG ] D:\wamp64\www\CTT-MS-server\thinkphp\lang\zh-cn.php
[ info ] [ ROUTE ] array (
  'type' => 'module',
  'module' => 
  array (
    0 => 'index',
    1 => 'Query',
    2 => 'area',
  ),
  'convert' => false,
)
[ info ] [ HEADER ] array (
  'host' => 'localhost',
  'connection' => 'keep-alive',
  'content-length' => '39',
  'accept' => '*/*',
  'origin' => 'http://localhost',
  'user-agent' => 'Mozilla/5.0 (Windows NT 10.0; Win64; x64) AppleWebKit/537.36 (KHTML, like Gecko) Chrome/61.0.3163.100 Safari/537.36',
  'content-type' => 'application/x-www-form-urlencoded; charset=UTF-8',
  'referer' => 'http://localhost/CTT-MS/category_setting.html',
  'accept-encoding' => 'gzip, deflate, br',
  'accept-language' => 'zh-CN,zh;q=0.8',
  'cookie' => 'Phpstorm-5547fa09=783ade7a-de49-4ae0-b7a2-0e4ea33c1bea; Phpstorm-bd2926e8=857be1c2-e28b-476d-b13e-3a6d848fae47; pgv_pvi=2761342976; _ga=GA1.1.1437015703.1490101787; PHPSESSID=cla3r1hj719b9klrgdo7lqmek4; username=73fd2d15f45a8e0bbae9218bd5719f92',
)
[ info ] [ PARAM ] array (
  'cookie' => '73fd2d15f45a8e0bbae9218bd5719f92',
)
[ info ] [ DB ] INIT mysql
[ info ] [ RUN ] app\index\controller\Query->area[ D:\wamp64\www\CTT-MS-server\application\index\controller\Query.php ]
[ info ] [ LOG ] INIT File
[ sql ] [ DB ] CONNECT:[ UseTime:0.001376s ] mysql:dbname=ctt-ms;host=127.0.0.1;charset=utf8
[ sql ] [ SQL ] SHOW COLUMNS FROM `user` [ RunTime:0.001606s ]
[ sql ] [ SQL ] SELECT * FROM `user` WHERE  `cookie_username` = '73fd2d15f45a8e0bbae9218bd5719f92' LIMIT 1 [ RunTime:0.000816s ]
[ sql ] [ SQL ] SHOW COLUMNS FROM `auth` [ RunTime:0.001145s ]
[ sql ] [ SQL ] SELECT * FROM `auth` WHERE  `uid` = 1 LIMIT 1 [ RunTime:0.000818s ]
[ sql ] [ SQL ] SHOW COLUMNS FROM `area` [ RunTime:0.001064s ]
[ sql ] [ SQL ] SELECT DISTINCT  `province` FROM `area` [ RunTime:0.001319s ]
[ sql ] [ SQL ] SELECT DISTINCT  `city` FROM `area` WHERE  `province` = '四川' [ RunTime:0.000534s ]
[ sql ] [ SQL ] SELECT `district` FROM `area` WHERE  `province` = '四川'  AND `city` = '雅安' [ RunTime:0.000465s ]
[ sql ] [ SQL ] SELECT `district` FROM `area` WHERE  `province` = '四川'  AND `city` = '成都' [ RunTime:0.000466s ]
[ sql ] [ SQL ] SELECT DISTINCT  `city` FROM `area` WHERE  `province` = '湖北' [ RunTime:0.000562s ]
[ sql ] [ SQL ] SELECT `district` FROM `area` WHERE  `province` = '湖北'  AND `city` = '宜昌' [ RunTime:0.000446s ]
[ sql ] [ SQL ] SELECT `district` FROM `area` WHERE  `province` = '湖北'  AND `city` = '恩施' [ RunTime:0.000452s ]
---------------------------------------------------------------
[ 2017-10-21T14:02:25+08:00 ] ::1 ::1 POST /CTT-MS-server/areaquery
[ info ] localhost/CTT-MS-server/areaquery [运行时间：0.066199s][吞吐率：15.11req/s] [内存消耗：3,757.31kb] [文件加载：56]
[ info ] [ LANG ] D:\wamp64\www\CTT-MS-server\thinkphp\lang\zh-cn.php
[ info ] [ ROUTE ] array (
  'type' => 'module',
  'module' => 
  array (
    0 => 'index',
    1 => 'Query',
    2 => 'area',
  ),
  'convert' => false,
)
[ info ] [ HEADER ] array (
  'host' => 'localhost',
  'connection' => 'keep-alive',
  'content-length' => '39',
  'accept' => '*/*',
  'origin' => 'http://localhost',
  'user-agent' => 'Mozilla/5.0 (Windows NT 10.0; Win64; x64) AppleWebKit/537.36 (KHTML, like Gecko) Chrome/61.0.3163.100 Safari/537.36',
  'content-type' => 'application/x-www-form-urlencoded; charset=UTF-8',
  'referer' => 'http://localhost/CTT-MS/category_setting.html',
  'accept-encoding' => 'gzip, deflate, br',
  'accept-language' => 'zh-CN,zh;q=0.8',
  'cookie' => 'Phpstorm-5547fa09=783ade7a-de49-4ae0-b7a2-0e4ea33c1bea; Phpstorm-bd2926e8=857be1c2-e28b-476d-b13e-3a6d848fae47; pgv_pvi=2761342976; _ga=GA1.1.1437015703.1490101787; PHPSESSID=cla3r1hj719b9klrgdo7lqmek4; username=73fd2d15f45a8e0bbae9218bd5719f92',
)
[ info ] [ PARAM ] array (
  'cookie' => '73fd2d15f45a8e0bbae9218bd5719f92',
)
[ info ] [ DB ] INIT mysql
[ info ] [ RUN ] app\index\controller\Query->area[ D:\wamp64\www\CTT-MS-server\application\index\controller\Query.php ]
[ info ] [ LOG ] INIT File
[ sql ] [ DB ] CONNECT:[ UseTime:0.001241s ] mysql:dbname=ctt-ms;host=127.0.0.1;charset=utf8
[ sql ] [ SQL ] SHOW COLUMNS FROM `user` [ RunTime:0.001520s ]
[ sql ] [ SQL ] SELECT * FROM `user` WHERE  `cookie_username` = '73fd2d15f45a8e0bbae9218bd5719f92' LIMIT 1 [ RunTime:0.000986s ]
[ sql ] [ SQL ] SHOW COLUMNS FROM `auth` [ RunTime:0.001520s ]
[ sql ] [ SQL ] SELECT * FROM `auth` WHERE  `uid` = 1 LIMIT 1 [ RunTime:0.000983s ]
[ sql ] [ SQL ] SHOW COLUMNS FROM `area` [ RunTime:0.001291s ]
[ sql ] [ SQL ] SELECT DISTINCT  `province` FROM `area` [ RunTime:0.000661s ]
[ sql ] [ SQL ] SELECT DISTINCT  `city` FROM `area` WHERE  `province` = '四川' [ RunTime:0.000708s ]
[ sql ] [ SQL ] SELECT `district` FROM `area` WHERE  `province` = '四川'  AND `city` = '雅安' [ RunTime:0.000514s ]
[ sql ] [ SQL ] SELECT `district` FROM `area` WHERE  `province` = '四川'  AND `city` = '成都' [ RunTime:0.000480s ]
[ sql ] [ SQL ] SELECT DISTINCT  `city` FROM `area` WHERE  `province` = '湖北' [ RunTime:0.000595s ]
[ sql ] [ SQL ] SELECT `district` FROM `area` WHERE  `province` = '湖北'  AND `city` = '宜昌' [ RunTime:0.000615s ]
[ sql ] [ SQL ] SELECT `district` FROM `area` WHERE  `province` = '湖北'  AND `city` = '恩施' [ RunTime:0.000485s ]
---------------------------------------------------------------
[ 2017-10-21T14:02:25+08:00 ] ::1 ::1 POST /CTT-MS-server/category/check
[ info ] localhost/CTT-MS-server/category/check [运行时间：0.089232s][吞吐率：11.21req/s] [内存消耗：3,796.92kb] [文件加载：59]
[ info ] [ LANG ] D:\wamp64\www\CTT-MS-server\thinkphp\lang\zh-cn.php
[ info ] [ ROUTE ] array (
  'type' => 'module',
  'module' => 
  array (
    0 => 'index',
    1 => 'CategoryManage',
    2 => 'check',
  ),
  'convert' => false,
)
[ info ] [ HEADER ] array (
  'host' => 'localhost',
  'connection' => 'keep-alive',
  'content-length' => '112',
  'accept' => '*/*',
  'origin' => 'http://localhost',
  'user-agent' => 'Mozilla/5.0 (Windows NT 10.0; Win64; x64) AppleWebKit/537.36 (KHTML, like Gecko) Chrome/61.0.3163.100 Safari/537.36',
  'content-type' => 'application/x-www-form-urlencoded; charset=UTF-8',
  'referer' => 'http://localhost/CTT-MS/category_setting.html',
  'accept-encoding' => 'gzip, deflate, br',
  'accept-language' => 'zh-CN,zh;q=0.8',
  'cookie' => 'Phpstorm-5547fa09=783ade7a-de49-4ae0-b7a2-0e4ea33c1bea; Phpstorm-bd2926e8=857be1c2-e28b-476d-b13e-3a6d848fae47; pgv_pvi=2761342976; _ga=GA1.1.1437015703.1490101787; PHPSESSID=cla3r1hj719b9klrgdo7lqmek4; username=73fd2d15f45a8e0bbae9218bd5719f92',
)
[ info ] [ PARAM ] array (
  'cookie' => '73fd2d15f45a8e0bbae9218bd5719f92',
  'query' => '{&quot;pageinfo&quot;:{&quot;curpage&quot;:1,&quot;pageinate&quot;:10},&quot;condition&quot;:{&quot;where&quot;:[]}}',
)
[ info ] [ DB ] INIT mysql
[ info ] [ RUN ] app\index\controller\CategoryManage->check[ D:\wamp64\www\CTT-MS-server\application\index\controller\CategoryManage.php ]
[ info ] [ LOG ] INIT File
[ sql ] [ DB ] CONNECT:[ UseTime:0.001031s ] mysql:dbname=ctt-ms;host=127.0.0.1;charset=utf8
[ sql ] [ SQL ] SHOW COLUMNS FROM `user` [ RunTime:0.001100s ]
[ sql ] [ SQL ] SELECT * FROM `user` WHERE  `cookie_username` = '73fd2d15f45a8e0bbae9218bd5719f92' LIMIT 1 [ RunTime:0.000576s ]
[ sql ] [ SQL ] SHOW COLUMNS FROM `auth` [ RunTime:0.000939s ]
[ sql ] [ SQL ] SELECT * FROM `auth` WHERE  `uid` = 1 LIMIT 1 [ RunTime:0.000422s ]
[ sql ] [ SQL ] SHOW COLUMNS FROM `category` [ RunTime:0.000640s ]
[ sql ] [ SQL ] SELECT * FROM `category` [ RunTime:0.000224s ]
[ sql ] [ SQL ] SELECT * FROM `category` ORDER BY `id` LIMIT 0,10 [ RunTime:0.000203s ]
---------------------------------------------------------------
[ 2017-10-21T14:02:27+08:00 ] ::1 ::1 POST /CTT-MS-server/categoryquery
[ info ] localhost/CTT-MS-server/categoryquery [运行时间：0.070366s][吞吐率：14.21req/s] [内存消耗：3,737.40kb] [文件加载：56]
[ info ] [ LANG ] D:\wamp64\www\CTT-MS-server\thinkphp\lang\zh-cn.php
[ info ] [ ROUTE ] array (
  'type' => 'module',
  'module' => 
  array (
    0 => 'index',
    1 => 'Query',
    2 => 'category',
  ),
  'convert' => false,
)
[ info ] [ HEADER ] array (
  'host' => 'localhost',
  'connection' => 'keep-alive',
  'content-length' => '39',
  'accept' => '*/*',
  'origin' => 'http://localhost',
  'user-agent' => 'Mozilla/5.0 (Windows NT 10.0; Win64; x64) AppleWebKit/537.36 (KHTML, like Gecko) Chrome/61.0.3163.100 Safari/537.36',
  'content-type' => 'application/x-www-form-urlencoded; charset=UTF-8',
  'referer' => 'http://localhost/CTT-MS/stuff_setting.html',
  'accept-encoding' => 'gzip, deflate, br',
  'accept-language' => 'zh-CN,zh;q=0.8',
  'cookie' => 'Phpstorm-5547fa09=783ade7a-de49-4ae0-b7a2-0e4ea33c1bea; Phpstorm-bd2926e8=857be1c2-e28b-476d-b13e-3a6d848fae47; pgv_pvi=2761342976; _ga=GA1.1.1437015703.1490101787; PHPSESSID=cla3r1hj719b9klrgdo7lqmek4; username=73fd2d15f45a8e0bbae9218bd5719f92',
)
[ info ] [ PARAM ] array (
  'cookie' => '73fd2d15f45a8e0bbae9218bd5719f92',
)
[ info ] [ DB ] INIT mysql
[ info ] [ RUN ] app\index\controller\Query->category[ D:\wamp64\www\CTT-MS-server\application\index\controller\Query.php ]
[ info ] [ LOG ] INIT File
[ sql ] [ DB ] CONNECT:[ UseTime:0.001036s ] mysql:dbname=ctt-ms;host=127.0.0.1;charset=utf8
[ sql ] [ SQL ] SHOW COLUMNS FROM `user` [ RunTime:0.001463s ]
[ sql ] [ SQL ] SELECT * FROM `user` WHERE  `cookie_username` = '73fd2d15f45a8e0bbae9218bd5719f92' LIMIT 1 [ RunTime:0.000597s ]
[ sql ] [ SQL ] SHOW COLUMNS FROM `auth` [ RunTime:0.001253s ]
[ sql ] [ SQL ] SELECT * FROM `auth` WHERE  `uid` = 1 LIMIT 1 [ RunTime:0.000712s ]
[ sql ] [ SQL ] SHOW COLUMNS FROM `category` [ RunTime:0.000988s ]
[ sql ] [ SQL ] SELECT `category_name` FROM `category` [ RunTime:0.000281s ]
---------------------------------------------------------------
[ 2017-10-21T14:02:27+08:00 ] ::1 ::1 POST /CTT-MS-server/categoryquery
[ info ] localhost/CTT-MS-server/categoryquery [运行时间：0.065113s][吞吐率：15.36req/s] [内存消耗：3,737.40kb] [文件加载：56]
[ info ] [ LANG ] D:\wamp64\www\CTT-MS-server\thinkphp\lang\zh-cn.php
[ info ] [ ROUTE ] array (
  'type' => 'module',
  'module' => 
  array (
    0 => 'index',
    1 => 'Query',
    2 => 'category',
  ),
  'convert' => false,
)
[ info ] [ HEADER ] array (
  'host' => 'localhost',
  'connection' => 'keep-alive',
  'content-length' => '39',
  'accept' => '*/*',
  'origin' => 'http://localhost',
  'user-agent' => 'Mozilla/5.0 (Windows NT 10.0; Win64; x64) AppleWebKit/537.36 (KHTML, like Gecko) Chrome/61.0.3163.100 Safari/537.36',
  'content-type' => 'application/x-www-form-urlencoded; charset=UTF-8',
  'referer' => 'http://localhost/CTT-MS/stuff_setting.html',
  'accept-encoding' => 'gzip, deflate, br',
  'accept-language' => 'zh-CN,zh;q=0.8',
  'cookie' => 'Phpstorm-5547fa09=783ade7a-de49-4ae0-b7a2-0e4ea33c1bea; Phpstorm-bd2926e8=857be1c2-e28b-476d-b13e-3a6d848fae47; pgv_pvi=2761342976; _ga=GA1.1.1437015703.1490101787; PHPSESSID=cla3r1hj719b9klrgdo7lqmek4; username=73fd2d15f45a8e0bbae9218bd5719f92',
)
[ info ] [ PARAM ] array (
  'cookie' => '73fd2d15f45a8e0bbae9218bd5719f92',
)
[ info ] [ DB ] INIT mysql
[ info ] [ RUN ] app\index\controller\Query->category[ D:\wamp64\www\CTT-MS-server\application\index\controller\Query.php ]
[ info ] [ LOG ] INIT File
[ sql ] [ DB ] CONNECT:[ UseTime:0.000997s ] mysql:dbname=ctt-ms;host=127.0.0.1;charset=utf8
[ sql ] [ SQL ] SHOW COLUMNS FROM `user` [ RunTime:0.001998s ]
[ sql ] [ SQL ] SELECT * FROM `user` WHERE  `cookie_username` = '73fd2d15f45a8e0bbae9218bd5719f92' LIMIT 1 [ RunTime:0.000976s ]
[ sql ] [ SQL ] SHOW COLUMNS FROM `auth` [ RunTime:0.001378s ]
[ sql ] [ SQL ] SELECT * FROM `auth` WHERE  `uid` = 1 LIMIT 1 [ RunTime:0.000857s ]
[ sql ] [ SQL ] SHOW COLUMNS FROM `category` [ RunTime:0.001188s ]
[ sql ] [ SQL ] SELECT `category_name` FROM `category` [ RunTime:0.000513s ]
---------------------------------------------------------------
[ 2017-10-21T14:02:27+08:00 ] ::1 ::1 POST /CTT-MS-server/stuff/check
[ info ] localhost/CTT-MS-server/stuff/check [运行时间：0.110639s][吞吐率：9.04req/s] [内存消耗：3,795.57kb] [文件加载：59]
[ info ] [ LANG ] D:\wamp64\www\CTT-MS-server\thinkphp\lang\zh-cn.php
[ info ] [ ROUTE ] array (
  'type' => 'module',
  'module' => 
  array (
    0 => 'index',
    1 => 'StuffManage',
    2 => 'check',
  ),
  'convert' => false,
)
[ info ] [ HEADER ] array (
  'host' => 'localhost',
  'connection' => 'keep-alive',
  'content-length' => '112',
  'accept' => '*/*',
  'origin' => 'http://localhost',
  'user-agent' => 'Mozilla/5.0 (Windows NT 10.0; Win64; x64) AppleWebKit/537.36 (KHTML, like Gecko) Chrome/61.0.3163.100 Safari/537.36',
  'content-type' => 'application/x-www-form-urlencoded; charset=UTF-8',
  'referer' => 'http://localhost/CTT-MS/stuff_setting.html',
  'accept-encoding' => 'gzip, deflate, br',
  'accept-language' => 'zh-CN,zh;q=0.8',
  'cookie' => 'Phpstorm-5547fa09=783ade7a-de49-4ae0-b7a2-0e4ea33c1bea; Phpstorm-bd2926e8=857be1c2-e28b-476d-b13e-3a6d848fae47; pgv_pvi=2761342976; _ga=GA1.1.1437015703.1490101787; PHPSESSID=cla3r1hj719b9klrgdo7lqmek4; username=73fd2d15f45a8e0bbae9218bd5719f92',
)
[ info ] [ PARAM ] array (
  'cookie' => '73fd2d15f45a8e0bbae9218bd5719f92',
  'query' => '{&quot;pageinfo&quot;:{&quot;curpage&quot;:1,&quot;pageinate&quot;:10},&quot;condition&quot;:{&quot;where&quot;:[]}}',
)
[ info ] [ DB ] INIT mysql
[ info ] [ RUN ] app\index\controller\StuffManage->check[ D:\wamp64\www\CTT-MS-server\application\index\controller\StuffManage.php ]
[ info ] [ LOG ] INIT File
[ sql ] [ DB ] CONNECT:[ UseTime:0.000945s ] mysql:dbname=ctt-ms;host=127.0.0.1;charset=utf8
[ sql ] [ SQL ] SHOW COLUMNS FROM `user` [ RunTime:0.000936s ]
[ sql ] [ SQL ] SELECT * FROM `user` WHERE  `cookie_username` = '73fd2d15f45a8e0bbae9218bd5719f92' LIMIT 1 [ RunTime:0.000518s ]
[ sql ] [ SQL ] SHOW COLUMNS FROM `auth` [ RunTime:0.000891s ]
[ sql ] [ SQL ] SELECT * FROM `auth` WHERE  `uid` = 1 LIMIT 1 [ RunTime:0.001074s ]
[ sql ] [ SQL ] SHOW COLUMNS FROM `stuff` [ RunTime:0.000653s ]
[ sql ] [ SQL ] SELECT * FROM `stuff` [ RunTime:0.000226s ]
[ sql ] [ SQL ] SELECT * FROM `stuff` ORDER BY `id` LIMIT 0,10 [ RunTime:0.000236s ]
---------------------------------------------------------------
[ 2017-10-21T14:02:37+08:00 ] ::1 ::1 POST /CTT-MS-server/stuff/change
[ info ] localhost/CTT-MS-server/stuff/change [运行时间：0.154379s][吞吐率：6.48req/s] [内存消耗：3,857.08kb] [文件加载：62]
[ info ] [ LANG ] D:\wamp64\www\CTT-MS-server\thinkphp\lang\zh-cn.php
[ info ] [ ROUTE ] array (
  'type' => 'module',
  'module' => 
  array (
    0 => 'index',
    1 => 'StuffManage',
    2 => 'change',
  ),
  'convert' => false,
)
[ info ] [ HEADER ] array (
  'host' => 'localhost',
  'connection' => 'keep-alive',
  'content-length' => '108',
  'accept' => '*/*',
  'origin' => 'http://localhost',
  'user-agent' => 'Mozilla/5.0 (Windows NT 10.0; Win64; x64) AppleWebKit/537.36 (KHTML, like Gecko) Chrome/61.0.3163.100 Safari/537.36',
  'content-type' => 'application/x-www-form-urlencoded; charset=UTF-8',
  'referer' => 'http://localhost/CTT-MS/stuff_setting.html',
  'accept-encoding' => 'gzip, deflate, br',
  'accept-language' => 'zh-CN,zh;q=0.8',
  'cookie' => 'Phpstorm-5547fa09=783ade7a-de49-4ae0-b7a2-0e4ea33c1bea; Phpstorm-bd2926e8=857be1c2-e28b-476d-b13e-3a6d848fae47; pgv_pvi=2761342976; _ga=GA1.1.1437015703.1490101787; PHPSESSID=cla3r1hj719b9klrgdo7lqmek4; username=73fd2d15f45a8e0bbae9218bd5719f92',
)
[ info ] [ PARAM ] array (
  'cookie' => '73fd2d15f45a8e0bbae9218bd5719f92',
  'json' => '{&quot;id&quot;:3,&quot;stuff_name&quot;:&quot;2&quot;,&quot;unit&quot;:&quot;米&quot;,&quot;category_name&quot;:&quot;123321&quot;}',
)
[ info ] [ DB ] INIT mysql
[ info ] [ RUN ] app\index\controller\StuffManage->change[ D:\wamp64\www\CTT-MS-server\application\index\controller\StuffManage.php ]
[ info ] [ CACHE ] INIT File
[ info ] [ LOG ] INIT File
[ sql ] [ DB ] CONNECT:[ UseTime:0.000941s ] mysql:dbname=ctt-ms;host=127.0.0.1;charset=utf8
[ sql ] [ SQL ] SHOW COLUMNS FROM `user` [ RunTime:0.002415s ]
[ sql ] [ SQL ] SELECT * FROM `user` WHERE  `cookie_username` = '73fd2d15f45a8e0bbae9218bd5719f92' LIMIT 1 [ RunTime:0.001279s ]
[ sql ] [ SQL ] SHOW COLUMNS FROM `auth` [ RunTime:0.000893s ]
[ sql ] [ SQL ] SELECT * FROM `auth` WHERE  `uid` = 1 LIMIT 1 [ RunTime:0.000629s ]
[ sql ] [ SQL ] SHOW COLUMNS FROM `stuff` [ RunTime:0.000881s ]
[ sql ] [ SQL ] SELECT * FROM `stuff` WHERE  `id` <> 3  AND `stuff_name` = '2' [ RunTime:0.000528s ]
[ sql ] [ SQL ] SHOW COLUMNS FROM `category` [ RunTime:0.000771s ]
[ sql ] [ SQL ] SELECT * FROM `category` WHERE  `category_name` = '123321' LIMIT 1 [ RunTime:0.000454s ]
[ sql ] [ SQL ] UPDATE `stuff`  SET `stuff_name`='2',`unit`='米',`category_name`='123321'  WHERE  `id` = 3 [ RunTime:0.000446s ]
---------------------------------------------------------------
[ 2017-10-21T14:02:39+08:00 ] ::1 ::1 POST /CTT-MS-server/categoryquery
[ info ] localhost/CTT-MS-server/categoryquery [运行时间：0.049215s][吞吐率：20.32req/s] [内存消耗：3,737.40kb] [文件加载：56]
[ info ] [ LANG ] D:\wamp64\www\CTT-MS-server\thinkphp\lang\zh-cn.php
[ info ] [ ROUTE ] array (
  'type' => 'module',
  'module' => 
  array (
    0 => 'index',
    1 => 'Query',
    2 => 'category',
  ),
  'convert' => false,
)
[ info ] [ HEADER ] array (
  'host' => 'localhost',
  'connection' => 'keep-alive',
  'content-length' => '39',
  'accept' => '*/*',
  'origin' => 'http://localhost',
  'user-agent' => 'Mozilla/5.0 (Windows NT 10.0; Win64; x64) AppleWebKit/537.36 (KHTML, like Gecko) Chrome/61.0.3163.100 Safari/537.36',
  'content-type' => 'application/x-www-form-urlencoded; charset=UTF-8',
  'referer' => 'http://localhost/CTT-MS/stuff_setting.html',
  'accept-encoding' => 'gzip, deflate, br',
  'accept-language' => 'zh-CN,zh;q=0.8',
  'cookie' => 'Phpstorm-5547fa09=783ade7a-de49-4ae0-b7a2-0e4ea33c1bea; Phpstorm-bd2926e8=857be1c2-e28b-476d-b13e-3a6d848fae47; pgv_pvi=2761342976; _ga=GA1.1.1437015703.1490101787; PHPSESSID=cla3r1hj719b9klrgdo7lqmek4; username=73fd2d15f45a8e0bbae9218bd5719f92',
)
[ info ] [ PARAM ] array (
  'cookie' => '73fd2d15f45a8e0bbae9218bd5719f92',
)
[ info ] [ DB ] INIT mysql
[ info ] [ RUN ] app\index\controller\Query->category[ D:\wamp64\www\CTT-MS-server\application\index\controller\Query.php ]
[ info ] [ LOG ] INIT File
[ sql ] [ DB ] CONNECT:[ UseTime:0.000920s ] mysql:dbname=ctt-ms;host=127.0.0.1;charset=utf8
[ sql ] [ SQL ] SHOW COLUMNS FROM `user` [ RunTime:0.001068s ]
[ sql ] [ SQL ] SELECT * FROM `user` WHERE  `cookie_username` = '73fd2d15f45a8e0bbae9218bd5719f92' LIMIT 1 [ RunTime:0.000811s ]
[ sql ] [ SQL ] SHOW COLUMNS FROM `auth` [ RunTime:0.000907s ]
[ sql ] [ SQL ] SELECT * FROM `auth` WHERE  `uid` = 1 LIMIT 1 [ RunTime:0.000757s ]
[ sql ] [ SQL ] SHOW COLUMNS FROM `category` [ RunTime:0.001314s ]
[ sql ] [ SQL ] SELECT `category_name` FROM `category` [ RunTime:0.000329s ]
---------------------------------------------------------------
[ 2017-10-21T14:02:39+08:00 ] ::1 ::1 POST /CTT-MS-server/categoryquery
[ info ] localhost/CTT-MS-server/categoryquery [运行时间：0.066414s][吞吐率：15.06req/s] [内存消耗：3,737.40kb] [文件加载：56]
[ info ] [ LANG ] D:\wamp64\www\CTT-MS-server\thinkphp\lang\zh-cn.php
[ info ] [ ROUTE ] array (
  'type' => 'module',
  'module' => 
  array (
    0 => 'index',
    1 => 'Query',
    2 => 'category',
  ),
  'convert' => false,
)
[ info ] [ HEADER ] array (
  'host' => 'localhost',
  'connection' => 'keep-alive',
  'content-length' => '39',
  'accept' => '*/*',
  'origin' => 'http://localhost',
  'user-agent' => 'Mozilla/5.0 (Windows NT 10.0; Win64; x64) AppleWebKit/537.36 (KHTML, like Gecko) Chrome/61.0.3163.100 Safari/537.36',
  'content-type' => 'application/x-www-form-urlencoded; charset=UTF-8',
  'referer' => 'http://localhost/CTT-MS/stuff_setting.html',
  'accept-encoding' => 'gzip, deflate, br',
  'accept-language' => 'zh-CN,zh;q=0.8',
  'cookie' => 'Phpstorm-5547fa09=783ade7a-de49-4ae0-b7a2-0e4ea33c1bea; Phpstorm-bd2926e8=857be1c2-e28b-476d-b13e-3a6d848fae47; pgv_pvi=2761342976; _ga=GA1.1.1437015703.1490101787; PHPSESSID=cla3r1hj719b9klrgdo7lqmek4; username=73fd2d15f45a8e0bbae9218bd5719f92',
)
[ info ] [ PARAM ] array (
  'cookie' => '73fd2d15f45a8e0bbae9218bd5719f92',
)
[ info ] [ DB ] INIT mysql
[ info ] [ RUN ] app\index\controller\Query->category[ D:\wamp64\www\CTT-MS-server\application\index\controller\Query.php ]
[ info ] [ LOG ] INIT File
[ sql ] [ DB ] CONNECT:[ UseTime:0.001088s ] mysql:dbname=ctt-ms;host=127.0.0.1;charset=utf8
[ sql ] [ SQL ] SHOW COLUMNS FROM `user` [ RunTime:0.001640s ]
[ sql ] [ SQL ] SELECT * FROM `user` WHERE  `cookie_username` = '73fd2d15f45a8e0bbae9218bd5719f92' LIMIT 1 [ RunTime:0.000616s ]
[ sql ] [ SQL ] SHOW COLUMNS FROM `auth` [ RunTime:0.001198s ]
[ sql ] [ SQL ] SELECT * FROM `auth` WHERE  `uid` = 1 LIMIT 1 [ RunTime:0.000788s ]
[ sql ] [ SQL ] SHOW COLUMNS FROM `category` [ RunTime:0.000840s ]
[ sql ] [ SQL ] SELECT `category_name` FROM `category` [ RunTime:0.000269s ]
---------------------------------------------------------------
[ 2017-10-21T14:02:39+08:00 ] ::1 ::1 POST /CTT-MS-server/stuff/check
[ info ] localhost/CTT-MS-server/stuff/check [运行时间：0.061757s][吞吐率：16.19req/s] [内存消耗：3,795.55kb] [文件加载：59]
[ info ] [ LANG ] D:\wamp64\www\CTT-MS-server\thinkphp\lang\zh-cn.php
[ info ] [ ROUTE ] array (
  'type' => 'module',
  'module' => 
  array (
    0 => 'index',
    1 => 'StuffManage',
    2 => 'check',
  ),
  'convert' => false,
)
[ info ] [ HEADER ] array (
  'host' => 'localhost',
  'connection' => 'keep-alive',
  'content-length' => '112',
  'accept' => '*/*',
  'origin' => 'http://localhost',
  'user-agent' => 'Mozilla/5.0 (Windows NT 10.0; Win64; x64) AppleWebKit/537.36 (KHTML, like Gecko) Chrome/61.0.3163.100 Safari/537.36',
  'content-type' => 'application/x-www-form-urlencoded; charset=UTF-8',
  'referer' => 'http://localhost/CTT-MS/stuff_setting.html',
  'accept-encoding' => 'gzip, deflate, br',
  'accept-language' => 'zh-CN,zh;q=0.8',
  'cookie' => 'Phpstorm-5547fa09=783ade7a-de49-4ae0-b7a2-0e4ea33c1bea; Phpstorm-bd2926e8=857be1c2-e28b-476d-b13e-3a6d848fae47; pgv_pvi=2761342976; _ga=GA1.1.1437015703.1490101787; PHPSESSID=cla3r1hj719b9klrgdo7lqmek4; username=73fd2d15f45a8e0bbae9218bd5719f92',
)
[ info ] [ PARAM ] array (
  'cookie' => '73fd2d15f45a8e0bbae9218bd5719f92',
  'query' => '{&quot;pageinfo&quot;:{&quot;curpage&quot;:1,&quot;pageinate&quot;:10},&quot;condition&quot;:{&quot;where&quot;:[]}}',
)
[ info ] [ DB ] INIT mysql
[ info ] [ RUN ] app\index\controller\StuffManage->check[ D:\wamp64\www\CTT-MS-server\application\index\controller\StuffManage.php ]
[ info ] [ LOG ] INIT File
[ sql ] [ DB ] CONNECT:[ UseTime:0.000973s ] mysql:dbname=ctt-ms;host=127.0.0.1;charset=utf8
[ sql ] [ SQL ] SHOW COLUMNS FROM `user` [ RunTime:0.001053s ]
[ sql ] [ SQL ] SELECT * FROM `user` WHERE  `cookie_username` = '73fd2d15f45a8e0bbae9218bd5719f92' LIMIT 1 [ RunTime:0.000588s ]
[ sql ] [ SQL ] SHOW COLUMNS FROM `auth` [ RunTime:0.001785s ]
[ sql ] [ SQL ] SELECT * FROM `auth` WHERE  `uid` = 1 LIMIT 1 [ RunTime:0.000710s ]
[ sql ] [ SQL ] SHOW COLUMNS FROM `stuff` [ RunTime:0.000746s ]
[ sql ] [ SQL ] SELECT * FROM `stuff` [ RunTime:0.000463s ]
[ sql ] [ SQL ] SELECT * FROM `stuff` ORDER BY `id` LIMIT 0,10 [ RunTime:0.000522s ]
---------------------------------------------------------------
[ 2017-10-21T14:02:41+08:00 ] ::1 ::1 POST /CTT-MS-server/areaquery
[ info ] localhost/CTT-MS-server/areaquery [运行时间：0.054044s][吞吐率：18.50req/s] [内存消耗：3,757.30kb] [文件加载：56]
[ info ] [ LANG ] D:\wamp64\www\CTT-MS-server\thinkphp\lang\zh-cn.php
[ info ] [ ROUTE ] array (
  'type' => 'module',
  'module' => 
  array (
    0 => 'index',
    1 => 'Query',
    2 => 'area',
  ),
  'convert' => false,
)
[ info ] [ HEADER ] array (
  'host' => 'localhost',
  'connection' => 'keep-alive',
  'content-length' => '39',
  'accept' => '*/*',
  'origin' => 'http://localhost',
  'user-agent' => 'Mozilla/5.0 (Windows NT 10.0; Win64; x64) AppleWebKit/537.36 (KHTML, like Gecko) Chrome/61.0.3163.100 Safari/537.36',
  'content-type' => 'application/x-www-form-urlencoded; charset=UTF-8',
  'referer' => 'http://localhost/CTT-MS/add_staff.html',
  'accept-encoding' => 'gzip, deflate, br',
  'accept-language' => 'zh-CN,zh;q=0.8',
  'cookie' => 'Phpstorm-5547fa09=783ade7a-de49-4ae0-b7a2-0e4ea33c1bea; Phpstorm-bd2926e8=857be1c2-e28b-476d-b13e-3a6d848fae47; pgv_pvi=2761342976; _ga=GA1.1.1437015703.1490101787; PHPSESSID=cla3r1hj719b9klrgdo7lqmek4; username=73fd2d15f45a8e0bbae9218bd5719f92',
)
[ info ] [ PARAM ] array (
  'cookie' => '73fd2d15f45a8e0bbae9218bd5719f92',
)
[ info ] [ DB ] INIT mysql
[ info ] [ RUN ] app\index\controller\Query->area[ D:\wamp64\www\CTT-MS-server\application\index\controller\Query.php ]
[ info ] [ LOG ] INIT File
[ sql ] [ DB ] CONNECT:[ UseTime:0.000991s ] mysql:dbname=ctt-ms;host=127.0.0.1;charset=utf8
[ sql ] [ SQL ] SHOW COLUMNS FROM `user` [ RunTime:0.001080s ]
[ sql ] [ SQL ] SELECT * FROM `user` WHERE  `cookie_username` = '73fd2d15f45a8e0bbae9218bd5719f92' LIMIT 1 [ RunTime:0.000714s ]
[ sql ] [ SQL ] SHOW COLUMNS FROM `auth` [ RunTime:0.001109s ]
[ sql ] [ SQL ] SELECT * FROM `auth` WHERE  `uid` = 1 LIMIT 1 [ RunTime:0.000644s ]
[ sql ] [ SQL ] SHOW COLUMNS FROM `area` [ RunTime:0.001771s ]
[ sql ] [ SQL ] SELECT DISTINCT  `province` FROM `area` [ RunTime:0.000432s ]
[ sql ] [ SQL ] SELECT DISTINCT  `city` FROM `area` WHERE  `province` = '四川' [ RunTime:0.000518s ]
[ sql ] [ SQL ] SELECT `district` FROM `area` WHERE  `province` = '四川'  AND `city` = '雅安' [ RunTime:0.000362s ]
[ sql ] [ SQL ] SELECT `district` FROM `area` WHERE  `province` = '四川'  AND `city` = '成都' [ RunTime:0.000393s ]
[ sql ] [ SQL ] SELECT DISTINCT  `city` FROM `area` WHERE  `province` = '湖北' [ RunTime:0.000483s ]
[ sql ] [ SQL ] SELECT `district` FROM `area` WHERE  `province` = '湖北'  AND `city` = '宜昌' [ RunTime:0.000426s ]
[ sql ] [ SQL ] SELECT `district` FROM `area` WHERE  `province` = '湖北'  AND `city` = '恩施' [ RunTime:0.000356s ]
---------------------------------------------------------------
[ 2017-10-21T14:02:42+08:00 ] ::1 ::1 POST /CTT-MS-server/areaquery
[ info ] localhost/CTT-MS-server/areaquery [运行时间：0.061053s][吞吐率：16.38req/s] [内存消耗：3,757.31kb] [文件加载：56]
[ info ] [ LANG ] D:\wamp64\www\CTT-MS-server\thinkphp\lang\zh-cn.php
[ info ] [ ROUTE ] array (
  'type' => 'module',
  'module' => 
  array (
    0 => 'index',
    1 => 'Query',
    2 => 'area',
  ),
  'convert' => false,
)
[ info ] [ HEADER ] array (
  'host' => 'localhost',
  'connection' => 'keep-alive',
  'content-length' => '39',
  'accept' => '*/*',
  'origin' => 'http://localhost',
  'user-agent' => 'Mozilla/5.0 (Windows NT 10.0; Win64; x64) AppleWebKit/537.36 (KHTML, like Gecko) Chrome/61.0.3163.100 Safari/537.36',
  'content-type' => 'application/x-www-form-urlencoded; charset=UTF-8',
  'referer' => 'http://localhost/CTT-MS/check_staff.html',
  'accept-encoding' => 'gzip, deflate, br',
  'accept-language' => 'zh-CN,zh;q=0.8',
  'cookie' => 'Phpstorm-5547fa09=783ade7a-de49-4ae0-b7a2-0e4ea33c1bea; Phpstorm-bd2926e8=857be1c2-e28b-476d-b13e-3a6d848fae47; pgv_pvi=2761342976; _ga=GA1.1.1437015703.1490101787; PHPSESSID=cla3r1hj719b9klrgdo7lqmek4; username=73fd2d15f45a8e0bbae9218bd5719f92',
)
[ info ] [ PARAM ] array (
  'cookie' => '73fd2d15f45a8e0bbae9218bd5719f92',
)
[ info ] [ DB ] INIT mysql
[ info ] [ RUN ] app\index\controller\Query->area[ D:\wamp64\www\CTT-MS-server\application\index\controller\Query.php ]
[ info ] [ LOG ] INIT File
[ sql ] [ DB ] CONNECT:[ UseTime:0.000858s ] mysql:dbname=ctt-ms;host=127.0.0.1;charset=utf8
[ sql ] [ SQL ] SHOW COLUMNS FROM `user` [ RunTime:0.001130s ]
[ sql ] [ SQL ] SELECT * FROM `user` WHERE  `cookie_username` = '73fd2d15f45a8e0bbae9218bd5719f92' LIMIT 1 [ RunTime:0.000608s ]
[ sql ] [ SQL ] SHOW COLUMNS FROM `auth` [ RunTime:0.001195s ]
[ sql ] [ SQL ] SELECT * FROM `auth` WHERE  `uid` = 1 LIMIT 1 [ RunTime:0.000624s ]
[ sql ] [ SQL ] SHOW COLUMNS FROM `area` [ RunTime:0.001025s ]
[ sql ] [ SQL ] SELECT DISTINCT  `province` FROM `area` [ RunTime:0.000436s ]
[ sql ] [ SQL ] SELECT DISTINCT  `city` FROM `area` WHERE  `province` = '四川' [ RunTime:0.000433s ]
[ sql ] [ SQL ] SELECT `district` FROM `area` WHERE  `province` = '四川'  AND `city` = '雅安' [ RunTime:0.000503s ]
[ sql ] [ SQL ] SELECT `district` FROM `area` WHERE  `province` = '四川'  AND `city` = '成都' [ RunTime:0.000553s ]
[ sql ] [ SQL ] SELECT DISTINCT  `city` FROM `area` WHERE  `province` = '湖北' [ RunTime:0.000582s ]
[ sql ] [ SQL ] SELECT `district` FROM `area` WHERE  `province` = '湖北'  AND `city` = '宜昌' [ RunTime:0.000408s ]
[ sql ] [ SQL ] SELECT `district` FROM `area` WHERE  `province` = '湖北'  AND `city` = '恩施' [ RunTime:0.000441s ]
---------------------------------------------------------------
[ 2017-10-21T14:02:42+08:00 ] ::1 ::1 POST /CTT-MS-server/staff/check
[ info ] localhost/CTT-MS-server/staff/check [运行时间：0.102150s][吞吐率：9.79req/s] [内存消耗：3,853.48kb] [文件加载：59]
[ info ] [ LANG ] D:\wamp64\www\CTT-MS-server\thinkphp\lang\zh-cn.php
[ info ] [ ROUTE ] array (
  'type' => 'module',
  'module' => 
  array (
    0 => 'index',
    1 => 'StaffManage',
    2 => 'check',
  ),
  'convert' => false,
)
[ info ] [ HEADER ] array (
  'host' => 'localhost',
  'connection' => 'keep-alive',
  'content-length' => '122',
  'accept' => '*/*',
  'origin' => 'http://localhost',
  'user-agent' => 'Mozilla/5.0 (Windows NT 10.0; Win64; x64) AppleWebKit/537.36 (KHTML, like Gecko) Chrome/61.0.3163.100 Safari/537.36',
  'content-type' => 'application/x-www-form-urlencoded; charset=UTF-8',
  'referer' => 'http://localhost/CTT-MS/check_staff.html',
  'accept-encoding' => 'gzip, deflate, br',
  'accept-language' => 'zh-CN,zh;q=0.8',
  'cookie' => 'Phpstorm-5547fa09=783ade7a-de49-4ae0-b7a2-0e4ea33c1bea; Phpstorm-bd2926e8=857be1c2-e28b-476d-b13e-3a6d848fae47; pgv_pvi=2761342976; _ga=GA1.1.1437015703.1490101787; PHPSESSID=cla3r1hj719b9klrgdo7lqmek4; username=73fd2d15f45a8e0bbae9218bd5719f92',
)
[ info ] [ PARAM ] array (
  'cookie' => '73fd2d15f45a8e0bbae9218bd5719f92',
  'query' => '{&quot;pageinfo&quot;:{&quot;curpage&quot;:1,&quot;pageinate&quot;:10},&quot;condition&quot;:{&quot;like&quot;:[&quot;area&quot;,&quot;%%&quot;]}}',
)
[ info ] [ DB ] INIT mysql
[ info ] [ RUN ] app\index\controller\StaffManage->check[ D:\wamp64\www\CTT-MS-server\application\index\controller\StaffManage.php ]
[ info ] [ LOG ] INIT File
[ sql ] [ DB ] CONNECT:[ UseTime:0.000996s ] mysql:dbname=ctt-ms;host=127.0.0.1;charset=utf8
[ sql ] [ SQL ] SHOW COLUMNS FROM `user` [ RunTime:0.000970s ]
[ sql ] [ SQL ] SELECT * FROM `user` WHERE  `cookie_username` = '73fd2d15f45a8e0bbae9218bd5719f92' LIMIT 1 [ RunTime:0.000586s ]
[ sql ] [ SQL ] SHOW COLUMNS FROM `auth` [ RunTime:0.000816s ]
[ sql ] [ SQL ] SELECT * FROM `auth` WHERE  `uid` = 1 LIMIT 1 [ RunTime:0.000739s ]
[ sql ] [ SQL ] SHOW COLUMNS FROM `staff` [ RunTime:0.001066s ]
[ sql ] [ SQL ] SELECT * FROM `staff` WHERE  `area` LIKE '%%' [ RunTime:0.000502s ]
[ sql ] [ SQL ] SELECT * FROM `staff` WHERE  `area` LIKE '%%' ORDER BY `id` LIMIT 0,10 [ RunTime:0.000401s ]
---------------------------------------------------------------
[ 2017-10-21T14:02:47+08:00 ] ::1 ::1 POST /CTT-MS-server/staff/check
[ info ] localhost/CTT-MS-server/staff/check [运行时间：0.048979s][吞吐率：20.42req/s] [内存消耗：3,851.80kb] [文件加载：59]
[ info ] [ LANG ] D:\wamp64\www\CTT-MS-server\thinkphp\lang\zh-cn.php
[ info ] [ ROUTE ] array (
  'type' => 'module',
  'module' => 
  array (
    0 => 'index',
    1 => 'StaffManage',
    2 => 'check',
  ),
  'convert' => false,
)
[ info ] [ HEADER ] array (
  'host' => 'localhost',
  'connection' => 'keep-alive',
  'content-length' => '143',
  'accept' => '*/*',
  'origin' => 'http://localhost',
  'user-agent' => 'Mozilla/5.0 (Windows NT 10.0; Win64; x64) AppleWebKit/537.36 (KHTML, like Gecko) Chrome/61.0.3163.100 Safari/537.36',
  'content-type' => 'application/x-www-form-urlencoded; charset=UTF-8',
  'referer' => 'http://localhost/CTT-MS/check_staff.html',
  'accept-encoding' => 'gzip, deflate, br',
  'accept-language' => 'zh-CN,zh;q=0.8',
  'cookie' => 'Phpstorm-5547fa09=783ade7a-de49-4ae0-b7a2-0e4ea33c1bea; Phpstorm-bd2926e8=857be1c2-e28b-476d-b13e-3a6d848fae47; pgv_pvi=2761342976; _ga=GA1.1.1437015703.1490101787; PHPSESSID=cla3r1hj719b9klrgdo7lqmek4; username=73fd2d15f45a8e0bbae9218bd5719f92',
)
[ info ] [ PARAM ] array (
  'cookie' => '73fd2d15f45a8e0bbae9218bd5719f92',
  'query' => '{&quot;pageinfo&quot;:{&quot;curpage&quot;:1,&quot;pageinate&quot;:10},&quot;condition&quot;:{&quot;like&quot;:[&quot;area&quot;,&quot;%四川成都青白江%&quot;]}}',
)
[ info ] [ DB ] INIT mysql
[ info ] [ RUN ] app\index\controller\StaffManage->check[ D:\wamp64\www\CTT-MS-server\application\index\controller\StaffManage.php ]
[ info ] [ LOG ] INIT File
[ sql ] [ DB ] CONNECT:[ UseTime:0.000931s ] mysql:dbname=ctt-ms;host=127.0.0.1;charset=utf8
[ sql ] [ SQL ] SHOW COLUMNS FROM `user` [ RunTime:0.001056s ]
[ sql ] [ SQL ] SELECT * FROM `user` WHERE  `cookie_username` = '73fd2d15f45a8e0bbae9218bd5719f92' LIMIT 1 [ RunTime:0.000639s ]
[ sql ] [ SQL ] SHOW COLUMNS FROM `auth` [ RunTime:0.001511s ]
[ sql ] [ SQL ] SELECT * FROM `auth` WHERE  `uid` = 1 LIMIT 1 [ RunTime:0.000623s ]
[ sql ] [ SQL ] SHOW COLUMNS FROM `staff` [ RunTime:0.000921s ]
[ sql ] [ SQL ] SELECT * FROM `staff` WHERE  `area` LIKE '%四川成都青白江%' [ RunTime:0.000559s ]
[ sql ] [ SQL ] SELECT * FROM `staff` WHERE  `area` LIKE '%四川成都青白江%' ORDER BY `id` LIMIT 0,10 [ RunTime:0.000456s ]
