---------------------------------------------------------------
[ 2017-10-23T22:28:38+08:00 ] ::1 ::1 POST /CTT-MS-server/staff/check
[ info ] localhost/CTT-MS-server/staff/check [运行时间：0.075865s][吞吐率：13.18req/s] [内存消耗：3,863.57kb] [文件加载：59]
[ info ] [ LANG ] D:\wamp64\www\CTT-MS-server\thinkphp\lang\zh-cn.php
[ info ] [ ROUTE ] array (
  'type' => 'module',
  'module' => 
  array (
    0 => 'index',
    1 => 'StaffManage',
    2 => 'check',
  ),
  'convert' => false,
)
[ info ] [ HEADER ] array (
  'host' => 'localhost',
  'connection' => 'keep-alive',
  'content-length' => '150',
  'accept' => '*/*',
  'origin' => 'http://localhost',
  'user-agent' => 'Mozilla/5.0 (Windows NT 10.0; Win64; x64) AppleWebKit/537.36 (KHTML, like Gecko) Chrome/61.0.3163.100 Safari/537.36',
  'content-type' => 'application/x-www-form-urlencoded; charset=UTF-8',
  'referer' => 'http://localhost/CTT-MS/check_staff.html',
  'accept-encoding' => 'gzip, deflate, br',
  'accept-language' => 'zh-CN,zh;q=0.8',
  'cookie' => 'Phpstorm-5547fa09=783ade7a-de49-4ae0-b7a2-0e4ea33c1bea; Phpstorm-bd2926e8=857be1c2-e28b-476d-b13e-3a6d848fae47; pgv_pvi=2761342976; _ga=GA1.1.1437015703.1490101787; PHPSESSID=uhh2jmaffm4fbuncvpakksnad2; username=4beed7b87a70e7c83cb828951d340be9',
)
[ info ] [ PARAM ] array (
  'cookie' => '4beed7b87a70e7c83cb828951d340be9',
  'query' => '{&quot;pageinfo&quot;:{&quot;curpage&quot;:1,&quot;pageinate&quot;:10},&quot;condition&quot;:{&quot;like&quot;:[&quot;area|name|sec_linkman|address&quot;,&quot;%四%&quot;]}}',
)
[ info ] [ DB ] INIT mysql
[ info ] [ RUN ] app\index\controller\StaffManage->check[ D:\wamp64\www\CTT-MS-server\application\index\controller\StaffManage.php ]
[ info ] [ LOG ] INIT File
[ sql ] [ DB ] CONNECT:[ UseTime:0.001281s ] mysql:dbname=ctt-ms;host=127.0.0.1;charset=utf8
[ sql ] [ SQL ] SHOW COLUMNS FROM `user` [ RunTime:0.001725s ]
[ sql ] [ SQL ] SELECT * FROM `user` WHERE  `cookie_username` = '4beed7b87a70e7c83cb828951d340be9' LIMIT 1 [ RunTime:0.001063s ]
[ sql ] [ SQL ] SHOW COLUMNS FROM `auth` [ RunTime:0.001301s ]
[ sql ] [ SQL ] SELECT * FROM `auth` WHERE  `uid` = 1 LIMIT 1 [ RunTime:0.002139s ]
[ sql ] [ SQL ] SHOW COLUMNS FROM `staff` [ RunTime:0.001617s ]
[ sql ] [ SQL ] SELECT * FROM `staff` WHERE  ( `area` LIKE '%四%' OR `name` LIKE '%四%' OR `sec_linkman` LIKE '%四%' OR `address` LIKE '%四%' ) [ RunTime:0.001050s ]
[ sql ] [ SQL ] SELECT * FROM `staff` WHERE  ( `area` LIKE '%四%' OR `name` LIKE '%四%' OR `sec_linkman` LIKE '%四%' OR `address` LIKE '%四%' ) ORDER BY `id` LIMIT 0,10 [ RunTime:0.000775s ]
---------------------------------------------------------------
[ 2017-10-23T22:28:39+08:00 ] ::1 ::1 POST /CTT-MS-server/staff/check
[ info ] localhost/CTT-MS-server/staff/check [运行时间：0.063101s][吞吐率：15.85req/s] [内存消耗：3,863.31kb] [文件加载：59]
[ info ] [ LANG ] D:\wamp64\www\CTT-MS-server\thinkphp\lang\zh-cn.php
[ info ] [ ROUTE ] array (
  'type' => 'module',
  'module' => 
  array (
    0 => 'index',
    1 => 'StaffManage',
    2 => 'check',
  ),
  'convert' => false,
)
[ info ] [ HEADER ] array (
  'host' => 'localhost',
  'connection' => 'keep-alive',
  'content-length' => '150',
  'accept' => '*/*',
  'origin' => 'http://localhost',
  'user-agent' => 'Mozilla/5.0 (Windows NT 10.0; Win64; x64) AppleWebKit/537.36 (KHTML, like Gecko) Chrome/61.0.3163.100 Safari/537.36',
  'content-type' => 'application/x-www-form-urlencoded; charset=UTF-8',
  'referer' => 'http://localhost/CTT-MS/check_staff.html',
  'accept-encoding' => 'gzip, deflate, br',
  'accept-language' => 'zh-CN,zh;q=0.8',
  'cookie' => 'Phpstorm-5547fa09=783ade7a-de49-4ae0-b7a2-0e4ea33c1bea; Phpstorm-bd2926e8=857be1c2-e28b-476d-b13e-3a6d848fae47; pgv_pvi=2761342976; _ga=GA1.1.1437015703.1490101787; PHPSESSID=uhh2jmaffm4fbuncvpakksnad2; username=4beed7b87a70e7c83cb828951d340be9',
)
[ info ] [ PARAM ] array (
  'cookie' => '4beed7b87a70e7c83cb828951d340be9',
  'query' => '{&quot;pageinfo&quot;:{&quot;curpage&quot;:1,&quot;pageinate&quot;:10},&quot;condition&quot;:{&quot;like&quot;:[&quot;area|name|sec_linkman|address&quot;,&quot;%四%&quot;]}}',
)
[ info ] [ DB ] INIT mysql
[ info ] [ RUN ] app\index\controller\StaffManage->check[ D:\wamp64\www\CTT-MS-server\application\index\controller\StaffManage.php ]
[ info ] [ LOG ] INIT File
[ sql ] [ DB ] CONNECT:[ UseTime:0.000878s ] mysql:dbname=ctt-ms;host=127.0.0.1;charset=utf8
[ sql ] [ SQL ] SHOW COLUMNS FROM `user` [ RunTime:0.001033s ]
[ sql ] [ SQL ] SELECT * FROM `user` WHERE  `cookie_username` = '4beed7b87a70e7c83cb828951d340be9' LIMIT 1 [ RunTime:0.000599s ]
[ sql ] [ SQL ] SHOW COLUMNS FROM `auth` [ RunTime:0.001331s ]
[ sql ] [ SQL ] SELECT * FROM `auth` WHERE  `uid` = 1 LIMIT 1 [ RunTime:0.000585s ]
[ sql ] [ SQL ] SHOW COLUMNS FROM `staff` [ RunTime:0.000881s ]
[ sql ] [ SQL ] SELECT * FROM `staff` WHERE  ( `area` LIKE '%四%' OR `name` LIKE '%四%' OR `sec_linkman` LIKE '%四%' OR `address` LIKE '%四%' ) [ RunTime:0.000597s ]
[ sql ] [ SQL ] SELECT * FROM `staff` WHERE  ( `area` LIKE '%四%' OR `name` LIKE '%四%' OR `sec_linkman` LIKE '%四%' OR `address` LIKE '%四%' ) ORDER BY `id` LIMIT 0,10 [ RunTime:0.000534s ]
---------------------------------------------------------------
[ 2017-10-23T22:28:51+08:00 ] ::1 ::1 POST /CTT-MS-server/areaquery
[ info ] localhost/CTT-MS-server/areaquery [运行时间：0.055380s][吞吐率：18.06req/s] [内存消耗：3,751.34kb] [文件加载：56]
[ info ] [ LANG ] D:\wamp64\www\CTT-MS-server\thinkphp\lang\zh-cn.php
[ info ] [ ROUTE ] array (
  'type' => 'module',
  'module' => 
  array (
    0 => 'index',
    1 => 'Query',
    2 => 'area',
  ),
  'convert' => false,
)
[ info ] [ HEADER ] array (
  'host' => 'localhost',
  'connection' => 'keep-alive',
  'content-length' => '39',
  'accept' => '*/*',
  'origin' => 'http://localhost',
  'user-agent' => 'Mozilla/5.0 (Windows NT 10.0; Win64; x64) AppleWebKit/537.36 (KHTML, like Gecko) Chrome/61.0.3163.100 Safari/537.36',
  'content-type' => 'application/x-www-form-urlencoded; charset=UTF-8',
  'referer' => 'http://localhost/CTT-MS/add_admin.html',
  'accept-encoding' => 'gzip, deflate, br',
  'accept-language' => 'zh-CN,zh;q=0.8',
  'cookie' => 'Phpstorm-5547fa09=783ade7a-de49-4ae0-b7a2-0e4ea33c1bea; Phpstorm-bd2926e8=857be1c2-e28b-476d-b13e-3a6d848fae47; pgv_pvi=2761342976; _ga=GA1.1.1437015703.1490101787; PHPSESSID=uhh2jmaffm4fbuncvpakksnad2; username=4beed7b87a70e7c83cb828951d340be9',
)
[ info ] [ PARAM ] array (
  'cookie' => '4beed7b87a70e7c83cb828951d340be9',
)
[ info ] [ DB ] INIT mysql
[ info ] [ RUN ] app\index\controller\Query->area[ D:\wamp64\www\CTT-MS-server\application\index\controller\Query.php ]
[ info ] [ LOG ] INIT File
[ sql ] [ DB ] CONNECT:[ UseTime:0.001045s ] mysql:dbname=ctt-ms;host=127.0.0.1;charset=utf8
[ sql ] [ SQL ] SHOW COLUMNS FROM `user` [ RunTime:0.000959s ]
[ sql ] [ SQL ] SELECT * FROM `user` WHERE  `cookie_username` = '4beed7b87a70e7c83cb828951d340be9' LIMIT 1 [ RunTime:0.000598s ]
[ sql ] [ SQL ] SHOW COLUMNS FROM `auth` [ RunTime:0.001279s ]
[ sql ] [ SQL ] SELECT * FROM `auth` WHERE  `uid` = 1 LIMIT 1 [ RunTime:0.000937s ]
[ sql ] [ SQL ] SHOW COLUMNS FROM `area` [ RunTime:0.001129s ]
[ sql ] [ SQL ] SELECT DISTINCT  `province` FROM `area` [ RunTime:0.000364s ]
[ sql ] [ SQL ] SELECT DISTINCT  `city` FROM `area` WHERE  `province` = '四川' [ RunTime:0.000330s ]
[ sql ] [ SQL ] SELECT `district` FROM `area` WHERE  `province` = '四川'  AND `city` = '眉山' [ RunTime:0.000342s ]
---------------------------------------------------------------
[ 2017-10-23T22:28:52+08:00 ] ::1 ::1 POST /CTT-MS-server/areaquery
[ info ] localhost/CTT-MS-server/areaquery [运行时间：0.081929s][吞吐率：12.21req/s] [内存消耗：3,751.36kb] [文件加载：56]
[ info ] [ LANG ] D:\wamp64\www\CTT-MS-server\thinkphp\lang\zh-cn.php
[ info ] [ ROUTE ] array (
  'type' => 'module',
  'module' => 
  array (
    0 => 'index',
    1 => 'Query',
    2 => 'area',
  ),
  'convert' => false,
)
[ info ] [ HEADER ] array (
  'host' => 'localhost',
  'connection' => 'keep-alive',
  'content-length' => '39',
  'accept' => '*/*',
  'origin' => 'http://localhost',
  'user-agent' => 'Mozilla/5.0 (Windows NT 10.0; Win64; x64) AppleWebKit/537.36 (KHTML, like Gecko) Chrome/61.0.3163.100 Safari/537.36',
  'content-type' => 'application/x-www-form-urlencoded; charset=UTF-8',
  'referer' => 'http://localhost/CTT-MS/check_admin.html',
  'accept-encoding' => 'gzip, deflate, br',
  'accept-language' => 'zh-CN,zh;q=0.8',
  'cookie' => 'Phpstorm-5547fa09=783ade7a-de49-4ae0-b7a2-0e4ea33c1bea; Phpstorm-bd2926e8=857be1c2-e28b-476d-b13e-3a6d848fae47; pgv_pvi=2761342976; _ga=GA1.1.1437015703.1490101787; PHPSESSID=uhh2jmaffm4fbuncvpakksnad2; username=4beed7b87a70e7c83cb828951d340be9',
)
[ info ] [ PARAM ] array (
  'cookie' => '4beed7b87a70e7c83cb828951d340be9',
)
[ info ] [ DB ] INIT mysql
[ info ] [ RUN ] app\index\controller\Query->area[ D:\wamp64\www\CTT-MS-server\application\index\controller\Query.php ]
[ info ] [ LOG ] INIT File
[ sql ] [ DB ] CONNECT:[ UseTime:0.000876s ] mysql:dbname=ctt-ms;host=127.0.0.1;charset=utf8
[ sql ] [ SQL ] SHOW COLUMNS FROM `user` [ RunTime:0.001459s ]
[ sql ] [ SQL ] SELECT * FROM `user` WHERE  `cookie_username` = '4beed7b87a70e7c83cb828951d340be9' LIMIT 1 [ RunTime:0.000843s ]
[ sql ] [ SQL ] SHOW COLUMNS FROM `auth` [ RunTime:0.000983s ]
[ sql ] [ SQL ] SELECT * FROM `auth` WHERE  `uid` = 1 LIMIT 1 [ RunTime:0.000527s ]
[ sql ] [ SQL ] SHOW COLUMNS FROM `area` [ RunTime:0.001745s ]
[ sql ] [ SQL ] SELECT DISTINCT  `province` FROM `area` [ RunTime:0.000420s ]
[ sql ] [ SQL ] SELECT DISTINCT  `city` FROM `area` WHERE  `province` = '四川' [ RunTime:0.000379s ]
[ sql ] [ SQL ] SELECT `district` FROM `area` WHERE  `province` = '四川'  AND `city` = '眉山' [ RunTime:0.001033s ]
---------------------------------------------------------------
[ 2017-10-23T22:28:53+08:00 ] ::1 ::1 POST /CTT-MS-server/user/check
[ info ] localhost/CTT-MS-server/user/check [运行时间：0.076821s][吞吐率：13.02req/s] [内存消耗：3,854.16kb] [文件加载：59]
[ info ] [ LANG ] D:\wamp64\www\CTT-MS-server\thinkphp\lang\zh-cn.php
[ info ] [ ROUTE ] array (
  'type' => 'module',
  'module' => 
  array (
    0 => 'index',
    1 => 'UserManage',
    2 => 'check',
  ),
  'convert' => false,
)
[ info ] [ HEADER ] array (
  'host' => 'localhost',
  'connection' => 'keep-alive',
  'content-length' => '102',
  'accept' => 'application/json, text/javascript, */*; q=0.01',
  'origin' => 'http://localhost',
  'user-agent' => 'Mozilla/5.0 (Windows NT 10.0; Win64; x64) AppleWebKit/537.36 (KHTML, like Gecko) Chrome/61.0.3163.100 Safari/537.36',
  'content-type' => 'application/x-www-form-urlencoded; charset=UTF-8',
  'referer' => 'http://localhost/CTT-MS/check_admin.html',
  'accept-encoding' => 'gzip, deflate, br',
  'accept-language' => 'zh-CN,zh;q=0.8',
  'cookie' => 'Phpstorm-5547fa09=783ade7a-de49-4ae0-b7a2-0e4ea33c1bea; Phpstorm-bd2926e8=857be1c2-e28b-476d-b13e-3a6d848fae47; pgv_pvi=2761342976; _ga=GA1.1.1437015703.1490101787; PHPSESSID=uhh2jmaffm4fbuncvpakksnad2; username=4beed7b87a70e7c83cb828951d340be9',
)
[ info ] [ PARAM ] array (
  'cookie' => '4beed7b87a70e7c83cb828951d340be9',
  'query' => '{&quot;pageinfo&quot;:{&quot;curpage&quot;:1,&quot;pageinate&quot;:10},&quot;condition&quot;:{}}',
)
[ info ] [ DB ] INIT mysql
[ info ] [ RUN ] app\index\controller\UserManage->check[ D:\wamp64\www\CTT-MS-server\application\index\controller\UserManage.php ]
[ info ] [ LOG ] INIT File
[ sql ] [ DB ] CONNECT:[ UseTime:0.001574s ] mysql:dbname=ctt-ms;host=127.0.0.1;charset=utf8
[ sql ] [ SQL ] SHOW COLUMNS FROM `user` [ RunTime:0.002914s ]
[ sql ] [ SQL ] SELECT * FROM `user` WHERE  `cookie_username` = '4beed7b87a70e7c83cb828951d340be9' LIMIT 1 [ RunTime:0.001335s ]
[ sql ] [ SQL ] SHOW COLUMNS FROM `auth` [ RunTime:0.002839s ]
[ sql ] [ SQL ] SELECT * FROM `auth` WHERE  `uid` = 1 LIMIT 1 [ RunTime:0.000837s ]
[ sql ] [ SQL ] SELECT * FROM `user` [ RunTime:0.000455s ]
[ sql ] [ SQL ] SELECT * FROM `user` ORDER BY `id` LIMIT 0,10 [ RunTime:0.000372s ]
[ sql ] [ SQL ] SELECT * FROM `auth` WHERE  `uid` IN (1,2,4) [ RunTime:0.000507s ]
---------------------------------------------------------------
[ 2017-10-23T22:28:54+08:00 ] ::1 ::1 POST /CTT-MS-server/areaquery
[ info ] localhost/CTT-MS-server/areaquery [运行时间：0.055387s][吞吐率：18.05req/s] [内存消耗：3,751.34kb] [文件加载：56]
[ info ] [ LANG ] D:\wamp64\www\CTT-MS-server\thinkphp\lang\zh-cn.php
[ info ] [ ROUTE ] array (
  'type' => 'module',
  'module' => 
  array (
    0 => 'index',
    1 => 'Query',
    2 => 'area',
  ),
  'convert' => false,
)
[ info ] [ HEADER ] array (
  'host' => 'localhost',
  'connection' => 'keep-alive',
  'content-length' => '39',
  'accept' => '*/*',
  'origin' => 'http://localhost',
  'user-agent' => 'Mozilla/5.0 (Windows NT 10.0; Win64; x64) AppleWebKit/537.36 (KHTML, like Gecko) Chrome/61.0.3163.100 Safari/537.36',
  'content-type' => 'application/x-www-form-urlencoded; charset=UTF-8',
  'referer' => 'http://localhost/CTT-MS/add_admin.html',
  'accept-encoding' => 'gzip, deflate, br',
  'accept-language' => 'zh-CN,zh;q=0.8',
  'cookie' => 'Phpstorm-5547fa09=783ade7a-de49-4ae0-b7a2-0e4ea33c1bea; Phpstorm-bd2926e8=857be1c2-e28b-476d-b13e-3a6d848fae47; pgv_pvi=2761342976; _ga=GA1.1.1437015703.1490101787; PHPSESSID=uhh2jmaffm4fbuncvpakksnad2; username=4beed7b87a70e7c83cb828951d340be9',
)
[ info ] [ PARAM ] array (
  'cookie' => '4beed7b87a70e7c83cb828951d340be9',
)
[ info ] [ DB ] INIT mysql
[ info ] [ RUN ] app\index\controller\Query->area[ D:\wamp64\www\CTT-MS-server\application\index\controller\Query.php ]
[ info ] [ LOG ] INIT File
[ sql ] [ DB ] CONNECT:[ UseTime:0.001672s ] mysql:dbname=ctt-ms;host=127.0.0.1;charset=utf8
[ sql ] [ SQL ] SHOW COLUMNS FROM `user` [ RunTime:0.001900s ]
[ sql ] [ SQL ] SELECT * FROM `user` WHERE  `cookie_username` = '4beed7b87a70e7c83cb828951d340be9' LIMIT 1 [ RunTime:0.000677s ]
[ sql ] [ SQL ] SHOW COLUMNS FROM `auth` [ RunTime:0.001134s ]
[ sql ] [ SQL ] SELECT * FROM `auth` WHERE  `uid` = 1 LIMIT 1 [ RunTime:0.000672s ]
[ sql ] [ SQL ] SHOW COLUMNS FROM `area` [ RunTime:0.000748s ]
[ sql ] [ SQL ] SELECT DISTINCT  `province` FROM `area` [ RunTime:0.000252s ]
[ sql ] [ SQL ] SELECT DISTINCT  `city` FROM `area` WHERE  `province` = '四川' [ RunTime:0.000277s ]
[ sql ] [ SQL ] SELECT `district` FROM `area` WHERE  `province` = '四川'  AND `city` = '眉山' [ RunTime:0.000311s ]
---------------------------------------------------------------
[ 2017-10-23T22:28:56+08:00 ] ::1 ::1 POST /CTT-MS-server/areaquery
[ info ] localhost/CTT-MS-server/areaquery [运行时间：0.067621s][吞吐率：14.79req/s] [内存消耗：3,751.36kb] [文件加载：56]
[ info ] [ LANG ] D:\wamp64\www\CTT-MS-server\thinkphp\lang\zh-cn.php
[ info ] [ ROUTE ] array (
  'type' => 'module',
  'module' => 
  array (
    0 => 'index',
    1 => 'Query',
    2 => 'area',
  ),
  'convert' => false,
)
[ info ] [ HEADER ] array (
  'host' => 'localhost',
  'connection' => 'keep-alive',
  'content-length' => '39',
  'accept' => '*/*',
  'origin' => 'http://localhost',
  'user-agent' => 'Mozilla/5.0 (Windows NT 10.0; Win64; x64) AppleWebKit/537.36 (KHTML, like Gecko) Chrome/61.0.3163.100 Safari/537.36',
  'content-type' => 'application/x-www-form-urlencoded; charset=UTF-8',
  'referer' => 'http://localhost/CTT-MS/check_admin.html',
  'accept-encoding' => 'gzip, deflate, br',
  'accept-language' => 'zh-CN,zh;q=0.8',
  'cookie' => 'Phpstorm-5547fa09=783ade7a-de49-4ae0-b7a2-0e4ea33c1bea; Phpstorm-bd2926e8=857be1c2-e28b-476d-b13e-3a6d848fae47; pgv_pvi=2761342976; _ga=GA1.1.1437015703.1490101787; PHPSESSID=uhh2jmaffm4fbuncvpakksnad2; username=4beed7b87a70e7c83cb828951d340be9',
)
[ info ] [ PARAM ] array (
  'cookie' => '4beed7b87a70e7c83cb828951d340be9',
)
[ info ] [ DB ] INIT mysql
[ info ] [ RUN ] app\index\controller\Query->area[ D:\wamp64\www\CTT-MS-server\application\index\controller\Query.php ]
[ info ] [ LOG ] INIT File
[ sql ] [ DB ] CONNECT:[ UseTime:0.001630s ] mysql:dbname=ctt-ms;host=127.0.0.1;charset=utf8
[ sql ] [ SQL ] SHOW COLUMNS FROM `user` [ RunTime:0.006404s ]
[ sql ] [ SQL ] SELECT * FROM `user` WHERE  `cookie_username` = '4beed7b87a70e7c83cb828951d340be9' LIMIT 1 [ RunTime:0.001010s ]
[ sql ] [ SQL ] SHOW COLUMNS FROM `auth` [ RunTime:0.001126s ]
[ sql ] [ SQL ] SELECT * FROM `auth` WHERE  `uid` = 1 LIMIT 1 [ RunTime:0.000747s ]
[ sql ] [ SQL ] SHOW COLUMNS FROM `area` [ RunTime:0.001039s ]
[ sql ] [ SQL ] SELECT DISTINCT  `province` FROM `area` [ RunTime:0.000395s ]
[ sql ] [ SQL ] SELECT DISTINCT  `city` FROM `area` WHERE  `province` = '四川' [ RunTime:0.000475s ]
[ sql ] [ SQL ] SELECT `district` FROM `area` WHERE  `province` = '四川'  AND `city` = '眉山' [ RunTime:0.000530s ]
---------------------------------------------------------------
[ 2017-10-23T22:28:56+08:00 ] ::1 ::1 POST /CTT-MS-server/user/check
[ info ] localhost/CTT-MS-server/user/check [运行时间：0.074322s][吞吐率：13.45req/s] [内存消耗：3,854.16kb] [文件加载：59]
[ info ] [ LANG ] D:\wamp64\www\CTT-MS-server\thinkphp\lang\zh-cn.php
[ info ] [ ROUTE ] array (
  'type' => 'module',
  'module' => 
  array (
    0 => 'index',
    1 => 'UserManage',
    2 => 'check',
  ),
  'convert' => false,
)
[ info ] [ HEADER ] array (
  'host' => 'localhost',
  'connection' => 'keep-alive',
  'content-length' => '102',
  'accept' => 'application/json, text/javascript, */*; q=0.01',
  'origin' => 'http://localhost',
  'user-agent' => 'Mozilla/5.0 (Windows NT 10.0; Win64; x64) AppleWebKit/537.36 (KHTML, like Gecko) Chrome/61.0.3163.100 Safari/537.36',
  'content-type' => 'application/x-www-form-urlencoded; charset=UTF-8',
  'referer' => 'http://localhost/CTT-MS/check_admin.html',
  'accept-encoding' => 'gzip, deflate, br',
  'accept-language' => 'zh-CN,zh;q=0.8',
  'cookie' => 'Phpstorm-5547fa09=783ade7a-de49-4ae0-b7a2-0e4ea33c1bea; Phpstorm-bd2926e8=857be1c2-e28b-476d-b13e-3a6d848fae47; pgv_pvi=2761342976; _ga=GA1.1.1437015703.1490101787; PHPSESSID=uhh2jmaffm4fbuncvpakksnad2; username=4beed7b87a70e7c83cb828951d340be9',
)
[ info ] [ PARAM ] array (
  'cookie' => '4beed7b87a70e7c83cb828951d340be9',
  'query' => '{&quot;pageinfo&quot;:{&quot;curpage&quot;:1,&quot;pageinate&quot;:10},&quot;condition&quot;:{}}',
)
[ info ] [ DB ] INIT mysql
[ info ] [ RUN ] app\index\controller\UserManage->check[ D:\wamp64\www\CTT-MS-server\application\index\controller\UserManage.php ]
[ info ] [ LOG ] INIT File
[ sql ] [ DB ] CONNECT:[ UseTime:0.003385s ] mysql:dbname=ctt-ms;host=127.0.0.1;charset=utf8
[ sql ] [ SQL ] SHOW COLUMNS FROM `user` [ RunTime:0.001655s ]
[ sql ] [ SQL ] SELECT * FROM `user` WHERE  `cookie_username` = '4beed7b87a70e7c83cb828951d340be9' LIMIT 1 [ RunTime:0.001097s ]
[ sql ] [ SQL ] SHOW COLUMNS FROM `auth` [ RunTime:0.001409s ]
[ sql ] [ SQL ] SELECT * FROM `auth` WHERE  `uid` = 1 LIMIT 1 [ RunTime:0.000588s ]
[ sql ] [ SQL ] SELECT * FROM `user` [ RunTime:0.000389s ]
[ sql ] [ SQL ] SELECT * FROM `user` ORDER BY `id` LIMIT 0,10 [ RunTime:0.000447s ]
[ sql ] [ SQL ] SELECT * FROM `auth` WHERE  `uid` IN (1,2,4) [ RunTime:0.000841s ]
---------------------------------------------------------------
[ 2017-10-23T22:29:00+08:00 ] ::1 ::1 POST /CTT-MS-server/user/check
[ info ] localhost/CTT-MS-server/user/check [运行时间：0.054621s][吞吐率：18.31req/s] [内存消耗：3,827.93kb] [文件加载：63]
[ info ] [ LANG ] D:\wamp64\www\CTT-MS-server\thinkphp\lang\zh-cn.php
[ info ] [ ROUTE ] array (
  'type' => 'module',
  'module' => 
  array (
    0 => 'index',
    1 => 'UserManage',
    2 => 'check',
  ),
  'convert' => false,
)
[ info ] [ HEADER ] array (
  'host' => 'localhost',
  'connection' => 'keep-alive',
  'content-length' => '150',
  'accept' => 'application/json, text/javascript, */*; q=0.01',
  'origin' => 'http://localhost',
  'user-agent' => 'Mozilla/5.0 (Windows NT 10.0; Win64; x64) AppleWebKit/537.36 (KHTML, like Gecko) Chrome/61.0.3163.100 Safari/537.36',
  'content-type' => 'application/x-www-form-urlencoded; charset=UTF-8',
  'referer' => 'http://localhost/CTT-MS/check_admin.html',
  'accept-encoding' => 'gzip, deflate, br',
  'accept-language' => 'zh-CN,zh;q=0.8',
  'cookie' => 'Phpstorm-5547fa09=783ade7a-de49-4ae0-b7a2-0e4ea33c1bea; Phpstorm-bd2926e8=857be1c2-e28b-476d-b13e-3a6d848fae47; pgv_pvi=2761342976; _ga=GA1.1.1437015703.1490101787; PHPSESSID=uhh2jmaffm4fbuncvpakksnad2; username=4beed7b87a70e7c83cb828951d340be9',
)
[ info ] [ PARAM ] array (
  'cookie' => '4beed7b87a70e7c83cb828951d340be9',
  'query' => '{&quot;pageinfo&quot;:{&quot;curpage&quot;:1,&quot;pageinate&quot;:10},&quot;condition&quot;:{&quot;like&quot;:[&quot;area|name|sec_linkman|address&quot;,&quot;%四%&quot;]}}',
)
[ info ] [ DB ] INIT mysql
[ info ] [ RUN ] app\index\controller\UserManage->check[ D:\wamp64\www\CTT-MS-server\application\index\controller\UserManage.php ]
[ info ] [ LOG ] INIT File
[ sql ] [ DB ] CONNECT:[ UseTime:0.000901s ] mysql:dbname=ctt-ms;host=127.0.0.1;charset=utf8
[ sql ] [ SQL ] SHOW COLUMNS FROM `user` [ RunTime:0.000984s ]
[ sql ] [ SQL ] SELECT * FROM `user` WHERE  `cookie_username` = '4beed7b87a70e7c83cb828951d340be9' LIMIT 1 [ RunTime:0.000562s ]
[ sql ] [ SQL ] SHOW COLUMNS FROM `auth` [ RunTime:0.000862s ]
[ sql ] [ SQL ] SELECT * FROM `auth` WHERE  `uid` = 1 LIMIT 1 [ RunTime:0.000517s ]
[ error ] [10501]SQLSTATE[42S22]: Column not found: 1054 Unknown column 'sec_linkman' in 'where clause'[D:\wamp64\www\CTT-MS-server\thinkphp\library\think\db\Connection.php:388]
---------------------------------------------------------------
[ 2017-10-23T22:30:08+08:00 ] ::1 ::1 POST /CTT-MS-server/areaquery
[ info ] localhost/CTT-MS-server/areaquery [运行时间：0.065430s][吞吐率：15.28req/s] [内存消耗：3,751.36kb] [文件加载：56]
[ info ] [ LANG ] D:\wamp64\www\CTT-MS-server\thinkphp\lang\zh-cn.php
[ info ] [ ROUTE ] array (
  'type' => 'module',
  'module' => 
  array (
    0 => 'index',
    1 => 'Query',
    2 => 'area',
  ),
  'convert' => false,
)
[ info ] [ HEADER ] array (
  'host' => 'localhost',
  'connection' => 'keep-alive',
  'content-length' => '39',
  'accept' => '*/*',
  'origin' => 'http://localhost',
  'user-agent' => 'Mozilla/5.0 (Windows NT 10.0; Win64; x64) AppleWebKit/537.36 (KHTML, like Gecko) Chrome/61.0.3163.100 Safari/537.36',
  'content-type' => 'application/x-www-form-urlencoded; charset=UTF-8',
  'referer' => 'http://localhost/CTT-MS/check_staff.html',
  'accept-encoding' => 'gzip, deflate, br',
  'accept-language' => 'zh-CN,zh;q=0.8',
  'cookie' => 'Phpstorm-5547fa09=783ade7a-de49-4ae0-b7a2-0e4ea33c1bea; Phpstorm-bd2926e8=857be1c2-e28b-476d-b13e-3a6d848fae47; pgv_pvi=2761342976; _ga=GA1.1.1437015703.1490101787; PHPSESSID=uhh2jmaffm4fbuncvpakksnad2; username=4beed7b87a70e7c83cb828951d340be9',
)
[ info ] [ PARAM ] array (
  'cookie' => '4beed7b87a70e7c83cb828951d340be9',
)
[ info ] [ DB ] INIT mysql
[ info ] [ RUN ] app\index\controller\Query->area[ D:\wamp64\www\CTT-MS-server\application\index\controller\Query.php ]
[ info ] [ LOG ] INIT File
[ sql ] [ DB ] CONNECT:[ UseTime:0.001583s ] mysql:dbname=ctt-ms;host=127.0.0.1;charset=utf8
[ sql ] [ SQL ] SHOW COLUMNS FROM `user` [ RunTime:0.001672s ]
[ sql ] [ SQL ] SELECT * FROM `user` WHERE  `cookie_username` = '4beed7b87a70e7c83cb828951d340be9' LIMIT 1 [ RunTime:0.001023s ]
[ sql ] [ SQL ] SHOW COLUMNS FROM `auth` [ RunTime:0.001657s ]
[ sql ] [ SQL ] SELECT * FROM `auth` WHERE  `uid` = 1 LIMIT 1 [ RunTime:0.001729s ]
[ sql ] [ SQL ] SHOW COLUMNS FROM `area` [ RunTime:0.001516s ]
[ sql ] [ SQL ] SELECT DISTINCT  `province` FROM `area` [ RunTime:0.000439s ]
[ sql ] [ SQL ] SELECT DISTINCT  `city` FROM `area` WHERE  `province` = '四川' [ RunTime:0.000486s ]
[ sql ] [ SQL ] SELECT `district` FROM `area` WHERE  `province` = '四川'  AND `city` = '眉山' [ RunTime:0.000462s ]
---------------------------------------------------------------
[ 2017-10-23T22:30:08+08:00 ] ::1 ::1 POST /CTT-MS-server/staff/check
[ info ] localhost/CTT-MS-server/staff/check [运行时间：0.104434s][吞吐率：9.58req/s] [内存消耗：3,858.98kb] [文件加载：59]
[ info ] [ LANG ] D:\wamp64\www\CTT-MS-server\thinkphp\lang\zh-cn.php
[ info ] [ ROUTE ] array (
  'type' => 'module',
  'module' => 
  array (
    0 => 'index',
    1 => 'StaffManage',
    2 => 'check',
  ),
  'convert' => false,
)
[ info ] [ HEADER ] array (
  'host' => 'localhost',
  'connection' => 'keep-alive',
  'content-length' => '102',
  'accept' => '*/*',
  'origin' => 'http://localhost',
  'user-agent' => 'Mozilla/5.0 (Windows NT 10.0; Win64; x64) AppleWebKit/537.36 (KHTML, like Gecko) Chrome/61.0.3163.100 Safari/537.36',
  'content-type' => 'application/x-www-form-urlencoded; charset=UTF-8',
  'referer' => 'http://localhost/CTT-MS/check_staff.html',
  'accept-encoding' => 'gzip, deflate, br',
  'accept-language' => 'zh-CN,zh;q=0.8',
  'cookie' => 'Phpstorm-5547fa09=783ade7a-de49-4ae0-b7a2-0e4ea33c1bea; Phpstorm-bd2926e8=857be1c2-e28b-476d-b13e-3a6d848fae47; pgv_pvi=2761342976; _ga=GA1.1.1437015703.1490101787; PHPSESSID=uhh2jmaffm4fbuncvpakksnad2; username=4beed7b87a70e7c83cb828951d340be9',
)
[ info ] [ PARAM ] array (
  'cookie' => '4beed7b87a70e7c83cb828951d340be9',
  'query' => '{&quot;pageinfo&quot;:{&quot;curpage&quot;:1,&quot;pageinate&quot;:10},&quot;condition&quot;:{}}',
)
[ info ] [ DB ] INIT mysql
[ info ] [ RUN ] app\index\controller\StaffManage->check[ D:\wamp64\www\CTT-MS-server\application\index\controller\StaffManage.php ]
[ info ] [ LOG ] INIT File
[ sql ] [ DB ] CONNECT:[ UseTime:0.001669s ] mysql:dbname=ctt-ms;host=127.0.0.1;charset=utf8
[ sql ] [ SQL ] SHOW COLUMNS FROM `user` [ RunTime:0.001567s ]
[ sql ] [ SQL ] SELECT * FROM `user` WHERE  `cookie_username` = '4beed7b87a70e7c83cb828951d340be9' LIMIT 1 [ RunTime:0.000789s ]
[ sql ] [ SQL ] SHOW COLUMNS FROM `auth` [ RunTime:0.003148s ]
[ sql ] [ SQL ] SELECT * FROM `auth` WHERE  `uid` = 1 LIMIT 1 [ RunTime:0.004365s ]
[ sql ] [ SQL ] SHOW COLUMNS FROM `staff` [ RunTime:0.000925s ]
[ sql ] [ SQL ] SELECT * FROM `staff` [ RunTime:0.000454s ]
[ sql ] [ SQL ] SELECT * FROM `staff` ORDER BY `id` LIMIT 0,10 [ RunTime:0.000397s ]
---------------------------------------------------------------
[ 2017-10-23T22:30:12+08:00 ] ::1 ::1 POST /CTT-MS-server/staff/check
[ info ] localhost/CTT-MS-server/staff/check [运行时间：0.070479s][吞吐率：14.19req/s] [内存消耗：3,860.09kb] [文件加载：59]
[ info ] [ LANG ] D:\wamp64\www\CTT-MS-server\thinkphp\lang\zh-cn.php
[ info ] [ ROUTE ] array (
  'type' => 'module',
  'module' => 
  array (
    0 => 'index',
    1 => 'StaffManage',
    2 => 'check',
  ),
  'convert' => false,
)
[ info ] [ HEADER ] array (
  'host' => 'localhost',
  'connection' => 'keep-alive',
  'content-length' => '150',
  'accept' => '*/*',
  'origin' => 'http://localhost',
  'user-agent' => 'Mozilla/5.0 (Windows NT 10.0; Win64; x64) AppleWebKit/537.36 (KHTML, like Gecko) Chrome/61.0.3163.100 Safari/537.36',
  'content-type' => 'application/x-www-form-urlencoded; charset=UTF-8',
  'referer' => 'http://localhost/CTT-MS/check_staff.html',
  'accept-encoding' => 'gzip, deflate, br',
  'accept-language' => 'zh-CN,zh;q=0.8',
  'cookie' => 'Phpstorm-5547fa09=783ade7a-de49-4ae0-b7a2-0e4ea33c1bea; Phpstorm-bd2926e8=857be1c2-e28b-476d-b13e-3a6d848fae47; pgv_pvi=2761342976; _ga=GA1.1.1437015703.1490101787; PHPSESSID=uhh2jmaffm4fbuncvpakksnad2; username=4beed7b87a70e7c83cb828951d340be9',
)
[ info ] [ PARAM ] array (
  'cookie' => '4beed7b87a70e7c83cb828951d340be9',
  'query' => '{&quot;pageinfo&quot;:{&quot;curpage&quot;:1,&quot;pageinate&quot;:10},&quot;condition&quot;:{&quot;like&quot;:[&quot;area|name|sec_linkman|address&quot;,&quot;%的%&quot;]}}',
)
[ info ] [ DB ] INIT mysql
[ info ] [ RUN ] app\index\controller\StaffManage->check[ D:\wamp64\www\CTT-MS-server\application\index\controller\StaffManage.php ]
[ info ] [ LOG ] INIT File
[ sql ] [ DB ] CONNECT:[ UseTime:0.000888s ] mysql:dbname=ctt-ms;host=127.0.0.1;charset=utf8
[ sql ] [ SQL ] SHOW COLUMNS FROM `user` [ RunTime:0.000994s ]
[ sql ] [ SQL ] SELECT * FROM `user` WHERE  `cookie_username` = '4beed7b87a70e7c83cb828951d340be9' LIMIT 1 [ RunTime:0.000720s ]
[ sql ] [ SQL ] SHOW COLUMNS FROM `auth` [ RunTime:0.001541s ]
[ sql ] [ SQL ] SELECT * FROM `auth` WHERE  `uid` = 1 LIMIT 1 [ RunTime:0.000788s ]
[ sql ] [ SQL ] SHOW COLUMNS FROM `staff` [ RunTime:0.000908s ]
[ sql ] [ SQL ] SELECT * FROM `staff` WHERE  ( `area` LIKE '%的%' OR `name` LIKE '%的%' OR `sec_linkman` LIKE '%的%' OR `address` LIKE '%的%' ) [ RunTime:0.000579s ]
[ sql ] [ SQL ] SELECT * FROM `staff` WHERE  ( `area` LIKE '%的%' OR `name` LIKE '%的%' OR `sec_linkman` LIKE '%的%' OR `address` LIKE '%的%' ) ORDER BY `id` LIMIT 0,10 [ RunTime:0.000588s ]
---------------------------------------------------------------
[ 2017-10-23T22:30:16+08:00 ] ::1 ::1 POST /CTT-MS-server/staff/check
[ info ] localhost/CTT-MS-server/staff/check [运行时间：0.064076s][吞吐率：15.61req/s] [内存消耗：3,860.09kb] [文件加载：59]
[ info ] [ LANG ] D:\wamp64\www\CTT-MS-server\thinkphp\lang\zh-cn.php
[ info ] [ ROUTE ] array (
  'type' => 'module',
  'module' => 
  array (
    0 => 'index',
    1 => 'StaffManage',
    2 => 'check',
  ),
  'convert' => false,
)
[ info ] [ HEADER ] array (
  'host' => 'localhost',
  'connection' => 'keep-alive',
  'content-length' => '150',
  'accept' => '*/*',
  'origin' => 'http://localhost',
  'user-agent' => 'Mozilla/5.0 (Windows NT 10.0; Win64; x64) AppleWebKit/537.36 (KHTML, like Gecko) Chrome/61.0.3163.100 Safari/537.36',
  'content-type' => 'application/x-www-form-urlencoded; charset=UTF-8',
  'referer' => 'http://localhost/CTT-MS/check_staff.html',
  'accept-encoding' => 'gzip, deflate, br',
  'accept-language' => 'zh-CN,zh;q=0.8',
  'cookie' => 'Phpstorm-5547fa09=783ade7a-de49-4ae0-b7a2-0e4ea33c1bea; Phpstorm-bd2926e8=857be1c2-e28b-476d-b13e-3a6d848fae47; pgv_pvi=2761342976; _ga=GA1.1.1437015703.1490101787; PHPSESSID=uhh2jmaffm4fbuncvpakksnad2; username=4beed7b87a70e7c83cb828951d340be9',
)
[ info ] [ PARAM ] array (
  'cookie' => '4beed7b87a70e7c83cb828951d340be9',
  'query' => '{&quot;pageinfo&quot;:{&quot;curpage&quot;:1,&quot;pageinate&quot;:10},&quot;condition&quot;:{&quot;like&quot;:[&quot;area|name|sec_linkman|address&quot;,&quot;%班%&quot;]}}',
)
[ info ] [ DB ] INIT mysql
[ info ] [ RUN ] app\index\controller\StaffManage->check[ D:\wamp64\www\CTT-MS-server\application\index\controller\StaffManage.php ]
[ info ] [ LOG ] INIT File
[ sql ] [ DB ] CONNECT:[ UseTime:0.001228s ] mysql:dbname=ctt-ms;host=127.0.0.1;charset=utf8
[ sql ] [ SQL ] SHOW COLUMNS FROM `user` [ RunTime:0.002289s ]
[ sql ] [ SQL ] SELECT * FROM `user` WHERE  `cookie_username` = '4beed7b87a70e7c83cb828951d340be9' LIMIT 1 [ RunTime:0.000532s ]
[ sql ] [ SQL ] SHOW COLUMNS FROM `auth` [ RunTime:0.000895s ]
[ sql ] [ SQL ] SELECT * FROM `auth` WHERE  `uid` = 1 LIMIT 1 [ RunTime:0.000595s ]
[ sql ] [ SQL ] SHOW COLUMNS FROM `staff` [ RunTime:0.000829s ]
[ sql ] [ SQL ] SELECT * FROM `staff` WHERE  ( `area` LIKE '%班%' OR `name` LIKE '%班%' OR `sec_linkman` LIKE '%班%' OR `address` LIKE '%班%' ) [ RunTime:0.000531s ]
[ sql ] [ SQL ] SELECT * FROM `staff` WHERE  ( `area` LIKE '%班%' OR `name` LIKE '%班%' OR `sec_linkman` LIKE '%班%' OR `address` LIKE '%班%' ) ORDER BY `id` LIMIT 0,10 [ RunTime:0.000528s ]
---------------------------------------------------------------
[ 2017-10-23T22:31:11+08:00 ] ::1 ::1 POST /CTT-MS-server/areaquery
[ info ] localhost/CTT-MS-server/areaquery [运行时间：0.095664s][吞吐率：10.45req/s] [内存消耗：3,751.36kb] [文件加载：56]
[ info ] [ LANG ] D:\wamp64\www\CTT-MS-server\thinkphp\lang\zh-cn.php
[ info ] [ ROUTE ] array (
  'type' => 'module',
  'module' => 
  array (
    0 => 'index',
    1 => 'Query',
    2 => 'area',
  ),
  'convert' => false,
)
[ info ] [ HEADER ] array (
  'host' => 'localhost',
  'connection' => 'keep-alive',
  'content-length' => '39',
  'accept' => '*/*',
  'origin' => 'http://localhost',
  'user-agent' => 'Mozilla/5.0 (Windows NT 10.0; Win64; x64) AppleWebKit/537.36 (KHTML, like Gecko) Chrome/61.0.3163.100 Safari/537.36',
  'content-type' => 'application/x-www-form-urlencoded; charset=UTF-8',
  'referer' => 'http://localhost/CTT-MS/check_admin.html',
  'accept-encoding' => 'gzip, deflate, br',
  'accept-language' => 'zh-CN,zh;q=0.8',
  'cookie' => 'Phpstorm-5547fa09=783ade7a-de49-4ae0-b7a2-0e4ea33c1bea; Phpstorm-bd2926e8=857be1c2-e28b-476d-b13e-3a6d848fae47; pgv_pvi=2761342976; _ga=GA1.1.1437015703.1490101787; PHPSESSID=uhh2jmaffm4fbuncvpakksnad2; username=4beed7b87a70e7c83cb828951d340be9',
)
[ info ] [ PARAM ] array (
  'cookie' => '4beed7b87a70e7c83cb828951d340be9',
)
[ info ] [ DB ] INIT mysql
[ info ] [ RUN ] app\index\controller\Query->area[ D:\wamp64\www\CTT-MS-server\application\index\controller\Query.php ]
[ info ] [ LOG ] INIT File
[ sql ] [ DB ] CONNECT:[ UseTime:0.001690s ] mysql:dbname=ctt-ms;host=127.0.0.1;charset=utf8
[ sql ] [ SQL ] SHOW COLUMNS FROM `user` [ RunTime:0.001833s ]
[ sql ] [ SQL ] SELECT * FROM `user` WHERE  `cookie_username` = '4beed7b87a70e7c83cb828951d340be9' LIMIT 1 [ RunTime:0.000988s ]
[ sql ] [ SQL ] SHOW COLUMNS FROM `auth` [ RunTime:0.002756s ]
[ sql ] [ SQL ] SELECT * FROM `auth` WHERE  `uid` = 1 LIMIT 1 [ RunTime:0.001141s ]
[ sql ] [ SQL ] SHOW COLUMNS FROM `area` [ RunTime:0.002112s ]
[ sql ] [ SQL ] SELECT DISTINCT  `province` FROM `area` [ RunTime:0.000933s ]
[ sql ] [ SQL ] SELECT DISTINCT  `city` FROM `area` WHERE  `province` = '四川' [ RunTime:0.000850s ]
[ sql ] [ SQL ] SELECT `district` FROM `area` WHERE  `province` = '四川'  AND `city` = '眉山' [ RunTime:0.000695s ]
---------------------------------------------------------------
[ 2017-10-23T22:31:11+08:00 ] ::1 ::1 POST /CTT-MS-server/user/check
[ info ] localhost/CTT-MS-server/user/check [运行时间：0.088264s][吞吐率：11.33req/s] [内存消耗：3,854.16kb] [文件加载：59]
[ info ] [ LANG ] D:\wamp64\www\CTT-MS-server\thinkphp\lang\zh-cn.php
[ info ] [ ROUTE ] array (
  'type' => 'module',
  'module' => 
  array (
    0 => 'index',
    1 => 'UserManage',
    2 => 'check',
  ),
  'convert' => false,
)
[ info ] [ HEADER ] array (
  'host' => 'localhost',
  'connection' => 'keep-alive',
  'content-length' => '102',
  'accept' => 'application/json, text/javascript, */*; q=0.01',
  'origin' => 'http://localhost',
  'user-agent' => 'Mozilla/5.0 (Windows NT 10.0; Win64; x64) AppleWebKit/537.36 (KHTML, like Gecko) Chrome/61.0.3163.100 Safari/537.36',
  'content-type' => 'application/x-www-form-urlencoded; charset=UTF-8',
  'referer' => 'http://localhost/CTT-MS/check_admin.html',
  'accept-encoding' => 'gzip, deflate, br',
  'accept-language' => 'zh-CN,zh;q=0.8',
  'cookie' => 'Phpstorm-5547fa09=783ade7a-de49-4ae0-b7a2-0e4ea33c1bea; Phpstorm-bd2926e8=857be1c2-e28b-476d-b13e-3a6d848fae47; pgv_pvi=2761342976; _ga=GA1.1.1437015703.1490101787; PHPSESSID=uhh2jmaffm4fbuncvpakksnad2; username=4beed7b87a70e7c83cb828951d340be9',
)
[ info ] [ PARAM ] array (
  'cookie' => '4beed7b87a70e7c83cb828951d340be9',
  'query' => '{&quot;pageinfo&quot;:{&quot;curpage&quot;:1,&quot;pageinate&quot;:10},&quot;condition&quot;:{}}',
)
[ info ] [ DB ] INIT mysql
[ info ] [ RUN ] app\index\controller\UserManage->check[ D:\wamp64\www\CTT-MS-server\application\index\controller\UserManage.php ]
[ info ] [ LOG ] INIT File
[ sql ] [ DB ] CONNECT:[ UseTime:0.000990s ] mysql:dbname=ctt-ms;host=127.0.0.1;charset=utf8
[ sql ] [ SQL ] SHOW COLUMNS FROM `user` [ RunTime:0.001082s ]
[ sql ] [ SQL ] SELECT * FROM `user` WHERE  `cookie_username` = '4beed7b87a70e7c83cb828951d340be9' LIMIT 1 [ RunTime:0.000492s ]
[ sql ] [ SQL ] SHOW COLUMNS FROM `auth` [ RunTime:0.001149s ]
[ sql ] [ SQL ] SELECT * FROM `auth` WHERE  `uid` = 1 LIMIT 1 [ RunTime:0.000624s ]
[ sql ] [ SQL ] SELECT * FROM `user` [ RunTime:0.000446s ]
[ sql ] [ SQL ] SELECT * FROM `user` ORDER BY `id` LIMIT 0,10 [ RunTime:0.000324s ]
[ sql ] [ SQL ] SELECT * FROM `auth` WHERE  `uid` IN (1,2,4) [ RunTime:0.000421s ]
---------------------------------------------------------------
[ 2017-10-23T22:31:18+08:00 ] ::1 ::1 POST /CTT-MS-server/area/check
[ info ] localhost/CTT-MS-server/area/check [运行时间：0.081041s][吞吐率：12.34req/s] [内存消耗：3,811.10kb] [文件加载：59]
[ info ] [ LANG ] D:\wamp64\www\CTT-MS-server\thinkphp\lang\zh-cn.php
[ info ] [ ROUTE ] array (
  'type' => 'module',
  'module' => 
  array (
    0 => 'index',
    1 => 'AreaManage',
    2 => 'check',
  ),
  'convert' => false,
)
[ info ] [ HEADER ] array (
  'host' => 'localhost',
  'connection' => 'keep-alive',
  'content-length' => '112',
  'accept' => '*/*',
  'origin' => 'http://localhost',
  'user-agent' => 'Mozilla/5.0 (Windows NT 10.0; Win64; x64) AppleWebKit/537.36 (KHTML, like Gecko) Chrome/61.0.3163.100 Safari/537.36',
  'content-type' => 'application/x-www-form-urlencoded; charset=UTF-8',
  'referer' => 'http://localhost/CTT-MS/area_setting.html',
  'accept-encoding' => 'gzip, deflate, br',
  'accept-language' => 'zh-CN,zh;q=0.8',
  'cookie' => 'Phpstorm-5547fa09=783ade7a-de49-4ae0-b7a2-0e4ea33c1bea; Phpstorm-bd2926e8=857be1c2-e28b-476d-b13e-3a6d848fae47; pgv_pvi=2761342976; _ga=GA1.1.1437015703.1490101787; PHPSESSID=uhh2jmaffm4fbuncvpakksnad2; username=4beed7b87a70e7c83cb828951d340be9',
)
[ info ] [ PARAM ] array (
  'cookie' => '4beed7b87a70e7c83cb828951d340be9',
  'query' => '{&quot;pageinfo&quot;:{&quot;curpage&quot;:1,&quot;pageinate&quot;:10},&quot;condition&quot;:{&quot;where&quot;:[]}}',
)
[ info ] [ DB ] INIT mysql
[ info ] [ RUN ] app\index\controller\AreaManage->check[ D:\wamp64\www\CTT-MS-server\application\index\controller\AreaManage.php ]
[ info ] [ LOG ] INIT File
[ sql ] [ DB ] CONNECT:[ UseTime:0.001040s ] mysql:dbname=ctt-ms;host=127.0.0.1;charset=utf8
[ sql ] [ SQL ] SHOW COLUMNS FROM `user` [ RunTime:0.002096s ]
[ sql ] [ SQL ] SELECT * FROM `user` WHERE  `cookie_username` = '4beed7b87a70e7c83cb828951d340be9' LIMIT 1 [ RunTime:0.003713s ]
[ sql ] [ SQL ] SHOW COLUMNS FROM `auth` [ RunTime:0.001731s ]
[ sql ] [ SQL ] SELECT * FROM `auth` WHERE  `uid` = 1 LIMIT 1 [ RunTime:0.000753s ]
[ sql ] [ SQL ] SHOW COLUMNS FROM `area` [ RunTime:0.000925s ]
[ sql ] [ SQL ] SELECT * FROM `area` [ RunTime:0.000273s ]
[ sql ] [ SQL ] SELECT * FROM `area` ORDER BY `id` LIMIT 0,10 [ RunTime:0.000278s ]
---------------------------------------------------------------
[ 2017-10-23T22:31:20+08:00 ] ::1 ::1 POST /CTT-MS-server/areaquery
[ info ] localhost/CTT-MS-server/areaquery [运行时间：0.070992s][吞吐率：14.09req/s] [内存消耗：3,751.36kb] [文件加载：56]
[ info ] [ LANG ] D:\wamp64\www\CTT-MS-server\thinkphp\lang\zh-cn.php
[ info ] [ ROUTE ] array (
  'type' => 'module',
  'module' => 
  array (
    0 => 'index',
    1 => 'Query',
    2 => 'area',
  ),
  'convert' => false,
)
[ info ] [ HEADER ] array (
  'host' => 'localhost',
  'connection' => 'keep-alive',
  'content-length' => '39',
  'accept' => '*/*',
  'origin' => 'http://localhost',
  'user-agent' => 'Mozilla/5.0 (Windows NT 10.0; Win64; x64) AppleWebKit/537.36 (KHTML, like Gecko) Chrome/61.0.3163.100 Safari/537.36',
  'content-type' => 'application/x-www-form-urlencoded; charset=UTF-8',
  'referer' => 'http://localhost/CTT-MS/warehouse_setting.html',
  'accept-encoding' => 'gzip, deflate, br',
  'accept-language' => 'zh-CN,zh;q=0.8',
  'cookie' => 'Phpstorm-5547fa09=783ade7a-de49-4ae0-b7a2-0e4ea33c1bea; Phpstorm-bd2926e8=857be1c2-e28b-476d-b13e-3a6d848fae47; pgv_pvi=2761342976; _ga=GA1.1.1437015703.1490101787; PHPSESSID=uhh2jmaffm4fbuncvpakksnad2; username=4beed7b87a70e7c83cb828951d340be9',
)
[ info ] [ PARAM ] array (
  'cookie' => '4beed7b87a70e7c83cb828951d340be9',
)
[ info ] [ DB ] INIT mysql
[ info ] [ RUN ] app\index\controller\Query->area[ D:\wamp64\www\CTT-MS-server\application\index\controller\Query.php ]
[ info ] [ LOG ] INIT File
[ sql ] [ DB ] CONNECT:[ UseTime:0.001007s ] mysql:dbname=ctt-ms;host=127.0.0.1;charset=utf8
[ sql ] [ SQL ] SHOW COLUMNS FROM `user` [ RunTime:0.001946s ]
[ sql ] [ SQL ] SELECT * FROM `user` WHERE  `cookie_username` = '4beed7b87a70e7c83cb828951d340be9' LIMIT 1 [ RunTime:0.001142s ]
[ sql ] [ SQL ] SHOW COLUMNS FROM `auth` [ RunTime:0.001235s ]
[ sql ] [ SQL ] SELECT * FROM `auth` WHERE  `uid` = 1 LIMIT 1 [ RunTime:0.000656s ]
[ sql ] [ SQL ] SHOW COLUMNS FROM `area` [ RunTime:0.000831s ]
[ sql ] [ SQL ] SELECT DISTINCT  `province` FROM `area` [ RunTime:0.000274s ]
[ sql ] [ SQL ] SELECT DISTINCT  `city` FROM `area` WHERE  `province` = '四川' [ RunTime:0.000344s ]
[ sql ] [ SQL ] SELECT `district` FROM `area` WHERE  `province` = '四川'  AND `city` = '眉山' [ RunTime:0.000421s ]
---------------------------------------------------------------
[ 2017-10-23T22:31:20+08:00 ] ::1 ::1 POST /CTT-MS-server/areaquery
[ info ] localhost/CTT-MS-server/areaquery [运行时间：0.055132s][吞吐率：18.14req/s] [内存消耗：3,751.36kb] [文件加载：56]
[ info ] [ LANG ] D:\wamp64\www\CTT-MS-server\thinkphp\lang\zh-cn.php
[ info ] [ ROUTE ] array (
  'type' => 'module',
  'module' => 
  array (
    0 => 'index',
    1 => 'Query',
    2 => 'area',
  ),
  'convert' => false,
)
[ info ] [ HEADER ] array (
  'host' => 'localhost',
  'connection' => 'keep-alive',
  'content-length' => '39',
  'accept' => '*/*',
  'origin' => 'http://localhost',
  'user-agent' => 'Mozilla/5.0 (Windows NT 10.0; Win64; x64) AppleWebKit/537.36 (KHTML, like Gecko) Chrome/61.0.3163.100 Safari/537.36',
  'content-type' => 'application/x-www-form-urlencoded; charset=UTF-8',
  'referer' => 'http://localhost/CTT-MS/warehouse_setting.html',
  'accept-encoding' => 'gzip, deflate, br',
  'accept-language' => 'zh-CN,zh;q=0.8',
  'cookie' => 'Phpstorm-5547fa09=783ade7a-de49-4ae0-b7a2-0e4ea33c1bea; Phpstorm-bd2926e8=857be1c2-e28b-476d-b13e-3a6d848fae47; pgv_pvi=2761342976; _ga=GA1.1.1437015703.1490101787; PHPSESSID=uhh2jmaffm4fbuncvpakksnad2; username=4beed7b87a70e7c83cb828951d340be9',
)
[ info ] [ PARAM ] array (
  'cookie' => '4beed7b87a70e7c83cb828951d340be9',
)
[ info ] [ DB ] INIT mysql
[ info ] [ RUN ] app\index\controller\Query->area[ D:\wamp64\www\CTT-MS-server\application\index\controller\Query.php ]
[ info ] [ LOG ] INIT File
[ sql ] [ DB ] CONNECT:[ UseTime:0.001060s ] mysql:dbname=ctt-ms;host=127.0.0.1;charset=utf8
[ sql ] [ SQL ] SHOW COLUMNS FROM `user` [ RunTime:0.001449s ]
[ sql ] [ SQL ] SELECT * FROM `user` WHERE  `cookie_username` = '4beed7b87a70e7c83cb828951d340be9' LIMIT 1 [ RunTime:0.000746s ]
[ sql ] [ SQL ] SHOW COLUMNS FROM `auth` [ RunTime:0.000961s ]
[ sql ] [ SQL ] SELECT * FROM `auth` WHERE  `uid` = 1 LIMIT 1 [ RunTime:0.000509s ]
[ sql ] [ SQL ] SHOW COLUMNS FROM `area` [ RunTime:0.000698s ]
[ sql ] [ SQL ] SELECT DISTINCT  `province` FROM `area` [ RunTime:0.000230s ]
[ sql ] [ SQL ] SELECT DISTINCT  `city` FROM `area` WHERE  `province` = '四川' [ RunTime:0.000270s ]
[ sql ] [ SQL ] SELECT `district` FROM `area` WHERE  `province` = '四川'  AND `city` = '眉山' [ RunTime:0.000268s ]
---------------------------------------------------------------
[ 2017-10-23T22:31:20+08:00 ] ::1 ::1 POST /CTT-MS-server/storehouse/check
[ info ] localhost/CTT-MS-server/storehouse/check [运行时间：0.084324s][吞吐率：11.86req/s] [内存消耗：3,812.40kb] [文件加载：59]
[ info ] [ LANG ] D:\wamp64\www\CTT-MS-server\thinkphp\lang\zh-cn.php
[ info ] [ ROUTE ] array (
  'type' => 'module',
  'module' => 
  array (
    0 => 'index',
    1 => 'StorehouseManage',
    2 => 'check',
  ),
  'convert' => false,
)
[ info ] [ HEADER ] array (
  'host' => 'localhost',
  'connection' => 'keep-alive',
  'content-length' => '112',
  'accept' => '*/*',
  'origin' => 'http://localhost',
  'user-agent' => 'Mozilla/5.0 (Windows NT 10.0; Win64; x64) AppleWebKit/537.36 (KHTML, like Gecko) Chrome/61.0.3163.100 Safari/537.36',
  'content-type' => 'application/x-www-form-urlencoded; charset=UTF-8',
  'referer' => 'http://localhost/CTT-MS/warehouse_setting.html',
  'accept-encoding' => 'gzip, deflate, br',
  'accept-language' => 'zh-CN,zh;q=0.8',
  'cookie' => 'Phpstorm-5547fa09=783ade7a-de49-4ae0-b7a2-0e4ea33c1bea; Phpstorm-bd2926e8=857be1c2-e28b-476d-b13e-3a6d848fae47; pgv_pvi=2761342976; _ga=GA1.1.1437015703.1490101787; PHPSESSID=uhh2jmaffm4fbuncvpakksnad2; username=4beed7b87a70e7c83cb828951d340be9',
)
[ info ] [ PARAM ] array (
  'cookie' => '4beed7b87a70e7c83cb828951d340be9',
  'query' => '{&quot;pageinfo&quot;:{&quot;curpage&quot;:1,&quot;pageinate&quot;:10},&quot;condition&quot;:{&quot;where&quot;:[]}}',
)
[ info ] [ DB ] INIT mysql
[ info ] [ RUN ] app\index\controller\StorehouseManage->check[ D:\wamp64\www\CTT-MS-server\application\index\controller\StorehouseManage.php ]
[ info ] [ LOG ] INIT File
[ sql ] [ DB ] CONNECT:[ UseTime:0.001008s ] mysql:dbname=ctt-ms;host=127.0.0.1;charset=utf8
[ sql ] [ SQL ] SHOW COLUMNS FROM `user` [ RunTime:0.001125s ]
[ sql ] [ SQL ] SELECT * FROM `user` WHERE  `cookie_username` = '4beed7b87a70e7c83cb828951d340be9' LIMIT 1 [ RunTime:0.000704s ]
[ sql ] [ SQL ] SHOW COLUMNS FROM `auth` [ RunTime:0.002200s ]
[ sql ] [ SQL ] SELECT * FROM `auth` WHERE  `uid` = 1 LIMIT 1 [ RunTime:0.001110s ]
[ sql ] [ SQL ] SHOW COLUMNS FROM `storehouse` [ RunTime:0.001121s ]
[ sql ] [ SQL ] SELECT * FROM `storehouse` [ RunTime:0.000610s ]
[ sql ] [ SQL ] SELECT * FROM `storehouse` ORDER BY `id` LIMIT 0,10 [ RunTime:0.000659s ]
---------------------------------------------------------------
[ 2017-10-23T22:31:29+08:00 ] ::1 ::1 POST /CTT-MS-server/areaquery
[ info ] localhost/CTT-MS-server/areaquery [运行时间：0.061711s][吞吐率：16.20req/s] [内存消耗：3,751.36kb] [文件加载：56]
[ info ] [ LANG ] D:\wamp64\www\CTT-MS-server\thinkphp\lang\zh-cn.php
[ info ] [ ROUTE ] array (
  'type' => 'module',
  'module' => 
  array (
    0 => 'index',
    1 => 'Query',
    2 => 'area',
  ),
  'convert' => false,
)
[ info ] [ HEADER ] array (
  'host' => 'localhost',
  'connection' => 'keep-alive',
  'content-length' => '39',
  'accept' => '*/*',
  'origin' => 'http://localhost',
  'user-agent' => 'Mozilla/5.0 (Windows NT 10.0; Win64; x64) AppleWebKit/537.36 (KHTML, like Gecko) Chrome/61.0.3163.100 Safari/537.36',
  'content-type' => 'application/x-www-form-urlencoded; charset=UTF-8',
  'referer' => 'http://localhost/CTT-MS/team_setting.html',
  'accept-encoding' => 'gzip, deflate, br',
  'accept-language' => 'zh-CN,zh;q=0.8',
  'cookie' => 'Phpstorm-5547fa09=783ade7a-de49-4ae0-b7a2-0e4ea33c1bea; Phpstorm-bd2926e8=857be1c2-e28b-476d-b13e-3a6d848fae47; pgv_pvi=2761342976; _ga=GA1.1.1437015703.1490101787; PHPSESSID=uhh2jmaffm4fbuncvpakksnad2; username=4beed7b87a70e7c83cb828951d340be9',
)
[ info ] [ PARAM ] array (
  'cookie' => '4beed7b87a70e7c83cb828951d340be9',
)
[ info ] [ DB ] INIT mysql
[ info ] [ RUN ] app\index\controller\Query->area[ D:\wamp64\www\CTT-MS-server\application\index\controller\Query.php ]
[ info ] [ LOG ] INIT File
[ sql ] [ DB ] CONNECT:[ UseTime:0.001012s ] mysql:dbname=ctt-ms;host=127.0.0.1;charset=utf8
[ sql ] [ SQL ] SHOW COLUMNS FROM `user` [ RunTime:0.001433s ]
[ sql ] [ SQL ] SELECT * FROM `user` WHERE  `cookie_username` = '4beed7b87a70e7c83cb828951d340be9' LIMIT 1 [ RunTime:0.000743s ]
[ sql ] [ SQL ] SHOW COLUMNS FROM `auth` [ RunTime:0.000843s ]
[ sql ] [ SQL ] SELECT * FROM `auth` WHERE  `uid` = 1 LIMIT 1 [ RunTime:0.001878s ]
[ sql ] [ SQL ] SHOW COLUMNS FROM `area` [ RunTime:0.001388s ]
[ sql ] [ SQL ] SELECT DISTINCT  `province` FROM `area` [ RunTime:0.000347s ]
[ sql ] [ SQL ] SELECT DISTINCT  `city` FROM `area` WHERE  `province` = '四川' [ RunTime:0.000353s ]
[ sql ] [ SQL ] SELECT `district` FROM `area` WHERE  `province` = '四川'  AND `city` = '眉山' [ RunTime:0.000424s ]
---------------------------------------------------------------
[ 2017-10-23T22:31:29+08:00 ] ::1 ::1 POST /CTT-MS-server/areaquery
[ info ] localhost/CTT-MS-server/areaquery [运行时间：0.077023s][吞吐率：12.98req/s] [内存消耗：3,751.36kb] [文件加载：56]
[ info ] [ LANG ] D:\wamp64\www\CTT-MS-server\thinkphp\lang\zh-cn.php
[ info ] [ ROUTE ] array (
  'type' => 'module',
  'module' => 
  array (
    0 => 'index',
    1 => 'Query',
    2 => 'area',
  ),
  'convert' => false,
)
[ info ] [ HEADER ] array (
  'host' => 'localhost',
  'connection' => 'keep-alive',
  'content-length' => '39',
  'accept' => '*/*',
  'origin' => 'http://localhost',
  'user-agent' => 'Mozilla/5.0 (Windows NT 10.0; Win64; x64) AppleWebKit/537.36 (KHTML, like Gecko) Chrome/61.0.3163.100 Safari/537.36',
  'content-type' => 'application/x-www-form-urlencoded; charset=UTF-8',
  'referer' => 'http://localhost/CTT-MS/team_setting.html',
  'accept-encoding' => 'gzip, deflate, br',
  'accept-language' => 'zh-CN,zh;q=0.8',
  'cookie' => 'Phpstorm-5547fa09=783ade7a-de49-4ae0-b7a2-0e4ea33c1bea; Phpstorm-bd2926e8=857be1c2-e28b-476d-b13e-3a6d848fae47; pgv_pvi=2761342976; _ga=GA1.1.1437015703.1490101787; PHPSESSID=uhh2jmaffm4fbuncvpakksnad2; username=4beed7b87a70e7c83cb828951d340be9',
)
[ info ] [ PARAM ] array (
  'cookie' => '4beed7b87a70e7c83cb828951d340be9',
)
[ info ] [ DB ] INIT mysql
[ info ] [ RUN ] app\index\controller\Query->area[ D:\wamp64\www\CTT-MS-server\application\index\controller\Query.php ]
[ info ] [ LOG ] INIT File
[ sql ] [ DB ] CONNECT:[ UseTime:0.001084s ] mysql:dbname=ctt-ms;host=127.0.0.1;charset=utf8
[ sql ] [ SQL ] SHOW COLUMNS FROM `user` [ RunTime:0.001627s ]
[ sql ] [ SQL ] SELECT * FROM `user` WHERE  `cookie_username` = '4beed7b87a70e7c83cb828951d340be9' LIMIT 1 [ RunTime:0.000893s ]
[ sql ] [ SQL ] SHOW COLUMNS FROM `auth` [ RunTime:0.000894s ]
[ sql ] [ SQL ] SELECT * FROM `auth` WHERE  `uid` = 1 LIMIT 1 [ RunTime:0.000515s ]
[ sql ] [ SQL ] SHOW COLUMNS FROM `area` [ RunTime:0.001634s ]
[ sql ] [ SQL ] SELECT DISTINCT  `province` FROM `area` [ RunTime:0.000666s ]
[ sql ] [ SQL ] SELECT DISTINCT  `city` FROM `area` WHERE  `province` = '四川' [ RunTime:0.000524s ]
[ sql ] [ SQL ] SELECT `district` FROM `area` WHERE  `province` = '四川'  AND `city` = '眉山' [ RunTime:0.000473s ]
---------------------------------------------------------------
[ 2017-10-23T22:31:29+08:00 ] ::1 ::1 POST /CTT-MS-server/team/check
[ info ] localhost/CTT-MS-server/team/check [运行时间：0.080270s][吞吐率：12.46req/s] [内存消耗：3,809.11kb] [文件加载：59]
[ info ] [ LANG ] D:\wamp64\www\CTT-MS-server\thinkphp\lang\zh-cn.php
[ info ] [ ROUTE ] array (
  'type' => 'module',
  'module' => 
  array (
    0 => 'index',
    1 => 'TeamManage',
    2 => 'check',
  ),
  'convert' => false,
)
[ info ] [ HEADER ] array (
  'host' => 'localhost',
  'connection' => 'keep-alive',
  'content-length' => '112',
  'accept' => '*/*',
  'origin' => 'http://localhost',
  'user-agent' => 'Mozilla/5.0 (Windows NT 10.0; Win64; x64) AppleWebKit/537.36 (KHTML, like Gecko) Chrome/61.0.3163.100 Safari/537.36',
  'content-type' => 'application/x-www-form-urlencoded; charset=UTF-8',
  'referer' => 'http://localhost/CTT-MS/team_setting.html',
  'accept-encoding' => 'gzip, deflate, br',
  'accept-language' => 'zh-CN,zh;q=0.8',
  'cookie' => 'Phpstorm-5547fa09=783ade7a-de49-4ae0-b7a2-0e4ea33c1bea; Phpstorm-bd2926e8=857be1c2-e28b-476d-b13e-3a6d848fae47; pgv_pvi=2761342976; _ga=GA1.1.1437015703.1490101787; PHPSESSID=uhh2jmaffm4fbuncvpakksnad2; username=4beed7b87a70e7c83cb828951d340be9',
)
[ info ] [ PARAM ] array (
  'cookie' => '4beed7b87a70e7c83cb828951d340be9',
  'query' => '{&quot;pageinfo&quot;:{&quot;curpage&quot;:1,&quot;pageinate&quot;:10},&quot;condition&quot;:{&quot;where&quot;:[]}}',
)
[ info ] [ DB ] INIT mysql
[ info ] [ RUN ] app\index\controller\TeamManage->check[ D:\wamp64\www\CTT-MS-server\application\index\controller\TeamManage.php ]
[ info ] [ LOG ] INIT File
[ sql ] [ DB ] CONNECT:[ UseTime:0.001033s ] mysql:dbname=ctt-ms;host=127.0.0.1;charset=utf8
[ sql ] [ SQL ] SHOW COLUMNS FROM `user` [ RunTime:0.003474s ]
[ sql ] [ SQL ] SELECT * FROM `user` WHERE  `cookie_username` = '4beed7b87a70e7c83cb828951d340be9' LIMIT 1 [ RunTime:0.001395s ]
[ sql ] [ SQL ] SHOW COLUMNS FROM `auth` [ RunTime:0.001533s ]
[ sql ] [ SQL ] SELECT * FROM `auth` WHERE  `uid` = 1 LIMIT 1 [ RunTime:0.000706s ]
[ sql ] [ SQL ] SHOW COLUMNS FROM `team` [ RunTime:0.000942s ]
[ sql ] [ SQL ] SELECT * FROM `team` [ RunTime:0.000352s ]
[ sql ] [ SQL ] SELECT * FROM `team` ORDER BY `id` LIMIT 0,10 [ RunTime:0.000359s ]
---------------------------------------------------------------
[ 2017-10-23T22:31:31+08:00 ] ::1 ::1 POST /CTT-MS-server/manufacturer/check
[ info ] localhost/CTT-MS-server/manufacturer/check [运行时间：0.082255s][吞吐率：12.16req/s] [内存消耗：3,799.81kb] [文件加载：59]
[ info ] [ LANG ] D:\wamp64\www\CTT-MS-server\thinkphp\lang\zh-cn.php
[ info ] [ ROUTE ] array (
  'type' => 'module',
  'module' => 
  array (
    0 => 'index',
    1 => 'ManufacturerManage',
    2 => 'check',
  ),
  'convert' => false,
)
[ info ] [ HEADER ] array (
  'host' => 'localhost',
  'connection' => 'keep-alive',
  'content-length' => '112',
  'accept' => 'application/json, text/javascript, */*; q=0.01',
  'origin' => 'http://localhost',
  'user-agent' => 'Mozilla/5.0 (Windows NT 10.0; Win64; x64) AppleWebKit/537.36 (KHTML, like Gecko) Chrome/61.0.3163.100 Safari/537.36',
  'content-type' => 'application/x-www-form-urlencoded; charset=UTF-8',
  'referer' => 'http://localhost/CTT-MS/manufacturer_setting.html',
  'accept-encoding' => 'gzip, deflate, br',
  'accept-language' => 'zh-CN,zh;q=0.8',
  'cookie' => 'Phpstorm-5547fa09=783ade7a-de49-4ae0-b7a2-0e4ea33c1bea; Phpstorm-bd2926e8=857be1c2-e28b-476d-b13e-3a6d848fae47; pgv_pvi=2761342976; _ga=GA1.1.1437015703.1490101787; PHPSESSID=uhh2jmaffm4fbuncvpakksnad2; username=4beed7b87a70e7c83cb828951d340be9',
)
[ info ] [ PARAM ] array (
  'cookie' => '4beed7b87a70e7c83cb828951d340be9',
  'query' => '{&quot;pageinfo&quot;:{&quot;curpage&quot;:1,&quot;pageinate&quot;:10},&quot;condition&quot;:{&quot;where&quot;:[]}}',
)
[ info ] [ DB ] INIT mysql
[ info ] [ RUN ] app\index\controller\ManufacturerManage->check[ D:\wamp64\www\CTT-MS-server\application\index\controller\ManufacturerManage.php ]
[ info ] [ LOG ] INIT File
[ sql ] [ DB ] CONNECT:[ UseTime:0.000994s ] mysql:dbname=ctt-ms;host=127.0.0.1;charset=utf8
[ sql ] [ SQL ] SHOW COLUMNS FROM `user` [ RunTime:0.001119s ]
[ sql ] [ SQL ] SELECT * FROM `user` WHERE  `cookie_username` = '4beed7b87a70e7c83cb828951d340be9' LIMIT 1 [ RunTime:0.000483s ]
[ sql ] [ SQL ] SHOW COLUMNS FROM `auth` [ RunTime:0.001444s ]
[ sql ] [ SQL ] SELECT * FROM `auth` WHERE  `uid` = 1 LIMIT 1 [ RunTime:0.000559s ]
[ sql ] [ SQL ] SHOW COLUMNS FROM `manufacturer` [ RunTime:0.000733s ]
[ sql ] [ SQL ] SELECT * FROM `manufacturer` [ RunTime:0.001561s ]
[ sql ] [ SQL ] SELECT * FROM `manufacturer` ORDER BY `id` LIMIT 0,10 [ RunTime:0.000436s ]
---------------------------------------------------------------
[ 2017-10-23T22:31:40+08:00 ] ::1 ::1 POST /CTT-MS-server/manufacturer/check
[ info ] localhost/CTT-MS-server/manufacturer/check [运行时间：0.101257s][吞吐率：9.88req/s] [内存消耗：3,801.58kb] [文件加载：59]
[ info ] [ LANG ] D:\wamp64\www\CTT-MS-server\thinkphp\lang\zh-cn.php
[ info ] [ ROUTE ] array (
  'type' => 'module',
  'module' => 
  array (
    0 => 'index',
    1 => 'ManufacturerManage',
    2 => 'check',
  ),
  'convert' => false,
)
[ info ] [ HEADER ] array (
  'host' => 'localhost',
  'connection' => 'keep-alive',
  'content-length' => '133',
  'accept' => 'application/json, text/javascript, */*; q=0.01',
  'origin' => 'http://localhost',
  'user-agent' => 'Mozilla/5.0 (Windows NT 10.0; Win64; x64) AppleWebKit/537.36 (KHTML, like Gecko) Chrome/61.0.3163.100 Safari/537.36',
  'content-type' => 'application/x-www-form-urlencoded; charset=UTF-8',
  'referer' => 'http://localhost/CTT-MS/manufacturer_setting.html',
  'accept-encoding' => 'gzip, deflate, br',
  'accept-language' => 'zh-CN,zh;q=0.8',
  'cookie' => 'Phpstorm-5547fa09=783ade7a-de49-4ae0-b7a2-0e4ea33c1bea; Phpstorm-bd2926e8=857be1c2-e28b-476d-b13e-3a6d848fae47; pgv_pvi=2761342976; _ga=GA1.1.1437015703.1490101787; PHPSESSID=uhh2jmaffm4fbuncvpakksnad2; username=4beed7b87a70e7c83cb828951d340be9',
)
[ info ] [ PARAM ] array (
  'cookie' => '4beed7b87a70e7c83cb828951d340be9',
  'query' => '{&quot;pageinfo&quot;:{&quot;curpage&quot;:1,&quot;pageinate&quot;:10},&quot;condition&quot;:{&quot;like&quot;:[&quot;manufacturer&quot;,&quot;%咪%&quot;]}}',
)
[ info ] [ DB ] INIT mysql
[ info ] [ RUN ] app\index\controller\ManufacturerManage->check[ D:\wamp64\www\CTT-MS-server\application\index\controller\ManufacturerManage.php ]
[ info ] [ LOG ] INIT File
[ sql ] [ DB ] CONNECT:[ UseTime:0.001228s ] mysql:dbname=ctt-ms;host=127.0.0.1;charset=utf8
[ sql ] [ SQL ] SHOW COLUMNS FROM `user` [ RunTime:0.002523s ]
[ sql ] [ SQL ] SELECT * FROM `user` WHERE  `cookie_username` = '4beed7b87a70e7c83cb828951d340be9' LIMIT 1 [ RunTime:0.001008s ]
[ sql ] [ SQL ] SHOW COLUMNS FROM `auth` [ RunTime:0.002295s ]
[ sql ] [ SQL ] SELECT * FROM `auth` WHERE  `uid` = 1 LIMIT 1 [ RunTime:0.000672s ]
[ sql ] [ SQL ] SHOW COLUMNS FROM `manufacturer` [ RunTime:0.001302s ]
[ sql ] [ SQL ] SELECT * FROM `manufacturer` WHERE  `manufacturer` LIKE '%咪%' [ RunTime:0.000476s ]
[ sql ] [ SQL ] SELECT * FROM `manufacturer` WHERE  `manufacturer` LIKE '%咪%' ORDER BY `id` LIMIT 0,10 [ RunTime:0.000505s ]
---------------------------------------------------------------
[ 2017-10-23T22:31:49+08:00 ] ::1 ::1 POST /CTT-MS-server/areaquery
[ info ] localhost/CTT-MS-server/areaquery [运行时间：0.055077s][吞吐率：18.16req/s] [内存消耗：3,751.36kb] [文件加载：56]
[ info ] [ LANG ] D:\wamp64\www\CTT-MS-server\thinkphp\lang\zh-cn.php
[ info ] [ ROUTE ] array (
  'type' => 'module',
  'module' => 
  array (
    0 => 'index',
    1 => 'Query',
    2 => 'area',
  ),
  'convert' => false,
)
[ info ] [ HEADER ] array (
  'host' => 'localhost',
  'connection' => 'keep-alive',
  'content-length' => '39',
  'accept' => '*/*',
  'origin' => 'http://localhost',
  'user-agent' => 'Mozilla/5.0 (Windows NT 10.0; Win64; x64) AppleWebKit/537.36 (KHTML, like Gecko) Chrome/61.0.3163.100 Safari/537.36',
  'content-type' => 'application/x-www-form-urlencoded; charset=UTF-8',
  'referer' => 'http://localhost/CTT-MS/category_setting.html',
  'accept-encoding' => 'gzip, deflate, br',
  'accept-language' => 'zh-CN,zh;q=0.8',
  'cookie' => 'Phpstorm-5547fa09=783ade7a-de49-4ae0-b7a2-0e4ea33c1bea; Phpstorm-bd2926e8=857be1c2-e28b-476d-b13e-3a6d848fae47; pgv_pvi=2761342976; _ga=GA1.1.1437015703.1490101787; PHPSESSID=uhh2jmaffm4fbuncvpakksnad2; username=4beed7b87a70e7c83cb828951d340be9',
)
[ info ] [ PARAM ] array (
  'cookie' => '4beed7b87a70e7c83cb828951d340be9',
)
[ info ] [ DB ] INIT mysql
[ info ] [ RUN ] app\index\controller\Query->area[ D:\wamp64\www\CTT-MS-server\application\index\controller\Query.php ]
[ info ] [ LOG ] INIT File
[ sql ] [ DB ] CONNECT:[ UseTime:0.001421s ] mysql:dbname=ctt-ms;host=127.0.0.1;charset=utf8
[ sql ] [ SQL ] SHOW COLUMNS FROM `user` [ RunTime:0.002123s ]
[ sql ] [ SQL ] SELECT * FROM `user` WHERE  `cookie_username` = '4beed7b87a70e7c83cb828951d340be9' LIMIT 1 [ RunTime:0.000879s ]
[ sql ] [ SQL ] SHOW COLUMNS FROM `auth` [ RunTime:0.001243s ]
[ sql ] [ SQL ] SELECT * FROM `auth` WHERE  `uid` = 1 LIMIT 1 [ RunTime:0.000732s ]
[ sql ] [ SQL ] SHOW COLUMNS FROM `area` [ RunTime:0.000926s ]
[ sql ] [ SQL ] SELECT DISTINCT  `province` FROM `area` [ RunTime:0.000279s ]
[ sql ] [ SQL ] SELECT DISTINCT  `city` FROM `area` WHERE  `province` = '四川' [ RunTime:0.000476s ]
[ sql ] [ SQL ] SELECT `district` FROM `area` WHERE  `province` = '四川'  AND `city` = '眉山' [ RunTime:0.000431s ]
---------------------------------------------------------------
[ 2017-10-23T22:31:49+08:00 ] ::1 ::1 POST /CTT-MS-server/areaquery
[ info ] localhost/CTT-MS-server/areaquery [运行时间：0.076851s][吞吐率：13.01req/s] [内存消耗：3,751.36kb] [文件加载：56]
[ info ] [ LANG ] D:\wamp64\www\CTT-MS-server\thinkphp\lang\zh-cn.php
[ info ] [ ROUTE ] array (
  'type' => 'module',
  'module' => 
  array (
    0 => 'index',
    1 => 'Query',
    2 => 'area',
  ),
  'convert' => false,
)
[ info ] [ HEADER ] array (
  'host' => 'localhost',
  'connection' => 'keep-alive',
  'content-length' => '39',
  'accept' => '*/*',
  'origin' => 'http://localhost',
  'user-agent' => 'Mozilla/5.0 (Windows NT 10.0; Win64; x64) AppleWebKit/537.36 (KHTML, like Gecko) Chrome/61.0.3163.100 Safari/537.36',
  'content-type' => 'application/x-www-form-urlencoded; charset=UTF-8',
  'referer' => 'http://localhost/CTT-MS/category_setting.html',
  'accept-encoding' => 'gzip, deflate, br',
  'accept-language' => 'zh-CN,zh;q=0.8',
  'cookie' => 'Phpstorm-5547fa09=783ade7a-de49-4ae0-b7a2-0e4ea33c1bea; Phpstorm-bd2926e8=857be1c2-e28b-476d-b13e-3a6d848fae47; pgv_pvi=2761342976; _ga=GA1.1.1437015703.1490101787; PHPSESSID=uhh2jmaffm4fbuncvpakksnad2; username=4beed7b87a70e7c83cb828951d340be9',
)
[ info ] [ PARAM ] array (
  'cookie' => '4beed7b87a70e7c83cb828951d340be9',
)
[ info ] [ DB ] INIT mysql
[ info ] [ RUN ] app\index\controller\Query->area[ D:\wamp64\www\CTT-MS-server\application\index\controller\Query.php ]
[ info ] [ LOG ] INIT File
[ sql ] [ DB ] CONNECT:[ UseTime:0.001072s ] mysql:dbname=ctt-ms;host=127.0.0.1;charset=utf8
[ sql ] [ SQL ] SHOW COLUMNS FROM `user` [ RunTime:0.001301s ]
[ sql ] [ SQL ] SELECT * FROM `user` WHERE  `cookie_username` = '4beed7b87a70e7c83cb828951d340be9' LIMIT 1 [ RunTime:0.000748s ]
[ sql ] [ SQL ] SHOW COLUMNS FROM `auth` [ RunTime:0.001247s ]
[ sql ] [ SQL ] SELECT * FROM `auth` WHERE  `uid` = 1 LIMIT 1 [ RunTime:0.000749s ]
[ sql ] [ SQL ] SHOW COLUMNS FROM `area` [ RunTime:0.002264s ]
[ sql ] [ SQL ] SELECT DISTINCT  `province` FROM `area` [ RunTime:0.000352s ]
[ sql ] [ SQL ] SELECT DISTINCT  `city` FROM `area` WHERE  `province` = '四川' [ RunTime:0.000387s ]
[ sql ] [ SQL ] SELECT `district` FROM `area` WHERE  `province` = '四川'  AND `city` = '眉山' [ RunTime:0.000381s ]
---------------------------------------------------------------
[ 2017-10-23T22:31:50+08:00 ] ::1 ::1 POST /CTT-MS-server/category/check
[ info ] localhost/CTT-MS-server/category/check [运行时间：0.081509s][吞吐率：12.27req/s] [内存消耗：3,802.36kb] [文件加载：59]
[ info ] [ LANG ] D:\wamp64\www\CTT-MS-server\thinkphp\lang\zh-cn.php
[ info ] [ ROUTE ] array (
  'type' => 'module',
  'module' => 
  array (
    0 => 'index',
    1 => 'CategoryManage',
    2 => 'check',
  ),
  'convert' => false,
)
[ info ] [ HEADER ] array (
  'host' => 'localhost',
  'connection' => 'keep-alive',
  'content-length' => '112',
  'accept' => '*/*',
  'origin' => 'http://localhost',
  'user-agent' => 'Mozilla/5.0 (Windows NT 10.0; Win64; x64) AppleWebKit/537.36 (KHTML, like Gecko) Chrome/61.0.3163.100 Safari/537.36',
  'content-type' => 'application/x-www-form-urlencoded; charset=UTF-8',
  'referer' => 'http://localhost/CTT-MS/category_setting.html',
  'accept-encoding' => 'gzip, deflate, br',
  'accept-language' => 'zh-CN,zh;q=0.8',
  'cookie' => 'Phpstorm-5547fa09=783ade7a-de49-4ae0-b7a2-0e4ea33c1bea; Phpstorm-bd2926e8=857be1c2-e28b-476d-b13e-3a6d848fae47; pgv_pvi=2761342976; _ga=GA1.1.1437015703.1490101787; PHPSESSID=uhh2jmaffm4fbuncvpakksnad2; username=4beed7b87a70e7c83cb828951d340be9',
)
[ info ] [ PARAM ] array (
  'cookie' => '4beed7b87a70e7c83cb828951d340be9',
  'query' => '{&quot;pageinfo&quot;:{&quot;curpage&quot;:1,&quot;pageinate&quot;:10},&quot;condition&quot;:{&quot;where&quot;:[]}}',
)
[ info ] [ DB ] INIT mysql
[ info ] [ RUN ] app\index\controller\CategoryManage->check[ D:\wamp64\www\CTT-MS-server\application\index\controller\CategoryManage.php ]
[ info ] [ LOG ] INIT File
[ sql ] [ DB ] CONNECT:[ UseTime:0.001536s ] mysql:dbname=ctt-ms;host=127.0.0.1;charset=utf8
[ sql ] [ SQL ] SHOW COLUMNS FROM `user` [ RunTime:0.002525s ]
[ sql ] [ SQL ] SELECT * FROM `user` WHERE  `cookie_username` = '4beed7b87a70e7c83cb828951d340be9' LIMIT 1 [ RunTime:0.001212s ]
[ sql ] [ SQL ] SHOW COLUMNS FROM `auth` [ RunTime:0.001560s ]
[ sql ] [ SQL ] SELECT * FROM `auth` WHERE  `uid` = 1 LIMIT 1 [ RunTime:0.000853s ]
[ sql ] [ SQL ] SHOW COLUMNS FROM `category` [ RunTime:0.000966s ]
[ sql ] [ SQL ] SELECT * FROM `category` [ RunTime:0.000445s ]
[ sql ] [ SQL ] SELECT * FROM `category` ORDER BY `id` LIMIT 0,10 [ RunTime:0.000887s ]
---------------------------------------------------------------
[ 2017-10-23T22:31:55+08:00 ] ::1 ::1 POST /CTT-MS-server/category/check
[ info ] localhost/CTT-MS-server/category/check [运行时间：0.059838s][吞吐率：16.71req/s] [内存消耗：3,805.29kb] [文件加载：59]
[ info ] [ LANG ] D:\wamp64\www\CTT-MS-server\thinkphp\lang\zh-cn.php
[ info ] [ ROUTE ] array (
  'type' => 'module',
  'module' => 
  array (
    0 => 'index',
    1 => 'CategoryManage',
    2 => 'check',
  ),
  'convert' => false,
)
[ info ] [ HEADER ] array (
  'host' => 'localhost',
  'connection' => 'keep-alive',
  'content-length' => '147',
  'accept' => '*/*',
  'origin' => 'http://localhost',
  'user-agent' => 'Mozilla/5.0 (Windows NT 10.0; Win64; x64) AppleWebKit/537.36 (KHTML, like Gecko) Chrome/61.0.3163.100 Safari/537.36',
  'content-type' => 'application/x-www-form-urlencoded; charset=UTF-8',
  'referer' => 'http://localhost/CTT-MS/category_setting.html',
  'accept-encoding' => 'gzip, deflate, br',
  'accept-language' => 'zh-CN,zh;q=0.8',
  'cookie' => 'Phpstorm-5547fa09=783ade7a-de49-4ae0-b7a2-0e4ea33c1bea; Phpstorm-bd2926e8=857be1c2-e28b-476d-b13e-3a6d848fae47; pgv_pvi=2761342976; _ga=GA1.1.1437015703.1490101787; PHPSESSID=uhh2jmaffm4fbuncvpakksnad2; username=4beed7b87a70e7c83cb828951d340be9',
)
[ info ] [ PARAM ] array (
  'cookie' => '4beed7b87a70e7c83cb828951d340be9',
  'query' => '{&quot;pageinfo&quot;:{&quot;curpage&quot;:1,&quot;pageinate&quot;:10},&quot;condition&quot;:{&quot;like&quot;:[&quot;category_name|stuff_source&quot;,&quot;%国%&quot;]}}',
)
[ info ] [ DB ] INIT mysql
[ info ] [ RUN ] app\index\controller\CategoryManage->check[ D:\wamp64\www\CTT-MS-server\application\index\controller\CategoryManage.php ]
[ info ] [ LOG ] INIT File
[ sql ] [ DB ] CONNECT:[ UseTime:0.001004s ] mysql:dbname=ctt-ms;host=127.0.0.1;charset=utf8
[ sql ] [ SQL ] SHOW COLUMNS FROM `user` [ RunTime:0.001003s ]
[ sql ] [ SQL ] SELECT * FROM `user` WHERE  `cookie_username` = '4beed7b87a70e7c83cb828951d340be9' LIMIT 1 [ RunTime:0.000625s ]
[ sql ] [ SQL ] SHOW COLUMNS FROM `auth` [ RunTime:0.000935s ]
[ sql ] [ SQL ] SELECT * FROM `auth` WHERE  `uid` = 1 LIMIT 1 [ RunTime:0.000586s ]
[ sql ] [ SQL ] SHOW COLUMNS FROM `category` [ RunTime:0.001133s ]
[ sql ] [ SQL ] SELECT * FROM `category` WHERE  ( `category_name` LIKE '%国%' OR `stuff_source` LIKE '%国%' ) [ RunTime:0.003337s ]
[ sql ] [ SQL ] SELECT * FROM `category` WHERE  ( `category_name` LIKE '%国%' OR `stuff_source` LIKE '%国%' ) ORDER BY `id` LIMIT 0,10 [ RunTime:0.000564s ]
---------------------------------------------------------------
[ 2017-10-23T22:31:56+08:00 ] ::1 ::1 POST /CTT-MS-server/category/check
[ info ] localhost/CTT-MS-server/category/check [运行时间：0.067023s][吞吐率：14.92req/s] [内存消耗：3,805.29kb] [文件加载：59]
[ info ] [ LANG ] D:\wamp64\www\CTT-MS-server\thinkphp\lang\zh-cn.php
[ info ] [ ROUTE ] array (
  'type' => 'module',
  'module' => 
  array (
    0 => 'index',
    1 => 'CategoryManage',
    2 => 'check',
  ),
  'convert' => false,
)
[ info ] [ HEADER ] array (
  'host' => 'localhost',
  'connection' => 'keep-alive',
  'content-length' => '147',
  'accept' => '*/*',
  'origin' => 'http://localhost',
  'user-agent' => 'Mozilla/5.0 (Windows NT 10.0; Win64; x64) AppleWebKit/537.36 (KHTML, like Gecko) Chrome/61.0.3163.100 Safari/537.36',
  'content-type' => 'application/x-www-form-urlencoded; charset=UTF-8',
  'referer' => 'http://localhost/CTT-MS/category_setting.html',
  'accept-encoding' => 'gzip, deflate, br',
  'accept-language' => 'zh-CN,zh;q=0.8',
  'cookie' => 'Phpstorm-5547fa09=783ade7a-de49-4ae0-b7a2-0e4ea33c1bea; Phpstorm-bd2926e8=857be1c2-e28b-476d-b13e-3a6d848fae47; pgv_pvi=2761342976; _ga=GA1.1.1437015703.1490101787; PHPSESSID=uhh2jmaffm4fbuncvpakksnad2; username=4beed7b87a70e7c83cb828951d340be9',
)
[ info ] [ PARAM ] array (
  'cookie' => '4beed7b87a70e7c83cb828951d340be9',
  'query' => '{&quot;pageinfo&quot;:{&quot;curpage&quot;:1,&quot;pageinate&quot;:10},&quot;condition&quot;:{&quot;like&quot;:[&quot;category_name|stuff_source&quot;,&quot;%国%&quot;]}}',
)
[ info ] [ DB ] INIT mysql
[ info ] [ RUN ] app\index\controller\CategoryManage->check[ D:\wamp64\www\CTT-MS-server\application\index\controller\CategoryManage.php ]
[ info ] [ LOG ] INIT File
[ sql ] [ DB ] CONNECT:[ UseTime:0.000869s ] mysql:dbname=ctt-ms;host=127.0.0.1;charset=utf8
[ sql ] [ SQL ] SHOW COLUMNS FROM `user` [ RunTime:0.000954s ]
[ sql ] [ SQL ] SELECT * FROM `user` WHERE  `cookie_username` = '4beed7b87a70e7c83cb828951d340be9' LIMIT 1 [ RunTime:0.000601s ]
[ sql ] [ SQL ] SHOW COLUMNS FROM `auth` [ RunTime:0.000983s ]
[ sql ] [ SQL ] SELECT * FROM `auth` WHERE  `uid` = 1 LIMIT 1 [ RunTime:0.000582s ]
[ sql ] [ SQL ] SHOW COLUMNS FROM `category` [ RunTime:0.001347s ]
[ sql ] [ SQL ] SELECT * FROM `category` WHERE  ( `category_name` LIKE '%国%' OR `stuff_source` LIKE '%国%' ) [ RunTime:0.000644s ]
[ sql ] [ SQL ] SELECT * FROM `category` WHERE  ( `category_name` LIKE '%国%' OR `stuff_source` LIKE '%国%' ) ORDER BY `id` LIMIT 0,10 [ RunTime:0.000363s ]
---------------------------------------------------------------
[ 2017-10-23T22:31:59+08:00 ] ::1 ::1 POST /CTT-MS-server/categoryquery
[ info ] localhost/CTT-MS-server/categoryquery [运行时间：0.058235s][吞吐率：17.17req/s] [内存消耗：3,742.83kb] [文件加载：56]
[ info ] [ LANG ] D:\wamp64\www\CTT-MS-server\thinkphp\lang\zh-cn.php
[ info ] [ ROUTE ] array (
  'type' => 'module',
  'module' => 
  array (
    0 => 'index',
    1 => 'Query',
    2 => 'category',
  ),
  'convert' => false,
)
[ info ] [ HEADER ] array (
  'host' => 'localhost',
  'connection' => 'keep-alive',
  'content-length' => '39',
  'accept' => '*/*',
  'origin' => 'http://localhost',
  'user-agent' => 'Mozilla/5.0 (Windows NT 10.0; Win64; x64) AppleWebKit/537.36 (KHTML, like Gecko) Chrome/61.0.3163.100 Safari/537.36',
  'content-type' => 'application/x-www-form-urlencoded; charset=UTF-8',
  'referer' => 'http://localhost/CTT-MS/stuff_setting.html',
  'accept-encoding' => 'gzip, deflate, br',
  'accept-language' => 'zh-CN,zh;q=0.8',
  'cookie' => 'Phpstorm-5547fa09=783ade7a-de49-4ae0-b7a2-0e4ea33c1bea; Phpstorm-bd2926e8=857be1c2-e28b-476d-b13e-3a6d848fae47; pgv_pvi=2761342976; _ga=GA1.1.1437015703.1490101787; PHPSESSID=uhh2jmaffm4fbuncvpakksnad2; username=4beed7b87a70e7c83cb828951d340be9',
)
[ info ] [ PARAM ] array (
  'cookie' => '4beed7b87a70e7c83cb828951d340be9',
)
[ info ] [ DB ] INIT mysql
[ info ] [ RUN ] app\index\controller\Query->category[ D:\wamp64\www\CTT-MS-server\application\index\controller\Query.php ]
[ info ] [ LOG ] INIT File
[ sql ] [ DB ] CONNECT:[ UseTime:0.000964s ] mysql:dbname=ctt-ms;host=127.0.0.1;charset=utf8
[ sql ] [ SQL ] SHOW COLUMNS FROM `user` [ RunTime:0.001066s ]
[ sql ] [ SQL ] SELECT * FROM `user` WHERE  `cookie_username` = '4beed7b87a70e7c83cb828951d340be9' LIMIT 1 [ RunTime:0.000532s ]
[ sql ] [ SQL ] SHOW COLUMNS FROM `auth` [ RunTime:0.001237s ]
[ sql ] [ SQL ] SELECT * FROM `auth` WHERE  `uid` = 1 LIMIT 1 [ RunTime:0.001108s ]
[ sql ] [ SQL ] SHOW COLUMNS FROM `category` [ RunTime:0.001253s ]
[ sql ] [ SQL ] SELECT `category_name` FROM `category` [ RunTime:0.000364s ]
---------------------------------------------------------------
[ 2017-10-23T22:31:59+08:00 ] ::1 ::1 POST /CTT-MS-server/categoryquery
[ info ] localhost/CTT-MS-server/categoryquery [运行时间：0.073414s][吞吐率：13.62req/s] [内存消耗：3,742.83kb] [文件加载：56]
[ info ] [ LANG ] D:\wamp64\www\CTT-MS-server\thinkphp\lang\zh-cn.php
[ info ] [ ROUTE ] array (
  'type' => 'module',
  'module' => 
  array (
    0 => 'index',
    1 => 'Query',
    2 => 'category',
  ),
  'convert' => false,
)
[ info ] [ HEADER ] array (
  'host' => 'localhost',
  'connection' => 'keep-alive',
  'content-length' => '39',
  'accept' => '*/*',
  'origin' => 'http://localhost',
  'user-agent' => 'Mozilla/5.0 (Windows NT 10.0; Win64; x64) AppleWebKit/537.36 (KHTML, like Gecko) Chrome/61.0.3163.100 Safari/537.36',
  'content-type' => 'application/x-www-form-urlencoded; charset=UTF-8',
  'referer' => 'http://localhost/CTT-MS/stuff_setting.html',
  'accept-encoding' => 'gzip, deflate, br',
  'accept-language' => 'zh-CN,zh;q=0.8',
  'cookie' => 'Phpstorm-5547fa09=783ade7a-de49-4ae0-b7a2-0e4ea33c1bea; Phpstorm-bd2926e8=857be1c2-e28b-476d-b13e-3a6d848fae47; pgv_pvi=2761342976; _ga=GA1.1.1437015703.1490101787; PHPSESSID=uhh2jmaffm4fbuncvpakksnad2; username=4beed7b87a70e7c83cb828951d340be9',
)
[ info ] [ PARAM ] array (
  'cookie' => '4beed7b87a70e7c83cb828951d340be9',
)
[ info ] [ DB ] INIT mysql
[ info ] [ RUN ] app\index\controller\Query->category[ D:\wamp64\www\CTT-MS-server\application\index\controller\Query.php ]
[ info ] [ LOG ] INIT File
[ sql ] [ DB ] CONNECT:[ UseTime:0.001250s ] mysql:dbname=ctt-ms;host=127.0.0.1;charset=utf8
[ sql ] [ SQL ] SHOW COLUMNS FROM `user` [ RunTime:0.001615s ]
[ sql ] [ SQL ] SELECT * FROM `user` WHERE  `cookie_username` = '4beed7b87a70e7c83cb828951d340be9' LIMIT 1 [ RunTime:0.001294s ]
[ sql ] [ SQL ] SHOW COLUMNS FROM `auth` [ RunTime:0.001373s ]
[ sql ] [ SQL ] SELECT * FROM `auth` WHERE  `uid` = 1 LIMIT 1 [ RunTime:0.001006s ]
[ sql ] [ SQL ] SHOW COLUMNS FROM `category` [ RunTime:0.001337s ]
[ sql ] [ SQL ] SELECT `category_name` FROM `category` [ RunTime:0.001422s ]
---------------------------------------------------------------
[ 2017-10-23T22:31:59+08:00 ] ::1 ::1 POST /CTT-MS-server/stuff/check
[ info ] localhost/CTT-MS-server/stuff/check [运行时间：0.074567s][吞吐率：13.41req/s] [内存消耗：3,800.75kb] [文件加载：59]
[ info ] [ LANG ] D:\wamp64\www\CTT-MS-server\thinkphp\lang\zh-cn.php
[ info ] [ ROUTE ] array (
  'type' => 'module',
  'module' => 
  array (
    0 => 'index',
    1 => 'StuffManage',
    2 => 'check',
  ),
  'convert' => false,
)
[ info ] [ HEADER ] array (
  'host' => 'localhost',
  'connection' => 'keep-alive',
  'content-length' => '112',
  'accept' => '*/*',
  'origin' => 'http://localhost',
  'user-agent' => 'Mozilla/5.0 (Windows NT 10.0; Win64; x64) AppleWebKit/537.36 (KHTML, like Gecko) Chrome/61.0.3163.100 Safari/537.36',
  'content-type' => 'application/x-www-form-urlencoded; charset=UTF-8',
  'referer' => 'http://localhost/CTT-MS/stuff_setting.html',
  'accept-encoding' => 'gzip, deflate, br',
  'accept-language' => 'zh-CN,zh;q=0.8',
  'cookie' => 'Phpstorm-5547fa09=783ade7a-de49-4ae0-b7a2-0e4ea33c1bea; Phpstorm-bd2926e8=857be1c2-e28b-476d-b13e-3a6d848fae47; pgv_pvi=2761342976; _ga=GA1.1.1437015703.1490101787; PHPSESSID=uhh2jmaffm4fbuncvpakksnad2; username=4beed7b87a70e7c83cb828951d340be9',
)
[ info ] [ PARAM ] array (
  'cookie' => '4beed7b87a70e7c83cb828951d340be9',
  'query' => '{&quot;pageinfo&quot;:{&quot;curpage&quot;:1,&quot;pageinate&quot;:10},&quot;condition&quot;:{&quot;where&quot;:[]}}',
)
[ info ] [ DB ] INIT mysql
[ info ] [ RUN ] app\index\controller\StuffManage->check[ D:\wamp64\www\CTT-MS-server\application\index\controller\StuffManage.php ]
[ info ] [ LOG ] INIT File
[ sql ] [ DB ] CONNECT:[ UseTime:0.002186s ] mysql:dbname=ctt-ms;host=127.0.0.1;charset=utf8
[ sql ] [ SQL ] SHOW COLUMNS FROM `user` [ RunTime:0.004816s ]
[ sql ] [ SQL ] SELECT * FROM `user` WHERE  `cookie_username` = '4beed7b87a70e7c83cb828951d340be9' LIMIT 1 [ RunTime:0.001037s ]
[ sql ] [ SQL ] SHOW COLUMNS FROM `auth` [ RunTime:0.001388s ]
[ sql ] [ SQL ] SELECT * FROM `auth` WHERE  `uid` = 1 LIMIT 1 [ RunTime:0.000816s ]
[ sql ] [ SQL ] SHOW COLUMNS FROM `stuff` [ RunTime:0.001071s ]
[ sql ] [ SQL ] SELECT * FROM `stuff` [ RunTime:0.000365s ]
[ sql ] [ SQL ] SELECT * FROM `stuff` ORDER BY `id` LIMIT 0,10 [ RunTime:0.000370s ]
---------------------------------------------------------------
[ 2017-10-23T22:32:05+08:00 ] ::1 ::1 POST /CTT-MS-server/stuff/check
[ info ] localhost/CTT-MS-server/stuff/check [运行时间：0.059859s][吞吐率：16.71req/s] [内存消耗：3,804.38kb] [文件加载：59]
[ info ] [ LANG ] D:\wamp64\www\CTT-MS-server\thinkphp\lang\zh-cn.php
[ info ] [ ROUTE ] array (
  'type' => 'module',
  'module' => 
  array (
    0 => 'index',
    1 => 'StuffManage',
    2 => 'check',
  ),
  'convert' => false,
)
[ info ] [ HEADER ] array (
  'host' => 'localhost',
  'connection' => 'keep-alive',
  'content-length' => '150',
  'accept' => '*/*',
  'origin' => 'http://localhost',
  'user-agent' => 'Mozilla/5.0 (Windows NT 10.0; Win64; x64) AppleWebKit/537.36 (KHTML, like Gecko) Chrome/61.0.3163.100 Safari/537.36',
  'content-type' => 'application/x-www-form-urlencoded; charset=UTF-8',
  'referer' => 'http://localhost/CTT-MS/stuff_setting.html',
  'accept-encoding' => 'gzip, deflate, br',
  'accept-language' => 'zh-CN,zh;q=0.8',
  'cookie' => 'Phpstorm-5547fa09=783ade7a-de49-4ae0-b7a2-0e4ea33c1bea; Phpstorm-bd2926e8=857be1c2-e28b-476d-b13e-3a6d848fae47; pgv_pvi=2761342976; _ga=GA1.1.1437015703.1490101787; PHPSESSID=uhh2jmaffm4fbuncvpakksnad2; username=4beed7b87a70e7c83cb828951d340be9',
)
[ info ] [ PARAM ] array (
  'cookie' => '4beed7b87a70e7c83cb828951d340be9',
  'query' => '{&quot;pageinfo&quot;:{&quot;curpage&quot;:1,&quot;pageinate&quot;:10},&quot;condition&quot;:{&quot;like&quot;:[&quot;stuff_name|unit|category_name&quot;,&quot;%个%&quot;]}}',
)
[ info ] [ DB ] INIT mysql
[ info ] [ RUN ] app\index\controller\StuffManage->check[ D:\wamp64\www\CTT-MS-server\application\index\controller\StuffManage.php ]
[ info ] [ LOG ] INIT File
[ sql ] [ DB ] CONNECT:[ UseTime:0.001814s ] mysql:dbname=ctt-ms;host=127.0.0.1;charset=utf8
[ sql ] [ SQL ] SHOW COLUMNS FROM `user` [ RunTime:0.001904s ]
[ sql ] [ SQL ] SELECT * FROM `user` WHERE  `cookie_username` = '4beed7b87a70e7c83cb828951d340be9' LIMIT 1 [ RunTime:0.000745s ]
[ sql ] [ SQL ] SHOW COLUMNS FROM `auth` [ RunTime:0.000963s ]
[ sql ] [ SQL ] SELECT * FROM `auth` WHERE  `uid` = 1 LIMIT 1 [ RunTime:0.000565s ]
[ sql ] [ SQL ] SHOW COLUMNS FROM `stuff` [ RunTime:0.000821s ]
[ sql ] [ SQL ] SELECT * FROM `stuff` WHERE  ( `stuff_name` LIKE '%个%' OR `unit` LIKE '%个%' OR `category_name` LIKE '%个%' ) [ RunTime:0.000463s ]
[ sql ] [ SQL ] SELECT * FROM `stuff` WHERE  ( `stuff_name` LIKE '%个%' OR `unit` LIKE '%个%' OR `category_name` LIKE '%个%' ) ORDER BY `id` LIMIT 0,10 [ RunTime:0.000444s ]
