---------------------------------------------------------------
[ 2017-10-26T16:37:35+08:00 ] ::1 ::1 POST /CTT-MS-server/login
[ info ] localhost/CTT-MS-server/login [运行时间：1.776211s][吞吐率：0.56req/s] [内存消耗：3,362.56kb] [文件加载：53]
[ info ] [ LANG ] D:\wamp64\www\CTT-MS-server\thinkphp\lang\zh-cn.php
[ info ] [ ROUTE ] array (
  'type' => 'module',
  'module' => 
  array (
    0 => 'index',
    1 => 'Auth',
    2 => 'login',
  ),
  'convert' => false,
)
[ info ] [ HEADER ] array (
  'host' => 'localhost',
  'connection' => 'keep-alive',
  'content-length' => '28',
  'accept' => '*/*',
  'origin' => 'http://localhost',
  'user-agent' => 'Mozilla/5.0 (Windows NT 10.0; Win64; x64) AppleWebKit/537.36 (KHTML, like Gecko) Chrome/61.0.3163.100 Safari/537.36',
  'content-type' => 'application/x-www-form-urlencoded; charset=UTF-8',
  'referer' => 'http://localhost/CTT-MS/login.html',
  'accept-encoding' => 'gzip, deflate, br',
  'accept-language' => 'zh-CN,zh;q=0.8',
  'cookie' => 'Phpstorm-5547fa09=783ade7a-de49-4ae0-b7a2-0e4ea33c1bea; Phpstorm-bd2926e8=857be1c2-e28b-476d-b13e-3a6d848fae47; pgv_pvi=2761342976; _ga=GA1.1.1437015703.1490101787',
)
[ info ] [ PARAM ] array (
  'username' => '001',
  'password' => '123456',
)
[ info ] [ RUN ] app\index\controller\Auth->login[ D:\wamp64\www\CTT-MS-server\application\index\controller\Auth.php ]
[ info ] [ DB ] INIT mysql
[ info ] [ SESSION ] INIT array (
  'id' => '',
  'var_session_id' => '',
  'prefix' => 'think',
  'type' => '',
  'auto_start' => true,
)
[ info ] [ LOG ] INIT File
[ sql ] [ DB ] CONNECT:[ UseTime:0.001288s ] mysql:dbname=ctt-ms;host=127.0.0.1;charset=utf8
[ sql ] [ SQL ] SHOW COLUMNS FROM `user` [ RunTime:0.002301s ]
[ sql ] [ SQL ] SELECT * FROM `user` WHERE  `username` = '001' LIMIT 1 [ RunTime:0.000620s ]
[ sql ] [ SQL ] UPDATE `user`  SET `cookie_username`='0d744fd53942bd1e6712b94623bc5ba9'  WHERE  `username` = '001' [ RunTime:0.000544s ]
[ sql ] [ SQL ] UPDATE `user`  SET `last_login_time`='2017-10-26 16:37:35'  WHERE  `username` = '001' [ RunTime:0.000334s ]
[ sql ] [ SQL ] UPDATE `user`  SET `last_logout_time`='2017-10-26 16:37:35'  WHERE  `username` = '001' [ RunTime:0.000440s ]
---------------------------------------------------------------
[ 2017-10-26T16:37:36+08:00 ] ::1 ::1 POST /CTT-MS-server/checkauth
[ info ] localhost/CTT-MS-server/checkauth [运行时间：0.092439s][吞吐率：10.82req/s] [内存消耗：3,767.36kb] [文件加载：55]
[ info ] [ LANG ] D:\wamp64\www\CTT-MS-server\thinkphp\lang\zh-cn.php
[ info ] [ ROUTE ] array (
  'type' => 'module',
  'module' => 
  array (
    0 => 'index',
    1 => 'Auth',
    2 => 'checkAuth',
  ),
  'convert' => false,
)
[ info ] [ HEADER ] array (
  'host' => 'localhost',
  'connection' => 'keep-alive',
  'content-length' => '39',
  'accept' => 'application/json, text/javascript, */*; q=0.01',
  'origin' => 'http://localhost',
  'x-requested-with' => 'XMLHttpRequest',
  'user-agent' => 'Mozilla/5.0 (Windows NT 10.0; Win64; x64) AppleWebKit/537.36 (KHTML, like Gecko) Chrome/61.0.3163.100 Safari/537.36',
  'content-type' => 'application/x-www-form-urlencoded; charset=UTF-8',
  'referer' => 'http://localhost/CTT-MS/main.html',
  'accept-encoding' => 'gzip, deflate, br',
  'accept-language' => 'zh-CN,zh;q=0.8',
  'cookie' => 'Phpstorm-5547fa09=783ade7a-de49-4ae0-b7a2-0e4ea33c1bea; Phpstorm-bd2926e8=857be1c2-e28b-476d-b13e-3a6d848fae47; pgv_pvi=2761342976; _ga=GA1.1.1437015703.1490101787; PHPSESSID=obanbqmct8al64k78eabfkm8d3; username=0d744fd53942bd1e6712b94623bc5ba9',
)
[ info ] [ PARAM ] array (
  'cookie' => '0d744fd53942bd1e6712b94623bc5ba9',
)
[ info ] [ RUN ] app\index\controller\Auth->checkAuth[ D:\wamp64\www\CTT-MS-server\application\index\controller\Auth.php ]
[ info ] [ DB ] INIT mysql
[ info ] [ LOG ] INIT File
[ sql ] [ DB ] CONNECT:[ UseTime:0.001008s ] mysql:dbname=ctt-ms;host=127.0.0.1;charset=utf8
[ sql ] [ SQL ] SHOW COLUMNS FROM `user` [ RunTime:0.002466s ]
[ sql ] [ SQL ] SELECT * FROM `user` WHERE  `cookie_username` = '0d744fd53942bd1e6712b94623bc5ba9' LIMIT 1 [ RunTime:0.000668s ]
[ sql ] [ SQL ] SHOW COLUMNS FROM `auth` [ RunTime:0.001822s ]
[ sql ] [ SQL ] SELECT * FROM `auth` WHERE  `uid` = 1 LIMIT 1 [ RunTime:0.000592s ]
---------------------------------------------------------------
[ 2017-10-26T16:37:41+08:00 ] ::1 ::1 GET /CTT-MS-server/Staff/check
[ info ] localhost/CTT-MS-server/Staff/check [运行时间：0.252458s][吞吐率：3.96req/s] [内存消耗：3,867.83kb] [文件加载：59]
[ info ] [ LANG ] D:\wamp64\www\CTT-MS-server\thinkphp\lang\zh-cn.php
[ info ] [ ROUTE ] array (
  'type' => 'module',
  'module' => 
  array (
    0 => 'index',
    1 => 'StaffManage',
    2 => 'check',
  ),
  'convert' => false,
)
[ info ] [ HEADER ] array (
  'host' => 'localhost',
  'connection' => 'keep-alive',
  'user-agent' => 'Mozilla/5.0 (Windows NT 10.0; Win64; x64) AppleWebKit/537.36 (KHTML, like Gecko) Chrome/61.0.3163.100 Safari/537.36',
  'upgrade-insecure-requests' => '1',
  'accept' => 'text/html,application/xhtml+xml,application/xml;q=0.9,image/webp,image/apng,*/*;q=0.8',
  'accept-encoding' => 'gzip, deflate, br',
  'accept-language' => 'zh-CN,zh;q=0.8',
  'cookie' => 'Phpstorm-5547fa09=783ade7a-de49-4ae0-b7a2-0e4ea33c1bea; Phpstorm-bd2926e8=857be1c2-e28b-476d-b13e-3a6d848fae47; pgv_pvi=2761342976; _ga=GA1.1.1437015703.1490101787; PHPSESSID=obanbqmct8al64k78eabfkm8d3; username=0d744fd53942bd1e6712b94623bc5ba9',
)
[ info ] [ PARAM ] array (
)
[ info ] [ DB ] INIT mysql
[ info ] [ RUN ] app\index\controller\StaffManage->check[ D:\wamp64\www\CTT-MS-server\application\index\controller\StaffManage.php ]
[ info ] [ LOG ] INIT File
[ sql ] [ DB ] CONNECT:[ UseTime:0.001410s ] mysql:dbname=ctt-ms;host=127.0.0.1;charset=utf8
[ sql ] [ SQL ] SHOW COLUMNS FROM `user` [ RunTime:0.002222s ]
[ sql ] [ SQL ] SELECT * FROM `user` WHERE  `cookie_username` = '0d744fd53942bd1e6712b94623bc5ba9' LIMIT 1 [ RunTime:0.001020s ]
[ sql ] [ SQL ] SHOW COLUMNS FROM `auth` [ RunTime:0.001064s ]
[ sql ] [ SQL ] SELECT * FROM `auth` WHERE  `uid` = 1 LIMIT 1 [ RunTime:0.000531s ]
[ sql ] [ SQL ] SHOW COLUMNS FROM `staff` [ RunTime:0.001145s ]
[ sql ] [ SQL ] SELECT * FROM `staff` ORDER BY `id` [ RunTime:0.000548s ]
---------------------------------------------------------------
[ 2017-10-26T16:37:56+08:00 ] ::1 ::1 GET /CTT-MS-server/index/stuffin/check
[ info ] localhost/CTT-MS-server/index/stuffin/check [运行时间：0.303471s][吞吐率：3.30req/s] [内存消耗：1,938.76kb] [文件加载：40]
[ info ] [ LANG ] D:\wamp64\www\CTT-MS-server\thinkphp\lang\zh-cn.php
[ info ] [ ROUTE ] array (
  'type' => 'module',
  'module' => 
  array (
    0 => 'index',
    1 => 'stuffin',
    2 => 'check',
  ),
)
[ info ] [ HEADER ] array (
  'host' => 'localhost',
  'connection' => 'keep-alive',
  'user-agent' => 'Mozilla/5.0 (Windows NT 10.0; Win64; x64) AppleWebKit/537.36 (KHTML, like Gecko) Chrome/61.0.3163.100 Safari/537.36',
  'upgrade-insecure-requests' => '1',
  'accept' => 'text/html,application/xhtml+xml,application/xml;q=0.9,image/webp,image/apng,*/*;q=0.8',
  'accept-encoding' => 'gzip, deflate, br',
  'accept-language' => 'zh-CN,zh;q=0.8',
  'cookie' => 'Phpstorm-5547fa09=783ade7a-de49-4ae0-b7a2-0e4ea33c1bea; Phpstorm-bd2926e8=857be1c2-e28b-476d-b13e-3a6d848fae47; pgv_pvi=2761342976; _ga=GA1.1.1437015703.1490101787; PHPSESSID=obanbqmct8al64k78eabfkm8d3; username=0d744fd53942bd1e6712b94623bc5ba9',
)
[ info ] [ PARAM ] array (
)
[ info ] [ LOG ] INIT File
---------------------------------------------------------------
[ 2017-10-26T16:38:30+08:00 ] ::1 ::1 GET /CTT-MS-server/stuffin/check
[ info ] localhost/CTT-MS-server/stuffin/check [运行时间：0.159641s][吞吐率：6.26req/s] [内存消耗：3,830.40kb] [文件加载：59]
[ info ] [ LANG ] D:\wamp64\www\CTT-MS-server\thinkphp\lang\zh-cn.php
[ info ] [ ROUTE ] array (
  'type' => 'module',
  'module' => 
  array (
    0 => 'index',
    1 => 'StuffIn',
    2 => 'check',
  ),
  'convert' => false,
)
[ info ] [ HEADER ] array (
  'host' => 'localhost',
  'connection' => 'keep-alive',
  'user-agent' => 'Mozilla/5.0 (Windows NT 10.0; Win64; x64) AppleWebKit/537.36 (KHTML, like Gecko) Chrome/61.0.3163.100 Safari/537.36',
  'upgrade-insecure-requests' => '1',
  'accept' => 'text/html,application/xhtml+xml,application/xml;q=0.9,image/webp,image/apng,*/*;q=0.8',
  'accept-encoding' => 'gzip, deflate, br',
  'accept-language' => 'zh-CN,zh;q=0.8',
  'cookie' => 'Phpstorm-5547fa09=783ade7a-de49-4ae0-b7a2-0e4ea33c1bea; Phpstorm-bd2926e8=857be1c2-e28b-476d-b13e-3a6d848fae47; pgv_pvi=2761342976; _ga=GA1.1.1437015703.1490101787; PHPSESSID=obanbqmct8al64k78eabfkm8d3; username=0d744fd53942bd1e6712b94623bc5ba9',
)
[ info ] [ PARAM ] array (
)
[ info ] [ DB ] INIT mysql
[ info ] [ RUN ] app\index\controller\StuffIn->check[ D:\wamp64\www\CTT-MS-server\application\index\controller\StuffIn.php ]
[ info ] [ LOG ] INIT File
[ sql ] [ DB ] CONNECT:[ UseTime:0.001189s ] mysql:dbname=ctt-ms;host=127.0.0.1;charset=utf8
[ sql ] [ SQL ] SHOW COLUMNS FROM `user` [ RunTime:0.001256s ]
[ sql ] [ SQL ] SELECT * FROM `user` WHERE  `cookie_username` = '0d744fd53942bd1e6712b94623bc5ba9' LIMIT 1 [ RunTime:0.000650s ]
[ sql ] [ SQL ] SHOW COLUMNS FROM `auth` [ RunTime:0.001017s ]
[ sql ] [ SQL ] SELECT * FROM `auth` WHERE  `uid` = 1 LIMIT 1 [ RunTime:0.000575s ]
[ sql ] [ SQL ] SELECT * FROM `user` WHERE  `cookie_username` = '0d744fd53942bd1e6712b94623bc5ba9' LIMIT 1 [ RunTime:0.000574s ]
[ sql ] [ SQL ] SHOW COLUMNS FROM `stuff_in_record` [ RunTime:0.001625s ]
[ sql ] [ SQL ] SELECT `a`.*,`b`.* FROM `stuff_in_record` `a` INNER JOIN `stuff` `b` ON `a`.`stuff_id`=`b`.`id` WHERE  `storehouse` = '超管1' [ RunTime:0.000814s ]
---------------------------------------------------------------
[ 2017-10-26T16:38:32+08:00 ] ::1 ::1 GET /CTT-MS-server/stuffin/check
[ info ] localhost/CTT-MS-server/stuffin/check [运行时间：0.051057s][吞吐率：19.59req/s] [内存消耗：3,830.79kb] [文件加载：59]
[ info ] [ LANG ] D:\wamp64\www\CTT-MS-server\thinkphp\lang\zh-cn.php
[ info ] [ ROUTE ] array (
  'type' => 'module',
  'module' => 
  array (
    0 => 'index',
    1 => 'StuffIn',
    2 => 'check',
  ),
  'convert' => false,
)
[ info ] [ HEADER ] array (
  'host' => 'localhost',
  'connection' => 'keep-alive',
  'cache-control' => 'max-age=0',
  'user-agent' => 'Mozilla/5.0 (Windows NT 10.0; Win64; x64) AppleWebKit/537.36 (KHTML, like Gecko) Chrome/61.0.3163.100 Safari/537.36',
  'upgrade-insecure-requests' => '1',
  'accept' => 'text/html,application/xhtml+xml,application/xml;q=0.9,image/webp,image/apng,*/*;q=0.8',
  'accept-encoding' => 'gzip, deflate, br',
  'accept-language' => 'zh-CN,zh;q=0.8',
  'cookie' => 'Phpstorm-5547fa09=783ade7a-de49-4ae0-b7a2-0e4ea33c1bea; Phpstorm-bd2926e8=857be1c2-e28b-476d-b13e-3a6d848fae47; pgv_pvi=2761342976; _ga=GA1.1.1437015703.1490101787; PHPSESSID=obanbqmct8al64k78eabfkm8d3; username=0d744fd53942bd1e6712b94623bc5ba9',
)
[ info ] [ PARAM ] array (
)
[ info ] [ DB ] INIT mysql
[ info ] [ RUN ] app\index\controller\StuffIn->check[ D:\wamp64\www\CTT-MS-server\application\index\controller\StuffIn.php ]
[ info ] [ LOG ] INIT File
[ sql ] [ DB ] CONNECT:[ UseTime:0.000912s ] mysql:dbname=ctt-ms;host=127.0.0.1;charset=utf8
[ sql ] [ SQL ] SHOW COLUMNS FROM `user` [ RunTime:0.001426s ]
[ sql ] [ SQL ] SELECT * FROM `user` WHERE  `cookie_username` = '0d744fd53942bd1e6712b94623bc5ba9' LIMIT 1 [ RunTime:0.000650s ]
[ sql ] [ SQL ] SHOW COLUMNS FROM `auth` [ RunTime:0.001102s ]
[ sql ] [ SQL ] SELECT * FROM `auth` WHERE  `uid` = 1 LIMIT 1 [ RunTime:0.000537s ]
[ sql ] [ SQL ] SELECT * FROM `user` WHERE  `cookie_username` = '0d744fd53942bd1e6712b94623bc5ba9' LIMIT 1 [ RunTime:0.000457s ]
[ sql ] [ SQL ] SHOW COLUMNS FROM `stuff_in_record` [ RunTime:0.000792s ]
[ sql ] [ SQL ] SELECT `a`.*,`b`.* FROM `stuff_in_record` `a` INNER JOIN `stuff` `b` ON `a`.`stuff_id`=`b`.`id` WHERE  `storehouse` = '超管1' [ RunTime:0.000668s ]
---------------------------------------------------------------
[ 2017-10-26T16:38:55+08:00 ] ::1 ::1 GET /CTT-MS-server/stuffin/check
[ info ] localhost/CTT-MS-server/stuffin/check [运行时间：0.051611s][吞吐率：19.38req/s] [内存消耗：3,826.93kb] [文件加载：59]
[ info ] [ LANG ] D:\wamp64\www\CTT-MS-server\thinkphp\lang\zh-cn.php
[ info ] [ ROUTE ] array (
  'type' => 'module',
  'module' => 
  array (
    0 => 'index',
    1 => 'StuffIn',
    2 => 'check',
  ),
  'convert' => false,
)
[ info ] [ HEADER ] array (
  'host' => 'localhost',
  'connection' => 'keep-alive',
  'cache-control' => 'max-age=0',
  'user-agent' => 'Mozilla/5.0 (Windows NT 10.0; Win64; x64) AppleWebKit/537.36 (KHTML, like Gecko) Chrome/61.0.3163.100 Safari/537.36',
  'upgrade-insecure-requests' => '1',
  'accept' => 'text/html,application/xhtml+xml,application/xml;q=0.9,image/webp,image/apng,*/*;q=0.8',
  'accept-encoding' => 'gzip, deflate, br',
  'accept-language' => 'zh-CN,zh;q=0.8',
  'cookie' => 'Phpstorm-5547fa09=783ade7a-de49-4ae0-b7a2-0e4ea33c1bea; Phpstorm-bd2926e8=857be1c2-e28b-476d-b13e-3a6d848fae47; pgv_pvi=2761342976; _ga=GA1.1.1437015703.1490101787; PHPSESSID=obanbqmct8al64k78eabfkm8d3; username=0d744fd53942bd1e6712b94623bc5ba9',
)
[ info ] [ PARAM ] array (
)
[ info ] [ DB ] INIT mysql
[ info ] [ RUN ] app\index\controller\StuffIn->check[ D:\wamp64\www\CTT-MS-server\application\index\controller\StuffIn.php ]
[ info ] [ LOG ] INIT File
[ sql ] [ DB ] CONNECT:[ UseTime:0.000921s ] mysql:dbname=ctt-ms;host=127.0.0.1;charset=utf8
[ sql ] [ SQL ] SHOW COLUMNS FROM `user` [ RunTime:0.001370s ]
[ sql ] [ SQL ] SELECT * FROM `user` WHERE  `cookie_username` = '0d744fd53942bd1e6712b94623bc5ba9' LIMIT 1 [ RunTime:0.000654s ]
[ sql ] [ SQL ] SHOW COLUMNS FROM `auth` [ RunTime:0.000932s ]
[ sql ] [ SQL ] SELECT * FROM `auth` WHERE  `uid` = 1 LIMIT 1 [ RunTime:0.000733s ]
[ sql ] [ SQL ] SELECT * FROM `user` WHERE  `cookie_username` = '0d744fd53942bd1e6712b94623bc5ba9' LIMIT 1 [ RunTime:0.000488s ]
[ sql ] [ SQL ] SHOW COLUMNS FROM `stuff_in_record` [ RunTime:0.000735s ]
[ sql ] [ SQL ] SELECT * FROM `stuff_in_record` `a` WHERE  `storehouse` = '超管1' [ RunTime:0.000452s ]
---------------------------------------------------------------
[ 2017-10-26T16:40:35+08:00 ] ::1 ::1 GET /CTT-MS-server/stuffin/check
[ info ] localhost/CTT-MS-server/stuffin/check [运行时间：0.054352s][吞吐率：18.40req/s] [内存消耗：3,826.93kb] [文件加载：59]
[ info ] [ LANG ] D:\wamp64\www\CTT-MS-server\thinkphp\lang\zh-cn.php
[ info ] [ ROUTE ] array (
  'type' => 'module',
  'module' => 
  array (
    0 => 'index',
    1 => 'StuffIn',
    2 => 'check',
  ),
  'convert' => false,
)
[ info ] [ HEADER ] array (
  'host' => 'localhost',
  'connection' => 'keep-alive',
  'cache-control' => 'max-age=0',
  'user-agent' => 'Mozilla/5.0 (Windows NT 10.0; Win64; x64) AppleWebKit/537.36 (KHTML, like Gecko) Chrome/61.0.3163.100 Safari/537.36',
  'upgrade-insecure-requests' => '1',
  'accept' => 'text/html,application/xhtml+xml,application/xml;q=0.9,image/webp,image/apng,*/*;q=0.8',
  'accept-encoding' => 'gzip, deflate, br',
  'accept-language' => 'zh-CN,zh;q=0.8',
  'cookie' => 'Phpstorm-5547fa09=783ade7a-de49-4ae0-b7a2-0e4ea33c1bea; Phpstorm-bd2926e8=857be1c2-e28b-476d-b13e-3a6d848fae47; pgv_pvi=2761342976; _ga=GA1.1.1437015703.1490101787; PHPSESSID=obanbqmct8al64k78eabfkm8d3; username=0d744fd53942bd1e6712b94623bc5ba9',
)
[ info ] [ PARAM ] array (
)
[ info ] [ DB ] INIT mysql
[ info ] [ RUN ] app\index\controller\StuffIn->check[ D:\wamp64\www\CTT-MS-server\application\index\controller\StuffIn.php ]
[ info ] [ LOG ] INIT File
[ sql ] [ DB ] CONNECT:[ UseTime:0.001196s ] mysql:dbname=ctt-ms;host=127.0.0.1;charset=utf8
[ sql ] [ SQL ] SHOW COLUMNS FROM `user` [ RunTime:0.001307s ]
[ sql ] [ SQL ] SELECT * FROM `user` WHERE  `cookie_username` = '0d744fd53942bd1e6712b94623bc5ba9' LIMIT 1 [ RunTime:0.000687s ]
[ sql ] [ SQL ] SHOW COLUMNS FROM `auth` [ RunTime:0.001101s ]
[ sql ] [ SQL ] SELECT * FROM `auth` WHERE  `uid` = 1 LIMIT 1 [ RunTime:0.000584s ]
[ sql ] [ SQL ] SELECT * FROM `user` WHERE  `cookie_username` = '0d744fd53942bd1e6712b94623bc5ba9' LIMIT 1 [ RunTime:0.000518s ]
[ sql ] [ SQL ] SHOW COLUMNS FROM `stuff_in_record` [ RunTime:0.000963s ]
[ sql ] [ SQL ] SELECT * FROM `stuff_in_record` WHERE  `storehouse` = '超管1' [ RunTime:0.000485s ]
---------------------------------------------------------------
[ 2017-10-26T16:40:36+08:00 ] ::1 ::1 GET /CTT-MS-server/stuffin/check
[ info ] localhost/CTT-MS-server/stuffin/check [运行时间：0.049948s][吞吐率：20.02req/s] [内存消耗：3,826.93kb] [文件加载：59]
[ info ] [ LANG ] D:\wamp64\www\CTT-MS-server\thinkphp\lang\zh-cn.php
[ info ] [ ROUTE ] array (
  'type' => 'module',
  'module' => 
  array (
    0 => 'index',
    1 => 'StuffIn',
    2 => 'check',
  ),
  'convert' => false,
)
[ info ] [ HEADER ] array (
  'host' => 'localhost',
  'connection' => 'keep-alive',
  'cache-control' => 'max-age=0',
  'user-agent' => 'Mozilla/5.0 (Windows NT 10.0; Win64; x64) AppleWebKit/537.36 (KHTML, like Gecko) Chrome/61.0.3163.100 Safari/537.36',
  'upgrade-insecure-requests' => '1',
  'accept' => 'text/html,application/xhtml+xml,application/xml;q=0.9,image/webp,image/apng,*/*;q=0.8',
  'accept-encoding' => 'gzip, deflate, br',
  'accept-language' => 'zh-CN,zh;q=0.8',
  'cookie' => 'Phpstorm-5547fa09=783ade7a-de49-4ae0-b7a2-0e4ea33c1bea; Phpstorm-bd2926e8=857be1c2-e28b-476d-b13e-3a6d848fae47; pgv_pvi=2761342976; _ga=GA1.1.1437015703.1490101787; PHPSESSID=obanbqmct8al64k78eabfkm8d3; username=0d744fd53942bd1e6712b94623bc5ba9',
)
[ info ] [ PARAM ] array (
)
[ info ] [ DB ] INIT mysql
[ info ] [ RUN ] app\index\controller\StuffIn->check[ D:\wamp64\www\CTT-MS-server\application\index\controller\StuffIn.php ]
[ info ] [ LOG ] INIT File
[ sql ] [ DB ] CONNECT:[ UseTime:0.000881s ] mysql:dbname=ctt-ms;host=127.0.0.1;charset=utf8
[ sql ] [ SQL ] SHOW COLUMNS FROM `user` [ RunTime:0.001365s ]
[ sql ] [ SQL ] SELECT * FROM `user` WHERE  `cookie_username` = '0d744fd53942bd1e6712b94623bc5ba9' LIMIT 1 [ RunTime:0.000929s ]
[ sql ] [ SQL ] SHOW COLUMNS FROM `auth` [ RunTime:0.001018s ]
[ sql ] [ SQL ] SELECT * FROM `auth` WHERE  `uid` = 1 LIMIT 1 [ RunTime:0.000493s ]
[ sql ] [ SQL ] SELECT * FROM `user` WHERE  `cookie_username` = '0d744fd53942bd1e6712b94623bc5ba9' LIMIT 1 [ RunTime:0.000460s ]
[ sql ] [ SQL ] SHOW COLUMNS FROM `stuff_in_record` [ RunTime:0.000938s ]
[ sql ] [ SQL ] SELECT * FROM `stuff_in_record` WHERE  `storehouse` = '超管1' [ RunTime:0.000382s ]
---------------------------------------------------------------
[ 2017-10-26T16:42:33+08:00 ] ::1 ::1 GET /CTT-MS-server/stuffin/stuffin
[ info ] localhost/CTT-MS-server/stuffin/stuffin [运行时间：0.150398s][吞吐率：6.65req/s] [内存消耗：3,831.18kb] [文件加载：61]
[ info ] [ LANG ] D:\wamp64\www\CTT-MS-server\thinkphp\lang\zh-cn.php
[ info ] [ ROUTE ] array (
  'type' => 'module',
  'module' => 
  array (
    0 => 'index',
    1 => 'StuffIn',
    2 => 'stuffIn',
  ),
  'convert' => false,
)
[ info ] [ HEADER ] array (
  'host' => 'localhost',
  'connection' => 'keep-alive',
  'user-agent' => 'Mozilla/5.0 (Windows NT 10.0; Win64; x64) AppleWebKit/537.36 (KHTML, like Gecko) Chrome/61.0.3163.100 Safari/537.36',
  'upgrade-insecure-requests' => '1',
  'accept' => 'text/html,application/xhtml+xml,application/xml;q=0.9,image/webp,image/apng,*/*;q=0.8',
  'accept-encoding' => 'gzip, deflate, br',
  'accept-language' => 'zh-CN,zh;q=0.8',
  'cookie' => 'Phpstorm-5547fa09=783ade7a-de49-4ae0-b7a2-0e4ea33c1bea; Phpstorm-bd2926e8=857be1c2-e28b-476d-b13e-3a6d848fae47; pgv_pvi=2761342976; _ga=GA1.1.1437015703.1490101787; PHPSESSID=obanbqmct8al64k78eabfkm8d3; username=0d744fd53942bd1e6712b94623bc5ba9',
)
[ info ] [ PARAM ] array (
)
[ info ] [ DB ] INIT mysql
[ info ] [ RUN ] app\index\controller\StuffIn->stuffIn[ D:\wamp64\www\CTT-MS-server\application\index\controller\StuffIn.php ]
[ info ] [ LOG ] INIT File
[ sql ] [ DB ] CONNECT:[ UseTime:0.001517s ] mysql:dbname=ctt-ms;host=127.0.0.1;charset=utf8
[ sql ] [ SQL ] SHOW COLUMNS FROM `user` [ RunTime:0.001864s ]
[ sql ] [ SQL ] SELECT * FROM `user` WHERE  `cookie_username` = '0d744fd53942bd1e6712b94623bc5ba9' LIMIT 1 [ RunTime:0.000871s ]
[ sql ] [ SQL ] SHOW COLUMNS FROM `auth` [ RunTime:0.001611s ]
[ sql ] [ SQL ] SELECT * FROM `auth` WHERE  `uid` = 1 LIMIT 1 [ RunTime:0.000800s ]
[ sql ] [ SQL ] SHOW COLUMNS FROM `manufacturer` [ RunTime:0.001366s ]
[ sql ] [ SQL ] SELECT * FROM `manufacturer` WHERE  `manufacturer` = '咪咕' LIMIT 1 [ RunTime:0.000484s ]
[ sql ] [ SQL ] SHOW COLUMNS FROM `storehouse` [ RunTime:0.001173s ]
[ sql ] [ SQL ] SELECT * FROM `storehouse` WHERE  `name` = '丹棱库' LIMIT 1 [ RunTime:0.000554s ]
[ sql ] [ SQL ] SELECT `storehouse` FROM `user` WHERE  `cookie_username` = '0d744fd53942bd1e6712b94623bc5ba9' LIMIT 1 [ RunTime:0.000412s ]
[ sql ] [ SQL ] SELECT `name` FROM `user` WHERE  `cookie_username` = '0d744fd53942bd1e6712b94623bc5ba9' LIMIT 1 [ RunTime:0.000446s ]
[ sql ] [ SQL ] SHOW COLUMNS FROM `stuff_in_record` [ RunTime:0.001503s ]
[ sql ] [ SQL ] INSERT INTO `stuff_in_record` (`stuff_id` , `manufacturer` , `type` , `quantity` , `storehouse` , `stuff_in_date` , `operator`) VALUES (1 , '咪咕' , '小猫' , 200 , '丹棱库' , '2017-10-25 21:20' , '超管1') [ RunTime:0.000533s ]
[ sql ] [ SQL ] SHOW COLUMNS FROM `inventory` [ RunTime:0.000931s ]
[ sql ] [ SQL ] INSERT INTO `inventory` (`stuff_id` , `manufacturer` , `type` , `quantity` , `storehouse` , `stuff_in_record_id`) VALUES (1 , '咪咕' , '小猫' , 200 , '丹棱库' , 2) [ RunTime:0.013037s ]
---------------------------------------------------------------
[ 2017-10-26T16:42:36+08:00 ] ::1 ::1 GET /CTT-MS-server/stuffin/stuffin
[ info ] localhost/CTT-MS-server/stuffin/stuffin [运行时间：0.126782s][吞吐率：7.89req/s] [内存消耗：3,831.57kb] [文件加载：61]
[ info ] [ LANG ] D:\wamp64\www\CTT-MS-server\thinkphp\lang\zh-cn.php
[ info ] [ ROUTE ] array (
  'type' => 'module',
  'module' => 
  array (
    0 => 'index',
    1 => 'StuffIn',
    2 => 'stuffIn',
  ),
  'convert' => false,
)
[ info ] [ HEADER ] array (
  'host' => 'localhost',
  'connection' => 'keep-alive',
  'cache-control' => 'max-age=0',
  'user-agent' => 'Mozilla/5.0 (Windows NT 10.0; Win64; x64) AppleWebKit/537.36 (KHTML, like Gecko) Chrome/61.0.3163.100 Safari/537.36',
  'upgrade-insecure-requests' => '1',
  'accept' => 'text/html,application/xhtml+xml,application/xml;q=0.9,image/webp,image/apng,*/*;q=0.8',
  'accept-encoding' => 'gzip, deflate, br',
  'accept-language' => 'zh-CN,zh;q=0.8',
  'cookie' => 'Phpstorm-5547fa09=783ade7a-de49-4ae0-b7a2-0e4ea33c1bea; Phpstorm-bd2926e8=857be1c2-e28b-476d-b13e-3a6d848fae47; pgv_pvi=2761342976; _ga=GA1.1.1437015703.1490101787; PHPSESSID=obanbqmct8al64k78eabfkm8d3; username=0d744fd53942bd1e6712b94623bc5ba9',
)
[ info ] [ PARAM ] array (
)
[ info ] [ DB ] INIT mysql
[ info ] [ RUN ] app\index\controller\StuffIn->stuffIn[ D:\wamp64\www\CTT-MS-server\application\index\controller\StuffIn.php ]
[ info ] [ LOG ] INIT File
[ sql ] [ DB ] CONNECT:[ UseTime:0.001042s ] mysql:dbname=ctt-ms;host=127.0.0.1;charset=utf8
[ sql ] [ SQL ] SHOW COLUMNS FROM `user` [ RunTime:0.001016s ]
[ sql ] [ SQL ] SELECT * FROM `user` WHERE  `cookie_username` = '0d744fd53942bd1e6712b94623bc5ba9' LIMIT 1 [ RunTime:0.000620s ]
[ sql ] [ SQL ] SHOW COLUMNS FROM `auth` [ RunTime:0.001044s ]
[ sql ] [ SQL ] SELECT * FROM `auth` WHERE  `uid` = 1 LIMIT 1 [ RunTime:0.000567s ]
[ sql ] [ SQL ] SHOW COLUMNS FROM `manufacturer` [ RunTime:0.000679s ]
[ sql ] [ SQL ] SELECT * FROM `manufacturer` WHERE  `manufacturer` = '咪咕' LIMIT 1 [ RunTime:0.000344s ]
[ sql ] [ SQL ] SHOW COLUMNS FROM `storehouse` [ RunTime:0.000864s ]
[ sql ] [ SQL ] SELECT * FROM `storehouse` WHERE  `name` = '丹棱库' LIMIT 1 [ RunTime:0.000437s ]
[ sql ] [ SQL ] SELECT `storehouse` FROM `user` WHERE  `cookie_username` = '0d744fd53942bd1e6712b94623bc5ba9' LIMIT 1 [ RunTime:0.000352s ]
[ sql ] [ SQL ] SELECT `name` FROM `user` WHERE  `cookie_username` = '0d744fd53942bd1e6712b94623bc5ba9' LIMIT 1 [ RunTime:0.000324s ]
[ sql ] [ SQL ] SHOW COLUMNS FROM `stuff_in_record` [ RunTime:0.059282s ]
[ sql ] [ SQL ] INSERT INTO `stuff_in_record` (`stuff_id` , `manufacturer` , `type` , `quantity` , `storehouse` , `stuff_in_date` , `operator`) VALUES (1 , '咪咕' , '小猫' , 200 , '丹棱库' , '2017-10-25 21:20' , '超管1') [ RunTime:0.000987s ]
[ sql ] [ SQL ] SHOW COLUMNS FROM `inventory` [ RunTime:0.001870s ]
[ sql ] [ SQL ] INSERT INTO `inventory` (`stuff_id` , `manufacturer` , `type` , `quantity` , `storehouse` , `stuff_in_record_id`) VALUES (1 , '咪咕' , '小猫' , 200 , '丹棱库' , 3) [ RunTime:0.000924s ]
---------------------------------------------------------------
[ 2017-10-26T16:42:40+08:00 ] ::1 ::1 GET /CTT-MS-server/stuffin/check
[ info ] localhost/CTT-MS-server/stuffin/check [运行时间：0.055816s][吞吐率：17.92req/s] [内存消耗：3,830.63kb] [文件加载：59]
[ info ] [ LANG ] D:\wamp64\www\CTT-MS-server\thinkphp\lang\zh-cn.php
[ info ] [ ROUTE ] array (
  'type' => 'module',
  'module' => 
  array (
    0 => 'index',
    1 => 'StuffIn',
    2 => 'check',
  ),
  'convert' => false,
)
[ info ] [ HEADER ] array (
  'host' => 'localhost',
  'connection' => 'keep-alive',
  'user-agent' => 'Mozilla/5.0 (Windows NT 10.0; Win64; x64) AppleWebKit/537.36 (KHTML, like Gecko) Chrome/61.0.3163.100 Safari/537.36',
  'upgrade-insecure-requests' => '1',
  'accept' => 'text/html,application/xhtml+xml,application/xml;q=0.9,image/webp,image/apng,*/*;q=0.8',
  'accept-encoding' => 'gzip, deflate, br',
  'accept-language' => 'zh-CN,zh;q=0.8',
  'cookie' => 'Phpstorm-5547fa09=783ade7a-de49-4ae0-b7a2-0e4ea33c1bea; Phpstorm-bd2926e8=857be1c2-e28b-476d-b13e-3a6d848fae47; pgv_pvi=2761342976; _ga=GA1.1.1437015703.1490101787; PHPSESSID=obanbqmct8al64k78eabfkm8d3; username=0d744fd53942bd1e6712b94623bc5ba9',
)
[ info ] [ PARAM ] array (
)
[ info ] [ DB ] INIT mysql
[ info ] [ RUN ] app\index\controller\StuffIn->check[ D:\wamp64\www\CTT-MS-server\application\index\controller\StuffIn.php ]
[ info ] [ LOG ] INIT File
[ sql ] [ DB ] CONNECT:[ UseTime:0.000902s ] mysql:dbname=ctt-ms;host=127.0.0.1;charset=utf8
[ sql ] [ SQL ] SHOW COLUMNS FROM `user` [ RunTime:0.000993s ]
[ sql ] [ SQL ] SELECT * FROM `user` WHERE  `cookie_username` = '0d744fd53942bd1e6712b94623bc5ba9' LIMIT 1 [ RunTime:0.000698s ]
[ sql ] [ SQL ] SHOW COLUMNS FROM `auth` [ RunTime:0.000994s ]
[ sql ] [ SQL ] SELECT * FROM `auth` WHERE  `uid` = 1 LIMIT 1 [ RunTime:0.000584s ]
[ sql ] [ SQL ] SELECT * FROM `user` WHERE  `cookie_username` = '0d744fd53942bd1e6712b94623bc5ba9' LIMIT 1 [ RunTime:0.000581s ]
[ sql ] [ SQL ] SHOW COLUMNS FROM `stuff_in_record` [ RunTime:0.004990s ]
[ sql ] [ SQL ] SELECT `a`.*,`b`.* FROM `stuff_in_record` `a` INNER JOIN `stuff` `b` ON `a`.`stuff_id`=`b`.`id` WHERE  `storehouse` = '超管1' [ RunTime:0.000838s ]
---------------------------------------------------------------
[ 2017-10-26T16:42:42+08:00 ] ::1 ::1 GET /CTT-MS-server/stuffin/check
[ info ] localhost/CTT-MS-server/stuffin/check [运行时间：0.051224s][吞吐率：19.52req/s] [内存消耗：3,831.02kb] [文件加载：59]
[ info ] [ LANG ] D:\wamp64\www\CTT-MS-server\thinkphp\lang\zh-cn.php
[ info ] [ ROUTE ] array (
  'type' => 'module',
  'module' => 
  array (
    0 => 'index',
    1 => 'StuffIn',
    2 => 'check',
  ),
  'convert' => false,
)
[ info ] [ HEADER ] array (
  'host' => 'localhost',
  'connection' => 'keep-alive',
  'cache-control' => 'max-age=0',
  'user-agent' => 'Mozilla/5.0 (Windows NT 10.0; Win64; x64) AppleWebKit/537.36 (KHTML, like Gecko) Chrome/61.0.3163.100 Safari/537.36',
  'upgrade-insecure-requests' => '1',
  'accept' => 'text/html,application/xhtml+xml,application/xml;q=0.9,image/webp,image/apng,*/*;q=0.8',
  'accept-encoding' => 'gzip, deflate, br',
  'accept-language' => 'zh-CN,zh;q=0.8',
  'cookie' => 'Phpstorm-5547fa09=783ade7a-de49-4ae0-b7a2-0e4ea33c1bea; Phpstorm-bd2926e8=857be1c2-e28b-476d-b13e-3a6d848fae47; pgv_pvi=2761342976; _ga=GA1.1.1437015703.1490101787; PHPSESSID=obanbqmct8al64k78eabfkm8d3; username=0d744fd53942bd1e6712b94623bc5ba9',
)
[ info ] [ PARAM ] array (
)
[ info ] [ DB ] INIT mysql
[ info ] [ RUN ] app\index\controller\StuffIn->check[ D:\wamp64\www\CTT-MS-server\application\index\controller\StuffIn.php ]
[ info ] [ LOG ] INIT File
[ sql ] [ DB ] CONNECT:[ UseTime:0.000888s ] mysql:dbname=ctt-ms;host=127.0.0.1;charset=utf8
[ sql ] [ SQL ] SHOW COLUMNS FROM `user` [ RunTime:0.001196s ]
[ sql ] [ SQL ] SELECT * FROM `user` WHERE  `cookie_username` = '0d744fd53942bd1e6712b94623bc5ba9' LIMIT 1 [ RunTime:0.000627s ]
[ sql ] [ SQL ] SHOW COLUMNS FROM `auth` [ RunTime:0.000955s ]
[ sql ] [ SQL ] SELECT * FROM `auth` WHERE  `uid` = 1 LIMIT 1 [ RunTime:0.000555s ]
[ sql ] [ SQL ] SELECT * FROM `user` WHERE  `cookie_username` = '0d744fd53942bd1e6712b94623bc5ba9' LIMIT 1 [ RunTime:0.000466s ]
[ sql ] [ SQL ] SHOW COLUMNS FROM `stuff_in_record` [ RunTime:0.001176s ]
[ sql ] [ SQL ] SELECT `a`.*,`b`.* FROM `stuff_in_record` `a` INNER JOIN `stuff` `b` ON `a`.`stuff_id`=`b`.`id` WHERE  `storehouse` = '超管1' [ RunTime:0.000646s ]
---------------------------------------------------------------
[ 2017-10-26T16:43:13+08:00 ] ::1 ::1 GET /CTT-MS-server/stuffin/check
[ info ] localhost/CTT-MS-server/stuffin/check [运行时间：0.056331s][吞吐率：17.75req/s] [内存消耗：3,831.02kb] [文件加载：59]
[ info ] [ LANG ] D:\wamp64\www\CTT-MS-server\thinkphp\lang\zh-cn.php
[ info ] [ ROUTE ] array (
  'type' => 'module',
  'module' => 
  array (
    0 => 'index',
    1 => 'StuffIn',
    2 => 'check',
  ),
  'convert' => false,
)
[ info ] [ HEADER ] array (
  'host' => 'localhost',
  'connection' => 'keep-alive',
  'cache-control' => 'max-age=0',
  'user-agent' => 'Mozilla/5.0 (Windows NT 10.0; Win64; x64) AppleWebKit/537.36 (KHTML, like Gecko) Chrome/61.0.3163.100 Safari/537.36',
  'upgrade-insecure-requests' => '1',
  'accept' => 'text/html,application/xhtml+xml,application/xml;q=0.9,image/webp,image/apng,*/*;q=0.8',
  'accept-encoding' => 'gzip, deflate, br',
  'accept-language' => 'zh-CN,zh;q=0.8',
  'cookie' => 'Phpstorm-5547fa09=783ade7a-de49-4ae0-b7a2-0e4ea33c1bea; Phpstorm-bd2926e8=857be1c2-e28b-476d-b13e-3a6d848fae47; pgv_pvi=2761342976; _ga=GA1.1.1437015703.1490101787; PHPSESSID=obanbqmct8al64k78eabfkm8d3; username=0d744fd53942bd1e6712b94623bc5ba9',
)
[ info ] [ PARAM ] array (
)
[ info ] [ DB ] INIT mysql
[ info ] [ RUN ] app\index\controller\StuffIn->check[ D:\wamp64\www\CTT-MS-server\application\index\controller\StuffIn.php ]
[ info ] [ LOG ] INIT File
[ sql ] [ DB ] CONNECT:[ UseTime:0.000937s ] mysql:dbname=ctt-ms;host=127.0.0.1;charset=utf8
[ sql ] [ SQL ] SHOW COLUMNS FROM `user` [ RunTime:0.001458s ]
[ sql ] [ SQL ] SELECT * FROM `user` WHERE  `cookie_username` = '0d744fd53942bd1e6712b94623bc5ba9' LIMIT 1 [ RunTime:0.000613s ]
[ sql ] [ SQL ] SHOW COLUMNS FROM `auth` [ RunTime:0.000985s ]
[ sql ] [ SQL ] SELECT * FROM `auth` WHERE  `uid` = 1 LIMIT 1 [ RunTime:0.000551s ]
[ sql ] [ SQL ] SELECT * FROM `user` WHERE  `cookie_username` = '0d744fd53942bd1e6712b94623bc5ba9' LIMIT 1 [ RunTime:0.000486s ]
[ sql ] [ SQL ] SHOW COLUMNS FROM `stuff_in_record` [ RunTime:0.000930s ]
[ sql ] [ SQL ] SELECT `a`.*,`b`.* FROM `stuff_in_record` `a` INNER JOIN `stuff` `b` ON `a`.`stuff_id`=`b`.`id` WHERE  `storehouse` = '超管1' [ RunTime:0.000592s ]
---------------------------------------------------------------
[ 2017-10-26T16:43:36+08:00 ] ::1 ::1 GET /CTT-MS-server/stuffin/check
[ info ] localhost/CTT-MS-server/stuffin/check [运行时间：0.064746s][吞吐率：15.44req/s] [内存消耗：3,830.55kb] [文件加载：59]
[ info ] [ LANG ] D:\wamp64\www\CTT-MS-server\thinkphp\lang\zh-cn.php
[ info ] [ ROUTE ] array (
  'type' => 'module',
  'module' => 
  array (
    0 => 'index',
    1 => 'StuffIn',
    2 => 'check',
  ),
  'convert' => false,
)
[ info ] [ HEADER ] array (
  'host' => 'localhost',
  'connection' => 'keep-alive',
  'cache-control' => 'max-age=0',
  'user-agent' => 'Mozilla/5.0 (Windows NT 10.0; Win64; x64) AppleWebKit/537.36 (KHTML, like Gecko) Chrome/61.0.3163.100 Safari/537.36',
  'upgrade-insecure-requests' => '1',
  'accept' => 'text/html,application/xhtml+xml,application/xml;q=0.9,image/webp,image/apng,*/*;q=0.8',
  'accept-encoding' => 'gzip, deflate, br',
  'accept-language' => 'zh-CN,zh;q=0.8',
  'cookie' => 'Phpstorm-5547fa09=783ade7a-de49-4ae0-b7a2-0e4ea33c1bea; Phpstorm-bd2926e8=857be1c2-e28b-476d-b13e-3a6d848fae47; pgv_pvi=2761342976; _ga=GA1.1.1437015703.1490101787; PHPSESSID=obanbqmct8al64k78eabfkm8d3; username=0d744fd53942bd1e6712b94623bc5ba9',
)
[ info ] [ PARAM ] array (
)
[ info ] [ DB ] INIT mysql
[ info ] [ RUN ] app\index\controller\StuffIn->check[ D:\wamp64\www\CTT-MS-server\application\index\controller\StuffIn.php ]
[ info ] [ LOG ] INIT File
[ sql ] [ DB ] CONNECT:[ UseTime:0.000922s ] mysql:dbname=ctt-ms;host=127.0.0.1;charset=utf8
[ sql ] [ SQL ] SHOW COLUMNS FROM `user` [ RunTime:0.000980s ]
[ sql ] [ SQL ] SELECT * FROM `user` WHERE  `cookie_username` = '0d744fd53942bd1e6712b94623bc5ba9' LIMIT 1 [ RunTime:0.000554s ]
[ sql ] [ SQL ] SHOW COLUMNS FROM `auth` [ RunTime:0.001265s ]
[ sql ] [ SQL ] SELECT * FROM `auth` WHERE  `uid` = 1 LIMIT 1 [ RunTime:0.000666s ]
[ sql ] [ SQL ] SELECT * FROM `user` WHERE  `cookie_username` = '0d744fd53942bd1e6712b94623bc5ba9' LIMIT 1 [ RunTime:0.000491s ]
[ sql ] [ SQL ] SHOW COLUMNS FROM `stuff_in_record` [ RunTime:0.000958s ]
[ sql ] [ SQL ] SELECT `a`.*,`b`.* FROM `stuff_in_record` `a` INNER JOIN `stuff` `b` ON `a`.`stuff_id`=`b`.`id` [ RunTime:0.000502s ]
---------------------------------------------------------------
[ 2017-10-26T16:43:45+08:00 ] ::1 ::1 GET /CTT-MS-server/stuffin/check
[ info ] localhost/CTT-MS-server/stuffin/check [运行时间：0.155449s][吞吐率：6.43req/s] [内存消耗：3,875.12kb] [文件加载：61]
[ info ] [ LANG ] D:\wamp64\www\CTT-MS-server\thinkphp\lang\zh-cn.php
[ info ] [ ROUTE ] array (
  'type' => 'module',
  'module' => 
  array (
    0 => 'index',
    1 => 'StuffIn',
    2 => 'check',
  ),
  'convert' => false,
)
[ info ] [ HEADER ] array (
  'host' => 'localhost',
  'connection' => 'keep-alive',
  'cache-control' => 'max-age=0',
  'user-agent' => 'Mozilla/5.0 (Windows NT 10.0; Win64; x64) AppleWebKit/537.36 (KHTML, like Gecko) Chrome/61.0.3163.100 Safari/537.36',
  'upgrade-insecure-requests' => '1',
  'accept' => 'text/html,application/xhtml+xml,application/xml;q=0.9,image/webp,image/apng,*/*;q=0.8',
  'accept-encoding' => 'gzip, deflate, br',
  'accept-language' => 'zh-CN,zh;q=0.8',
  'cookie' => 'Phpstorm-5547fa09=783ade7a-de49-4ae0-b7a2-0e4ea33c1bea; Phpstorm-bd2926e8=857be1c2-e28b-476d-b13e-3a6d848fae47; pgv_pvi=2761342976; _ga=GA1.1.1437015703.1490101787; PHPSESSID=obanbqmct8al64k78eabfkm8d3; username=0d744fd53942bd1e6712b94623bc5ba9',
)
[ info ] [ PARAM ] array (
)
[ info ] [ DB ] INIT mysql
[ info ] [ RUN ] app\index\controller\StuffIn->check[ D:\wamp64\www\CTT-MS-server\application\index\controller\StuffIn.php ]
[ info ] [ LOG ] INIT File
[ sql ] [ DB ] CONNECT:[ UseTime:0.000914s ] mysql:dbname=ctt-ms;host=127.0.0.1;charset=utf8
[ sql ] [ SQL ] SHOW COLUMNS FROM `user` [ RunTime:0.001095s ]
[ sql ] [ SQL ] SELECT * FROM `user` WHERE  `cookie_username` = '0d744fd53942bd1e6712b94623bc5ba9' LIMIT 1 [ RunTime:0.000526s ]
[ sql ] [ SQL ] SHOW COLUMNS FROM `auth` [ RunTime:0.001043s ]
[ sql ] [ SQL ] SELECT * FROM `auth` WHERE  `uid` = 1 LIMIT 1 [ RunTime:0.000552s ]
[ sql ] [ SQL ] SELECT * FROM `user` WHERE  `cookie_username` = '0d744fd53942bd1e6712b94623bc5ba9' LIMIT 1 [ RunTime:0.000496s ]
[ error ] [0]类型错误: Argument 1 passed to app\index\controller\Manage::checkJoin() must be an instance of think\Model, instance of think\db\Query given, called in D:\wamp64\www\CTT-MS-server\application\index\controller\StuffIn.php on line 92[D:\wamp64\www\CTT-MS-server\application\index\controller\Manage.php:87]
---------------------------------------------------------------
[ 2017-10-26T16:44:23+08:00 ] ::1 ::1 GET /CTT-MS-server/stuffin/check
[ info ] localhost/CTT-MS-server/stuffin/check [运行时间：0.053217s][吞吐率：18.79req/s] [内存消耗：3,830.93kb] [文件加载：59]
[ info ] [ LANG ] D:\wamp64\www\CTT-MS-server\thinkphp\lang\zh-cn.php
[ info ] [ ROUTE ] array (
  'type' => 'module',
  'module' => 
  array (
    0 => 'index',
    1 => 'StuffIn',
    2 => 'check',
  ),
  'convert' => false,
)
[ info ] [ HEADER ] array (
  'host' => 'localhost',
  'connection' => 'keep-alive',
  'cache-control' => 'max-age=0',
  'user-agent' => 'Mozilla/5.0 (Windows NT 10.0; Win64; x64) AppleWebKit/537.36 (KHTML, like Gecko) Chrome/61.0.3163.100 Safari/537.36',
  'upgrade-insecure-requests' => '1',
  'accept' => 'text/html,application/xhtml+xml,application/xml;q=0.9,image/webp,image/apng,*/*;q=0.8',
  'accept-encoding' => 'gzip, deflate, br',
  'accept-language' => 'zh-CN,zh;q=0.8',
  'cookie' => 'Phpstorm-5547fa09=783ade7a-de49-4ae0-b7a2-0e4ea33c1bea; Phpstorm-bd2926e8=857be1c2-e28b-476d-b13e-3a6d848fae47; pgv_pvi=2761342976; _ga=GA1.1.1437015703.1490101787; PHPSESSID=obanbqmct8al64k78eabfkm8d3; username=0d744fd53942bd1e6712b94623bc5ba9',
)
[ info ] [ PARAM ] array (
)
[ info ] [ DB ] INIT mysql
[ info ] [ RUN ] app\index\controller\StuffIn->check[ D:\wamp64\www\CTT-MS-server\application\index\controller\StuffIn.php ]
[ info ] [ LOG ] INIT File
[ sql ] [ DB ] CONNECT:[ UseTime:0.000945s ] mysql:dbname=ctt-ms;host=127.0.0.1;charset=utf8
[ sql ] [ SQL ] SHOW COLUMNS FROM `user` [ RunTime:0.001084s ]
[ sql ] [ SQL ] SELECT * FROM `user` WHERE  `cookie_username` = '0d744fd53942bd1e6712b94623bc5ba9' LIMIT 1 [ RunTime:0.000600s ]
[ sql ] [ SQL ] SHOW COLUMNS FROM `auth` [ RunTime:0.000923s ]
[ sql ] [ SQL ] SELECT * FROM `auth` WHERE  `uid` = 1 LIMIT 1 [ RunTime:0.000567s ]
[ sql ] [ SQL ] SELECT * FROM `user` WHERE  `cookie_username` = '0d744fd53942bd1e6712b94623bc5ba9' LIMIT 1 [ RunTime:0.000481s ]
[ sql ] [ SQL ] SHOW COLUMNS FROM `stuff_in_record` [ RunTime:0.000769s ]
[ sql ] [ SQL ] SELECT `a`.*,`b`.* FROM `stuff_in_record` `a` INNER JOIN `stuff` `b` ON `a`.`stuff_id`=`b`.`id` WHERE  `storehouse` = '超管1' [ RunTime:0.000618s ]
---------------------------------------------------------------
[ 2017-10-26T16:44:25+08:00 ] ::1 ::1 GET /CTT-MS-server/stuffin/check
[ info ] localhost/CTT-MS-server/stuffin/check [运行时间：0.051376s][吞吐率：19.46req/s] [内存消耗：3,830.93kb] [文件加载：59]
[ info ] [ LANG ] D:\wamp64\www\CTT-MS-server\thinkphp\lang\zh-cn.php
[ info ] [ ROUTE ] array (
  'type' => 'module',
  'module' => 
  array (
    0 => 'index',
    1 => 'StuffIn',
    2 => 'check',
  ),
  'convert' => false,
)
[ info ] [ HEADER ] array (
  'host' => 'localhost',
  'connection' => 'keep-alive',
  'cache-control' => 'max-age=0',
  'user-agent' => 'Mozilla/5.0 (Windows NT 10.0; Win64; x64) AppleWebKit/537.36 (KHTML, like Gecko) Chrome/61.0.3163.100 Safari/537.36',
  'upgrade-insecure-requests' => '1',
  'accept' => 'text/html,application/xhtml+xml,application/xml;q=0.9,image/webp,image/apng,*/*;q=0.8',
  'accept-encoding' => 'gzip, deflate, br',
  'accept-language' => 'zh-CN,zh;q=0.8',
  'cookie' => 'Phpstorm-5547fa09=783ade7a-de49-4ae0-b7a2-0e4ea33c1bea; Phpstorm-bd2926e8=857be1c2-e28b-476d-b13e-3a6d848fae47; pgv_pvi=2761342976; _ga=GA1.1.1437015703.1490101787; PHPSESSID=obanbqmct8al64k78eabfkm8d3; username=0d744fd53942bd1e6712b94623bc5ba9',
)
[ info ] [ PARAM ] array (
)
[ info ] [ DB ] INIT mysql
[ info ] [ RUN ] app\index\controller\StuffIn->check[ D:\wamp64\www\CTT-MS-server\application\index\controller\StuffIn.php ]
[ info ] [ LOG ] INIT File
[ sql ] [ DB ] CONNECT:[ UseTime:0.000826s ] mysql:dbname=ctt-ms;host=127.0.0.1;charset=utf8
[ sql ] [ SQL ] SHOW COLUMNS FROM `user` [ RunTime:0.000993s ]
[ sql ] [ SQL ] SELECT * FROM `user` WHERE  `cookie_username` = '0d744fd53942bd1e6712b94623bc5ba9' LIMIT 1 [ RunTime:0.000579s ]
[ sql ] [ SQL ] SHOW COLUMNS FROM `auth` [ RunTime:0.000907s ]
[ sql ] [ SQL ] SELECT * FROM `auth` WHERE  `uid` = 1 LIMIT 1 [ RunTime:0.001026s ]
[ sql ] [ SQL ] SELECT * FROM `user` WHERE  `cookie_username` = '0d744fd53942bd1e6712b94623bc5ba9' LIMIT 1 [ RunTime:0.000506s ]
[ sql ] [ SQL ] SHOW COLUMNS FROM `stuff_in_record` [ RunTime:0.000932s ]
[ sql ] [ SQL ] SELECT `a`.*,`b`.* FROM `stuff_in_record` `a` INNER JOIN `stuff` `b` ON `a`.`stuff_id`=`b`.`id` WHERE  `storehouse` = '超管1' [ RunTime:0.000540s ]
---------------------------------------------------------------
[ 2017-10-26T17:48:57+08:00 ] ::1 ::1 GET /CTT-MS-server/stuffin/check
[ info ] localhost/CTT-MS-server/stuffin/check [运行时间：0.070210s][吞吐率：14.24req/s] [内存消耗：3,875.12kb] [文件加载：61]
[ info ] [ LANG ] D:\wamp64\www\CTT-MS-server\thinkphp\lang\zh-cn.php
[ info ] [ ROUTE ] array (
  'type' => 'module',
  'module' => 
  array (
    0 => 'index',
    1 => 'StuffIn',
    2 => 'check',
  ),
  'convert' => false,
)
[ info ] [ HEADER ] array (
  'host' => 'localhost',
  'connection' => 'keep-alive',
  'cache-control' => 'max-age=0',
  'user-agent' => 'Mozilla/5.0 (Windows NT 10.0; Win64; x64) AppleWebKit/537.36 (KHTML, like Gecko) Chrome/61.0.3163.100 Safari/537.36',
  'upgrade-insecure-requests' => '1',
  'accept' => 'text/html,application/xhtml+xml,application/xml;q=0.9,image/webp,image/apng,*/*;q=0.8',
  'accept-encoding' => 'gzip, deflate, br',
  'accept-language' => 'zh-CN,zh;q=0.8',
  'cookie' => 'Phpstorm-5547fa09=783ade7a-de49-4ae0-b7a2-0e4ea33c1bea; Phpstorm-bd2926e8=857be1c2-e28b-476d-b13e-3a6d848fae47; pgv_pvi=2761342976; _ga=GA1.1.1437015703.1490101787; PHPSESSID=obanbqmct8al64k78eabfkm8d3; username=0d744fd53942bd1e6712b94623bc5ba9',
)
[ info ] [ PARAM ] array (
)
[ info ] [ DB ] INIT mysql
[ info ] [ RUN ] app\index\controller\StuffIn->check[ D:\wamp64\www\CTT-MS-server\application\index\controller\StuffIn.php ]
[ info ] [ LOG ] INIT File
[ sql ] [ DB ] CONNECT:[ UseTime:0.001219s ] mysql:dbname=ctt-ms;host=127.0.0.1;charset=utf8
[ sql ] [ SQL ] SHOW COLUMNS FROM `user` [ RunTime:0.001646s ]
[ sql ] [ SQL ] SELECT * FROM `user` WHERE  `cookie_username` = '0d744fd53942bd1e6712b94623bc5ba9' LIMIT 1 [ RunTime:0.000957s ]
[ sql ] [ SQL ] SHOW COLUMNS FROM `auth` [ RunTime:0.001238s ]
[ sql ] [ SQL ] SELECT * FROM `auth` WHERE  `uid` = 1 LIMIT 1 [ RunTime:0.000792s ]
[ sql ] [ SQL ] SELECT * FROM `user` WHERE  `cookie_username` = '0d744fd53942bd1e6712b94623bc5ba9' LIMIT 1 [ RunTime:0.000736s ]
[ error ] [0]类型错误: Argument 1 passed to app\index\controller\Manage::checkJoin() must be an instance of think\Model, instance of think\db\Query given, called in D:\wamp64\www\CTT-MS-server\application\index\controller\StuffIn.php on line 92[D:\wamp64\www\CTT-MS-server\application\index\controller\Manage.php:87]
---------------------------------------------------------------
[ 2017-10-26T19:18:43+08:00 ] ::1 ::1 GET /CTT-MS-server/stuffin/check
[ info ] localhost/CTT-MS-server/stuffin/check [运行时间：0.059430s][吞吐率：16.83req/s] [内存消耗：3,889.62kb] [文件加载：61]
[ info ] [ LANG ] D:\wamp64\www\CTT-MS-server\thinkphp\lang\zh-cn.php
[ info ] [ ROUTE ] array (
  'type' => 'module',
  'module' => 
  array (
    0 => 'index',
    1 => 'StuffIn',
    2 => 'check',
  ),
  'convert' => false,
)
[ info ] [ HEADER ] array (
  'host' => 'localhost',
  'connection' => 'keep-alive',
  'cache-control' => 'max-age=0',
  'user-agent' => 'Mozilla/5.0 (Windows NT 10.0; Win64; x64) AppleWebKit/537.36 (KHTML, like Gecko) Chrome/61.0.3163.100 Safari/537.36',
  'upgrade-insecure-requests' => '1',
  'accept' => 'text/html,application/xhtml+xml,application/xml;q=0.9,image/webp,image/apng,*/*;q=0.8',
  'accept-encoding' => 'gzip, deflate, br',
  'accept-language' => 'zh-CN,zh;q=0.8',
  'cookie' => 'Phpstorm-5547fa09=783ade7a-de49-4ae0-b7a2-0e4ea33c1bea; Phpstorm-bd2926e8=857be1c2-e28b-476d-b13e-3a6d848fae47; pgv_pvi=2761342976; _ga=GA1.1.1437015703.1490101787; PHPSESSID=obanbqmct8al64k78eabfkm8d3; username=0d744fd53942bd1e6712b94623bc5ba9',
)
[ info ] [ PARAM ] array (
)
[ info ] [ DB ] INIT mysql
[ info ] [ RUN ] app\index\controller\StuffIn->check[ D:\wamp64\www\CTT-MS-server\application\index\controller\StuffIn.php ]
[ info ] [ LOG ] INIT File
[ sql ] [ DB ] CONNECT:[ UseTime:0.001284s ] mysql:dbname=ctt-ms;host=127.0.0.1;charset=utf8
[ sql ] [ SQL ] SHOW COLUMNS FROM `user` [ RunTime:0.001215s ]
[ sql ] [ SQL ] SELECT * FROM `user` WHERE  `cookie_username` = '0d744fd53942bd1e6712b94623bc5ba9' LIMIT 1 [ RunTime:0.000868s ]
[ sql ] [ SQL ] SHOW COLUMNS FROM `auth` [ RunTime:0.000972s ]
[ sql ] [ SQL ] SELECT * FROM `auth` WHERE  `uid` = 1 LIMIT 1 [ RunTime:0.000552s ]
[ sql ] [ SQL ] SELECT * FROM `user` WHERE  `cookie_username` = '0d744fd53942bd1e6712b94623bc5ba9' LIMIT 1 [ RunTime:0.000449s ]
[ error ] [0]类型错误: Argument 1 passed to app\index\controller\Manage::checkJoin() must be an instance of think\Model, instance of think\db\Query given, called in D:\wamp64\www\CTT-MS-server\application\index\controller\StuffIn.php on line 92[D:\wamp64\www\CTT-MS-server\application\index\controller\Manage.php:87]
---------------------------------------------------------------
[ 2017-10-26T19:18:43+08:00 ] ::1 ::1 GET /CTT-MS-server/stuffin/check
[ info ] localhost/CTT-MS-server/stuffin/check [运行时间：0.051716s][吞吐率：19.34req/s] [内存消耗：3,889.62kb] [文件加载：61]
[ info ] [ LANG ] D:\wamp64\www\CTT-MS-server\thinkphp\lang\zh-cn.php
[ info ] [ ROUTE ] array (
  'type' => 'module',
  'module' => 
  array (
    0 => 'index',
    1 => 'StuffIn',
    2 => 'check',
  ),
  'convert' => false,
)
[ info ] [ HEADER ] array (
  'host' => 'localhost',
  'connection' => 'keep-alive',
  'cache-control' => 'max-age=0',
  'user-agent' => 'Mozilla/5.0 (Windows NT 10.0; Win64; x64) AppleWebKit/537.36 (KHTML, like Gecko) Chrome/61.0.3163.100 Safari/537.36',
  'upgrade-insecure-requests' => '1',
  'accept' => 'text/html,application/xhtml+xml,application/xml;q=0.9,image/webp,image/apng,*/*;q=0.8',
  'accept-encoding' => 'gzip, deflate, br',
  'accept-language' => 'zh-CN,zh;q=0.8',
  'cookie' => 'Phpstorm-5547fa09=783ade7a-de49-4ae0-b7a2-0e4ea33c1bea; Phpstorm-bd2926e8=857be1c2-e28b-476d-b13e-3a6d848fae47; pgv_pvi=2761342976; _ga=GA1.1.1437015703.1490101787; PHPSESSID=obanbqmct8al64k78eabfkm8d3; username=0d744fd53942bd1e6712b94623bc5ba9',
)
[ info ] [ PARAM ] array (
)
[ info ] [ DB ] INIT mysql
[ info ] [ RUN ] app\index\controller\StuffIn->check[ D:\wamp64\www\CTT-MS-server\application\index\controller\StuffIn.php ]
[ info ] [ LOG ] INIT File
[ sql ] [ DB ] CONNECT:[ UseTime:0.000982s ] mysql:dbname=ctt-ms;host=127.0.0.1;charset=utf8
[ sql ] [ SQL ] SHOW COLUMNS FROM `user` [ RunTime:0.000978s ]
[ sql ] [ SQL ] SELECT * FROM `user` WHERE  `cookie_username` = '0d744fd53942bd1e6712b94623bc5ba9' LIMIT 1 [ RunTime:0.000536s ]
[ sql ] [ SQL ] SHOW COLUMNS FROM `auth` [ RunTime:0.000984s ]
[ sql ] [ SQL ] SELECT * FROM `auth` WHERE  `uid` = 1 LIMIT 1 [ RunTime:0.000629s ]
[ sql ] [ SQL ] SELECT * FROM `user` WHERE  `cookie_username` = '0d744fd53942bd1e6712b94623bc5ba9' LIMIT 1 [ RunTime:0.000534s ]
[ error ] [0]类型错误: Argument 1 passed to app\index\controller\Manage::checkJoin() must be an instance of think\Model, instance of think\db\Query given, called in D:\wamp64\www\CTT-MS-server\application\index\controller\StuffIn.php on line 92[D:\wamp64\www\CTT-MS-server\application\index\controller\Manage.php:87]
---------------------------------------------------------------
[ 2017-10-26T19:20:51+08:00 ] ::1 ::1 GET /CTT-MS-server/stuffin/check
[ info ] localhost/CTT-MS-server/stuffin/check [运行时间：0.276348s][吞吐率：3.62req/s] [内存消耗：3,839.52kb] [文件加载：63]
[ info ] [ LANG ] D:\wamp64\www\CTT-MS-server\thinkphp\lang\zh-cn.php
[ info ] [ ROUTE ] array (
  'type' => 'module',
  'module' => 
  array (
    0 => 'index',
    1 => 'StuffIn',
    2 => 'check',
  ),
  'convert' => false,
)
[ info ] [ HEADER ] array (
  'host' => 'localhost',
  'connection' => 'keep-alive',
  'cache-control' => 'max-age=0',
  'user-agent' => 'Mozilla/5.0 (Windows NT 10.0; Win64; x64) AppleWebKit/537.36 (KHTML, like Gecko) Chrome/61.0.3163.100 Safari/537.36',
  'upgrade-insecure-requests' => '1',
  'accept' => 'text/html,application/xhtml+xml,application/xml;q=0.9,image/webp,image/apng,*/*;q=0.8',
  'accept-encoding' => 'gzip, deflate, br',
  'accept-language' => 'zh-CN,zh;q=0.8',
  'cookie' => 'Phpstorm-5547fa09=783ade7a-de49-4ae0-b7a2-0e4ea33c1bea; Phpstorm-bd2926e8=857be1c2-e28b-476d-b13e-3a6d848fae47; pgv_pvi=2761342976; _ga=GA1.1.1437015703.1490101787; PHPSESSID=obanbqmct8al64k78eabfkm8d3; username=0d744fd53942bd1e6712b94623bc5ba9',
)
[ info ] [ PARAM ] array (
)
[ info ] [ DB ] INIT mysql
[ info ] [ RUN ] app\index\controller\StuffIn->check[ D:\wamp64\www\CTT-MS-server\application\index\controller\StuffIn.php ]
[ info ] [ LOG ] INIT File
[ sql ] [ DB ] CONNECT:[ UseTime:0.001104s ] mysql:dbname=ctt-ms;host=127.0.0.1;charset=utf8
[ sql ] [ SQL ] SHOW COLUMNS FROM `user` [ RunTime:0.001215s ]
[ sql ] [ SQL ] SELECT * FROM `user` WHERE  `cookie_username` = '0d744fd53942bd1e6712b94623bc5ba9' LIMIT 1 [ RunTime:0.000641s ]
[ sql ] [ SQL ] SHOW COLUMNS FROM `auth` [ RunTime:0.000944s ]
[ sql ] [ SQL ] SELECT * FROM `auth` WHERE  `uid` = 1 LIMIT 1 [ RunTime:0.000540s ]
[ sql ] [ SQL ] SELECT * FROM `user` WHERE  `cookie_username` = '0d744fd53942bd1e6712b94623bc5ba9' LIMIT 1 [ RunTime:0.000477s ]
[ sql ] [ SQL ] SHOW COLUMNS FROM `stuff_in_record` [ RunTime:0.000840s ]
[ error ] [10501]SQLSTATE[42000]: Syntax error or access violation: 1066 Not unique table/alias: 'b'[D:\wamp64\www\CTT-MS-server\thinkphp\library\think\db\Connection.php:388]
---------------------------------------------------------------
[ 2017-10-26T19:20:52+08:00 ] ::1 ::1 GET /CTT-MS-server/stuffin/check
[ info ] localhost/CTT-MS-server/stuffin/check [运行时间：0.055274s][吞吐率：18.09req/s] [内存消耗：3,839.52kb] [文件加载：63]
[ info ] [ LANG ] D:\wamp64\www\CTT-MS-server\thinkphp\lang\zh-cn.php
[ info ] [ ROUTE ] array (
  'type' => 'module',
  'module' => 
  array (
    0 => 'index',
    1 => 'StuffIn',
    2 => 'check',
  ),
  'convert' => false,
)
[ info ] [ HEADER ] array (
  'host' => 'localhost',
  'connection' => 'keep-alive',
  'cache-control' => 'max-age=0',
  'user-agent' => 'Mozilla/5.0 (Windows NT 10.0; Win64; x64) AppleWebKit/537.36 (KHTML, like Gecko) Chrome/61.0.3163.100 Safari/537.36',
  'upgrade-insecure-requests' => '1',
  'accept' => 'text/html,application/xhtml+xml,application/xml;q=0.9,image/webp,image/apng,*/*;q=0.8',
  'accept-encoding' => 'gzip, deflate, br',
  'accept-language' => 'zh-CN,zh;q=0.8',
  'cookie' => 'Phpstorm-5547fa09=783ade7a-de49-4ae0-b7a2-0e4ea33c1bea; Phpstorm-bd2926e8=857be1c2-e28b-476d-b13e-3a6d848fae47; pgv_pvi=2761342976; _ga=GA1.1.1437015703.1490101787; PHPSESSID=obanbqmct8al64k78eabfkm8d3; username=0d744fd53942bd1e6712b94623bc5ba9',
)
[ info ] [ PARAM ] array (
)
[ info ] [ DB ] INIT mysql
[ info ] [ RUN ] app\index\controller\StuffIn->check[ D:\wamp64\www\CTT-MS-server\application\index\controller\StuffIn.php ]
[ info ] [ LOG ] INIT File
[ sql ] [ DB ] CONNECT:[ UseTime:0.000967s ] mysql:dbname=ctt-ms;host=127.0.0.1;charset=utf8
[ sql ] [ SQL ] SHOW COLUMNS FROM `user` [ RunTime:0.001081s ]
[ sql ] [ SQL ] SELECT * FROM `user` WHERE  `cookie_username` = '0d744fd53942bd1e6712b94623bc5ba9' LIMIT 1 [ RunTime:0.000843s ]
[ sql ] [ SQL ] SHOW COLUMNS FROM `auth` [ RunTime:0.001035s ]
[ sql ] [ SQL ] SELECT * FROM `auth` WHERE  `uid` = 1 LIMIT 1 [ RunTime:0.000583s ]
[ sql ] [ SQL ] SELECT * FROM `user` WHERE  `cookie_username` = '0d744fd53942bd1e6712b94623bc5ba9' LIMIT 1 [ RunTime:0.000474s ]
[ sql ] [ SQL ] SHOW COLUMNS FROM `stuff_in_record` [ RunTime:0.001116s ]
[ error ] [10501]SQLSTATE[42000]: Syntax error or access violation: 1066 Not unique table/alias: 'b'[D:\wamp64\www\CTT-MS-server\thinkphp\library\think\db\Connection.php:388]
---------------------------------------------------------------
[ 2017-10-26T20:43:13+08:00 ] ::1 ::1 POST /CTT-MS-server/login
[ info ] localhost/CTT-MS-server/login [运行时间：1.232396s][吞吐率：0.81req/s] [内存消耗：3,363.86kb] [文件加载：53]
[ info ] [ LANG ] D:\wamp64\www\CTT-MS-server\thinkphp\lang\zh-cn.php
[ info ] [ ROUTE ] array (
  'type' => 'module',
  'module' => 
  array (
    0 => 'index',
    1 => 'Auth',
    2 => 'login',
  ),
  'convert' => false,
)
[ info ] [ HEADER ] array (
  'host' => 'localhost',
  'connection' => 'keep-alive',
  'content-length' => '28',
  'accept' => '*/*',
  'origin' => 'http://localhost',
  'user-agent' => 'Mozilla/5.0 (Windows NT 10.0; Win64; x64) AppleWebKit/537.36 (KHTML, like Gecko) Chrome/61.0.3163.100 Safari/537.36',
  'content-type' => 'application/x-www-form-urlencoded; charset=UTF-8',
  'referer' => 'http://localhost/CTT-MS/login.html',
  'accept-encoding' => 'gzip, deflate, br',
  'accept-language' => 'zh-CN,zh;q=0.8',
  'cookie' => 'Phpstorm-5547fa09=783ade7a-de49-4ae0-b7a2-0e4ea33c1bea; Phpstorm-bd2926e8=857be1c2-e28b-476d-b13e-3a6d848fae47; pgv_pvi=2761342976; _ga=GA1.1.1437015703.1490101787',
)
[ info ] [ PARAM ] array (
  'username' => '001',
  'password' => '123456',
)
[ info ] [ RUN ] app\index\controller\Auth->login[ D:\wamp64\www\CTT-MS-server\application\index\controller\Auth.php ]
[ info ] [ DB ] INIT mysql
[ info ] [ SESSION ] INIT array (
  'id' => '',
  'var_session_id' => '',
  'prefix' => 'think',
  'type' => '',
  'auto_start' => true,
)
[ info ] [ LOG ] INIT File
[ sql ] [ DB ] CONNECT:[ UseTime:0.001628s ] mysql:dbname=ctt-ms;host=127.0.0.1;charset=utf8
[ sql ] [ SQL ] SHOW COLUMNS FROM `user` [ RunTime:0.001296s ]
[ sql ] [ SQL ] SELECT * FROM `user` WHERE  `username` = '001' LIMIT 1 [ RunTime:0.000881s ]
[ sql ] [ SQL ] UPDATE `user`  SET `cookie_username`='56275f764d52e05d6049316140cb6b33'  WHERE  `username` = '001' [ RunTime:0.000708s ]
[ sql ] [ SQL ] UPDATE `user`  SET `last_login_time`='2017-10-26 20:43:13'  WHERE  `username` = '001' [ RunTime:0.000494s ]
[ sql ] [ SQL ] UPDATE `user`  SET `last_logout_time`='2017-10-26 20:43:13'  WHERE  `username` = '001' [ RunTime:0.000435s ]
---------------------------------------------------------------
[ 2017-10-26T20:43:14+08:00 ] ::1 ::1 POST /CTT-MS-server/checkauth
[ info ] localhost/CTT-MS-server/checkauth [运行时间：0.067604s][吞吐率：14.79req/s] [内存消耗：3,768.65kb] [文件加载：55]
[ info ] [ LANG ] D:\wamp64\www\CTT-MS-server\thinkphp\lang\zh-cn.php
[ info ] [ ROUTE ] array (
  'type' => 'module',
  'module' => 
  array (
    0 => 'index',
    1 => 'Auth',
    2 => 'checkAuth',
  ),
  'convert' => false,
)
[ info ] [ HEADER ] array (
  'host' => 'localhost',
  'connection' => 'keep-alive',
  'content-length' => '39',
  'accept' => 'application/json, text/javascript, */*; q=0.01',
  'origin' => 'http://localhost',
  'x-requested-with' => 'XMLHttpRequest',
  'user-agent' => 'Mozilla/5.0 (Windows NT 10.0; Win64; x64) AppleWebKit/537.36 (KHTML, like Gecko) Chrome/61.0.3163.100 Safari/537.36',
  'content-type' => 'application/x-www-form-urlencoded; charset=UTF-8',
  'referer' => 'http://localhost/CTT-MS/main.html',
  'accept-encoding' => 'gzip, deflate, br',
  'accept-language' => 'zh-CN,zh;q=0.8',
  'cookie' => 'Phpstorm-5547fa09=783ade7a-de49-4ae0-b7a2-0e4ea33c1bea; Phpstorm-bd2926e8=857be1c2-e28b-476d-b13e-3a6d848fae47; pgv_pvi=2761342976; _ga=GA1.1.1437015703.1490101787; PHPSESSID=63qr7qgqd9mcta9e9319hf38k1; username=56275f764d52e05d6049316140cb6b33',
)
[ info ] [ PARAM ] array (
  'cookie' => '56275f764d52e05d6049316140cb6b33',
)
[ info ] [ RUN ] app\index\controller\Auth->checkAuth[ D:\wamp64\www\CTT-MS-server\application\index\controller\Auth.php ]
[ info ] [ DB ] INIT mysql
[ info ] [ LOG ] INIT File
[ sql ] [ DB ] CONNECT:[ UseTime:0.001003s ] mysql:dbname=ctt-ms;host=127.0.0.1;charset=utf8
[ sql ] [ SQL ] SHOW COLUMNS FROM `user` [ RunTime:0.001357s ]
[ sql ] [ SQL ] SELECT * FROM `user` WHERE  `cookie_username` = '56275f764d52e05d6049316140cb6b33' LIMIT 1 [ RunTime:0.000586s ]
[ sql ] [ SQL ] SHOW COLUMNS FROM `auth` [ RunTime:0.001593s ]
[ sql ] [ SQL ] SELECT * FROM `auth` WHERE  `uid` = 1 LIMIT 1 [ RunTime:0.000569s ]
---------------------------------------------------------------
[ 2017-10-26T20:43:57+08:00 ] ::1 ::1 GET /CTT-MS-server/stuffincheck
[ info ] localhost/CTT-MS-server/stuffincheck [运行时间：0.248741s][吞吐率：4.02req/s] [内存消耗：1,939.70kb] [文件加载：40]
[ info ] [ LANG ] D:\wamp64\www\CTT-MS-server\thinkphp\lang\zh-cn.php
[ info ] [ ROUTE ] array (
  'type' => 'module',
  'module' => 
  array (
    0 => 'stuffincheck',
    1 => NULL,
    2 => NULL,
  ),
)
[ info ] [ HEADER ] array (
  'host' => 'localhost',
  'connection' => 'keep-alive',
  'user-agent' => 'Mozilla/5.0 (Windows NT 10.0; Win64; x64) AppleWebKit/537.36 (KHTML, like Gecko) Chrome/61.0.3163.100 Safari/537.36',
  'upgrade-insecure-requests' => '1',
  'accept' => 'text/html,application/xhtml+xml,application/xml;q=0.9,image/webp,image/apng,*/*;q=0.8',
  'accept-encoding' => 'gzip, deflate, br',
  'accept-language' => 'zh-CN,zh;q=0.8',
  'cookie' => 'Phpstorm-5547fa09=783ade7a-de49-4ae0-b7a2-0e4ea33c1bea; Phpstorm-bd2926e8=857be1c2-e28b-476d-b13e-3a6d848fae47; pgv_pvi=2761342976; _ga=GA1.1.1437015703.1490101787; PHPSESSID=63qr7qgqd9mcta9e9319hf38k1; username=56275f764d52e05d6049316140cb6b33',
)
[ info ] [ PARAM ] array (
)
[ info ] [ LOG ] INIT File
---------------------------------------------------------------
[ 2017-10-26T20:44:03+08:00 ] ::1 ::1 GET /CTT-MS-server/stuffin/check
[ info ] localhost/CTT-MS-server/stuffin/check [运行时间：0.417516s][吞吐率：2.40req/s] [内存消耗：3,839.13kb] [文件加载：63]
[ info ] [ LANG ] D:\wamp64\www\CTT-MS-server\thinkphp\lang\zh-cn.php
[ info ] [ ROUTE ] array (
  'type' => 'module',
  'module' => 
  array (
    0 => 'index',
    1 => 'StuffIn',
    2 => 'check',
  ),
  'convert' => false,
)
[ info ] [ HEADER ] array (
  'host' => 'localhost',
  'connection' => 'keep-alive',
  'user-agent' => 'Mozilla/5.0 (Windows NT 10.0; Win64; x64) AppleWebKit/537.36 (KHTML, like Gecko) Chrome/61.0.3163.100 Safari/537.36',
  'upgrade-insecure-requests' => '1',
  'accept' => 'text/html,application/xhtml+xml,application/xml;q=0.9,image/webp,image/apng,*/*;q=0.8',
  'accept-encoding' => 'gzip, deflate, br',
  'accept-language' => 'zh-CN,zh;q=0.8',
  'cookie' => 'Phpstorm-5547fa09=783ade7a-de49-4ae0-b7a2-0e4ea33c1bea; Phpstorm-bd2926e8=857be1c2-e28b-476d-b13e-3a6d848fae47; pgv_pvi=2761342976; _ga=GA1.1.1437015703.1490101787; PHPSESSID=63qr7qgqd9mcta9e9319hf38k1; username=56275f764d52e05d6049316140cb6b33',
)
[ info ] [ PARAM ] array (
)
[ info ] [ DB ] INIT mysql
[ info ] [ RUN ] app\index\controller\StuffIn->check[ D:\wamp64\www\CTT-MS-server\application\index\controller\StuffIn.php ]
[ info ] [ LOG ] INIT File
[ sql ] [ DB ] CONNECT:[ UseTime:0.001131s ] mysql:dbname=ctt-ms;host=127.0.0.1;charset=utf8
[ sql ] [ SQL ] SHOW COLUMNS FROM `user` [ RunTime:0.001120s ]
[ sql ] [ SQL ] SELECT * FROM `user` WHERE  `cookie_username` = '56275f764d52e05d6049316140cb6b33' LIMIT 1 [ RunTime:0.000683s ]
[ sql ] [ SQL ] SHOW COLUMNS FROM `auth` [ RunTime:0.000906s ]
[ sql ] [ SQL ] SELECT * FROM `auth` WHERE  `uid` = 1 LIMIT 1 [ RunTime:0.000631s ]
[ sql ] [ SQL ] SELECT * FROM `user` WHERE  `cookie_username` = '56275f764d52e05d6049316140cb6b33' LIMIT 1 [ RunTime:0.000479s ]
[ sql ] [ SQL ] SHOW COLUMNS FROM `stuff_in_record` [ RunTime:0.003045s ]
[ error ] [10501]SQLSTATE[42000]: Syntax error or access violation: 1066 Not unique table/alias: 'b'[D:\wamp64\www\CTT-MS-server\thinkphp\library\think\db\Connection.php:388]
---------------------------------------------------------------
[ 2017-10-26T23:27:59+08:00 ] ::1 ::1 GET /CTT-MS-server/stuffin/check
[ info ] localhost/CTT-MS-server/stuffin/check [运行时间：1.216219s][吞吐率：0.82req/s] [内存消耗：3,834.83kb] [文件加载：63]
[ info ] [ LANG ] D:\wamp64\www\CTT-MS-server\thinkphp\lang\zh-cn.php
[ info ] [ ROUTE ] array (
  'type' => 'module',
  'module' => 
  array (
    0 => 'index',
    1 => 'StuffIn',
    2 => 'check',
  ),
  'convert' => false,
)
[ info ] [ HEADER ] array (
  'host' => 'localhost',
  'connection' => 'keep-alive',
  'cache-control' => 'max-age=0',
  'user-agent' => 'Mozilla/5.0 (Windows NT 10.0; Win64; x64) AppleWebKit/537.36 (KHTML, like Gecko) Chrome/61.0.3163.100 Safari/537.36',
  'upgrade-insecure-requests' => '1',
  'accept' => 'text/html,application/xhtml+xml,application/xml;q=0.9,image/webp,image/apng,*/*;q=0.8',
  'accept-encoding' => 'gzip, deflate, br',
  'accept-language' => 'zh-CN,zh;q=0.8',
  'cookie' => 'Phpstorm-5547fa09=783ade7a-de49-4ae0-b7a2-0e4ea33c1bea; Phpstorm-bd2926e8=857be1c2-e28b-476d-b13e-3a6d848fae47; pgv_pvi=2761342976; _ga=GA1.1.1437015703.1490101787; PHPSESSID=63qr7qgqd9mcta9e9319hf38k1; username=56275f764d52e05d6049316140cb6b33',
)
[ info ] [ PARAM ] array (
)
[ info ] [ DB ] INIT mysql
[ info ] [ RUN ] app\index\controller\StuffIn->check[ D:\wamp64\www\CTT-MS-server\application\index\controller\StuffIn.php ]
[ info ] [ LOG ] INIT File
[ sql ] [ DB ] CONNECT:[ UseTime:0.004531s ] mysql:dbname=ctt-ms;host=127.0.0.1;charset=utf8
[ sql ] [ SQL ] SHOW COLUMNS FROM `user` [ RunTime:0.003126s ]
[ sql ] [ SQL ] SELECT * FROM `user` WHERE  `cookie_username` = '56275f764d52e05d6049316140cb6b33' LIMIT 1 [ RunTime:0.000777s ]
[ sql ] [ SQL ] SHOW COLUMNS FROM `auth` [ RunTime:0.001305s ]
[ sql ] [ SQL ] SELECT * FROM `auth` WHERE  `uid` = 1 LIMIT 1 [ RunTime:0.000810s ]
[ sql ] [ SQL ] SELECT * FROM `user` WHERE  `cookie_username` = '56275f764d52e05d6049316140cb6b33' LIMIT 1 [ RunTime:0.000636s ]
[ sql ] [ SQL ] SHOW COLUMNS FROM `stuff_in_record` [ RunTime:0.001058s ]
[ error ] [10501]SQLSTATE[42000]: Syntax error or access violation: 1066 Not unique table/alias: 'b'[D:\wamp64\www\CTT-MS-server\thinkphp\library\think\db\Connection.php:388]
---------------------------------------------------------------
[ 2017-10-26T23:28:00+08:00 ] ::1 ::1 GET /CTT-MS-server/stuffin/check
[ info ] localhost/CTT-MS-server/stuffin/check [运行时间：0.073644s][吞吐率：13.58req/s] [内存消耗：3,834.83kb] [文件加载：63]
[ info ] [ LANG ] D:\wamp64\www\CTT-MS-server\thinkphp\lang\zh-cn.php
[ info ] [ ROUTE ] array (
  'type' => 'module',
  'module' => 
  array (
    0 => 'index',
    1 => 'StuffIn',
    2 => 'check',
  ),
  'convert' => false,
)
[ info ] [ HEADER ] array (
  'host' => 'localhost',
  'connection' => 'keep-alive',
  'cache-control' => 'max-age=0',
  'user-agent' => 'Mozilla/5.0 (Windows NT 10.0; Win64; x64) AppleWebKit/537.36 (KHTML, like Gecko) Chrome/61.0.3163.100 Safari/537.36',
  'upgrade-insecure-requests' => '1',
  'accept' => 'text/html,application/xhtml+xml,application/xml;q=0.9,image/webp,image/apng,*/*;q=0.8',
  'accept-encoding' => 'gzip, deflate, br',
  'accept-language' => 'zh-CN,zh;q=0.8',
  'cookie' => 'Phpstorm-5547fa09=783ade7a-de49-4ae0-b7a2-0e4ea33c1bea; Phpstorm-bd2926e8=857be1c2-e28b-476d-b13e-3a6d848fae47; pgv_pvi=2761342976; _ga=GA1.1.1437015703.1490101787; PHPSESSID=63qr7qgqd9mcta9e9319hf38k1; username=56275f764d52e05d6049316140cb6b33',
)
[ info ] [ PARAM ] array (
)
[ info ] [ DB ] INIT mysql
[ info ] [ RUN ] app\index\controller\StuffIn->check[ D:\wamp64\www\CTT-MS-server\application\index\controller\StuffIn.php ]
[ info ] [ LOG ] INIT File
[ sql ] [ DB ] CONNECT:[ UseTime:0.001285s ] mysql:dbname=ctt-ms;host=127.0.0.1;charset=utf8
[ sql ] [ SQL ] SHOW COLUMNS FROM `user` [ RunTime:0.001684s ]
[ sql ] [ SQL ] SELECT * FROM `user` WHERE  `cookie_username` = '56275f764d52e05d6049316140cb6b33' LIMIT 1 [ RunTime:0.000672s ]
[ sql ] [ SQL ] SHOW COLUMNS FROM `auth` [ RunTime:0.000941s ]
[ sql ] [ SQL ] SELECT * FROM `auth` WHERE  `uid` = 1 LIMIT 1 [ RunTime:0.000566s ]
[ sql ] [ SQL ] SELECT * FROM `user` WHERE  `cookie_username` = '56275f764d52e05d6049316140cb6b33' LIMIT 1 [ RunTime:0.000425s ]
[ sql ] [ SQL ] SHOW COLUMNS FROM `stuff_in_record` [ RunTime:0.000843s ]
[ error ] [10501]SQLSTATE[42000]: Syntax error or access violation: 1066 Not unique table/alias: 'b'[D:\wamp64\www\CTT-MS-server\thinkphp\library\think\db\Connection.php:388]
---------------------------------------------------------------
[ 2017-10-26T23:28:01+08:00 ] ::1 ::1 GET /CTT-MS-server/stuffin/check
[ info ] localhost/CTT-MS-server/stuffin/check [运行时间：0.064600s][吞吐率：15.48req/s] [内存消耗：3,834.83kb] [文件加载：63]
[ info ] [ LANG ] D:\wamp64\www\CTT-MS-server\thinkphp\lang\zh-cn.php
[ info ] [ ROUTE ] array (
  'type' => 'module',
  'module' => 
  array (
    0 => 'index',
    1 => 'StuffIn',
    2 => 'check',
  ),
  'convert' => false,
)
[ info ] [ HEADER ] array (
  'host' => 'localhost',
  'connection' => 'keep-alive',
  'cache-control' => 'max-age=0',
  'user-agent' => 'Mozilla/5.0 (Windows NT 10.0; Win64; x64) AppleWebKit/537.36 (KHTML, like Gecko) Chrome/61.0.3163.100 Safari/537.36',
  'upgrade-insecure-requests' => '1',
  'accept' => 'text/html,application/xhtml+xml,application/xml;q=0.9,image/webp,image/apng,*/*;q=0.8',
  'accept-encoding' => 'gzip, deflate, br',
  'accept-language' => 'zh-CN,zh;q=0.8',
  'cookie' => 'Phpstorm-5547fa09=783ade7a-de49-4ae0-b7a2-0e4ea33c1bea; Phpstorm-bd2926e8=857be1c2-e28b-476d-b13e-3a6d848fae47; pgv_pvi=2761342976; _ga=GA1.1.1437015703.1490101787; PHPSESSID=63qr7qgqd9mcta9e9319hf38k1; username=56275f764d52e05d6049316140cb6b33',
)
[ info ] [ PARAM ] array (
)
[ info ] [ DB ] INIT mysql
[ info ] [ RUN ] app\index\controller\StuffIn->check[ D:\wamp64\www\CTT-MS-server\application\index\controller\StuffIn.php ]
[ info ] [ LOG ] INIT File
[ sql ] [ DB ] CONNECT:[ UseTime:0.001144s ] mysql:dbname=ctt-ms;host=127.0.0.1;charset=utf8
[ sql ] [ SQL ] SHOW COLUMNS FROM `user` [ RunTime:0.001475s ]
[ sql ] [ SQL ] SELECT * FROM `user` WHERE  `cookie_username` = '56275f764d52e05d6049316140cb6b33' LIMIT 1 [ RunTime:0.000530s ]
[ sql ] [ SQL ] SHOW COLUMNS FROM `auth` [ RunTime:0.001486s ]
[ sql ] [ SQL ] SELECT * FROM `auth` WHERE  `uid` = 1 LIMIT 1 [ RunTime:0.000598s ]
[ sql ] [ SQL ] SELECT * FROM `user` WHERE  `cookie_username` = '56275f764d52e05d6049316140cb6b33' LIMIT 1 [ RunTime:0.000458s ]
[ sql ] [ SQL ] SHOW COLUMNS FROM `stuff_in_record` [ RunTime:0.000837s ]
[ error ] [10501]SQLSTATE[42000]: Syntax error or access violation: 1066 Not unique table/alias: 'b'[D:\wamp64\www\CTT-MS-server\thinkphp\library\think\db\Connection.php:388]
---------------------------------------------------------------
[ 2017-10-26T23:28:02+08:00 ] ::1 ::1 GET /CTT-MS-server/stuffin/check
[ info ] localhost/CTT-MS-server/stuffin/check [运行时间：0.069183s][吞吐率：14.45req/s] [内存消耗：3,834.83kb] [文件加载：63]
[ info ] [ LANG ] D:\wamp64\www\CTT-MS-server\thinkphp\lang\zh-cn.php
[ info ] [ ROUTE ] array (
  'type' => 'module',
  'module' => 
  array (
    0 => 'index',
    1 => 'StuffIn',
    2 => 'check',
  ),
  'convert' => false,
)
[ info ] [ HEADER ] array (
  'host' => 'localhost',
  'connection' => 'keep-alive',
  'cache-control' => 'max-age=0',
  'user-agent' => 'Mozilla/5.0 (Windows NT 10.0; Win64; x64) AppleWebKit/537.36 (KHTML, like Gecko) Chrome/61.0.3163.100 Safari/537.36',
  'upgrade-insecure-requests' => '1',
  'accept' => 'text/html,application/xhtml+xml,application/xml;q=0.9,image/webp,image/apng,*/*;q=0.8',
  'accept-encoding' => 'gzip, deflate, br',
  'accept-language' => 'zh-CN,zh;q=0.8',
  'cookie' => 'Phpstorm-5547fa09=783ade7a-de49-4ae0-b7a2-0e4ea33c1bea; Phpstorm-bd2926e8=857be1c2-e28b-476d-b13e-3a6d848fae47; pgv_pvi=2761342976; _ga=GA1.1.1437015703.1490101787; PHPSESSID=63qr7qgqd9mcta9e9319hf38k1; username=56275f764d52e05d6049316140cb6b33',
)
[ info ] [ PARAM ] array (
)
[ info ] [ DB ] INIT mysql
[ info ] [ RUN ] app\index\controller\StuffIn->check[ D:\wamp64\www\CTT-MS-server\application\index\controller\StuffIn.php ]
[ info ] [ LOG ] INIT File
[ sql ] [ DB ] CONNECT:[ UseTime:0.000965s ] mysql:dbname=ctt-ms;host=127.0.0.1;charset=utf8
[ sql ] [ SQL ] SHOW COLUMNS FROM `user` [ RunTime:0.001318s ]
[ sql ] [ SQL ] SELECT * FROM `user` WHERE  `cookie_username` = '56275f764d52e05d6049316140cb6b33' LIMIT 1 [ RunTime:0.000509s ]
[ sql ] [ SQL ] SHOW COLUMNS FROM `auth` [ RunTime:0.000949s ]
[ sql ] [ SQL ] SELECT * FROM `auth` WHERE  `uid` = 1 LIMIT 1 [ RunTime:0.000607s ]
[ sql ] [ SQL ] SELECT * FROM `user` WHERE  `cookie_username` = '56275f764d52e05d6049316140cb6b33' LIMIT 1 [ RunTime:0.000495s ]
[ sql ] [ SQL ] SHOW COLUMNS FROM `stuff_in_record` [ RunTime:0.000888s ]
[ error ] [10501]SQLSTATE[42000]: Syntax error or access violation: 1066 Not unique table/alias: 'b'[D:\wamp64\www\CTT-MS-server\thinkphp\library\think\db\Connection.php:388]
---------------------------------------------------------------
[ 2017-10-26T23:28:03+08:00 ] ::1 ::1 GET /CTT-MS-server/stuffin/check
[ info ] localhost/CTT-MS-server/stuffin/check [运行时间：0.064908s][吞吐率：15.41req/s] [内存消耗：3,834.83kb] [文件加载：63]
[ info ] [ LANG ] D:\wamp64\www\CTT-MS-server\thinkphp\lang\zh-cn.php
[ info ] [ ROUTE ] array (
  'type' => 'module',
  'module' => 
  array (
    0 => 'index',
    1 => 'StuffIn',
    2 => 'check',
  ),
  'convert' => false,
)
[ info ] [ HEADER ] array (
  'host' => 'localhost',
  'connection' => 'keep-alive',
  'cache-control' => 'max-age=0',
  'user-agent' => 'Mozilla/5.0 (Windows NT 10.0; Win64; x64) AppleWebKit/537.36 (KHTML, like Gecko) Chrome/61.0.3163.100 Safari/537.36',
  'upgrade-insecure-requests' => '1',
  'accept' => 'text/html,application/xhtml+xml,application/xml;q=0.9,image/webp,image/apng,*/*;q=0.8',
  'accept-encoding' => 'gzip, deflate, br',
  'accept-language' => 'zh-CN,zh;q=0.8',
  'cookie' => 'Phpstorm-5547fa09=783ade7a-de49-4ae0-b7a2-0e4ea33c1bea; Phpstorm-bd2926e8=857be1c2-e28b-476d-b13e-3a6d848fae47; pgv_pvi=2761342976; _ga=GA1.1.1437015703.1490101787; PHPSESSID=63qr7qgqd9mcta9e9319hf38k1; username=56275f764d52e05d6049316140cb6b33',
)
[ info ] [ PARAM ] array (
)
[ info ] [ DB ] INIT mysql
[ info ] [ RUN ] app\index\controller\StuffIn->check[ D:\wamp64\www\CTT-MS-server\application\index\controller\StuffIn.php ]
[ info ] [ LOG ] INIT File
[ sql ] [ DB ] CONNECT:[ UseTime:0.001294s ] mysql:dbname=ctt-ms;host=127.0.0.1;charset=utf8
[ sql ] [ SQL ] SHOW COLUMNS FROM `user` [ RunTime:0.001483s ]
[ sql ] [ SQL ] SELECT * FROM `user` WHERE  `cookie_username` = '56275f764d52e05d6049316140cb6b33' LIMIT 1 [ RunTime:0.000650s ]
[ sql ] [ SQL ] SHOW COLUMNS FROM `auth` [ RunTime:0.001113s ]
[ sql ] [ SQL ] SELECT * FROM `auth` WHERE  `uid` = 1 LIMIT 1 [ RunTime:0.000570s ]
[ sql ] [ SQL ] SELECT * FROM `user` WHERE  `cookie_username` = '56275f764d52e05d6049316140cb6b33' LIMIT 1 [ RunTime:0.000491s ]
[ sql ] [ SQL ] SHOW COLUMNS FROM `stuff_in_record` [ RunTime:0.001041s ]
[ error ] [10501]SQLSTATE[42000]: Syntax error or access violation: 1066 Not unique table/alias: 'b'[D:\wamp64\www\CTT-MS-server\thinkphp\library\think\db\Connection.php:388]
---------------------------------------------------------------
[ 2017-10-26T23:28:25+08:00 ] ::1 ::1 GET /CTT-MS-server/stuffin/check
[ info ] localhost/CTT-MS-server/stuffin/check [运行时间：0.052812s][吞吐率：18.94req/s] [内存消耗：3,834.73kb] [文件加载：63]
[ info ] [ LANG ] D:\wamp64\www\CTT-MS-server\thinkphp\lang\zh-cn.php
[ info ] [ ROUTE ] array (
  'type' => 'module',
  'module' => 
  array (
    0 => 'index',
    1 => 'StuffIn',
    2 => 'check',
  ),
  'convert' => false,
)
[ info ] [ HEADER ] array (
  'host' => 'localhost',
  'connection' => 'keep-alive',
  'cache-control' => 'max-age=0',
  'user-agent' => 'Mozilla/5.0 (Windows NT 10.0; Win64; x64) AppleWebKit/537.36 (KHTML, like Gecko) Chrome/61.0.3163.100 Safari/537.36',
  'upgrade-insecure-requests' => '1',
  'accept' => 'text/html,application/xhtml+xml,application/xml;q=0.9,image/webp,image/apng,*/*;q=0.8',
  'accept-encoding' => 'gzip, deflate, br',
  'accept-language' => 'zh-CN,zh;q=0.8',
  'cookie' => 'Phpstorm-5547fa09=783ade7a-de49-4ae0-b7a2-0e4ea33c1bea; Phpstorm-bd2926e8=857be1c2-e28b-476d-b13e-3a6d848fae47; pgv_pvi=2761342976; _ga=GA1.1.1437015703.1490101787; PHPSESSID=63qr7qgqd9mcta9e9319hf38k1; username=56275f764d52e05d6049316140cb6b33',
)
[ info ] [ PARAM ] array (
)
[ info ] [ DB ] INIT mysql
[ info ] [ RUN ] app\index\controller\StuffIn->check[ D:\wamp64\www\CTT-MS-server\application\index\controller\StuffIn.php ]
[ info ] [ LOG ] INIT File
[ sql ] [ DB ] CONNECT:[ UseTime:0.001159s ] mysql:dbname=ctt-ms;host=127.0.0.1;charset=utf8
[ sql ] [ SQL ] SHOW COLUMNS FROM `user` [ RunTime:0.001722s ]
[ sql ] [ SQL ] SELECT * FROM `user` WHERE  `cookie_username` = '56275f764d52e05d6049316140cb6b33' LIMIT 1 [ RunTime:0.000626s ]
[ sql ] [ SQL ] SHOW COLUMNS FROM `auth` [ RunTime:0.001249s ]
[ sql ] [ SQL ] SELECT * FROM `auth` WHERE  `uid` = 1 LIMIT 1 [ RunTime:0.000519s ]
[ sql ] [ SQL ] SELECT * FROM `user` WHERE  `cookie_username` = '56275f764d52e05d6049316140cb6b33' LIMIT 1 [ RunTime:0.000434s ]
[ sql ] [ SQL ] SHOW COLUMNS FROM `stuff_in_record` [ RunTime:0.000825s ]
[ sql ] [ SQL ] SELECT * FROM `stuff_in_record` `a` LIMIT 0,1 [ RunTime:0.000383s ]
[ error ] [10501]SQLSTATE[42S02]: Base table or view not found: 1051 Unknown table 'b'[D:\wamp64\www\CTT-MS-server\thinkphp\library\think\db\Connection.php:388]
---------------------------------------------------------------
[ 2017-10-26T23:28:26+08:00 ] ::1 ::1 GET /CTT-MS-server/stuffin/check
[ info ] localhost/CTT-MS-server/stuffin/check [运行时间：0.052623s][吞吐率：19.00req/s] [内存消耗：3,834.73kb] [文件加载：63]
[ info ] [ LANG ] D:\wamp64\www\CTT-MS-server\thinkphp\lang\zh-cn.php
[ info ] [ ROUTE ] array (
  'type' => 'module',
  'module' => 
  array (
    0 => 'index',
    1 => 'StuffIn',
    2 => 'check',
  ),
  'convert' => false,
)
[ info ] [ HEADER ] array (
  'host' => 'localhost',
  'connection' => 'keep-alive',
  'cache-control' => 'max-age=0',
  'user-agent' => 'Mozilla/5.0 (Windows NT 10.0; Win64; x64) AppleWebKit/537.36 (KHTML, like Gecko) Chrome/61.0.3163.100 Safari/537.36',
  'upgrade-insecure-requests' => '1',
  'accept' => 'text/html,application/xhtml+xml,application/xml;q=0.9,image/webp,image/apng,*/*;q=0.8',
  'accept-encoding' => 'gzip, deflate, br',
  'accept-language' => 'zh-CN,zh;q=0.8',
  'cookie' => 'Phpstorm-5547fa09=783ade7a-de49-4ae0-b7a2-0e4ea33c1bea; Phpstorm-bd2926e8=857be1c2-e28b-476d-b13e-3a6d848fae47; pgv_pvi=2761342976; _ga=GA1.1.1437015703.1490101787; PHPSESSID=63qr7qgqd9mcta9e9319hf38k1; username=56275f764d52e05d6049316140cb6b33',
)
[ info ] [ PARAM ] array (
)
[ info ] [ DB ] INIT mysql
[ info ] [ RUN ] app\index\controller\StuffIn->check[ D:\wamp64\www\CTT-MS-server\application\index\controller\StuffIn.php ]
[ info ] [ LOG ] INIT File
[ sql ] [ DB ] CONNECT:[ UseTime:0.000968s ] mysql:dbname=ctt-ms;host=127.0.0.1;charset=utf8
[ sql ] [ SQL ] SHOW COLUMNS FROM `user` [ RunTime:0.001432s ]
[ sql ] [ SQL ] SELECT * FROM `user` WHERE  `cookie_username` = '56275f764d52e05d6049316140cb6b33' LIMIT 1 [ RunTime:0.000567s ]
[ sql ] [ SQL ] SHOW COLUMNS FROM `auth` [ RunTime:0.001057s ]
[ sql ] [ SQL ] SELECT * FROM `auth` WHERE  `uid` = 1 LIMIT 1 [ RunTime:0.000505s ]
[ sql ] [ SQL ] SELECT * FROM `user` WHERE  `cookie_username` = '56275f764d52e05d6049316140cb6b33' LIMIT 1 [ RunTime:0.000532s ]
[ sql ] [ SQL ] SHOW COLUMNS FROM `stuff_in_record` [ RunTime:0.000756s ]
[ sql ] [ SQL ] SELECT * FROM `stuff_in_record` `a` LIMIT 0,1 [ RunTime:0.000335s ]
[ error ] [10501]SQLSTATE[42S02]: Base table or view not found: 1051 Unknown table 'b'[D:\wamp64\www\CTT-MS-server\thinkphp\library\think\db\Connection.php:388]
---------------------------------------------------------------
[ 2017-10-26T23:28:27+08:00 ] ::1 ::1 GET /CTT-MS-server/stuffin/check
[ info ] localhost/CTT-MS-server/stuffin/check [运行时间：0.082407s][吞吐率：12.13req/s] [内存消耗：3,834.73kb] [文件加载：63]
[ info ] [ LANG ] D:\wamp64\www\CTT-MS-server\thinkphp\lang\zh-cn.php
[ info ] [ ROUTE ] array (
  'type' => 'module',
  'module' => 
  array (
    0 => 'index',
    1 => 'StuffIn',
    2 => 'check',
  ),
  'convert' => false,
)
[ info ] [ HEADER ] array (
  'host' => 'localhost',
  'connection' => 'keep-alive',
  'cache-control' => 'max-age=0',
  'user-agent' => 'Mozilla/5.0 (Windows NT 10.0; Win64; x64) AppleWebKit/537.36 (KHTML, like Gecko) Chrome/61.0.3163.100 Safari/537.36',
  'upgrade-insecure-requests' => '1',
  'accept' => 'text/html,application/xhtml+xml,application/xml;q=0.9,image/webp,image/apng,*/*;q=0.8',
  'accept-encoding' => 'gzip, deflate, br',
  'accept-language' => 'zh-CN,zh;q=0.8',
  'cookie' => 'Phpstorm-5547fa09=783ade7a-de49-4ae0-b7a2-0e4ea33c1bea; Phpstorm-bd2926e8=857be1c2-e28b-476d-b13e-3a6d848fae47; pgv_pvi=2761342976; _ga=GA1.1.1437015703.1490101787; PHPSESSID=63qr7qgqd9mcta9e9319hf38k1; username=56275f764d52e05d6049316140cb6b33',
)
[ info ] [ PARAM ] array (
)
[ info ] [ DB ] INIT mysql
[ info ] [ RUN ] app\index\controller\StuffIn->check[ D:\wamp64\www\CTT-MS-server\application\index\controller\StuffIn.php ]
[ info ] [ LOG ] INIT File
[ sql ] [ DB ] CONNECT:[ UseTime:0.001064s ] mysql:dbname=ctt-ms;host=127.0.0.1;charset=utf8
[ sql ] [ SQL ] SHOW COLUMNS FROM `user` [ RunTime:0.001656s ]
[ sql ] [ SQL ] SELECT * FROM `user` WHERE  `cookie_username` = '56275f764d52e05d6049316140cb6b33' LIMIT 1 [ RunTime:0.000778s ]
[ sql ] [ SQL ] SHOW COLUMNS FROM `auth` [ RunTime:0.001617s ]
[ sql ] [ SQL ] SELECT * FROM `auth` WHERE  `uid` = 1 LIMIT 1 [ RunTime:0.000798s ]
[ sql ] [ SQL ] SELECT * FROM `user` WHERE  `cookie_username` = '56275f764d52e05d6049316140cb6b33' LIMIT 1 [ RunTime:0.000638s ]
[ sql ] [ SQL ] SHOW COLUMNS FROM `stuff_in_record` [ RunTime:0.001235s ]
[ sql ] [ SQL ] SELECT * FROM `stuff_in_record` `a` LIMIT 0,1 [ RunTime:0.000612s ]
[ error ] [10501]SQLSTATE[42S02]: Base table or view not found: 1051 Unknown table 'b'[D:\wamp64\www\CTT-MS-server\thinkphp\library\think\db\Connection.php:388]
---------------------------------------------------------------
[ 2017-10-26T23:34:12+08:00 ] ::1 ::1 GET /CTT-MS-server/stuffin/check
[ info ] localhost/CTT-MS-server/stuffin/check [运行时间：0.069086s][吞吐率：14.47req/s] [内存消耗：3,837.59kb] [文件加载：59]
[ info ] [ LANG ] D:\wamp64\www\CTT-MS-server\thinkphp\lang\zh-cn.php
[ info ] [ ROUTE ] array (
  'type' => 'module',
  'module' => 
  array (
    0 => 'index',
    1 => 'StuffIn',
    2 => 'check',
  ),
  'convert' => false,
)
[ info ] [ HEADER ] array (
  'host' => 'localhost',
  'connection' => 'keep-alive',
  'cache-control' => 'max-age=0',
  'user-agent' => 'Mozilla/5.0 (Windows NT 10.0; Win64; x64) AppleWebKit/537.36 (KHTML, like Gecko) Chrome/61.0.3163.100 Safari/537.36',
  'upgrade-insecure-requests' => '1',
  'accept' => 'text/html,application/xhtml+xml,application/xml;q=0.9,image/webp,image/apng,*/*;q=0.8',
  'accept-encoding' => 'gzip, deflate, br',
  'accept-language' => 'zh-CN,zh;q=0.8',
  'cookie' => 'Phpstorm-5547fa09=783ade7a-de49-4ae0-b7a2-0e4ea33c1bea; Phpstorm-bd2926e8=857be1c2-e28b-476d-b13e-3a6d848fae47; pgv_pvi=2761342976; _ga=GA1.1.1437015703.1490101787; PHPSESSID=63qr7qgqd9mcta9e9319hf38k1; username=56275f764d52e05d6049316140cb6b33',
)
[ info ] [ PARAM ] array (
)
[ info ] [ DB ] INIT mysql
[ info ] [ RUN ] app\index\controller\StuffIn->check[ D:\wamp64\www\CTT-MS-server\application\index\controller\StuffIn.php ]
[ info ] [ LOG ] INIT File
[ sql ] [ DB ] CONNECT:[ UseTime:0.001195s ] mysql:dbname=ctt-ms;host=127.0.0.1;charset=utf8
[ sql ] [ SQL ] SHOW COLUMNS FROM `user` [ RunTime:0.001515s ]
[ sql ] [ SQL ] SELECT * FROM `user` WHERE  `cookie_username` = '56275f764d52e05d6049316140cb6b33' LIMIT 1 [ RunTime:0.000569s ]
[ sql ] [ SQL ] SHOW COLUMNS FROM `auth` [ RunTime:0.000872s ]
[ sql ] [ SQL ] SELECT * FROM `auth` WHERE  `uid` = 1 LIMIT 1 [ RunTime:0.000488s ]
[ sql ] [ SQL ] SELECT * FROM `user` WHERE  `cookie_username` = '56275f764d52e05d6049316140cb6b33' LIMIT 1 [ RunTime:0.000385s ]
[ sql ] [ SQL ] SHOW COLUMNS FROM `stuff_in_record` [ RunTime:0.000847s ]
[ sql ] [ SQL ] SELECT * FROM `stuff_in_record` `a` LIMIT 0,1 [ RunTime:0.000450s ]
[ sql ] [ SQL ] SELECT * FROM `stuff_in_record` `a` [ RunTime:0.000397s ]
