---------------------------------------------------------------
[ 2017-10-31T11:22:19+08:00 ] ::1 ::1 POST /CTT-MS-server/login
[ info ] localhost/CTT-MS-server/login [运行时间：0.953512s][吞吐率：1.05req/s] [内存消耗：3,363.85kb] [文件加载：53]
[ info ] [ LANG ] D:\wamp64\www\CTT-MS-server\thinkphp\lang\zh-cn.php
[ info ] [ ROUTE ] array (
  'type' => 'module',
  'module' => 
  array (
    0 => 'index',
    1 => 'Auth',
    2 => 'login',
  ),
  'convert' => false,
)
[ info ] [ HEADER ] array (
  'host' => 'localhost',
  'connection' => 'keep-alive',
  'content-length' => '28',
  'accept' => '*/*',
  'origin' => 'http://localhost',
  'user-agent' => 'Mozilla/5.0 (Windows NT 10.0; Win64; x64) AppleWebKit/537.36 (KHTML, like Gecko) Chrome/61.0.3163.100 Safari/537.36',
  'content-type' => 'application/x-www-form-urlencoded; charset=UTF-8',
  'referer' => 'http://localhost/CTT-MS/login.html',
  'accept-encoding' => 'gzip, deflate, br',
  'accept-language' => 'zh-CN,zh;q=0.8',
  'cookie' => 'Phpstorm-5547fa09=783ade7a-de49-4ae0-b7a2-0e4ea33c1bea; Phpstorm-bd2926e8=857be1c2-e28b-476d-b13e-3a6d848fae47; pgv_pvi=2761342976; _ga=GA1.1.1437015703.1490101787',
)
[ info ] [ PARAM ] array (
  'username' => '001',
  'password' => '123456',
)
[ info ] [ RUN ] app\index\controller\Auth->login[ D:\wamp64\www\CTT-MS-server\application\index\controller\Auth.php ]
[ info ] [ DB ] INIT mysql
[ info ] [ SESSION ] INIT array (
  'id' => '',
  'var_session_id' => '',
  'prefix' => 'think',
  'type' => '',
  'auto_start' => true,
)
[ info ] [ LOG ] INIT File
[ sql ] [ DB ] CONNECT:[ UseTime:0.001002s ] mysql:dbname=ctt-ms;host=127.0.0.1;charset=utf8
[ sql ] [ SQL ] SHOW COLUMNS FROM `user` [ RunTime:0.005022s ]
[ sql ] [ SQL ] SELECT * FROM `user` WHERE  `username` = '001' LIMIT 1 [ RunTime:0.000649s ]
[ sql ] [ SQL ] UPDATE `user`  SET `cookie_username`='673afb7d35638dcc696cb3d4c695873d'  WHERE  `username` = '001' [ RunTime:0.000561s ]
[ sql ] [ SQL ] UPDATE `user`  SET `last_login_time`='2017-10-31 11:22:19'  WHERE  `username` = '001' [ RunTime:0.000425s ]
[ sql ] [ SQL ] UPDATE `user`  SET `last_logout_time`='2017-10-31 11:22:19'  WHERE  `username` = '001' [ RunTime:0.000422s ]
---------------------------------------------------------------
[ 2017-10-31T11:22:19+08:00 ] ::1 ::1 POST /CTT-MS-server/checkauth
[ info ] localhost/CTT-MS-server/checkauth [运行时间：0.080484s][吞吐率：12.42req/s] [内存消耗：3,768.65kb] [文件加载：55]
[ info ] [ LANG ] D:\wamp64\www\CTT-MS-server\thinkphp\lang\zh-cn.php
[ info ] [ ROUTE ] array (
  'type' => 'module',
  'module' => 
  array (
    0 => 'index',
    1 => 'Auth',
    2 => 'checkAuth',
  ),
  'convert' => false,
)
[ info ] [ HEADER ] array (
  'host' => 'localhost',
  'connection' => 'keep-alive',
  'content-length' => '39',
  'accept' => 'application/json, text/javascript, */*; q=0.01',
  'origin' => 'http://localhost',
  'x-requested-with' => 'XMLHttpRequest',
  'user-agent' => 'Mozilla/5.0 (Windows NT 10.0; Win64; x64) AppleWebKit/537.36 (KHTML, like Gecko) Chrome/61.0.3163.100 Safari/537.36',
  'content-type' => 'application/x-www-form-urlencoded; charset=UTF-8',
  'referer' => 'http://localhost/CTT-MS/main.html',
  'accept-encoding' => 'gzip, deflate, br',
  'accept-language' => 'zh-CN,zh;q=0.8',
  'cookie' => 'Phpstorm-5547fa09=783ade7a-de49-4ae0-b7a2-0e4ea33c1bea; Phpstorm-bd2926e8=857be1c2-e28b-476d-b13e-3a6d848fae47; pgv_pvi=2761342976; _ga=GA1.1.1437015703.1490101787; PHPSESSID=cevhp8qsjskvl77vqoshhqo1u1; username=673afb7d35638dcc696cb3d4c695873d',
)
[ info ] [ PARAM ] array (
  'cookie' => '673afb7d35638dcc696cb3d4c695873d',
)
[ info ] [ RUN ] app\index\controller\Auth->checkAuth[ D:\wamp64\www\CTT-MS-server\application\index\controller\Auth.php ]
[ info ] [ DB ] INIT mysql
[ info ] [ LOG ] INIT File
[ sql ] [ DB ] CONNECT:[ UseTime:0.001090s ] mysql:dbname=ctt-ms;host=127.0.0.1;charset=utf8
[ sql ] [ SQL ] SHOW COLUMNS FROM `user` [ RunTime:0.001123s ]
[ sql ] [ SQL ] SELECT * FROM `user` WHERE  `cookie_username` = '673afb7d35638dcc696cb3d4c695873d' LIMIT 1 [ RunTime:0.000610s ]
[ sql ] [ SQL ] SHOW COLUMNS FROM `auth` [ RunTime:0.004655s ]
[ sql ] [ SQL ] SELECT * FROM `auth` WHERE  `uid` = 1 LIMIT 1 [ RunTime:0.000777s ]
---------------------------------------------------------------
[ 2017-10-31T11:22:26+08:00 ] ::1 ::1 GET /CTT-MS-server/stuffin/check
[ info ] localhost/CTT-MS-server/stuffin/check [运行时间：0.145926s][吞吐率：6.85req/s] [内存消耗：3,796.61kb] [文件加载：58]
[ info ] [ LANG ] D:\wamp64\www\CTT-MS-server\thinkphp\lang\zh-cn.php
[ info ] [ ROUTE ] array (
  'type' => 'module',
  'module' => 
  array (
    0 => 'index',
    1 => 'StuffIn',
    2 => 'check',
  ),
  'convert' => false,
)
[ info ] [ HEADER ] array (
  'host' => 'localhost',
  'connection' => 'keep-alive',
  'user-agent' => 'Mozilla/5.0 (Windows NT 10.0; Win64; x64) AppleWebKit/537.36 (KHTML, like Gecko) Chrome/61.0.3163.100 Safari/537.36',
  'upgrade-insecure-requests' => '1',
  'accept' => 'text/html,application/xhtml+xml,application/xml;q=0.9,image/webp,image/apng,*/*;q=0.8',
  'accept-encoding' => 'gzip, deflate, br',
  'accept-language' => 'zh-CN,zh;q=0.8',
  'cookie' => 'Phpstorm-5547fa09=783ade7a-de49-4ae0-b7a2-0e4ea33c1bea; Phpstorm-bd2926e8=857be1c2-e28b-476d-b13e-3a6d848fae47; pgv_pvi=2761342976; _ga=GA1.1.1437015703.1490101787; PHPSESSID=cevhp8qsjskvl77vqoshhqo1u1; username=673afb7d35638dcc696cb3d4c695873d',
)
[ info ] [ PARAM ] array (
)
[ info ] [ DB ] INIT mysql
[ info ] [ RUN ] app\index\controller\StuffIn->check[ D:\wamp64\www\CTT-MS-server\application\index\controller\StuffIn.php ]
[ info ] [ LOG ] INIT File
[ sql ] [ DB ] CONNECT:[ UseTime:0.000978s ] mysql:dbname=ctt-ms;host=127.0.0.1;charset=utf8
[ sql ] [ SQL ] SHOW COLUMNS FROM `user` [ RunTime:0.000961s ]
[ sql ] [ SQL ] SELECT * FROM `user` WHERE  `cookie_username` = '673afb7d35638dcc696cb3d4c695873d' LIMIT 1 [ RunTime:0.000636s ]
[ sql ] [ SQL ] SHOW COLUMNS FROM `auth` [ RunTime:0.000909s ]
[ sql ] [ SQL ] SELECT * FROM `auth` WHERE  `uid` = 1 LIMIT 1 [ RunTime:0.000587s ]
[ sql ] [ SQL ] SELECT * FROM `user` WHERE  `cookie_username` = '673afb7d35638dcc696cb3d4c695873d' LIMIT 1 [ RunTime:0.001315s ]
[ sql ] [ SQL ] SHOW COLUMNS FROM `stuff_in_record` [ RunTime:0.002814s ]
[ sql ] [ SQL ] SELECT `a`.*,`b`.* FROM `stuff_in_record` `a` INNER JOIN `stuff` `b` ON `a`.`stuff_id`=`b`.`id` WHERE  `storehouse` = '丹棱库' [ RunTime:0.011661s ]
